<?xml version="1.0" encoding="UTF-8"?>
<testsuite name="com.uniritter.monitor.MonitorApplicationTests" tests="1" skipped="0" failures="0" errors="0" timestamp="2016-06-30T00:57:17" hostname="Brusca_pc" time="0.009">
  <properties/>
  <testcase name="contextLoads" classname="com.uniritter.monitor.MonitorApplicationTests" time="0.009"/>
  <system-out><![CDATA[21:57:09.573 [Test worker] DEBUG o.s.t.c.j.SpringJUnit4ClassRunner - SpringJUnit4ClassRunner constructor called with [class com.uniritter.monitor.MonitorApplicationTests]
21:57:09.586 [Test worker] DEBUG o.s.test.context.BootstrapUtils - Instantiating CacheAwareContextLoaderDelegate from class [org.springframework.test.context.cache.DefaultCacheAwareContextLoaderDelegate]
21:57:09.609 [Test worker] DEBUG o.s.test.context.BootstrapUtils - Instantiating BootstrapContext using constructor [public org.springframework.test.context.support.DefaultBootstrapContext(java.lang.Class,org.springframework.test.context.CacheAwareContextLoaderDelegate)]
21:57:09.630 [Test worker] DEBUG o.s.test.context.BootstrapUtils - Instantiating TestContextBootstrapper for test class [com.uniritter.monitor.MonitorApplicationTests] from class [org.springframework.test.context.web.WebTestContextBootstrapper]
21:57:09.655 [Test worker] DEBUG o.s.t.c.w.WebTestContextBootstrapper - Found explicit ContextLoader class [org.springframework.boot.test.SpringApplicationContextLoader] for context configuration attributes [ContextConfigurationAttributes@2aac2acb declaringClass = 'com.uniritter.monitor.MonitorApplicationTests', classes = '{class com.uniritter.monitor.MonitorApplication}', locations = '{}', inheritLocations = true, initializers = '{}', inheritInitializers = true, name = [null], contextLoaderClass = 'org.springframework.boot.test.SpringApplicationContextLoader']
21:57:09.670 [Test worker] DEBUG o.s.t.c.s.AbstractContextLoader - Did not detect default resource location for test class [com.uniritter.monitor.MonitorApplicationTests]: class path resource [com/uniritter/monitor/MonitorApplicationTests-context.xml] does not exist
21:57:09.671 [Test worker] DEBUG o.s.t.c.s.AbstractContextLoader - Did not detect default resource location for test class [com.uniritter.monitor.MonitorApplicationTests]: class path resource [com/uniritter/monitor/MonitorApplicationTestsContext.groovy] does not exist
21:57:09.672 [Test worker] INFO  o.s.t.c.s.AbstractContextLoader - Could not detect default resource locations for test class [com.uniritter.monitor.MonitorApplicationTests]: no resource found for suffixes {-context.xml, Context.groovy}.
21:57:09.708 [Test worker] DEBUG o.s.t.c.support.ActiveProfilesUtils - Could not find an 'annotation declaring class' for annotation type [org.springframework.test.context.ActiveProfiles] and class [com.uniritter.monitor.MonitorApplicationTests]
21:57:09.713 [Test worker] DEBUG o.s.t.c.w.WebTestContextBootstrapper - @TestExecutionListeners is not present for class [com.uniritter.monitor.MonitorApplicationTests]: using defaults.
21:57:09.725 [Test worker] INFO  o.s.t.c.w.WebTestContextBootstrapper - Loaded default TestExecutionListener class names from location [META-INF/spring.factories]: [org.springframework.test.context.web.ServletTestExecutionListener, org.springframework.test.context.support.DirtiesContextBeforeModesTestExecutionListener, org.springframework.test.context.support.DependencyInjectionTestExecutionListener, org.springframework.test.context.support.DirtiesContextTestExecutionListener, org.springframework.test.context.transaction.TransactionalTestExecutionListener, org.springframework.test.context.jdbc.SqlScriptsTestExecutionListener]
21:57:09.759 [Test worker] INFO  o.s.t.c.w.WebTestContextBootstrapper - Using TestExecutionListeners: [org.springframework.test.context.web.ServletTestExecutionListener@78dab2b5, org.springframework.test.context.support.DirtiesContextBeforeModesTestExecutionListener@36bfaceb, org.springframework.test.context.support.DependencyInjectionTestExecutionListener@330b4bb6, org.springframework.test.context.support.DirtiesContextTestExecutionListener@2eff7413, org.springframework.test.context.transaction.TransactionalTestExecutionListener@31d2463, org.springframework.test.context.jdbc.SqlScriptsTestExecutionListener@480e181f]
21:57:09.780 [Test worker] DEBUG o.s.t.annotation.ProfileValueUtils - Retrieved @ProfileValueSourceConfiguration [null] for test class [com.uniritter.monitor.MonitorApplicationTests]
21:57:09.781 [Test worker] DEBUG o.s.t.annotation.ProfileValueUtils - Retrieved ProfileValueSource type [class org.springframework.test.annotation.SystemProfileValueSource] for class [com.uniritter.monitor.MonitorApplicationTests]
21:57:09.782 [Test worker] DEBUG o.s.t.annotation.ProfileValueUtils - Retrieved @ProfileValueSourceConfiguration [null] for test class [com.uniritter.monitor.MonitorApplicationTests]
21:57:09.782 [Test worker] DEBUG o.s.t.annotation.ProfileValueUtils - Retrieved ProfileValueSource type [class org.springframework.test.annotation.SystemProfileValueSource] for class [com.uniritter.monitor.MonitorApplicationTests]
21:57:09.788 [Test worker] DEBUG o.s.t.c.s.AbstractDirtiesContextTestExecutionListener - Before test class: context [DefaultTestContext@45087c18 testClass = MonitorApplicationTests, testInstance = [null], testMethod = [null], testException = [null], mergedContextConfiguration = [WebMergedContextConfiguration@3cb46de4 testClass = MonitorApplicationTests, locations = '{}', classes = '{class com.uniritter.monitor.MonitorApplication}', contextInitializerClasses = '[]', activeProfiles = '{}', propertySourceLocations = '{}', propertySourceProperties = '{}', resourceBasePath = 'src/main/webapp', contextLoader = 'org.springframework.boot.test.SpringApplicationContextLoader', parent = [null]]], class annotated with @DirtiesContext [false] with mode [null].
21:57:09.789 [Test worker] DEBUG o.s.t.annotation.ProfileValueUtils - Retrieved @ProfileValueSourceConfiguration [null] for test class [com.uniritter.monitor.MonitorApplicationTests]
21:57:09.789 [Test worker] DEBUG o.s.t.annotation.ProfileValueUtils - Retrieved ProfileValueSource type [class org.springframework.test.annotation.SystemProfileValueSource] for class [com.uniritter.monitor.MonitorApplicationTests]
21:57:09.982 [Test worker] DEBUG o.s.core.env.StandardEnvironment - Adding [systemProperties] PropertySource with lowest search precedence
21:57:09.984 [Test worker] DEBUG o.s.core.env.StandardEnvironment - Adding [systemEnvironment] PropertySource with lowest search precedence
21:57:09.985 [Test worker] DEBUG o.s.core.env.StandardEnvironment - Initialized StandardEnvironment with PropertySources [systemProperties,systemEnvironment]
21:57:09.987 [Test worker] DEBUG o.s.core.env.StandardEnvironment - Adding [integrationTest] PropertySource with search precedence immediately lower than [systemEnvironment]
21:57:10.718 [Test worker] DEBUG o.s.c.e.PropertySourcesPropertyResolver - Searching for key 'context.listener.classes' in [systemProperties]
21:57:10.718 [Test worker] DEBUG o.s.c.e.PropertySourcesPropertyResolver - Searching for key 'context.listener.classes' in [systemEnvironment]
21:57:10.718 [Test worker] DEBUG o.s.c.e.PropertySourcesPropertyResolver - Searching for key 'context.listener.classes' in [random]
21:57:10.718 [Test worker] DEBUG o.s.c.e.PropertySourcesPropertyResolver - Searching for key 'context.listener.classes' in [integrationTest]
21:57:10.720 [Test worker] DEBUG o.s.c.e.PropertySourcesPropertyResolver - Searching for key 'context.listener.classes' in [applicationConfigurationProperties]
21:57:10.721 [Test worker] DEBUG o.s.c.e.PropertySourcesPropertyResolver - Could not find key 'context.listener.classes' in any property source. Returning [null]
21:57:10.724 [Test worker] DEBUG o.s.c.e.PropertySourcesPropertyResolver - Searching for key 'banner.location' in [systemProperties]
21:57:10.725 [Test worker] DEBUG o.s.c.e.PropertySourcesPropertyResolver - Searching for key 'banner.location' in [systemEnvironment]
21:57:10.725 [Test worker] DEBUG o.s.c.e.PropertySourcesPropertyResolver - Searching for key 'banner.location' in [random]
21:57:10.725 [Test worker] DEBUG o.s.c.e.PropertySourcesPropertyResolver - Searching for key 'banner.location' in [integrationTest]
21:57:10.726 [Test worker] DEBUG o.s.c.e.PropertySourcesPropertyResolver - Searching for key 'banner.location' in [applicationConfigurationProperties]
21:57:10.726 [Test worker] DEBUG o.s.c.e.PropertySourcesPropertyResolver - Could not find key 'banner.location' in any property source. Returning [null]

  .   ____          _            __ _ _
 /\\ / ___'_ __ _ _(_)_ __  __ _ \ \ \ \
( ( )\___ | '_ | '_| | '_ \/ _` | \ \ \ \
 \\/  ___)| |_)| | | | | || (_| |  ) ) ) )
  '  |____| .__|_| |_|_| |_\__, | / / / /
 =========|_|==============|___/=/_/_/_/
 :: Spring Boot ::        (v1.3.3.RELEASE)

21:57:10.839 [Test worker] DEBUG o.s.c.e.PropertySourcesPropertyResolver - Searching for key 'context.initializer.classes' in [systemProperties]
21:57:10.839 [Test worker] DEBUG o.s.c.e.PropertySourcesPropertyResolver - Searching for key 'context.initializer.classes' in [systemEnvironment]
21:57:10.839 [Test worker] DEBUG o.s.c.e.PropertySourcesPropertyResolver - Searching for key 'context.initializer.classes' in [random]
21:57:10.839 [Test worker] DEBUG o.s.c.e.PropertySourcesPropertyResolver - Searching for key 'context.initializer.classes' in [integrationTest]
21:57:10.839 [Test worker] DEBUG o.s.c.e.PropertySourcesPropertyResolver - Searching for key 'context.initializer.classes' in [applicationConfigurationProperties]
21:57:10.839 [Test worker] DEBUG o.s.c.e.PropertySourcesPropertyResolver - Could not find key 'context.initializer.classes' in any property source. Returning [null]
21:57:10.846 [Test worker] DEBUG o.s.c.e.PropertySourcesPropertyResolver - Searching for key 'spring.config.name:application' in [systemProperties]
21:57:10.847 [Test worker] DEBUG o.s.c.e.PropertySourcesPropertyResolver - Searching for key 'spring.config.name:application' in [systemEnvironment]
21:57:10.849 [Test worker] DEBUG o.s.c.e.PropertySourcesPropertyResolver - Searching for key 'spring.config.name:application' in [random]
21:57:10.849 [Test worker] DEBUG o.s.c.e.PropertySourcesPropertyResolver - Searching for key 'spring.config.name:application' in [integrationTest]
21:57:10.849 [Test worker] DEBUG o.s.c.e.PropertySourcesPropertyResolver - Searching for key 'spring.config.name:application' in [applicationConfigurationProperties]
21:57:10.849 [Test worker] DEBUG o.s.c.e.PropertySourcesPropertyResolver - Could not find key 'spring.config.name:application' in any property source. Returning [null]
21:57:10.849 [Test worker] DEBUG o.s.c.e.PropertySourcesPropertyResolver - Searching for key 'spring.config.name' in [systemProperties]
21:57:10.849 [Test worker] DEBUG o.s.c.e.PropertySourcesPropertyResolver - Searching for key 'spring.config.name' in [systemEnvironment]
21:57:10.849 [Test worker] DEBUG o.s.c.e.PropertySourcesPropertyResolver - Searching for key 'spring.config.name' in [random]
21:57:10.849 [Test worker] DEBUG o.s.c.e.PropertySourcesPropertyResolver - Searching for key 'spring.config.name' in [integrationTest]
21:57:10.850 [Test worker] DEBUG o.s.c.e.PropertySourcesPropertyResolver - Searching for key 'spring.config.name' in [applicationConfigurationProperties]
21:57:10.850 [Test worker] DEBUG o.s.c.e.PropertySourcesPropertyResolver - Could not find key 'spring.config.name' in any property source. Returning [null]
21:57:10.850 [Test worker] DEBUG o.s.c.e.PropertySourcesPropertyResolver - Searching for key 'vcap.application.name:application' in [systemProperties]
21:57:10.850 [Test worker] DEBUG o.s.c.e.PropertySourcesPropertyResolver - Searching for key 'vcap.application.name:application' in [systemEnvironment]
21:57:10.850 [Test worker] DEBUG o.s.c.e.PropertySourcesPropertyResolver - Searching for key 'vcap.application.name:application' in [random]
21:57:10.850 [Test worker] DEBUG o.s.c.e.PropertySourcesPropertyResolver - Searching for key 'vcap.application.name:application' in [integrationTest]
21:57:10.850 [Test worker] DEBUG o.s.c.e.PropertySourcesPropertyResolver - Searching for key 'vcap.application.name:application' in [applicationConfigurationProperties]
21:57:10.851 [Test worker] DEBUG o.s.c.e.PropertySourcesPropertyResolver - Could not find key 'vcap.application.name:application' in any property source. Returning [null]
21:57:10.851 [Test worker] DEBUG o.s.c.e.PropertySourcesPropertyResolver - Searching for key 'vcap.application.name' in [systemProperties]
21:57:10.851 [Test worker] DEBUG o.s.c.e.PropertySourcesPropertyResolver - Searching for key 'vcap.application.name' in [systemEnvironment]
21:57:10.851 [Test worker] DEBUG o.s.c.e.PropertySourcesPropertyResolver - Searching for key 'vcap.application.name' in [random]
21:57:10.851 [Test worker] DEBUG o.s.c.e.PropertySourcesPropertyResolver - Searching for key 'vcap.application.name' in [integrationTest]
21:57:10.851 [Test worker] DEBUG o.s.c.e.PropertySourcesPropertyResolver - Searching for key 'vcap.application.name' in [applicationConfigurationProperties]
21:57:10.852 [Test worker] DEBUG o.s.c.e.PropertySourcesPropertyResolver - Could not find key 'vcap.application.name' in any property source. Returning [null]
21:57:10.852 [Test worker] DEBUG o.s.c.e.PropertySourcesPropertyResolver - Searching for key 'spring.application.name:application' in [systemProperties]
21:57:10.852 [Test worker] DEBUG o.s.c.e.PropertySourcesPropertyResolver - Searching for key 'spring.application.name:application' in [systemEnvironment]
21:57:10.852 [Test worker] DEBUG o.s.c.e.PropertySourcesPropertyResolver - Searching for key 'spring.application.name:application' in [random]
21:57:10.852 [Test worker] DEBUG o.s.c.e.PropertySourcesPropertyResolver - Searching for key 'spring.application.name:application' in [integrationTest]
21:57:10.852 [Test worker] DEBUG o.s.c.e.PropertySourcesPropertyResolver - Searching for key 'spring.application.name:application' in [applicationConfigurationProperties]
21:57:10.852 [Test worker] DEBUG o.s.c.e.PropertySourcesPropertyResolver - Could not find key 'spring.application.name:application' in any property source. Returning [null]
21:57:10.852 [Test worker] DEBUG o.s.c.e.PropertySourcesPropertyResolver - Searching for key 'spring.application.name' in [systemProperties]
21:57:10.852 [Test worker] DEBUG o.s.c.e.PropertySourcesPropertyResolver - Searching for key 'spring.application.name' in [systemEnvironment]
21:57:10.852 [Test worker] DEBUG o.s.c.e.PropertySourcesPropertyResolver - Searching for key 'spring.application.name' in [random]
21:57:10.852 [Test worker] DEBUG o.s.c.e.PropertySourcesPropertyResolver - Searching for key 'spring.application.name' in [integrationTest]
21:57:10.853 [Test worker] DEBUG o.s.c.e.PropertySourcesPropertyResolver - Searching for key 'spring.application.name' in [applicationConfigurationProperties]
21:57:10.853 [Test worker] DEBUG o.s.c.e.PropertySourcesPropertyResolver - Could not find key 'spring.application.name' in any property source. Returning [null]
21:57:10.853 [Test worker] DEBUG o.s.c.e.PropertySourcesPropertyResolver - Searching for key 'PORT:null' in [systemProperties]
21:57:10.853 [Test worker] DEBUG o.s.c.e.PropertySourcesPropertyResolver - Searching for key 'PORT:null' in [systemEnvironment]
21:57:10.853 [Test worker] DEBUG o.s.c.e.PropertySourcesPropertyResolver - Searching for key 'PORT:null' in [random]
21:57:10.853 [Test worker] DEBUG o.s.c.e.PropertySourcesPropertyResolver - Searching for key 'PORT:null' in [integrationTest]
21:57:10.853 [Test worker] DEBUG o.s.c.e.PropertySourcesPropertyResolver - Searching for key 'PORT:null' in [applicationConfigurationProperties]
21:57:10.853 [Test worker] DEBUG o.s.c.e.PropertySourcesPropertyResolver - Could not find key 'PORT:null' in any property source. Returning [null]
21:57:10.853 [Test worker] DEBUG o.s.c.e.PropertySourcesPropertyResolver - Searching for key 'PORT' in [systemProperties]
21:57:10.853 [Test worker] DEBUG o.s.c.e.PropertySourcesPropertyResolver - Searching for key 'PORT' in [systemEnvironment]
21:57:10.853 [Test worker] DEBUG o.s.c.e.PropertySourcesPropertyResolver - Searching for key 'PORT' in [random]
21:57:10.853 [Test worker] DEBUG o.s.c.e.PropertySourcesPropertyResolver - Searching for key 'PORT' in [integrationTest]
21:57:10.853 [Test worker] DEBUG o.s.c.e.PropertySourcesPropertyResolver - Searching for key 'PORT' in [applicationConfigurationProperties]
21:57:10.854 [Test worker] DEBUG o.s.c.e.PropertySourcesPropertyResolver - Could not find key 'PORT' in any property source. Returning [null]
21:57:10.854 [Test worker] DEBUG o.s.c.e.PropertySourcesPropertyResolver - Searching for key 'server.port:null' in [systemProperties]
21:57:10.854 [Test worker] DEBUG o.s.c.e.PropertySourcesPropertyResolver - Searching for key 'server.port:null' in [systemEnvironment]
21:57:10.854 [Test worker] DEBUG o.s.c.e.PropertySourcesPropertyResolver - Searching for key 'server.port:null' in [random]
21:57:10.855 [Test worker] DEBUG o.s.c.e.PropertySourcesPropertyResolver - Searching for key 'server.port:null' in [integrationTest]
21:57:10.855 [Test worker] DEBUG o.s.c.e.PropertySourcesPropertyResolver - Searching for key 'server.port:null' in [applicationConfigurationProperties]
21:57:10.855 [Test worker] DEBUG o.s.c.e.PropertySourcesPropertyResolver - Could not find key 'server.port:null' in any property source. Returning [null]
21:57:10.855 [Test worker] DEBUG o.s.c.e.PropertySourcesPropertyResolver - Searching for key 'server.port' in [systemProperties]
21:57:10.855 [Test worker] DEBUG o.s.c.e.PropertySourcesPropertyResolver - Searching for key 'server.port' in [systemEnvironment]
21:57:10.855 [Test worker] DEBUG o.s.c.e.PropertySourcesPropertyResolver - Searching for key 'server.port' in [random]
21:57:10.855 [Test worker] DEBUG o.s.c.e.PropertySourcesPropertyResolver - Searching for key 'server.port' in [integrationTest]
21:57:10.855 [Test worker] DEBUG o.s.c.e.PropertySourcesPropertyResolver - Found key 'server.port' in [integrationTest] with type [String] and value '-1'
21:57:10.859 [Test worker] DEBUG o.s.c.e.PropertySourcesPropertyResolver - Searching for key 'spring.application.index:-1' in [systemProperties]
21:57:10.859 [Test worker] DEBUG o.s.c.e.PropertySourcesPropertyResolver - Searching for key 'spring.application.index:-1' in [systemEnvironment]
21:57:10.859 [Test worker] DEBUG o.s.c.e.PropertySourcesPropertyResolver - Searching for key 'spring.application.index:-1' in [random]
21:57:10.860 [Test worker] DEBUG o.s.c.e.PropertySourcesPropertyResolver - Searching for key 'spring.application.index:-1' in [integrationTest]
21:57:10.860 [Test worker] DEBUG o.s.c.e.PropertySourcesPropertyResolver - Searching for key 'spring.application.index:-1' in [applicationConfigurationProperties]
21:57:10.860 [Test worker] DEBUG o.s.c.e.PropertySourcesPropertyResolver - Could not find key 'spring.application.index:-1' in any property source. Returning [null]
21:57:10.860 [Test worker] DEBUG o.s.c.e.PropertySourcesPropertyResolver - Searching for key 'spring.application.index' in [systemProperties]
21:57:10.860 [Test worker] DEBUG o.s.c.e.PropertySourcesPropertyResolver - Searching for key 'spring.application.index' in [systemEnvironment]
21:57:10.860 [Test worker] DEBUG o.s.c.e.PropertySourcesPropertyResolver - Searching for key 'spring.application.index' in [random]
21:57:10.860 [Test worker] DEBUG o.s.c.e.PropertySourcesPropertyResolver - Searching for key 'spring.application.index' in [integrationTest]
21:57:10.860 [Test worker] DEBUG o.s.c.e.PropertySourcesPropertyResolver - Searching for key 'spring.application.index' in [applicationConfigurationProperties]
21:57:10.860 [Test worker] DEBUG o.s.c.e.PropertySourcesPropertyResolver - Could not find key 'spring.application.index' in any property source. Returning [null]
21:57:10.860 [Test worker] DEBUG o.s.c.e.PropertySourcesPropertyResolver - Searching for key 'vcap.application.instance_index:-1' in [systemProperties]
21:57:10.860 [Test worker] DEBUG o.s.c.e.PropertySourcesPropertyResolver - Searching for key 'vcap.application.instance_index:-1' in [systemEnvironment]
21:57:10.860 [Test worker] DEBUG o.s.c.e.PropertySourcesPropertyResolver - Searching for key 'vcap.application.instance_index:-1' in [random]
21:57:10.861 [Test worker] DEBUG o.s.c.e.PropertySourcesPropertyResolver - Searching for key 'vcap.application.instance_index:-1' in [integrationTest]
21:57:10.861 [Test worker] DEBUG o.s.c.e.PropertySourcesPropertyResolver - Searching for key 'vcap.application.instance_index:-1' in [applicationConfigurationProperties]
21:57:10.861 [Test worker] DEBUG o.s.c.e.PropertySourcesPropertyResolver - Could not find key 'vcap.application.instance_index:-1' in any property source. Returning [null]
21:57:10.861 [Test worker] DEBUG o.s.c.e.PropertySourcesPropertyResolver - Searching for key 'vcap.application.instance_index' in [systemProperties]
21:57:10.861 [Test worker] DEBUG o.s.c.e.PropertySourcesPropertyResolver - Searching for key 'vcap.application.instance_index' in [systemEnvironment]
21:57:10.861 [Test worker] DEBUG o.s.c.e.PropertySourcesPropertyResolver - Searching for key 'vcap.application.instance_index' in [random]
21:57:10.861 [Test worker] DEBUG o.s.c.e.PropertySourcesPropertyResolver - Searching for key 'vcap.application.instance_index' in [integrationTest]
21:57:10.861 [Test worker] DEBUG o.s.c.e.PropertySourcesPropertyResolver - Searching for key 'vcap.application.instance_index' in [applicationConfigurationProperties]
21:57:10.861 [Test worker] DEBUG o.s.c.e.PropertySourcesPropertyResolver - Could not find key 'vcap.application.instance_index' in any property source. Returning [null]
21:57:10.861 [Test worker] DEBUG o.s.c.e.PropertySourcesPropertyResolver - Searching for key 'spring.profiles.active' in [systemProperties]
21:57:10.861 [Test worker] DEBUG o.s.c.e.PropertySourcesPropertyResolver - Searching for key 'spring.profiles.active' in [systemEnvironment]
21:57:10.862 [Test worker] DEBUG o.s.c.e.PropertySourcesPropertyResolver - Searching for key 'spring.profiles.active' in [random]
21:57:10.862 [Test worker] DEBUG o.s.c.e.PropertySourcesPropertyResolver - Searching for key 'spring.profiles.active' in [integrationTest]
21:57:10.862 [Test worker] DEBUG o.s.c.e.PropertySourcesPropertyResolver - Searching for key 'spring.profiles.active' in [applicationConfigurationProperties]
21:57:10.862 [Test worker] DEBUG o.s.c.e.PropertySourcesPropertyResolver - Could not find key 'spring.profiles.active' in any property source. Returning [null]
21:57:10.878 [Test worker] INFO  c.u.monitor.MonitorApplicationTests - Starting MonitorApplicationTests on Brusca_pc with PID 6428 (C:\Users\Brusca\Documents\workspaceEclipse\Trabalho_desenv_tech_java\build\classes\test started by Brusca in C:\Users\Brusca\Documents\workspaceEclipse\Trabalho_desenv_tech_java)
21:57:10.879 [Test worker] DEBUG c.u.monitor.MonitorApplicationTests - Running with Spring Boot v1.3.3.RELEASE, Spring v4.2.5.RELEASE
21:57:10.879 [Test worker] DEBUG o.s.c.e.PropertySourcesPropertyResolver - Searching for key 'spring.profiles.active' in [systemProperties]
21:57:10.879 [Test worker] DEBUG o.s.c.e.PropertySourcesPropertyResolver - Searching for key 'spring.profiles.active' in [systemEnvironment]
21:57:10.880 [Test worker] DEBUG o.s.c.e.PropertySourcesPropertyResolver - Searching for key 'spring.profiles.active' in [random]
21:57:10.880 [Test worker] DEBUG o.s.c.e.PropertySourcesPropertyResolver - Searching for key 'spring.profiles.active' in [integrationTest]
21:57:10.880 [Test worker] DEBUG o.s.c.e.PropertySourcesPropertyResolver - Searching for key 'spring.profiles.active' in [applicationConfigurationProperties]
21:57:10.880 [Test worker] DEBUG o.s.c.e.PropertySourcesPropertyResolver - Could not find key 'spring.profiles.active' in any property source. Returning [null]
21:57:10.880 [Test worker] DEBUG o.s.c.e.PropertySourcesPropertyResolver - Searching for key 'spring.profiles.default' in [systemProperties]
21:57:10.880 [Test worker] DEBUG o.s.c.e.PropertySourcesPropertyResolver - Searching for key 'spring.profiles.default' in [systemEnvironment]
21:57:10.880 [Test worker] DEBUG o.s.c.e.PropertySourcesPropertyResolver - Searching for key 'spring.profiles.default' in [random]
21:57:10.880 [Test worker] DEBUG o.s.c.e.PropertySourcesPropertyResolver - Searching for key 'spring.profiles.default' in [integrationTest]
21:57:10.880 [Test worker] DEBUG o.s.c.e.PropertySourcesPropertyResolver - Searching for key 'spring.profiles.default' in [applicationConfigurationProperties]
21:57:10.880 [Test worker] DEBUG o.s.c.e.PropertySourcesPropertyResolver - Could not find key 'spring.profiles.default' in any property source. Returning [null]
21:57:10.880 [Test worker] INFO  c.u.monitor.MonitorApplicationTests - No active profile set, falling back to default profiles: default
21:57:10.881 [Test worker] DEBUG o.s.boot.SpringApplication - Loading source class com.uniritter.monitor.MonitorApplication
21:57:11.032 [Test worker] DEBUG o.s.c.a.ClassPathBeanDefinitionScanner - JSR-250 'javax.annotation.ManagedBean' found and supported for component scanning
21:57:11.034 [Test worker] DEBUG o.s.c.a.ClassPathBeanDefinitionScanner - JSR-330 'javax.inject.Named' annotation found and supported for component scanning
21:57:11.095 [Test worker] DEBUG o.s.b.c.c.ConfigFileApplicationListener - Loaded config file 'classpath:/application.properties'
21:57:11.095 [Test worker] DEBUG o.s.b.c.c.ConfigFileApplicationListener - Skipped (empty) config file 'classpath:/application.properties' for profile default
21:57:11.117 [Test worker] INFO  o.s.w.c.s.GenericWebApplicationContext - Refreshing org.springframework.web.context.support.GenericWebApplicationContext@2a88404d: startup date [Wed Jun 29 21:57:11 BRT 2016]; root of context hierarchy
21:57:11.117 [Test worker] DEBUG o.s.w.c.s.GenericWebApplicationContext - Bean factory for org.springframework.web.context.support.GenericWebApplicationContext@2a88404d: org.springframework.beans.factory.support.DefaultListableBeanFactory@5366bc48: defining beans [org.springframework.context.annotation.internalConfigurationAnnotationProcessor,org.springframework.context.annotation.internalAutowiredAnnotationProcessor,org.springframework.context.annotation.internalRequiredAnnotationProcessor,org.springframework.context.annotation.internalCommonAnnotationProcessor,org.springframework.context.event.internalEventListenerProcessor,org.springframework.context.event.internalEventListenerFactory,monitorApplication]; root of factory hierarchy
21:57:11.143 [Test worker] DEBUG o.s.b.f.s.DefaultListableBeanFactory - Registering scope 'request' with implementation [org.springframework.web.context.request.RequestScope@fb5a564]
21:57:11.144 [Test worker] DEBUG o.s.b.f.s.DefaultListableBeanFactory - Registering scope 'session' with implementation [org.springframework.web.context.request.SessionScope@37c5d83]
21:57:11.144 [Test worker] DEBUG o.s.b.f.s.DefaultListableBeanFactory - Registering scope 'globalSession' with implementation [org.springframework.web.context.request.SessionScope@2140560d]
21:57:11.145 [Test worker] DEBUG o.s.b.f.s.DefaultListableBeanFactory - Registering scope 'application' with implementation [org.springframework.web.context.support.ServletContextScope@5ed55263]
21:57:11.151 [Test worker] DEBUG o.s.b.f.s.DefaultListableBeanFactory - Creating shared instance of singleton bean 'org.springframework.context.annotation.internalConfigurationAnnotationProcessor'
21:57:11.151 [Test worker] DEBUG o.s.b.f.s.DefaultListableBeanFactory - Creating instance of bean 'org.springframework.context.annotation.internalConfigurationAnnotationProcessor'
21:57:11.158 [Test worker] DEBUG o.s.b.f.s.DefaultListableBeanFactory - Eagerly caching bean 'org.springframework.context.annotation.internalConfigurationAnnotationProcessor' to allow for resolving potential circular references
21:57:11.161 [Test worker] DEBUG o.s.b.f.s.DefaultListableBeanFactory - Finished creating instance of bean 'org.springframework.context.annotation.internalConfigurationAnnotationProcessor'
21:57:11.186 [Test worker] DEBUG o.s.core.env.StandardEnvironment - Adding [systemProperties] PropertySource with lowest search precedence
21:57:11.186 [Test worker] DEBUG o.s.core.env.StandardEnvironment - Adding [systemEnvironment] PropertySource with lowest search precedence
21:57:11.186 [Test worker] DEBUG o.s.core.env.StandardEnvironment - Initialized StandardEnvironment with PropertySources [systemProperties,systemEnvironment]
21:57:11.186 [Test worker] DEBUG o.s.c.a.ClassPathBeanDefinitionScanner - JSR-250 'javax.annotation.ManagedBean' found and supported for component scanning
21:57:11.186 [Test worker] DEBUG o.s.c.a.ClassPathBeanDefinitionScanner - JSR-330 'javax.inject.Named' annotation found and supported for component scanning
21:57:11.188 [Test worker] DEBUG o.s.c.i.s.PathMatchingResourcePatternResolver - Resolved classpath location [com/uniritter/monitor/] to resources [URL [file:/C:/Users/Brusca/Documents/workspaceEclipse/Trabalho_desenv_tech_java/build/classes/test/com/uniritter/monitor/], URL [file:/C:/Users/Brusca/Documents/workspaceEclipse/Trabalho_desenv_tech_java/build/classes/main/com/uniritter/monitor/]]
21:57:11.190 [Test worker] DEBUG o.s.c.i.s.PathMatchingResourcePatternResolver - Looking for matching resources in directory tree [C:\Users\Brusca\Documents\workspaceEclipse\Trabalho_desenv_tech_java\build\classes\test\com\uniritter\monitor]
21:57:11.190 [Test worker] DEBUG o.s.c.i.s.PathMatchingResourcePatternResolver - Searching directory [C:\Users\Brusca\Documents\workspaceEclipse\Trabalho_desenv_tech_java\build\classes\test\com\uniritter\monitor] for files matching pattern [C:/Users/Brusca/Documents/workspaceEclipse/Trabalho_desenv_tech_java/build/classes/test/com/uniritter/monitor/**/*.class]
21:57:11.194 [Test worker] DEBUG o.s.c.i.s.PathMatchingResourcePatternResolver - Looking for matching resources in directory tree [C:\Users\Brusca\Documents\workspaceEclipse\Trabalho_desenv_tech_java\build\classes\main\com\uniritter\monitor]
21:57:11.194 [Test worker] DEBUG o.s.c.i.s.PathMatchingResourcePatternResolver - Searching directory [C:\Users\Brusca\Documents\workspaceEclipse\Trabalho_desenv_tech_java\build\classes\main\com\uniritter\monitor] for files matching pattern [C:/Users/Brusca/Documents/workspaceEclipse/Trabalho_desenv_tech_java/build/classes/main/com/uniritter/monitor/**/*.class]
21:57:11.195 [Test worker] DEBUG o.s.c.i.s.PathMatchingResourcePatternResolver - Searching directory [C:\Users\Brusca\Documents\workspaceEclipse\Trabalho_desenv_tech_java\build\classes\main\com\uniritter\monitor\domain] for files matching pattern [C:/Users/Brusca/Documents/workspaceEclipse/Trabalho_desenv_tech_java/build/classes/main/com/uniritter/monitor/**/*.class]
21:57:11.196 [Test worker] DEBUG o.s.c.i.s.PathMatchingResourcePatternResolver - Searching directory [C:\Users\Brusca\Documents\workspaceEclipse\Trabalho_desenv_tech_java\build\classes\main\com\uniritter\monitor\domain\alertas] for files matching pattern [C:/Users/Brusca/Documents/workspaceEclipse/Trabalho_desenv_tech_java/build/classes/main/com/uniritter/monitor/**/*.class]
21:57:11.204 [Test worker] DEBUG o.s.c.i.s.PathMatchingResourcePatternResolver - Searching directory [C:\Users\Brusca\Documents\workspaceEclipse\Trabalho_desenv_tech_java\build\classes\main\com\uniritter\monitor\domain\host] for files matching pattern [C:/Users/Brusca/Documents/workspaceEclipse/Trabalho_desenv_tech_java/build/classes/main/com/uniritter/monitor/**/*.class]
21:57:11.206 [Test worker] DEBUG o.s.c.i.s.PathMatchingResourcePatternResolver - Searching directory [C:\Users\Brusca\Documents\workspaceEclipse\Trabalho_desenv_tech_java\build\classes\main\com\uniritter\monitor\domain\metricas] for files matching pattern [C:/Users/Brusca/Documents/workspaceEclipse/Trabalho_desenv_tech_java/build/classes/main/com/uniritter/monitor/**/*.class]
21:57:11.207 [Test worker] DEBUG o.s.c.i.s.PathMatchingResourcePatternResolver - Searching directory [C:\Users\Brusca\Documents\workspaceEclipse\Trabalho_desenv_tech_java\build\classes\main\com\uniritter\monitor\domain\persistance] for files matching pattern [C:/Users/Brusca/Documents/workspaceEclipse/Trabalho_desenv_tech_java/build/classes/main/com/uniritter/monitor/**/*.class]
21:57:11.207 [Test worker] DEBUG o.s.c.i.s.PathMatchingResourcePatternResolver - Searching directory [C:\Users\Brusca\Documents\workspaceEclipse\Trabalho_desenv_tech_java\build\classes\main\com\uniritter\monitor\domain\regras] for files matching pattern [C:/Users/Brusca/Documents/workspaceEclipse/Trabalho_desenv_tech_java/build/classes/main/com/uniritter/monitor/**/*.class]
21:57:11.208 [Test worker] DEBUG o.s.c.i.s.PathMatchingResourcePatternResolver - Searching directory [C:\Users\Brusca\Documents\workspaceEclipse\Trabalho_desenv_tech_java\build\classes\main\com\uniritter\monitor\domain\tipo] for files matching pattern [C:/Users/Brusca/Documents/workspaceEclipse/Trabalho_desenv_tech_java/build/classes/main/com/uniritter/monitor/**/*.class]
21:57:11.209 [Test worker] DEBUG o.s.c.i.s.PathMatchingResourcePatternResolver - Searching directory [C:\Users\Brusca\Documents\workspaceEclipse\Trabalho_desenv_tech_java\build\classes\main\com\uniritter\monitor\main_test] for files matching pattern [C:/Users/Brusca/Documents/workspaceEclipse/Trabalho_desenv_tech_java/build/classes/main/com/uniritter/monitor/**/*.class]
21:57:11.209 [Test worker] DEBUG o.s.c.i.s.PathMatchingResourcePatternResolver - Searching directory [C:\Users\Brusca\Documents\workspaceEclipse\Trabalho_desenv_tech_java\build\classes\main\com\uniritter\monitor\rest] for files matching pattern [C:/Users/Brusca/Documents/workspaceEclipse/Trabalho_desenv_tech_java/build/classes/main/com/uniritter/monitor/**/*.class]
21:57:11.209 [Test worker] DEBUG o.s.c.i.s.PathMatchingResourcePatternResolver - Searching directory [C:\Users\Brusca\Documents\workspaceEclipse\Trabalho_desenv_tech_java\build\classes\main\com\uniritter\monitor\rest\events] for files matching pattern [C:/Users/Brusca/Documents/workspaceEclipse/Trabalho_desenv_tech_java/build/classes/main/com/uniritter/monitor/**/*.class]
21:57:11.211 [Test worker] DEBUG o.s.c.i.s.PathMatchingResourcePatternResolver - Resolved location pattern [classpath*:com/uniritter/monitor/**/*.class] to resources [file [C:\Users\Brusca\Documents\workspaceEclipse\Trabalho_desenv_tech_java\build\classes\test\com\uniritter\monitor\MonitorApplicationTests.class], file [C:\Users\Brusca\Documents\workspaceEclipse\Trabalho_desenv_tech_java\build\classes\main\com\uniritter\monitor\domain\alertas\Alerta.class], file [C:\Users\Brusca\Documents\workspaceEclipse\Trabalho_desenv_tech_java\build\classes\main\com\uniritter\monitor\domain\alertas\AlertaService.class], file [C:\Users\Brusca\Documents\workspaceEclipse\Trabalho_desenv_tech_java\build\classes\main\com\uniritter\monitor\domain\alertas\Notificacao.class], file [C:\Users\Brusca\Documents\workspaceEclipse\Trabalho_desenv_tech_java\build\classes\main\com\uniritter\monitor\domain\host\Cidades.class], file [C:\Users\Brusca\Documents\workspaceEclipse\Trabalho_desenv_tech_java\build\classes\main\com\uniritter\monitor\domain\host\Grupo.class], file [C:\Users\Brusca\Documents\workspaceEclipse\Trabalho_desenv_tech_java\build\classes\main\com\uniritter\monitor\domain\host\Host.class], file [C:\Users\Brusca\Documents\workspaceEclipse\Trabalho_desenv_tech_java\build\classes\main\com\uniritter\monitor\domain\metricas\Medicao.class], file [C:\Users\Brusca\Documents\workspaceEclipse\Trabalho_desenv_tech_java\build\classes\main\com\uniritter\monitor\domain\metricas\MedicaoRepository.class], file [C:\Users\Brusca\Documents\workspaceEclipse\Trabalho_desenv_tech_java\build\classes\main\com\uniritter\monitor\domain\metricas\MedicaoService.class], file [C:\Users\Brusca\Documents\workspaceEclipse\Trabalho_desenv_tech_java\build\classes\main\com\uniritter\monitor\domain\metricas\Metrica.class], file [C:\Users\Brusca\Documents\workspaceEclipse\Trabalho_desenv_tech_java\build\classes\main\com\uniritter\monitor\domain\metricas\MetricaRepository.class], file [C:\Users\Brusca\Documents\workspaceEclipse\Trabalho_desenv_tech_java\build\classes\main\com\uniritter\monitor\domain\metricas\MetricaService.class], file [C:\Users\Brusca\Documents\workspaceEclipse\Trabalho_desenv_tech_java\build\classes\main\com\uniritter\monitor\domain\persistance\MedicaoDao.class], file [C:\Users\Brusca\Documents\workspaceEclipse\Trabalho_desenv_tech_java\build\classes\main\com\uniritter\monitor\domain\persistance\MedicaoRowMapper.class], file [C:\Users\Brusca\Documents\workspaceEclipse\Trabalho_desenv_tech_java\build\classes\main\com\uniritter\monitor\domain\persistance\MetricaDao.class], file [C:\Users\Brusca\Documents\workspaceEclipse\Trabalho_desenv_tech_java\build\classes\main\com\uniritter\monitor\domain\persistance\MetricaRowMapper.class], file [C:\Users\Brusca\Documents\workspaceEclipse\Trabalho_desenv_tech_java\build\classes\main\com\uniritter\monitor\domain\persistance\RegraDao.class], file [C:\Users\Brusca\Documents\workspaceEclipse\Trabalho_desenv_tech_java\build\classes\main\com\uniritter\monitor\domain\persistance\RegraRowMapper.class], file [C:\Users\Brusca\Documents\workspaceEclipse\Trabalho_desenv_tech_java\build\classes\main\com\uniritter\monitor\domain\regras\Regra.class], file [C:\Users\Brusca\Documents\workspaceEclipse\Trabalho_desenv_tech_java\build\classes\main\com\uniritter\monitor\domain\regras\RegraRepository.class], file [C:\Users\Brusca\Documents\workspaceEclipse\Trabalho_desenv_tech_java\build\classes\main\com\uniritter\monitor\domain\regras\RegraService.class], file [C:\Users\Brusca\Documents\workspaceEclipse\Trabalho_desenv_tech_java\build\classes\main\com\uniritter\monitor\domain\tipo\Tipo.class], file [C:\Users\Brusca\Documents\workspaceEclipse\Trabalho_desenv_tech_java\build\classes\main\com\uniritter\monitor\domain\tipo\TipoTempo.class], file [C:\Users\Brusca\Documents\workspaceEclipse\Trabalho_desenv_tech_java\build\classes\main\com\uniritter\monitor\main_test\main_test.class], file [C:\Users\Brusca\Documents\workspaceEclipse\Trabalho_desenv_tech_java\build\classes\main\com\uniritter\monitor\MonitorApplication.class], file [C:\Users\Brusca\Documents\workspaceEclipse\Trabalho_desenv_tech_java\build\classes\main\com\uniritter\monitor\rest\events\EventMetrica.class], file [C:\Users\Brusca\Documents\workspaceEclipse\Trabalho_desenv_tech_java\build\classes\main\com\uniritter\monitor\rest\events\EventRegra.class], file [C:\Users\Brusca\Documents\workspaceEclipse\Trabalho_desenv_tech_java\build\classes\main\com\uniritter\monitor\rest\JerseyConfig.class], file [C:\Users\Brusca\Documents\workspaceEclipse\Trabalho_desenv_tech_java\build\classes\main\com\uniritter\monitor\rest\MetricaController.class], file [C:\Users\Brusca\Documents\workspaceEclipse\Trabalho_desenv_tech_java\build\classes\main\com\uniritter\monitor\rest\RegraController.class], file [C:\Users\Brusca\Documents\workspaceEclipse\Trabalho_desenv_tech_java\build\classes\main\com\uniritter\monitor\rest\ServiceJsonMedicao.class]]
21:57:11.245 [Test worker] DEBUG o.s.c.a.ClassPathBeanDefinitionScanner - Identified candidate component class: file [C:\Users\Brusca\Documents\workspaceEclipse\Trabalho_desenv_tech_java\build\classes\main\com\uniritter\monitor\domain\alertas\AlertaService.class]
21:57:11.248 [Test worker] DEBUG o.s.c.a.ClassPathBeanDefinitionScanner - Identified candidate component class: file [C:\Users\Brusca\Documents\workspaceEclipse\Trabalho_desenv_tech_java\build\classes\main\com\uniritter\monitor\domain\metricas\MedicaoRepository.class]
21:57:11.249 [Test worker] DEBUG o.s.c.a.ClassPathBeanDefinitionScanner - Identified candidate component class: file [C:\Users\Brusca\Documents\workspaceEclipse\Trabalho_desenv_tech_java\build\classes\main\com\uniritter\monitor\domain\metricas\MedicaoService.class]
21:57:11.250 [Test worker] DEBUG o.s.c.a.ClassPathBeanDefinitionScanner - Identified candidate component class: file [C:\Users\Brusca\Documents\workspaceEclipse\Trabalho_desenv_tech_java\build\classes\main\com\uniritter\monitor\domain\metricas\MetricaRepository.class]
21:57:11.250 [Test worker] DEBUG o.s.c.a.ClassPathBeanDefinitionScanner - Identified candidate component class: file [C:\Users\Brusca\Documents\workspaceEclipse\Trabalho_desenv_tech_java\build\classes\main\com\uniritter\monitor\domain\metricas\MetricaService.class]
21:57:11.251 [Test worker] DEBUG o.s.c.a.ClassPathBeanDefinitionScanner - Identified candidate component class: file [C:\Users\Brusca\Documents\workspaceEclipse\Trabalho_desenv_tech_java\build\classes\main\com\uniritter\monitor\domain\persistance\MedicaoDao.class]
21:57:11.252 [Test worker] DEBUG o.s.c.a.ClassPathBeanDefinitionScanner - Identified candidate component class: file [C:\Users\Brusca\Documents\workspaceEclipse\Trabalho_desenv_tech_java\build\classes\main\com\uniritter\monitor\domain\persistance\MetricaDao.class]
21:57:11.253 [Test worker] DEBUG o.s.c.a.ClassPathBeanDefinitionScanner - Identified candidate component class: file [C:\Users\Brusca\Documents\workspaceEclipse\Trabalho_desenv_tech_java\build\classes\main\com\uniritter\monitor\domain\persistance\RegraDao.class]
21:57:11.254 [Test worker] DEBUG o.s.c.a.ClassPathBeanDefinitionScanner - Identified candidate component class: file [C:\Users\Brusca\Documents\workspaceEclipse\Trabalho_desenv_tech_java\build\classes\main\com\uniritter\monitor\domain\regras\RegraRepository.class]
21:57:11.255 [Test worker] DEBUG o.s.c.a.ClassPathBeanDefinitionScanner - Identified candidate component class: file [C:\Users\Brusca\Documents\workspaceEclipse\Trabalho_desenv_tech_java\build\classes\main\com\uniritter\monitor\domain\regras\RegraService.class]
21:57:11.276 [Test worker] DEBUG o.s.c.a.ClassPathBeanDefinitionScanner - Identified candidate component class: file [C:\Users\Brusca\Documents\workspaceEclipse\Trabalho_desenv_tech_java\build\classes\main\com\uniritter\monitor\rest\JerseyConfig.class]
21:57:11.323 [Test worker] DEBUG o.s.c.a.ClassPathBeanDefinitionScanner - Identified candidate component class: file [C:\Users\Brusca\Documents\workspaceEclipse\Trabalho_desenv_tech_java\build\classes\main\com\uniritter\monitor\rest\MetricaController.class]
21:57:11.324 [Test worker] DEBUG o.s.c.a.ClassPathBeanDefinitionScanner - Identified candidate component class: file [C:\Users\Brusca\Documents\workspaceEclipse\Trabalho_desenv_tech_java\build\classes\main\com\uniritter\monitor\rest\RegraController.class]
21:57:11.448 [Test worker] DEBUG o.s.c.e.PropertySourcesPropertyResolver - Searching for key 'java.runtime.name' in [systemProperties]
21:57:11.448 [Test worker] DEBUG o.s.c.e.PropertySourcesPropertyResolver - Found key 'java.runtime.name' in [systemProperties] with type [String] and value 'Java(TM) SE Runtime Environment'
21:57:11.450 [Test worker] DEBUG o.s.c.e.PropertySourcesPropertyResolver - Searching for key 'sun.boot.library.path' in [systemProperties]
21:57:11.450 [Test worker] DEBUG o.s.c.e.PropertySourcesPropertyResolver - Found key 'sun.boot.library.path' in [systemProperties] with type [String] and value 'C:\Program Files\Java\jdk1.8.0_73\jre\bin'
21:57:11.450 [Test worker] DEBUG o.s.c.e.PropertySourcesPropertyResolver - Searching for key 'java.vm.version' in [systemProperties]
21:57:11.450 [Test worker] DEBUG o.s.c.e.PropertySourcesPropertyResolver - Found key 'java.vm.version' in [systemProperties] with type [String] and value '25.73-b02'
21:57:11.450 [Test worker] DEBUG o.s.c.e.PropertySourcesPropertyResolver - Searching for key 'java.vm.vendor' in [systemProperties]
21:57:11.450 [Test worker] DEBUG o.s.c.e.PropertySourcesPropertyResolver - Found key 'java.vm.vendor' in [systemProperties] with type [String] and value 'Oracle Corporation'
21:57:11.450 [Test worker] DEBUG o.s.c.e.PropertySourcesPropertyResolver - Searching for key 'java.vendor.url' in [systemProperties]
21:57:11.450 [Test worker] DEBUG o.s.c.e.PropertySourcesPropertyResolver - Found key 'java.vendor.url' in [systemProperties] with type [String] and value 'http://java.oracle.com/'
21:57:11.451 [Test worker] DEBUG o.s.c.e.PropertySourcesPropertyResolver - Searching for key 'path.separator' in [systemProperties]
21:57:11.451 [Test worker] DEBUG o.s.c.e.PropertySourcesPropertyResolver - Found key 'path.separator' in [systemProperties] with type [String] and value ';'
21:57:11.451 [Test worker] DEBUG o.s.c.e.PropertySourcesPropertyResolver - Searching for key 'java.vm.name' in [systemProperties]
21:57:11.451 [Test worker] DEBUG o.s.c.e.PropertySourcesPropertyResolver - Found key 'java.vm.name' in [systemProperties] with type [String] and value 'Java HotSpot(TM) 64-Bit Server VM'
21:57:11.451 [Test worker] DEBUG o.s.c.e.PropertySourcesPropertyResolver - Searching for key 'file.encoding.pkg' in [systemProperties]
21:57:11.451 [Test worker] DEBUG o.s.c.e.PropertySourcesPropertyResolver - Found key 'file.encoding.pkg' in [systemProperties] with type [String] and value 'sun.io'
21:57:11.451 [Test worker] DEBUG o.s.c.e.PropertySourcesPropertyResolver - Searching for key 'user.script' in [systemProperties]
21:57:11.451 [Test worker] DEBUG o.s.c.e.PropertySourcesPropertyResolver - Found key 'user.script' in [systemProperties] with type [String] and value ''
21:57:11.451 [Test worker] DEBUG o.s.c.e.PropertySourcesPropertyResolver - Searching for key 'sun.java.launcher' in [systemProperties]
21:57:11.451 [Test worker] DEBUG o.s.c.e.PropertySourcesPropertyResolver - Found key 'sun.java.launcher' in [systemProperties] with type [String] and value 'SUN_STANDARD'
21:57:11.451 [Test worker] DEBUG o.s.c.e.PropertySourcesPropertyResolver - Searching for key 'user.country' in [systemProperties]
21:57:11.452 [Test worker] DEBUG o.s.c.e.PropertySourcesPropertyResolver - Found key 'user.country' in [systemProperties] with type [String] and value 'BR'
21:57:11.452 [Test worker] DEBUG o.s.c.e.PropertySourcesPropertyResolver - Searching for key 'sun.os.patch.level' in [systemProperties]
21:57:11.452 [Test worker] DEBUG o.s.c.e.PropertySourcesPropertyResolver - Found key 'sun.os.patch.level' in [systemProperties] with type [String] and value 'Service Pack 1'
21:57:11.452 [Test worker] DEBUG o.s.c.e.PropertySourcesPropertyResolver - Searching for key 'PID' in [systemProperties]
21:57:11.452 [Test worker] DEBUG o.s.c.e.PropertySourcesPropertyResolver - Found key 'PID' in [systemProperties] with type [String] and value '6428'
21:57:11.453 [Test worker] DEBUG o.s.c.e.PropertySourcesPropertyResolver - Searching for key 'java.vm.specification.name' in [systemProperties]
21:57:11.453 [Test worker] DEBUG o.s.c.e.PropertySourcesPropertyResolver - Found key 'java.vm.specification.name' in [systemProperties] with type [String] and value 'Java Virtual Machine Specification'
21:57:11.453 [Test worker] DEBUG o.s.c.e.PropertySourcesPropertyResolver - Searching for key 'user.dir' in [systemProperties]
21:57:11.453 [Test worker] DEBUG o.s.c.e.PropertySourcesPropertyResolver - Found key 'user.dir' in [systemProperties] with type [String] and value 'C:\Users\Brusca\Documents\workspaceEclipse\Trabalho_desenv_tech_java'
21:57:11.453 [Test worker] DEBUG o.s.c.e.PropertySourcesPropertyResolver - Searching for key 'java.runtime.version' in [systemProperties]
21:57:11.453 [Test worker] DEBUG o.s.c.e.PropertySourcesPropertyResolver - Found key 'java.runtime.version' in [systemProperties] with type [String] and value '1.8.0_73-b02'
21:57:11.453 [Test worker] DEBUG o.s.c.e.PropertySourcesPropertyResolver - Searching for key 'java.awt.graphicsenv' in [systemProperties]
21:57:11.453 [Test worker] DEBUG o.s.c.e.PropertySourcesPropertyResolver - Found key 'java.awt.graphicsenv' in [systemProperties] with type [String] and value 'sun.awt.Win32GraphicsEnvironment'
21:57:11.453 [Test worker] DEBUG o.s.c.e.PropertySourcesPropertyResolver - Searching for key 'org.jboss.logging.provider' in [systemProperties]
21:57:11.454 [Test worker] DEBUG o.s.c.e.PropertySourcesPropertyResolver - Found key 'org.jboss.logging.provider' in [systemProperties] with type [String] and value 'slf4j'
21:57:11.454 [Test worker] DEBUG o.s.c.e.PropertySourcesPropertyResolver - Searching for key 'java.endorsed.dirs' in [systemProperties]
21:57:11.454 [Test worker] DEBUG o.s.c.e.PropertySourcesPropertyResolver - Found key 'java.endorsed.dirs' in [systemProperties] with type [String] and value 'C:\Program Files\Java\jdk1.8.0_73\jre\lib\endorsed'
21:57:11.454 [Test worker] DEBUG o.s.c.e.PropertySourcesPropertyResolver - Searching for key 'os.arch' in [systemProperties]
21:57:11.454 [Test worker] DEBUG o.s.c.e.PropertySourcesPropertyResolver - Found key 'os.arch' in [systemProperties] with type [String] and value 'amd64'
21:57:11.454 [Test worker] DEBUG o.s.c.e.PropertySourcesPropertyResolver - Searching for key 'java.io.tmpdir' in [systemProperties]
21:57:11.454 [Test worker] DEBUG o.s.c.e.PropertySourcesPropertyResolver - Found key 'java.io.tmpdir' in [systemProperties] with type [String] and value 'C:\Users\Brusca\AppData\Local\Temp\'
21:57:11.454 [Test worker] DEBUG o.s.c.e.PropertySourcesPropertyResolver - Searching for key 'line.separator' in [systemProperties]
21:57:11.454 [Test worker] DEBUG o.s.c.e.PropertySourcesPropertyResolver - Found key 'line.separator' in [systemProperties] with type [String] and value '
'
21:57:11.454 [Test worker] DEBUG o.s.c.e.PropertySourcesPropertyResolver - Searching for key 'java.vm.specification.vendor' in [systemProperties]
21:57:11.454 [Test worker] DEBUG o.s.c.e.PropertySourcesPropertyResolver - Found key 'java.vm.specification.vendor' in [systemProperties] with type [String] and value 'Oracle Corporation'
21:57:11.454 [Test worker] DEBUG o.s.c.e.PropertySourcesPropertyResolver - Searching for key 'user.variant' in [systemProperties]
21:57:11.454 [Test worker] DEBUG o.s.c.e.PropertySourcesPropertyResolver - Found key 'user.variant' in [systemProperties] with type [String] and value ''
21:57:11.454 [Test worker] DEBUG o.s.c.e.PropertySourcesPropertyResolver - Searching for key 'os.name' in [systemProperties]
21:57:11.454 [Test worker] DEBUG o.s.c.e.PropertySourcesPropertyResolver - Found key 'os.name' in [systemProperties] with type [String] and value 'Windows 7'
21:57:11.455 [Test worker] DEBUG o.s.c.e.PropertySourcesPropertyResolver - Searching for key 'sun.jnu.encoding' in [systemProperties]
21:57:11.455 [Test worker] DEBUG o.s.c.e.PropertySourcesPropertyResolver - Found key 'sun.jnu.encoding' in [systemProperties] with type [String] and value 'Cp1252'
21:57:11.455 [Test worker] DEBUG o.s.c.e.PropertySourcesPropertyResolver - Searching for key 'spring.beaninfo.ignore' in [systemProperties]
21:57:11.455 [Test worker] DEBUG o.s.c.e.PropertySourcesPropertyResolver - Found key 'spring.beaninfo.ignore' in [systemProperties] with type [String] and value 'true'
21:57:11.455 [Test worker] DEBUG o.s.c.e.PropertySourcesPropertyResolver - Searching for key 'java.library.path' in [systemProperties]
21:57:11.455 [Test worker] DEBUG o.s.c.e.PropertySourcesPropertyResolver - Found key 'java.library.path' in [systemProperties] with type [String] and value 'C:\Program Files\Java\jdk1.8.0_73\bin;C:\Windows\Sun\Java\bin;C:\Windows\system32;C:\Windows;C:\Users\Brusca\bin;C:\Program Files\Git\mingw64\bin;C:\Program Files\Git\usr\local\bin;C:\Program Files\Git\usr\bin;C:\Program Files\Git\usr\bin;C:\Program Files\Git\mingw64\bin;C:\Program Files\Git\usr\bin;C:\Users\Brusca\bin;C:\ProgramData\Oracle\Java\javapath;C:\Windows\system32;C:\Windows;C:\Windows\System32\Wbem;C:\Windows\System32\WindowsPowerShell\v1.0;C:\Program Files (x86)\Skype\Phone;C:\Program Files\Git\cmd;C:\Program Files\Git\usr\bin\vendor_perl;C:\Program Files\Git\usr\bin\core_perl;.'
21:57:11.457 [Test worker] DEBUG o.s.c.e.PropertySourcesPropertyResolver - Searching for key 'java.specification.name' in [systemProperties]
21:57:11.457 [Test worker] DEBUG o.s.c.e.PropertySourcesPropertyResolver - Found key 'java.specification.name' in [systemProperties] with type [String] and value 'Java Platform API Specification'
21:57:11.457 [Test worker] DEBUG o.s.c.e.PropertySourcesPropertyResolver - Searching for key 'java.class.version' in [systemProperties]
21:57:11.457 [Test worker] DEBUG o.s.c.e.PropertySourcesPropertyResolver - Found key 'java.class.version' in [systemProperties] with type [String] and value '52.0'
21:57:11.457 [Test worker] DEBUG o.s.c.e.PropertySourcesPropertyResolver - Searching for key 'sun.management.compiler' in [systemProperties]
21:57:11.457 [Test worker] DEBUG o.s.c.e.PropertySourcesPropertyResolver - Found key 'sun.management.compiler' in [systemProperties] with type [String] and value 'HotSpot 64-Bit Tiered Compilers'
21:57:11.457 [Test worker] DEBUG o.s.c.e.PropertySourcesPropertyResolver - Searching for key 'os.version' in [systemProperties]
21:57:11.457 [Test worker] DEBUG o.s.c.e.PropertySourcesPropertyResolver - Found key 'os.version' in [systemProperties] with type [String] and value '6.1'
21:57:11.457 [Test worker] DEBUG o.s.c.e.PropertySourcesPropertyResolver - Searching for key 'user.home' in [systemProperties]
21:57:11.458 [Test worker] DEBUG o.s.c.e.PropertySourcesPropertyResolver - Found key 'user.home' in [systemProperties] with type [String] and value 'C:\Users\Brusca'
21:57:11.460 [Test worker] DEBUG o.s.c.e.PropertySourcesPropertyResolver - Searching for key 'user.timezone' in [systemProperties]
21:57:11.460 [Test worker] DEBUG o.s.c.e.PropertySourcesPropertyResolver - Found key 'user.timezone' in [systemProperties] with type [String] and value 'America/Sao_Paulo'
21:57:11.460 [Test worker] DEBUG o.s.c.e.PropertySourcesPropertyResolver - Searching for key 'java.awt.printerjob' in [systemProperties]
21:57:11.460 [Test worker] DEBUG o.s.c.e.PropertySourcesPropertyResolver - Found key 'java.awt.printerjob' in [systemProperties] with type [String] and value 'sun.awt.windows.WPrinterJob'
21:57:11.460 [Test worker] DEBUG o.s.c.e.PropertySourcesPropertyResolver - Searching for key 'file.encoding' in [systemProperties]
21:57:11.460 [Test worker] DEBUG o.s.c.e.PropertySourcesPropertyResolver - Found key 'file.encoding' in [systemProperties] with type [String] and value 'windows-1252'
21:57:11.461 [Test worker] DEBUG o.s.c.e.PropertySourcesPropertyResolver - Searching for key 'java.specification.version' in [systemProperties]
21:57:11.461 [Test worker] DEBUG o.s.c.e.PropertySourcesPropertyResolver - Found key 'java.specification.version' in [systemProperties] with type [String] and value '1.8'
21:57:11.461 [Test worker] DEBUG o.s.c.e.PropertySourcesPropertyResolver - Searching for key 'java.class.path' in [systemProperties]
21:57:11.461 [Test worker] DEBUG o.s.c.e.PropertySourcesPropertyResolver - Found key 'java.class.path' in [systemProperties] with type [String] and value 'C:\Users\Brusca\Documents\workspaceEclipse\Trabalho_desenv_tech_java\build\classes\test;C:\Users\Brusca\Documents\workspaceEclipse\Trabalho_desenv_tech_java\build\resources\test;C:\Users\Brusca\Documents\workspaceEclipse\Trabalho_desenv_tech_java\build\classes\main;C:\Users\Brusca\Documents\workspaceEclipse\Trabalho_desenv_tech_java\build\resources\main;C:\Users\Brusca\.gradle\caches\modules-2\files-2.1\org.springframework.boot\spring-boot-starter-actuator\1.3.3.RELEASE\ec15d8ba682e5e287a6d8cb1299ca69214a46530\spring-boot-starter-actuator-1.3.3.RELEASE.jar;C:\Users\Brusca\.gradle\caches\modules-2\files-2.1\org.springframework.boot\spring-boot-starter-jersey\1.3.3.RELEASE\2d3c09cf66e08ec3dd4732da1f1afe729b74bcdc\spring-boot-starter-jersey-1.3.3.RELEASE.jar;C:\Users\Brusca\.gradle\caches\modules-2\files-2.1\org.springframework.boot\spring-boot-starter-mail\1.3.3.RELEASE\29a5b12e598327b0e122f82609f912d371b69f87\spring-boot-starter-mail-1.3.3.RELEASE.jar;C:\Users\Brusca\.gradle\caches\modules-2\files-2.1\org.springframework.boot\spring-boot-starter-web\1.3.3.RELEASE\f1ee2657f50844d8682b30a1f40aebff3ad60cce\spring-boot-starter-web-1.3.3.RELEASE.jar;C:\Users\Brusca\.gradle\caches\modules-2\files-2.1\org.springframework.boot\spring-boot-starter-jdbc\1.3.3.RELEASE\f10ffeca4c879f1f66f30989cc0f133258934246\spring-boot-starter-jdbc-1.3.3.RELEASE.jar;C:\Users\Brusca\.gradle\caches\modules-2\files-2.1\com.h2database\h2\1.4.191\dec3540178ea889b2871b0ed56db14bbec9cfdfc\h2-1.4.191.jar;C:\Users\Brusca\.gradle\caches\modules-2\files-2.1\org.springframework.boot\spring-boot-starter-test\1.3.3.RELEASE\f440856dcf4c3018c9005fa229e7509f28927a73\spring-boot-starter-test-1.3.3.RELEASE.jar;C:\Users\Brusca\.gradle\caches\modules-2\files-2.1\org.springframework.boot\spring-boot-starter\1.3.3.RELEASE\e4a71ce6ae8e42a7535dd9f1a39f91d36c538f28\spring-boot-starter-1.3.3.RELEASE.jar;C:\Users\Brusca\.gradle\caches\modules-2\files-2.1\org.springframework.boot\spring-boot-actuator\1.3.3.RELEASE\7f1ae26c1ea42fb9dd5f14925cd605198f8b644\spring-boot-actuator-1.3.3.RELEASE.jar;C:\Users\Brusca\.gradle\caches\modules-2\files-2.1\org.springframework.boot\spring-boot-starter-tomcat\1.3.3.RELEASE\541468d85cc2c94d2b538b0fa07c018847bb9b78\spring-boot-starter-tomcat-1.3.3.RELEASE.jar;C:\Users\Brusca\.gradle\caches\modules-2\files-2.1\org.springframework.boot\spring-boot-starter-validation\1.3.3.RELEASE\df2d5a437fa3093b8da99216c355189fe7b5e64\spring-boot-starter-validation-1.3.3.RELEASE.jar;C:\Users\Brusca\.gradle\caches\modules-2\files-2.1\com.fasterxml.jackson.core\jackson-databind\2.6.5\d50be1723a09befd903887099ff2014ea9020333\jackson-databind-2.6.5.jar;C:\Users\Brusca\.gradle\caches\modules-2\files-2.1\org.springframework\spring-web\4.2.5.RELEASE\49cd2430884b77172aa81e3fc33ef668ea1dab30\spring-web-4.2.5.RELEASE.jar;C:\Users\Brusca\.gradle\caches\modules-2\files-2.1\org.glassfish.jersey.core\jersey-server\2.22.2\5ede3e5f98f8b14d31d1d0fffe9908df2bd41c0f\jersey-server-2.22.2.jar;C:\Users\Brusca\.gradle\caches\modules-2\files-2.1\org.glassfish.jersey.containers\jersey-container-servlet-core\2.22.2\212c534c5b030594ccf5c4b929e8f7cbf26eb1ba\jersey-container-servlet-core-2.22.2.jar;C:\Users\Brusca\.gradle\caches\modules-2\files-2.1\org.glassfish.jersey.containers\jersey-container-servlet\2.22.2\d90487b9809f822af7731abb8896a2183e7c4a0c\jersey-container-servlet-2.22.2.jar;C:\Users\Brusca\.gradle\caches\modules-2\files-2.1\org.glassfish.jersey.ext\jersey-bean-validation\2.22.2\2e4a59b392e86eab26efe41e6d43aa5ae1eefd55\jersey-bean-validation-2.22.2.jar;C:\Users\Brusca\.gradle\caches\modules-2\files-2.1\org.glassfish.jersey.ext\jersey-spring3\2.22.2\d890fe9753d6285a3fb992e24a90066e1b07ab13\jersey-spring3-2.22.2.jar;C:\Users\Brusca\.gradle\caches\modules-2\files-2.1\org.glassfish.jersey.media\jersey-media-json-jackson\2.22.2\9c17b5f890a38d410c838d05918b5a027346a45f\jersey-media-json-jackson-2.22.2.jar;C:\Users\Brusca\.gradle\caches\modules-2\files-2.1\org.springframework\spring-context\4.2.5.RELEASE\a75e18322c7b362fe1daa26a245ae672ec0f3138\spring-context-4.2.5.RELEASE.jar;C:\Users\Brusca\.gradle\caches\modules-2\files-2.1\org.springframework\spring-context-support\4.2.5.RELEASE\72db9c52e8bd2dc3290cd51114583731f818356b\spring-context-support-4.2.5.RELEASE.jar;C:\Users\Brusca\.gradle\caches\modules-2\files-2.1\com.sun.mail\javax.mail\1.5.5\ffcd34b5de820f35bcc9303649cf6ab2c65ad44e\javax.mail-1.5.5.jar;C:\Users\Brusca\.gradle\caches\modules-2\files-2.1\org.springframework\spring-webmvc\4.2.5.RELEASE\cf463cce3e4453eb4b9a69de2dcdfd60c3c57e0\spring-webmvc-4.2.5.RELEASE.jar;C:\Users\Brusca\.gradle\caches\modules-2\files-2.1\org.apache.tomcat\tomcat-jdbc\8.0.32\55396c45fc8c34f31420a3b280fde4b1387b044d\tomcat-jdbc-8.0.32.jar;C:\Users\Brusca\.gradle\caches\modules-2\files-2.1\org.springframework\spring-jdbc\4.2.5.RELEASE\205d2f1b902eac16a2ece772dc5ac6090b7e0b6f\spring-jdbc-4.2.5.RELEASE.jar;C:\Users\Brusca\.gradle\caches\modules-2\files-2.1\junit\junit\4.12\2973d150c0dc1fefe998f834810d68f278ea58ec\junit-4.12.jar;C:\Users\Brusca\.gradle\caches\modules-2\files-2.1\org.mockito\mockito-core\1.10.19\e8546f5bef4e061d8dd73895b4e8f40e3fe6effe\mockito-core-1.10.19.jar;C:\Users\Brusca\.gradle\caches\modules-2\files-2.1\org.hamcrest\hamcrest-core\1.3\42a25dc3219429f0e5d060061f71acb49bf010a0\hamcrest-core-1.3.jar;C:\Users\Brusca\.gradle\caches\modules-2\files-2.1\org.hamcrest\hamcrest-library\1.3\4785a3c21320980282f9f33d0d1264a69040538f\hamcrest-library-1.3.jar;C:\Users\Brusca\.gradle\caches\modules-2\files-2.1\org.springframework\spring-core\4.2.5.RELEASE\251207b29f0f38f61e3495a2f7fb053cf1bfe8c\spring-core-4.2.5.RELEASE.jar;C:\Users\Brusca\.gradle\caches\modules-2\files-2.1\org.springframework\spring-test\4.2.5.RELEASE\60bd0ac25869d515717284b77644d0416d3a38c5\spring-test-4.2.5.RELEASE.jar;C:\Users\Brusca\.gradle\caches\modules-2\files-2.1\org.springframework.boot\spring-boot\1.3.3.RELEASE\641cc375499d444e4efbc1801902260daa79758d\spring-boot-1.3.3.RELEASE.jar;C:\Users\Brusca\.gradle\caches\modules-2\files-2.1\org.springframework.boot\spring-boot-autoconfigure\1.3.3.RELEASE\e7a4a25f74dac6b335ffabc43e3e8a6e3066340e\spring-boot-autoconfigure-1.3.3.RELEASE.jar;C:\Users\Brusca\.gradle\caches\modules-2\files-2.1\org.springframework.boot\spring-boot-starter-logging\1.3.3.RELEASE\16b395c84f28b947f1c336aa461fda1e662bb3b6\spring-boot-starter-logging-1.3.3.RELEASE.jar;C:\Users\Brusca\.gradle\caches\modules-2\files-2.1\org.yaml\snakeyaml\1.16\d64fb662c9e42789149f5078a62a22edda786c6a\snakeyaml-1.16.jar;C:\Users\Brusca\.gradle\caches\modules-2\files-2.1\org.apache.tomcat.embed\tomcat-embed-core\8.0.32\734ead0c803525cc9c7f283438101734ca9aac01\tomcat-embed-core-8.0.32.jar;C:\Users\Brusca\.gradle\caches\modules-2\files-2.1\org.apache.tomcat.embed\tomcat-embed-el\8.0.32\82adf8bd959fc046d55490e6f2ce67297c91d62b\tomcat-embed-el-8.0.32.jar;C:\Users\Brusca\.gradle\caches\modules-2\files-2.1\org.apache.tomcat.embed\tomcat-embed-logging-juli\8.0.32\5e664b357710a6c43cad2191404c2a9d0b82cdb3\tomcat-embed-logging-juli-8.0.32.jar;C:\Users\Brusca\.gradle\caches\modules-2\files-2.1\org.apache.tomcat.embed\tomcat-embed-websocket\8.0.32\237ca58dac66f438579750169e6cb297ac041c9d\tomcat-embed-websocket-8.0.32.jar;C:\Users\Brusca\.gradle\caches\modules-2\files-2.1\org.hibernate\hibernate-validator\5.2.4.Final\fb18766b576aa6632bcfe9a20a023cbd52bf9769\hibernate-validator-5.2.4.Final.jar;C:\Users\Brusca\.gradle\caches\modules-2\files-2.1\com.fasterxml.jackson.core\jackson-annotations\2.6.5\65137ebf85056473b40c311f889601646a7612ba\jackson-annotations-2.6.5.jar;C:\Users\Brusca\.gradle\caches\modules-2\files-2.1\com.fasterxml.jackson.core\jackson-core\2.6.5\334369d7eff497f358b248c171dac0dd62c68f67\jackson-core-2.6.5.jar;C:\Users\Brusca\.gradle\caches\modules-2\files-2.1\org.springframework\spring-aop\4.2.5.RELEASE\858d6c70909b3ce7e07b59fc936f8ccfcd81c0aa\spring-aop-4.2.5.RELEASE.jar;C:\Users\Brusca\.gradle\caches\modules-2\files-2.1\org.springframework\spring-beans\4.2.5.RELEASE\fa992ae40f6fc47117282164e0433b71da385e94\spring-beans-4.2.5.RELEASE.jar;C:\Users\Brusca\.gradle\caches\modules-2\files-2.1\org.glassfish.jersey.core\jersey-common\2.22.2\1209b89878b60ce7d49afadeff7522d2fde0e217\jersey-common-2.22.2.jar;C:\Users\Brusca\.gradle\caches\modules-2\files-2.1\org.glassfish.jersey.core\jersey-client\2.22.2\1712fff037ce5a59e3d67f90fff29222989799ee\jersey-client-2.22.2.jar;C:\Users\Brusca\.gradle\caches\modules-2\files-2.1\javax.ws.rs\javax.ws.rs-api\2.0.1\104e9c2b5583cfcfeac0402316221648d6d8ea6b\javax.ws.rs-api-2.0.1.jar;C:\Users\Brusca\.gradle\caches\modules-2\files-2.1\org.glassfish.jersey.media\jersey-media-jaxb\2.22.2\7a9adf97790a92d09a1f2c027dbd34af15ffee04\jersey-media-jaxb-2.22.2.jar;C:\Users\Brusca\.gradle\caches\modules-2\files-2.1\javax.annotation\javax.annotation-api\1.2\479c1e06db31c432330183f5cae684163f186146\javax.annotation-api-1.2.jar;C:\Users\Brusca\.gradle\caches\modules-2\files-2.1\org.glassfish.hk2\hk2-api\2.4.0-b34\1017432e219dbd1d4a1121b2d7e87c5b2f0bcfb9\hk2-api-2.4.0-b34.jar;C:\Users\Brusca\.gradle\caches\modules-2\files-2.1\org.glassfish.hk2.external\javax.inject\2.4.0-b34\a6a3d4935af7b03e44126b5aac2c2a0ce98fe6e9\javax.inject-2.4.0-b34.jar;C:\Users\Brusca\.gradle\caches\modules-2\files-2.1\org.glassfish.hk2\hk2-locator\2.4.0-b34\1451fc3e5b7f00d7a5ca0feaff2c1bf68be5ac91\hk2-locator-2.4.0-b34.jar;C:\Users\Brusca\.gradle\caches\modules-2\files-2.1\javax.validation\validation-api\1.1.0.Final\8613ae82954779d518631e05daa73a6a954817d5\validation-api-1.1.0.Final.jar;C:\Users\Brusca\.gradle\caches\modules-2\files-2.1\org.glassfish.hk2\hk2\2.4.0-b34\736b03ef09a6f501b33a3d4c642cc3b2a3a54d66\hk2-2.4.0-b34.jar;C:\Users\Brusca\.gradle\caches\modules-2\files-2.1\org.glassfish.hk2\spring-bridge\2.4.0-b34\4a3de367797146f2c5494c25fb1f41b275c57f67\spring-bridge-2.4.0-b34.jar;C:\Users\Brusca\.gradle\caches\modules-2\files-2.1\org.glassfish.jersey.ext\jersey-entity-filtering\2.22.2\f43019bcf3d791f188b15fe4f0a225a7cca28e11\jersey-entity-filtering-2.22.2.jar;C:\Users\Brusca\.gradle\caches\modules-2\files-2.1\com.fasterxml.jackson.jaxrs\jackson-jaxrs-base\2.6.5\b86e607360911298484474d12135b561874e7bcb\jackson-jaxrs-base-2.6.5.jar;C:\Users\Brusca\.gradle\caches\modules-2\files-2.1\com.fasterxml.jackson.jaxrs\jackson-jaxrs-json-provider\2.6.5\295637e8118a52f2447c4bdbee8176e2da2cfa3f\jackson-jaxrs-json-provider-2.6.5.jar;C:\Users\Brusca\.gradle\caches\modules-2\files-2.1\org.springframework\spring-expression\4.2.5.RELEASE\a42bdfb833d0be6c18429aea3fb0fba81f85c6e8\spring-expression-4.2.5.RELEASE.jar;C:\Users\Brusca\.gradle\caches\modules-2\files-2.1\javax.activation\activation\1.1\e6cb541461c2834bdea3eb920f1884d1eb508b50\activation-1.1.jar;C:\Users\Brusca\.gradle\caches\modules-2\files-2.1\org.apache.tomcat\tomcat-juli\8.0.32\71471069cea029dfdce0735337864c7d0a3d9992\tomcat-juli-8.0.32.jar;C:\Users\Brusca\.gradle\caches\modules-2\files-2.1\org.springframework\spring-tx\4.2.5.RELEASE\7395321fe937272d9b781a13985e04ab2dcd6210\spring-tx-4.2.5.RELEASE.jar;C:\Users\Brusca\.gradle\caches\modules-2\files-2.1\org.objenesis\objenesis\2.1\87c0ea803b69252868d09308b4618f766f135a96\objenesis-2.1.jar;C:\Users\Brusca\.gradle\caches\modules-2\files-2.1\ch.qos.logback\logback-classic\1.1.5\92353eb144695bba80b31f7bec4f36d871f230ac\logback-classic-1.1.5.jar;C:\Users\Brusca\.gradle\caches\modules-2\files-2.1\org.slf4j\jcl-over-slf4j\1.7.16\34e48073884704ac987d3d1a1ab9b60e62028a9\jcl-over-slf4j-1.7.16.jar;C:\Users\Brusca\.gradle\caches\modules-2\files-2.1\org.slf4j\jul-to-slf4j\1.7.16\2d5b546c5557dcbf08c3a381d7dc9bd275a602c1\jul-to-slf4j-1.7.16.jar;C:\Users\Brusca\.gradle\caches\modules-2\files-2.1\org.slf4j\log4j-over-slf4j\1.7.16\c5922f37c8a5e4377cfb543c549f10e73d72ede0\log4j-over-slf4j-1.7.16.jar;C:\Users\Brusca\.gradle\caches\modules-2\files-2.1\org.jboss.logging\jboss-logging\3.3.0.Final\3616bb87707910296e2c195dc016287080bba5af\jboss-logging-3.3.0.Final.jar;C:\Users\Brusca\.gradle\caches\modules-2\files-2.1\com.fasterxml\classmate\1.1.0\dbbd699a1486ad0f2ed6f5af6cfed66acacb9056\classmate-1.1.0.jar;C:\Users\Brusca\.gradle\caches\modules-2\files-2.1\aopalliance\aopalliance\1.0\235ba8b489512805ac13a8f9ea77a1ca5ebe3e8\aopalliance-1.0.jar;C:\Users\Brusca\.gradle\caches\modules-2\files-2.1\org.glassfish.jersey.bundles.repackaged\jersey-guava\2.22.2\7422c693c89640c9685dfa99dbef2da745aa4617\jersey-guava-2.22.2.jar;C:\Users\Brusca\.gradle\caches\modules-2\files-2.1\org.glassfish.hk2\osgi-resource-locator\1.0.1\4ed2b2d4738aed5786cfa64cba5a332779c4c708\osgi-resource-locator-1.0.1.jar;C:\Users\Brusca\.gradle\caches\modules-2\files-2.1\org.glassfish.hk2\hk2-utils\2.4.0-b34\aacce18411fffef9621d8fc91464ca0477119c38\hk2-utils-2.4.0-b34.jar;C:\Users\Brusca\.gradle\caches\modules-2\files-2.1\org.glassfish.hk2.external\aopalliance-repackaged\2.4.0-b34\3d5e856dbc91a3a2b0bcb3a3424f8b62421ae4cf\aopalliance-repackaged-2.4.0-b34.jar;C:\Users\Brusca\.gradle\caches\modules-2\files-2.1\org.javassist\javassist\3.18.1-GA\d9a09f7732226af26bf99f19e2cffe0ae219db5b\javassist-3.18.1-GA.jar;C:\Users\Brusca\.gradle\caches\modules-2\files-2.1\org.glassfish.hk2\config-types\2.4.0-b34\d0cd228facafb3f9912f25a1c6605c9738dacce2\config-types-2.4.0-b34.jar;C:\Users\Brusca\.gradle\caches\modules-2\files-2.1\org.glassfish.hk2\hk2-core\2.4.0-b34\d530f72aa485ff7d8f59a6c10ad4c396428fe90a\hk2-core-2.4.0-b34.jar;C:\Users\Brusca\.gradle\caches\modules-2\files-2.1\org.glassfish.hk2\hk2-config\2.4.0-b34\c1e9e66e284a777b1b51e19d902db36b0b499bf\hk2-config-2.4.0-b34.jar;C:\Users\Brusca\.gradle\caches\modules-2\files-2.1\org.glassfish.hk2\hk2-runlevel\2.4.0-b34\c77ffbd2bcae37434dcab3624b307a95374500d1\hk2-runlevel-2.4.0-b34.jar;C:\Users\Brusca\.gradle\caches\modules-2\files-2.1\org.glassfish.hk2\class-model\2.4.0-b34\fdb9192396480cb5a828eb2f21f348600bc40758\class-model-2.4.0-b34.jar;C:\Users\Brusca\.gradle\caches\modules-2\files-2.1\com.fasterxml.jackson.module\jackson-module-jaxb-annotations\2.6.5\2e325479091bfbd81b000cc8a2fc5fd9db675b62\jackson-module-jaxb-annotations-2.6.5.jar;C:\Users\Brusca\.gradle\caches\modules-2\files-2.1\ch.qos.logback\logback-core\1.1.5\16722afde74444716e299bee1f60aec9f6d1f0dc\logback-core-1.1.5.jar;C:\Users\Brusca\.gradle\caches\modules-2\files-2.1\org.slf4j\slf4j-api\1.7.16\3a6274f658487d5bfff9af3862beff6da1e7fd52\slf4j-api-1.7.16.jar;C:\Users\Brusca\.gradle\caches\modules-2\files-2.1\org.jvnet\tiger-types\1.4\9f75db7dea926f497e76eae2cea36eca74ea508\tiger-types-1.4.jar;C:\Users\Brusca\.gradle\caches\modules-2\files-2.1\org.glassfish.hk2.external\asm-all-repackaged\2.4.0-b34\86ad503fe0d63b04722b0fadebe9e9b57d97ce3\asm-all-repackaged-2.4.0-b34.jar'
21:57:11.465 [Test worker] DEBUG o.s.c.e.PropertySourcesPropertyResolver - Searching for key 'user.name' in [systemProperties]
21:57:11.465 [Test worker] DEBUG o.s.c.e.PropertySourcesPropertyResolver - Found key 'user.name' in [systemProperties] with type [String] and value 'Brusca'
21:57:11.465 [Test worker] DEBUG o.s.c.e.PropertySourcesPropertyResolver - Searching for key 'java.vm.specification.version' in [systemProperties]
21:57:11.467 [Test worker] DEBUG o.s.c.e.PropertySourcesPropertyResolver - Found key 'java.vm.specification.version' in [systemProperties] with type [String] and value '1.8'
21:57:11.468 [Test worker] DEBUG o.s.c.e.PropertySourcesPropertyResolver - Searching for key 'sun.java.command' in [systemProperties]
21:57:11.468 [Test worker] DEBUG o.s.c.e.PropertySourcesPropertyResolver - Found key 'sun.java.command' in [systemProperties] with type [String] and value 'jarjar.org.gradle.process.internal.launcher.GradleWorkerMain 'Gradle Test Executor 1''
21:57:11.468 [Test worker] DEBUG o.s.c.e.PropertySourcesPropertyResolver - Searching for key 'java.home' in [systemProperties]
21:57:11.468 [Test worker] DEBUG o.s.c.e.PropertySourcesPropertyResolver - Found key 'java.home' in [systemProperties] with type [String] and value 'C:\Program Files\Java\jdk1.8.0_73\jre'
21:57:11.468 [Test worker] DEBUG o.s.c.e.PropertySourcesPropertyResolver - Searching for key 'sun.arch.data.model' in [systemProperties]
21:57:11.468 [Test worker] DEBUG o.s.c.e.PropertySourcesPropertyResolver - Found key 'sun.arch.data.model' in [systemProperties] with type [String] and value '64'
21:57:11.468 [Test worker] DEBUG o.s.c.e.PropertySourcesPropertyResolver - Searching for key 'user.language' in [systemProperties]
21:57:11.468 [Test worker] DEBUG o.s.c.e.PropertySourcesPropertyResolver - Found key 'user.language' in [systemProperties] with type [String] and value 'pt'
21:57:11.468 [Test worker] DEBUG o.s.c.e.PropertySourcesPropertyResolver - Searching for key 'java.specification.vendor' in [systemProperties]
21:57:11.468 [Test worker] DEBUG o.s.c.e.PropertySourcesPropertyResolver - Found key 'java.specification.vendor' in [systemProperties] with type [String] and value 'Oracle Corporation'
21:57:11.468 [Test worker] DEBUG o.s.c.e.PropertySourcesPropertyResolver - Searching for key 'awt.toolkit' in [systemProperties]
21:57:11.469 [Test worker] DEBUG o.s.c.e.PropertySourcesPropertyResolver - Found key 'awt.toolkit' in [systemProperties] with type [String] and value 'sun.awt.windows.WToolkit'
21:57:11.469 [Test worker] DEBUG o.s.c.e.PropertySourcesPropertyResolver - Searching for key 'java.vm.info' in [systemProperties]
21:57:11.469 [Test worker] DEBUG o.s.c.e.PropertySourcesPropertyResolver - Found key 'java.vm.info' in [systemProperties] with type [String] and value 'mixed mode'
21:57:11.469 [Test worker] DEBUG o.s.c.e.PropertySourcesPropertyResolver - Searching for key 'java.version' in [systemProperties]
21:57:11.469 [Test worker] DEBUG o.s.c.e.PropertySourcesPropertyResolver - Found key 'java.version' in [systemProperties] with type [String] and value '1.8.0_73'
21:57:11.469 [Test worker] DEBUG o.s.c.e.PropertySourcesPropertyResolver - Searching for key 'java.ext.dirs' in [systemProperties]
21:57:11.469 [Test worker] DEBUG o.s.c.e.PropertySourcesPropertyResolver - Found key 'java.ext.dirs' in [systemProperties] with type [String] and value 'C:\Program Files\Java\jdk1.8.0_73\jre\lib\ext;C:\Windows\Sun\Java\lib\ext'
21:57:11.469 [Test worker] DEBUG o.s.c.e.PropertySourcesPropertyResolver - Searching for key 'sun.boot.class.path' in [systemProperties]
21:57:11.469 [Test worker] DEBUG o.s.c.e.PropertySourcesPropertyResolver - Found key 'sun.boot.class.path' in [systemProperties] with type [String] and value 'C:\Program Files\Java\jdk1.8.0_73\jre\lib\resources.jar;C:\Program Files\Java\jdk1.8.0_73\jre\lib\rt.jar;C:\Program Files\Java\jdk1.8.0_73\jre\lib\sunrsasign.jar;C:\Program Files\Java\jdk1.8.0_73\jre\lib\jsse.jar;C:\Program Files\Java\jdk1.8.0_73\jre\lib\jce.jar;C:\Program Files\Java\jdk1.8.0_73\jre\lib\charsets.jar;C:\Program Files\Java\jdk1.8.0_73\jre\lib\jfr.jar;C:\Program Files\Java\jdk1.8.0_73\jre\classes'
21:57:11.469 [Test worker] DEBUG o.s.c.e.PropertySourcesPropertyResolver - Searching for key 'java.awt.headless' in [systemProperties]
21:57:11.469 [Test worker] DEBUG o.s.c.e.PropertySourcesPropertyResolver - Found key 'java.awt.headless' in [systemProperties] with type [String] and value 'true'
21:57:11.469 [Test worker] DEBUG o.s.c.e.PropertySourcesPropertyResolver - Searching for key 'java.vendor' in [systemProperties]
21:57:11.469 [Test worker] DEBUG o.s.c.e.PropertySourcesPropertyResolver - Found key 'java.vendor' in [systemProperties] with type [String] and value 'Oracle Corporation'
21:57:11.469 [Test worker] DEBUG o.s.c.e.PropertySourcesPropertyResolver - Searching for key 'org.gradle.test.worker' in [systemProperties]
21:57:11.469 [Test worker] DEBUG o.s.c.e.PropertySourcesPropertyResolver - Found key 'org.gradle.test.worker' in [systemProperties] with type [String] and value '1'
21:57:11.469 [Test worker] DEBUG o.s.c.e.PropertySourcesPropertyResolver - Searching for key 'file.separator' in [systemProperties]
21:57:11.470 [Test worker] DEBUG o.s.c.e.PropertySourcesPropertyResolver - Found key 'file.separator' in [systemProperties] with type [String] and value '\'
21:57:11.470 [Test worker] DEBUG o.s.c.e.PropertySourcesPropertyResolver - Searching for key 'java.vendor.url.bug' in [systemProperties]
21:57:11.470 [Test worker] DEBUG o.s.c.e.PropertySourcesPropertyResolver - Found key 'java.vendor.url.bug' in [systemProperties] with type [String] and value 'http://bugreport.sun.com/bugreport/'
21:57:11.470 [Test worker] DEBUG o.s.c.e.PropertySourcesPropertyResolver - Searching for key 'sun.io.unicode.encoding' in [systemProperties]
21:57:11.470 [Test worker] DEBUG o.s.c.e.PropertySourcesPropertyResolver - Found key 'sun.io.unicode.encoding' in [systemProperties] with type [String] and value 'UnicodeLittle'
21:57:11.470 [Test worker] DEBUG o.s.c.e.PropertySourcesPropertyResolver - Searching for key 'sun.cpu.endian' in [systemProperties]
21:57:11.470 [Test worker] DEBUG o.s.c.e.PropertySourcesPropertyResolver - Found key 'sun.cpu.endian' in [systemProperties] with type [String] and value 'little'
21:57:11.470 [Test worker] DEBUG o.s.c.e.PropertySourcesPropertyResolver - Searching for key 'sun.desktop' in [systemProperties]
21:57:11.470 [Test worker] DEBUG o.s.c.e.PropertySourcesPropertyResolver - Found key 'sun.desktop' in [systemProperties] with type [String] and value 'windows'
21:57:11.470 [Test worker] DEBUG o.s.c.e.PropertySourcesPropertyResolver - Searching for key 'sun.cpu.isalist' in [systemProperties]
21:57:11.470 [Test worker] DEBUG o.s.c.e.PropertySourcesPropertyResolver - Found key 'sun.cpu.isalist' in [systemProperties] with type [String] and value 'amd64'
21:57:11.470 [Test worker] DEBUG o.s.c.e.PropertySourcesPropertyResolver - Searching for key 'PATH' in [systemProperties]
21:57:11.470 [Test worker] DEBUG o.s.c.e.PropertySourcesPropertyResolver - Searching for key 'PATH' in [systemEnvironment]
21:57:11.470 [Test worker] DEBUG o.s.c.e.PropertySourcesPropertyResolver - Found key 'PATH' in [systemEnvironment] with type [String] and value 'C:\Users\Brusca\bin;C:\Program Files\Git\mingw64\bin;C:\Program Files\Git\usr\local\bin;C:\Program Files\Git\usr\bin;C:\Program Files\Git\usr\bin;C:\Program Files\Git\mingw64\bin;C:\Program Files\Git\usr\bin;C:\Users\Brusca\bin;C:\ProgramData\Oracle\Java\javapath;C:\Windows\system32;C:\Windows;C:\Windows\System32\Wbem;C:\Windows\System32\WindowsPowerShell\v1.0;C:\Program Files (x86)\Skype\Phone;C:\Program Files\Git\cmd;C:\Program Files\Git\usr\bin\vendor_perl;C:\Program Files\Git\usr\bin\core_perl'
21:57:11.470 [Test worker] DEBUG o.s.c.e.PropertySourcesPropertyResolver - Searching for key 'PKG_CONFIG_PATH' in [systemProperties]
21:57:11.470 [Test worker] DEBUG o.s.c.e.PropertySourcesPropertyResolver - Searching for key 'PKG_CONFIG_PATH' in [systemEnvironment]
21:57:11.470 [Test worker] DEBUG o.s.c.e.PropertySourcesPropertyResolver - Found key 'PKG_CONFIG_PATH' in [systemEnvironment] with type [String] and value 'C:\Program Files\Git\mingw64\lib\pkgconfig;C:\Program Files\Git\mingw64\share\pkgconfig'
21:57:11.471 [Test worker] DEBUG o.s.c.e.PropertySourcesPropertyResolver - Searching for key 'PROCESSOR_LEVEL' in [systemProperties]
21:57:11.471 [Test worker] DEBUG o.s.c.e.PropertySourcesPropertyResolver - Searching for key 'PROCESSOR_LEVEL' in [systemEnvironment]
21:57:11.471 [Test worker] DEBUG o.s.c.e.PropertySourcesPropertyResolver - Found key 'PROCESSOR_LEVEL' in [systemEnvironment] with type [String] and value '16'
21:57:11.471 [Test worker] DEBUG o.s.c.e.PropertySourcesPropertyResolver - Searching for key 'SYSTEMDRIVE' in [systemProperties]
21:57:11.471 [Test worker] DEBUG o.s.c.e.PropertySourcesPropertyResolver - Searching for key 'SYSTEMDRIVE' in [systemEnvironment]
21:57:11.471 [Test worker] DEBUG o.s.c.e.PropertySourcesPropertyResolver - Found key 'SYSTEMDRIVE' in [systemEnvironment] with type [String] and value 'C:'
21:57:11.471 [Test worker] DEBUG o.s.c.e.PropertySourcesPropertyResolver - Searching for key 'FP_NO_HOST_CHECK' in [systemProperties]
21:57:11.471 [Test worker] DEBUG o.s.c.e.PropertySourcesPropertyResolver - Searching for key 'FP_NO_HOST_CHECK' in [systemEnvironment]
21:57:11.471 [Test worker] DEBUG o.s.c.e.PropertySourcesPropertyResolver - Found key 'FP_NO_HOST_CHECK' in [systemEnvironment] with type [String] and value 'NO'
21:57:11.471 [Test worker] DEBUG o.s.c.e.PropertySourcesPropertyResolver - Searching for key 'SESSIONNAME' in [systemProperties]
21:57:11.471 [Test worker] DEBUG o.s.c.e.PropertySourcesPropertyResolver - Searching for key 'SESSIONNAME' in [systemEnvironment]
21:57:11.471 [Test worker] DEBUG o.s.c.e.PropertySourcesPropertyResolver - Found key 'SESSIONNAME' in [systemEnvironment] with type [String] and value 'Console'
21:57:11.471 [Test worker] DEBUG o.s.c.e.PropertySourcesPropertyResolver - Searching for key 'ALLUSERSPROFILE' in [systemProperties]
21:57:11.471 [Test worker] DEBUG o.s.c.e.PropertySourcesPropertyResolver - Searching for key 'ALLUSERSPROFILE' in [systemEnvironment]
21:57:11.471 [Test worker] DEBUG o.s.c.e.PropertySourcesPropertyResolver - Found key 'ALLUSERSPROFILE' in [systemEnvironment] with type [String] and value 'C:\ProgramData'
21:57:11.471 [Test worker] DEBUG o.s.c.e.PropertySourcesPropertyResolver - Searching for key 'PROCESSOR_ARCHITECTURE' in [systemProperties]
21:57:11.471 [Test worker] DEBUG o.s.c.e.PropertySourcesPropertyResolver - Searching for key 'PROCESSOR_ARCHITECTURE' in [systemEnvironment]
21:57:11.471 [Test worker] DEBUG o.s.c.e.PropertySourcesPropertyResolver - Found key 'PROCESSOR_ARCHITECTURE' in [systemEnvironment] with type [String] and value 'AMD64'
21:57:11.472 [Test worker] DEBUG o.s.c.e.PropertySourcesPropertyResolver - Searching for key 'PSModulePath' in [systemProperties]
21:57:11.472 [Test worker] DEBUG o.s.c.e.PropertySourcesPropertyResolver - Searching for key 'PSModulePath' in [systemEnvironment]
21:57:11.472 [Test worker] DEBUG o.s.c.e.PropertySourcesPropertyResolver - Found key 'PSModulePath' in [systemEnvironment] with type [String] and value 'C:\Windows\system32\WindowsPowerShell\v1.0\Modules\'
21:57:11.472 [Test worker] DEBUG o.s.c.e.PropertySourcesPropertyResolver - Searching for key 'JRE_HOME' in [systemProperties]
21:57:11.472 [Test worker] DEBUG o.s.c.e.PropertySourcesPropertyResolver - Searching for key 'JRE_HOME' in [systemEnvironment]
21:57:11.472 [Test worker] DEBUG o.s.c.e.PropertySourcesPropertyResolver - Found key 'JRE_HOME' in [systemEnvironment] with type [String] and value 'C:\Progra~2\Java\jre1.8.0_71'
21:57:11.472 [Test worker] DEBUG o.s.c.e.PropertySourcesPropertyResolver - Searching for key 'VS100COMNTOOLS' in [systemProperties]
21:57:11.472 [Test worker] DEBUG o.s.c.e.PropertySourcesPropertyResolver - Searching for key 'VS100COMNTOOLS' in [systemEnvironment]
21:57:11.473 [Test worker] DEBUG o.s.c.e.PropertySourcesPropertyResolver - Found key 'VS100COMNTOOLS' in [systemEnvironment] with type [String] and value 'C:\Program Files (x86)\Microsoft Visual Studio 10.0\Common7\Tools\'
21:57:11.473 [Test worker] DEBUG o.s.c.e.PropertySourcesPropertyResolver - Searching for key 'PROGRAMFILES' in [systemProperties]
21:57:11.473 [Test worker] DEBUG o.s.c.e.PropertySourcesPropertyResolver - Searching for key 'PROGRAMFILES' in [systemEnvironment]
21:57:11.473 [Test worker] DEBUG o.s.c.e.PropertySourcesPropertyResolver - Found key 'PROGRAMFILES' in [systemEnvironment] with type [String] and value 'C:\Program Files'
21:57:11.473 [Test worker] DEBUG o.s.c.e.PropertySourcesPropertyResolver - Searching for key 'USERNAME' in [systemProperties]
21:57:11.473 [Test worker] DEBUG o.s.c.e.PropertySourcesPropertyResolver - Searching for key 'USERNAME' in [systemEnvironment]
21:57:11.473 [Test worker] DEBUG o.s.c.e.PropertySourcesPropertyResolver - Found key 'USERNAME' in [systemEnvironment] with type [String] and value 'Brusca'
21:57:11.473 [Test worker] DEBUG o.s.c.e.PropertySourcesPropertyResolver - Searching for key 'PWD' in [systemProperties]
21:57:11.473 [Test worker] DEBUG o.s.c.e.PropertySourcesPropertyResolver - Searching for key 'PWD' in [systemEnvironment]
21:57:11.473 [Test worker] DEBUG o.s.c.e.PropertySourcesPropertyResolver - Found key 'PWD' in [systemEnvironment] with type [String] and value 'C:/Users/Brusca/Documents/workspaceEclipse/Trabalho_desenv_tech_java'
21:57:11.473 [Test worker] DEBUG o.s.c.e.PropertySourcesPropertyResolver - Searching for key 'ProgramFiles(x86)' in [systemProperties]
21:57:11.473 [Test worker] DEBUG o.s.c.e.PropertySourcesPropertyResolver - Searching for key 'ProgramFiles(x86)' in [systemEnvironment]
21:57:11.473 [Test worker] DEBUG o.s.c.e.PropertySourcesPropertyResolver - Found key 'ProgramFiles(x86)' in [systemEnvironment] with type [String] and value 'C:\Program Files (x86)'
21:57:11.473 [Test worker] DEBUG o.s.c.e.PropertySourcesPropertyResolver - Searching for key 'INFOPATH' in [systemProperties]
21:57:11.473 [Test worker] DEBUG o.s.c.e.PropertySourcesPropertyResolver - Searching for key 'INFOPATH' in [systemEnvironment]
21:57:11.473 [Test worker] DEBUG o.s.c.e.PropertySourcesPropertyResolver - Found key 'INFOPATH' in [systemEnvironment] with type [String] and value 'C:\Program Files\Git\usr\local\info;C:\Program Files\Git\usr\share\info;C:\Program Files\Git\usr\info;C:\Program Files\Git\share\info'
21:57:11.473 [Test worker] DEBUG o.s.c.e.PropertySourcesPropertyResolver - Searching for key 'PATHEXT' in [systemProperties]
21:57:11.473 [Test worker] DEBUG o.s.c.e.PropertySourcesPropertyResolver - Searching for key 'PATHEXT' in [systemEnvironment]
21:57:11.474 [Test worker] DEBUG o.s.c.e.PropertySourcesPropertyResolver - Found key 'PATHEXT' in [systemEnvironment] with type [String] and value '.COM;.EXE;.BAT;.CMD;.VBS;.VBE;.JS;.JSE;.WSF;.WSH;.MSC'
21:57:11.474 [Test worker] DEBUG o.s.c.e.PropertySourcesPropertyResolver - Searching for key 'SHELL' in [systemProperties]
21:57:11.474 [Test worker] DEBUG o.s.c.e.PropertySourcesPropertyResolver - Searching for key 'SHELL' in [systemEnvironment]
21:57:11.474 [Test worker] DEBUG o.s.c.e.PropertySourcesPropertyResolver - Found key 'SHELL' in [systemEnvironment] with type [String] and value 'C:\Program Files\Git\usr\bin\bash'
21:57:11.474 [Test worker] DEBUG o.s.c.e.PropertySourcesPropertyResolver - Searching for key 'OLDPWD' in [systemProperties]
21:57:11.474 [Test worker] DEBUG o.s.c.e.PropertySourcesPropertyResolver - Searching for key 'OLDPWD' in [systemEnvironment]
21:57:11.474 [Test worker] DEBUG o.s.c.e.PropertySourcesPropertyResolver - Found key 'OLDPWD' in [systemEnvironment] with type [String] and value 'C:/Users/Brusca/Documents/workspaceEclipse/Trabalho_desenv_tech_java'
21:57:11.474 [Test worker] DEBUG o.s.c.e.PropertySourcesPropertyResolver - Searching for key 'TMPDIR' in [systemProperties]
21:57:11.474 [Test worker] DEBUG o.s.c.e.PropertySourcesPropertyResolver - Searching for key 'TMPDIR' in [systemEnvironment]
21:57:11.474 [Test worker] DEBUG o.s.c.e.PropertySourcesPropertyResolver - Found key 'TMPDIR' in [systemEnvironment] with type [String] and value 'C:\Users\Brusca\AppData\Local\Temp'
21:57:11.474 [Test worker] DEBUG o.s.c.e.PropertySourcesPropertyResolver - Searching for key 'WINDIR' in [systemProperties]
21:57:11.474 [Test worker] DEBUG o.s.c.e.PropertySourcesPropertyResolver - Searching for key 'WINDIR' in [systemEnvironment]
21:57:11.474 [Test worker] DEBUG o.s.c.e.PropertySourcesPropertyResolver - Found key 'WINDIR' in [systemEnvironment] with type [String] and value 'C:\Windows'
21:57:11.474 [Test worker] DEBUG o.s.c.e.PropertySourcesPropertyResolver - Searching for key 'ProgramData' in [systemProperties]
21:57:11.474 [Test worker] DEBUG o.s.c.e.PropertySourcesPropertyResolver - Searching for key 'ProgramData' in [systemEnvironment]
21:57:11.474 [Test worker] DEBUG o.s.c.e.PropertySourcesPropertyResolver - Found key 'ProgramData' in [systemEnvironment] with type [String] and value 'C:\ProgramData'
21:57:11.474 [Test worker] DEBUG o.s.c.e.PropertySourcesPropertyResolver - Searching for key 'ProgramW6432' in [systemProperties]
21:57:11.474 [Test worker] DEBUG o.s.c.e.PropertySourcesPropertyResolver - Searching for key 'ProgramW6432' in [systemEnvironment]
21:57:11.474 [Test worker] DEBUG o.s.c.e.PropertySourcesPropertyResolver - Found key 'ProgramW6432' in [systemEnvironment] with type [String] and value 'C:\Program Files'
21:57:11.475 [Test worker] DEBUG o.s.c.e.PropertySourcesPropertyResolver - Searching for key 'SSH_ASKPASS' in [systemProperties]
21:57:11.475 [Test worker] DEBUG o.s.c.e.PropertySourcesPropertyResolver - Searching for key 'SSH_ASKPASS' in [systemEnvironment]
21:57:11.475 [Test worker] DEBUG o.s.c.e.PropertySourcesPropertyResolver - Found key 'SSH_ASKPASS' in [systemEnvironment] with type [String] and value 'C:/Program Files/Git/mingw64/libexec/git-core/git-gui--askpass'
21:57:11.475 [Test worker] DEBUG o.s.c.e.PropertySourcesPropertyResolver - Searching for key 'HOMEPATH' in [systemProperties]
21:57:11.475 [Test worker] DEBUG o.s.c.e.PropertySourcesPropertyResolver - Searching for key 'HOMEPATH' in [systemEnvironment]
21:57:11.475 [Test worker] DEBUG o.s.c.e.PropertySourcesPropertyResolver - Found key 'HOMEPATH' in [systemEnvironment] with type [String] and value '\Users\Brusca'
21:57:11.475 [Test worker] DEBUG o.s.c.e.PropertySourcesPropertyResolver - Searching for key 'PROCESSOR_IDENTIFIER' in [systemProperties]
21:57:11.475 [Test worker] DEBUG o.s.c.e.PropertySourcesPropertyResolver - Searching for key 'PROCESSOR_IDENTIFIER' in [systemEnvironment]
21:57:11.475 [Test worker] DEBUG o.s.c.e.PropertySourcesPropertyResolver - Found key 'PROCESSOR_IDENTIFIER' in [systemEnvironment] with type [String] and value 'AMD64 Family 16 Model 4 Stepping 3, AuthenticAMD'
21:57:11.475 [Test worker] DEBUG o.s.c.e.PropertySourcesPropertyResolver - Searching for key 'PUBLIC' in [systemProperties]
21:57:11.475 [Test worker] DEBUG o.s.c.e.PropertySourcesPropertyResolver - Searching for key 'PUBLIC' in [systemEnvironment]
21:57:11.475 [Test worker] DEBUG o.s.c.e.PropertySourcesPropertyResolver - Found key 'PUBLIC' in [systemEnvironment] with type [String] and value 'C:\Users\Public'
21:57:11.475 [Test worker] DEBUG o.s.c.e.PropertySourcesPropertyResolver - Searching for key '=::' in [systemProperties]
21:57:11.476 [Test worker] DEBUG o.s.c.e.PropertySourcesPropertyResolver - Searching for key '=::' in [systemEnvironment]
21:57:11.476 [Test worker] DEBUG o.s.c.e.PropertySourcesPropertyResolver - Found key '=::' in [systemEnvironment] with type [String] and value '::\'
21:57:11.476 [Test worker] DEBUG o.s.c.e.PropertySourcesPropertyResolver - Searching for key 'EXEPATH' in [systemProperties]
21:57:11.476 [Test worker] DEBUG o.s.c.e.PropertySourcesPropertyResolver - Searching for key 'EXEPATH' in [systemEnvironment]
21:57:11.476 [Test worker] DEBUG o.s.c.e.PropertySourcesPropertyResolver - Found key 'EXEPATH' in [systemEnvironment] with type [String] and value 'C:\Program Files\Git'
21:57:11.476 [Test worker] DEBUG o.s.c.e.PropertySourcesPropertyResolver - Searching for key 'SHLVL' in [systemProperties]
21:57:11.476 [Test worker] DEBUG o.s.c.e.PropertySourcesPropertyResolver - Searching for key 'SHLVL' in [systemEnvironment]
21:57:11.476 [Test worker] DEBUG o.s.c.e.PropertySourcesPropertyResolver - Found key 'SHLVL' in [systemEnvironment] with type [String] and value '1'
21:57:11.476 [Test worker] DEBUG o.s.c.e.PropertySourcesPropertyResolver - Searching for key 'LOCALAPPDATA' in [systemProperties]
21:57:11.476 [Test worker] DEBUG o.s.c.e.PropertySourcesPropertyResolver - Searching for key 'LOCALAPPDATA' in [systemEnvironment]
21:57:11.476 [Test worker] DEBUG o.s.c.e.PropertySourcesPropertyResolver - Found key 'LOCALAPPDATA' in [systemEnvironment] with type [String] and value 'C:\Users\Brusca\AppData\Local'
21:57:11.476 [Test worker] DEBUG o.s.c.e.PropertySourcesPropertyResolver - Searching for key 'MANPATH' in [systemProperties]
21:57:11.476 [Test worker] DEBUG o.s.c.e.PropertySourcesPropertyResolver - Searching for key 'MANPATH' in [systemEnvironment]
21:57:11.476 [Test worker] DEBUG o.s.c.e.PropertySourcesPropertyResolver - Found key 'MANPATH' in [systemEnvironment] with type [String] and value 'C:\Program Files\Git\mingw64\share\man;C:\Program Files\Git\usr\local\man;C:\Program Files\Git\usr\share\man;C:\Program Files\Git\usr\man;C:\Program Files\Git\share\man'
21:57:11.476 [Test worker] DEBUG o.s.c.e.PropertySourcesPropertyResolver - Searching for key 'USERDOMAIN' in [systemProperties]
21:57:11.476 [Test worker] DEBUG o.s.c.e.PropertySourcesPropertyResolver - Searching for key 'USERDOMAIN' in [systemEnvironment]
21:57:11.476 [Test worker] DEBUG o.s.c.e.PropertySourcesPropertyResolver - Found key 'USERDOMAIN' in [systemEnvironment] with type [String] and value 'Brusca_pc'
21:57:11.477 [Test worker] DEBUG o.s.c.e.PropertySourcesPropertyResolver - Searching for key 'LOGONSERVER' in [systemProperties]
21:57:11.477 [Test worker] DEBUG o.s.c.e.PropertySourcesPropertyResolver - Searching for key 'LOGONSERVER' in [systemEnvironment]
21:57:11.477 [Test worker] DEBUG o.s.c.e.PropertySourcesPropertyResolver - Found key 'LOGONSERVER' in [systemEnvironment] with type [String] and value '\\BRUSCA_PC'
21:57:11.477 [Test worker] DEBUG o.s.c.e.PropertySourcesPropertyResolver - Searching for key 'JAVA_HOME' in [systemProperties]
21:57:11.477 [Test worker] DEBUG o.s.c.e.PropertySourcesPropertyResolver - Searching for key 'JAVA_HOME' in [systemEnvironment]
21:57:11.477 [Test worker] DEBUG o.s.c.e.PropertySourcesPropertyResolver - Found key 'JAVA_HOME' in [systemEnvironment] with type [String] and value 'C:\Progra~2\Java\jdk1.8.0_45'
21:57:11.477 [Test worker] DEBUG o.s.c.e.PropertySourcesPropertyResolver - Searching for key 'PLINK_PROTOCOL' in [systemProperties]
21:57:11.477 [Test worker] DEBUG o.s.c.e.PropertySourcesPropertyResolver - Searching for key 'PLINK_PROTOCOL' in [systemEnvironment]
21:57:11.477 [Test worker] DEBUG o.s.c.e.PropertySourcesPropertyResolver - Found key 'PLINK_PROTOCOL' in [systemEnvironment] with type [String] and value 'ssh'
21:57:11.477 [Test worker] DEBUG o.s.c.e.PropertySourcesPropertyResolver - Searching for key 'TERM' in [systemProperties]
21:57:11.477 [Test worker] DEBUG o.s.c.e.PropertySourcesPropertyResolver - Searching for key 'TERM' in [systemEnvironment]
21:57:11.477 [Test worker] DEBUG o.s.c.e.PropertySourcesPropertyResolver - Found key 'TERM' in [systemEnvironment] with type [String] and value 'xterm'
21:57:11.477 [Test worker] DEBUG o.s.c.e.PropertySourcesPropertyResolver - Searching for key 'LANG' in [systemProperties]
21:57:11.477 [Test worker] DEBUG o.s.c.e.PropertySourcesPropertyResolver - Searching for key 'LANG' in [systemEnvironment]
21:57:11.477 [Test worker] DEBUG o.s.c.e.PropertySourcesPropertyResolver - Found key 'LANG' in [systemEnvironment] with type [String] and value 'pt_BR.UTF-8'
21:57:11.477 [Test worker] DEBUG o.s.c.e.PropertySourcesPropertyResolver - Searching for key 'DISPLAY' in [systemProperties]
21:57:11.477 [Test worker] DEBUG o.s.c.e.PropertySourcesPropertyResolver - Searching for key 'DISPLAY' in [systemEnvironment]
21:57:11.477 [Test worker] DEBUG o.s.c.e.PropertySourcesPropertyResolver - Found key 'DISPLAY' in [systemEnvironment] with type [String] and value 'needs-to-be-defined'
21:57:11.477 [Test worker] DEBUG o.s.c.e.PropertySourcesPropertyResolver - Searching for key 'MSYSTEM' in [systemProperties]
21:57:11.478 [Test worker] DEBUG o.s.c.e.PropertySourcesPropertyResolver - Searching for key 'MSYSTEM' in [systemEnvironment]
21:57:11.478 [Test worker] DEBUG o.s.c.e.PropertySourcesPropertyResolver - Found key 'MSYSTEM' in [systemEnvironment] with type [String] and value 'MINGW64'
21:57:11.478 [Test worker] DEBUG o.s.c.e.PropertySourcesPropertyResolver - Searching for key 'APPDATA' in [systemProperties]
21:57:11.478 [Test worker] DEBUG o.s.c.e.PropertySourcesPropertyResolver - Searching for key 'APPDATA' in [systemEnvironment]
21:57:11.478 [Test worker] DEBUG o.s.c.e.PropertySourcesPropertyResolver - Found key 'APPDATA' in [systemEnvironment] with type [String] and value 'C:\Users\Brusca\AppData\Roaming'
21:57:11.478 [Test worker] DEBUG o.s.c.e.PropertySourcesPropertyResolver - Searching for key 'SYSTEMROOT' in [systemProperties]
21:57:11.478 [Test worker] DEBUG o.s.c.e.PropertySourcesPropertyResolver - Searching for key 'SYSTEMROOT' in [systemEnvironment]
21:57:11.478 [Test worker] DEBUG o.s.c.e.PropertySourcesPropertyResolver - Found key 'SYSTEMROOT' in [systemEnvironment] with type [String] and value 'C:\Windows'
21:57:11.478 [Test worker] DEBUG o.s.c.e.PropertySourcesPropertyResolver - Searching for key 'OS' in [systemProperties]
21:57:11.478 [Test worker] DEBUG o.s.c.e.PropertySourcesPropertyResolver - Searching for key 'OS' in [systemEnvironment]
21:57:11.478 [Test worker] DEBUG o.s.c.e.PropertySourcesPropertyResolver - Found key 'OS' in [systemEnvironment] with type [String] and value 'Windows_NT'
21:57:11.478 [Test worker] DEBUG o.s.c.e.PropertySourcesPropertyResolver - Searching for key 'COMPUTERNAME' in [systemProperties]
21:57:11.478 [Test worker] DEBUG o.s.c.e.PropertySourcesPropertyResolver - Searching for key 'COMPUTERNAME' in [systemEnvironment]
21:57:11.478 [Test worker] DEBUG o.s.c.e.PropertySourcesPropertyResolver - Found key 'COMPUTERNAME' in [systemEnvironment] with type [String] and value 'BRUSCA_PC'
21:57:11.478 [Test worker] DEBUG o.s.c.e.PropertySourcesPropertyResolver - Searching for key 'COMMONPROGRAMFILES' in [systemProperties]
21:57:11.478 [Test worker] DEBUG o.s.c.e.PropertySourcesPropertyResolver - Searching for key 'COMMONPROGRAMFILES' in [systemEnvironment]
21:57:11.478 [Test worker] DEBUG o.s.c.e.PropertySourcesPropertyResolver - Found key 'COMMONPROGRAMFILES' in [systemEnvironment] with type [String] and value 'C:\Program Files\Common Files'
21:57:11.478 [Test worker] DEBUG o.s.c.e.PropertySourcesPropertyResolver - Searching for key 'COMSPEC' in [systemProperties]
21:57:11.479 [Test worker] DEBUG o.s.c.e.PropertySourcesPropertyResolver - Searching for key 'COMSPEC' in [systemEnvironment]
21:57:11.479 [Test worker] DEBUG o.s.c.e.PropertySourcesPropertyResolver - Found key 'COMSPEC' in [systemEnvironment] with type [String] and value 'C:\Windows\system32\cmd.exe'
21:57:11.479 [Test worker] DEBUG o.s.c.e.PropertySourcesPropertyResolver - Searching for key 'PROCESSOR_REVISION' in [systemProperties]
21:57:11.479 [Test worker] DEBUG o.s.c.e.PropertySourcesPropertyResolver - Searching for key 'PROCESSOR_REVISION' in [systemEnvironment]
21:57:11.479 [Test worker] DEBUG o.s.c.e.PropertySourcesPropertyResolver - Found key 'PROCESSOR_REVISION' in [systemEnvironment] with type [String] and value '0403'
21:57:11.479 [Test worker] DEBUG o.s.c.e.PropertySourcesPropertyResolver - Searching for key 'CommonProgramW6432' in [systemProperties]
21:57:11.479 [Test worker] DEBUG o.s.c.e.PropertySourcesPropertyResolver - Searching for key 'CommonProgramW6432' in [systemEnvironment]
21:57:11.479 [Test worker] DEBUG o.s.c.e.PropertySourcesPropertyResolver - Found key 'CommonProgramW6432' in [systemEnvironment] with type [String] and value 'C:\Program Files\Common Files'
21:57:11.479 [Test worker] DEBUG o.s.c.e.PropertySourcesPropertyResolver - Searching for key 'ACLOCAL_PATH' in [systemProperties]
21:57:11.479 [Test worker] DEBUG o.s.c.e.PropertySourcesPropertyResolver - Searching for key 'ACLOCAL_PATH' in [systemEnvironment]
21:57:11.479 [Test worker] DEBUG o.s.c.e.PropertySourcesPropertyResolver - Found key 'ACLOCAL_PATH' in [systemEnvironment] with type [String] and value 'C:\Program Files\Git\mingw64\share\aclocal;C:\Program Files\Git\usr\share\aclocal'
21:57:11.479 [Test worker] DEBUG o.s.c.e.PropertySourcesPropertyResolver - Searching for key 'PRINTER' in [systemProperties]
21:57:11.479 [Test worker] DEBUG o.s.c.e.PropertySourcesPropertyResolver - Searching for key 'PRINTER' in [systemEnvironment]
21:57:11.479 [Test worker] DEBUG o.s.c.e.PropertySourcesPropertyResolver - Found key 'PRINTER' in [systemEnvironment] with type [String] and value 'Foxit Reader PDF Printer'
21:57:11.479 [Test worker] DEBUG o.s.c.e.PropertySourcesPropertyResolver - Searching for key 'TEMP' in [systemProperties]
21:57:11.479 [Test worker] DEBUG o.s.c.e.PropertySourcesPropertyResolver - Searching for key 'TEMP' in [systemEnvironment]
21:57:11.479 [Test worker] DEBUG o.s.c.e.PropertySourcesPropertyResolver - Found key 'TEMP' in [systemEnvironment] with type [String] and value 'C:\Users\Brusca\AppData\Local\Temp'
21:57:11.479 [Test worker] DEBUG o.s.c.e.PropertySourcesPropertyResolver - Searching for key 'HOSTNAME' in [systemProperties]
21:57:11.480 [Test worker] DEBUG o.s.c.e.PropertySourcesPropertyResolver - Searching for key 'HOSTNAME' in [systemEnvironment]
21:57:11.480 [Test worker] DEBUG o.s.c.e.PropertySourcesPropertyResolver - Found key 'HOSTNAME' in [systemEnvironment] with type [String] and value 'Brusca_pc'
21:57:11.480 [Test worker] DEBUG o.s.c.e.PropertySourcesPropertyResolver - Searching for key 'HOMEDRIVE' in [systemProperties]
21:57:11.480 [Test worker] DEBUG o.s.c.e.PropertySourcesPropertyResolver - Searching for key 'HOMEDRIVE' in [systemEnvironment]
21:57:11.480 [Test worker] DEBUG o.s.c.e.PropertySourcesPropertyResolver - Found key 'HOMEDRIVE' in [systemEnvironment] with type [String] and value 'C:'
21:57:11.480 [Test worker] DEBUG o.s.c.e.PropertySourcesPropertyResolver - Searching for key 'USERPROFILE' in [systemProperties]
21:57:11.480 [Test worker] DEBUG o.s.c.e.PropertySourcesPropertyResolver - Searching for key 'USERPROFILE' in [systemEnvironment]
21:57:11.480 [Test worker] DEBUG o.s.c.e.PropertySourcesPropertyResolver - Found key 'USERPROFILE' in [systemEnvironment] with type [String] and value 'C:\Users\Brusca'
21:57:11.491 [Test worker] DEBUG o.s.c.e.PropertySourcesPropertyResolver - Searching for key 'TMP' in [systemProperties]
21:57:11.491 [Test worker] DEBUG o.s.c.e.PropertySourcesPropertyResolver - Searching for key 'TMP' in [systemEnvironment]
21:57:11.491 [Test worker] DEBUG o.s.c.e.PropertySourcesPropertyResolver - Found key 'TMP' in [systemEnvironment] with type [String] and value 'C:\Users\Brusca\AppData\Local\Temp'
21:57:11.491 [Test worker] DEBUG o.s.c.e.PropertySourcesPropertyResolver - Searching for key 'CommonProgramFiles(x86)' in [systemProperties]
21:57:11.491 [Test worker] DEBUG o.s.c.e.PropertySourcesPropertyResolver - Searching for key 'CommonProgramFiles(x86)' in [systemEnvironment]
21:57:11.491 [Test worker] DEBUG o.s.c.e.PropertySourcesPropertyResolver - Found key 'CommonProgramFiles(x86)' in [systemEnvironment] with type [String] and value 'C:\Program Files (x86)\Common Files'
21:57:11.491 [Test worker] DEBUG o.s.c.e.PropertySourcesPropertyResolver - Searching for key 'NUMBER_OF_PROCESSORS' in [systemProperties]
21:57:11.491 [Test worker] DEBUG o.s.c.e.PropertySourcesPropertyResolver - Searching for key 'NUMBER_OF_PROCESSORS' in [systemEnvironment]
21:57:11.491 [Test worker] DEBUG o.s.c.e.PropertySourcesPropertyResolver - Found key 'NUMBER_OF_PROCESSORS' in [systemEnvironment] with type [String] and value '4'
21:57:11.491 [Test worker] DEBUG o.s.c.e.PropertySourcesPropertyResolver - Searching for key 'HOME' in [systemProperties]
21:57:11.491 [Test worker] DEBUG o.s.c.e.PropertySourcesPropertyResolver - Searching for key 'HOME' in [systemEnvironment]
21:57:11.491 [Test worker] DEBUG o.s.c.e.PropertySourcesPropertyResolver - Found key 'HOME' in [systemEnvironment] with type [String] and value 'C:\Users\Brusca'
21:57:11.492 [Test worker] DEBUG o.s.c.e.PropertySourcesPropertyResolver - Searching for key 'spring.jmx.enabled' in [systemProperties]
21:57:11.492 [Test worker] DEBUG o.s.c.e.PropertySourcesPropertyResolver - Searching for key 'spring.jmx.enabled' in [systemEnvironment]
21:57:11.492 [Test worker] DEBUG o.s.c.e.PropertySourcesPropertyResolver - Searching for key 'spring.jmx.enabled' in [random]
21:57:11.492 [Test worker] DEBUG o.s.c.e.PropertySourcesPropertyResolver - Searching for key 'spring.jmx.enabled' in [integrationTest]
21:57:11.492 [Test worker] DEBUG o.s.c.e.PropertySourcesPropertyResolver - Found key 'spring.jmx.enabled' in [integrationTest] with type [String] and value 'false'
21:57:11.492 [Test worker] DEBUG o.s.c.e.PropertySourcesPropertyResolver - Searching for key 'server.port' in [systemProperties]
21:57:11.492 [Test worker] DEBUG o.s.c.e.PropertySourcesPropertyResolver - Searching for key 'server.port' in [systemEnvironment]
21:57:11.492 [Test worker] DEBUG o.s.c.e.PropertySourcesPropertyResolver - Searching for key 'server.port' in [random]
21:57:11.492 [Test worker] DEBUG o.s.c.e.PropertySourcesPropertyResolver - Searching for key 'server.port' in [integrationTest]
21:57:11.492 [Test worker] DEBUG o.s.c.e.PropertySourcesPropertyResolver - Found key 'server.port' in [integrationTest] with type [String] and value '-1'
21:57:11.492 [Test worker] DEBUG o.s.c.e.PropertySourcesPropertyResolver - Searching for key 'spring.datasource.username' in [systemProperties]
21:57:11.497 [Test worker] DEBUG o.s.c.e.PropertySourcesPropertyResolver - Searching for key 'spring.datasource.username' in [systemEnvironment]
21:57:11.497 [Test worker] DEBUG o.s.c.e.PropertySourcesPropertyResolver - Searching for key 'spring.datasource.username' in [random]
21:57:11.497 [Test worker] DEBUG o.s.c.e.PropertySourcesPropertyResolver - Searching for key 'spring.datasource.username' in [integrationTest]
21:57:11.497 [Test worker] DEBUG o.s.c.e.PropertySourcesPropertyResolver - Searching for key 'spring.datasource.username' in [applicationConfigurationProperties]
21:57:11.497 [Test worker] DEBUG o.s.c.e.PropertySourcesPropertyResolver - Found key 'spring.datasource.username' in [applicationConfigurationProperties] with type [String] and value 'sa'
21:57:11.497 [Test worker] DEBUG o.s.c.e.PropertySourcesPropertyResolver - Searching for key 'spring.datasource.driverClassName' in [systemProperties]
21:57:11.497 [Test worker] DEBUG o.s.c.e.PropertySourcesPropertyResolver - Searching for key 'spring.datasource.driverClassName' in [systemEnvironment]
21:57:11.497 [Test worker] DEBUG o.s.c.e.PropertySourcesPropertyResolver - Searching for key 'spring.datasource.driverClassName' in [random]
21:57:11.497 [Test worker] DEBUG o.s.c.e.PropertySourcesPropertyResolver - Searching for key 'spring.datasource.driverClassName' in [integrationTest]
21:57:11.497 [Test worker] DEBUG o.s.c.e.PropertySourcesPropertyResolver - Searching for key 'spring.datasource.driverClassName' in [applicationConfigurationProperties]
21:57:11.497 [Test worker] DEBUG o.s.c.e.PropertySourcesPropertyResolver - Found key 'spring.datasource.driverClassName' in [applicationConfigurationProperties] with type [String] and value 'org.h2.Driver'
21:57:11.497 [Test worker] DEBUG o.s.c.e.PropertySourcesPropertyResolver - Searching for key 'server.port' in [systemProperties]
21:57:11.497 [Test worker] DEBUG o.s.c.e.PropertySourcesPropertyResolver - Searching for key 'server.port' in [systemEnvironment]
21:57:11.497 [Test worker] DEBUG o.s.c.e.PropertySourcesPropertyResolver - Searching for key 'server.port' in [random]
21:57:11.497 [Test worker] DEBUG o.s.c.e.PropertySourcesPropertyResolver - Searching for key 'server.port' in [integrationTest]
21:57:11.498 [Test worker] DEBUG o.s.c.e.PropertySourcesPropertyResolver - Found key 'server.port' in [integrationTest] with type [String] and value '-1'
21:57:11.498 [Test worker] DEBUG o.s.c.e.PropertySourcesPropertyResolver - Searching for key 'spring.datasource.password' in [systemProperties]
21:57:11.498 [Test worker] DEBUG o.s.c.e.PropertySourcesPropertyResolver - Searching for key 'spring.datasource.password' in [systemEnvironment]
21:57:11.498 [Test worker] DEBUG o.s.c.e.PropertySourcesPropertyResolver - Searching for key 'spring.datasource.password' in [random]
21:57:11.498 [Test worker] DEBUG o.s.c.e.PropertySourcesPropertyResolver - Searching for key 'spring.datasource.password' in [integrationTest]
21:57:11.498 [Test worker] DEBUG o.s.c.e.PropertySourcesPropertyResolver - Searching for key 'spring.datasource.password' in [applicationConfigurationProperties]
21:57:11.498 [Test worker] DEBUG o.s.c.e.PropertySourcesPropertyResolver - Found key 'spring.datasource.password' in [applicationConfigurationProperties] with type [String] and value ''
21:57:11.508 [Test worker] DEBUG o.s.c.e.PropertySourcesPropertyResolver - Searching for key 'spring.h2.console.enabled' in [systemProperties]
21:57:11.508 [Test worker] DEBUG o.s.c.e.PropertySourcesPropertyResolver - Searching for key 'spring.h2.console.enabled' in [systemEnvironment]
21:57:11.508 [Test worker] DEBUG o.s.c.e.PropertySourcesPropertyResolver - Searching for key 'spring.h2.console.enabled' in [random]
21:57:11.508 [Test worker] DEBUG o.s.c.e.PropertySourcesPropertyResolver - Searching for key 'spring.h2.console.enabled' in [integrationTest]
21:57:11.515 [Test worker] DEBUG o.s.c.e.PropertySourcesPropertyResolver - Searching for key 'spring.h2.console.enabled' in [applicationConfigurationProperties]
21:57:11.515 [Test worker] DEBUG o.s.c.e.PropertySourcesPropertyResolver - Found key 'spring.h2.console.enabled' in [applicationConfigurationProperties] with type [String] and value 'true'
21:57:11.515 [Test worker] DEBUG o.s.c.e.PropertySourcesPropertyResolver - Searching for key 'management.port' in [systemProperties]
21:57:11.515 [Test worker] DEBUG o.s.c.e.PropertySourcesPropertyResolver - Searching for key 'management.port' in [systemEnvironment]
21:57:11.515 [Test worker] DEBUG o.s.c.e.PropertySourcesPropertyResolver - Searching for key 'management.port' in [random]
21:57:11.516 [Test worker] DEBUG o.s.c.e.PropertySourcesPropertyResolver - Searching for key 'management.port' in [integrationTest]
21:57:11.516 [Test worker] DEBUG o.s.c.e.PropertySourcesPropertyResolver - Searching for key 'management.port' in [applicationConfigurationProperties]
21:57:11.516 [Test worker] DEBUG o.s.c.e.PropertySourcesPropertyResolver - Found key 'management.port' in [applicationConfigurationProperties] with type [String] and value '9001'
21:57:11.516 [Test worker] DEBUG o.s.c.e.PropertySourcesPropertyResolver - Searching for key 'spring.datasource.url' in [systemProperties]
21:57:11.516 [Test worker] DEBUG o.s.c.e.PropertySourcesPropertyResolver - Searching for key 'spring.datasource.url' in [systemEnvironment]
21:57:11.516 [Test worker] DEBUG o.s.c.e.PropertySourcesPropertyResolver - Searching for key 'spring.datasource.url' in [random]
21:57:11.516 [Test worker] DEBUG o.s.c.e.PropertySourcesPropertyResolver - Searching for key 'spring.datasource.url' in [integrationTest]
21:57:11.516 [Test worker] DEBUG o.s.c.e.PropertySourcesPropertyResolver - Searching for key 'spring.datasource.url' in [applicationConfigurationProperties]
21:57:11.516 [Test worker] DEBUG o.s.c.e.PropertySourcesPropertyResolver - Found key 'spring.datasource.url' in [applicationConfigurationProperties] with type [String] and value 'jdbc:h2:file:./Trabalho_desenv_tech_java'
21:57:11.572 [background-preinit] DEBUG org.jboss.logging - Logging Provider: org.jboss.logging.Slf4jLoggerProvider found via system property
21:57:11.577 [background-preinit] INFO  o.h.validator.internal.util.Version - HV000001: Hibernate Validator 5.2.4.Final
21:57:11.603 [Test worker] DEBUG o.s.c.t.c.AnnotationAttributesReadingVisitor - Failed to class-load type while reading annotation metadata. This is a non-fatal error, but certain annotation metadata may be unavailable.
java.lang.ClassNotFoundException: org.springframework.data.web.config.EnableSpringDataWebSupport
	at java.net.URLClassLoader.findClass(URLClassLoader.java:381)
	at java.lang.ClassLoader.loadClass(ClassLoader.java:424)
	at sun.misc.Launcher$AppClassLoader.loadClass(Launcher.java:331)
	at java.lang.ClassLoader.loadClass(ClassLoader.java:357)
	at org.springframework.core.type.classreading.RecursiveAnnotationAttributesVisitor.visitEnd(RecursiveAnnotationAttributesVisitor.java:47)
	at org.springframework.asm.ClassReader.readAnnotationValues(ClassReader.java:1802)
	at org.springframework.asm.ClassReader.accept(ClassReader.java:642)
	at org.springframework.asm.ClassReader.accept(ClassReader.java:508)
	at org.springframework.core.type.classreading.SimpleMetadataReader.<init>(SimpleMetadataReader.java:64)
	at org.springframework.core.type.classreading.SimpleMetadataReaderFactory.getMetadataReader(SimpleMetadataReaderFactory.java:98)
	at org.springframework.core.type.classreading.CachingMetadataReaderFactory.getMetadataReader(CachingMetadataReaderFactory.java:102)
	at org.springframework.core.type.classreading.SimpleMetadataReaderFactory.getMetadataReader(SimpleMetadataReaderFactory.java:93)
	at org.springframework.boot.autoconfigure.AutoConfigurationSorter$AutoConfigurationClasses.<init>(AutoConfigurationSorter.java:112)
	at org.springframework.boot.autoconfigure.AutoConfigurationSorter.getInPriorityOrder(AutoConfigurationSorter.java:56)
	at org.springframework.boot.autoconfigure.EnableAutoConfigurationImportSelector.sort(EnableAutoConfigurationImportSelector.java:173)
	at org.springframework.boot.autoconfigure.EnableAutoConfigurationImportSelector.selectImports(EnableAutoConfigurationImportSelector.java:82)
	at org.springframework.context.annotation.ConfigurationClassParser.processDeferredImportSelectors(ConfigurationClassParser.java:454)
	at org.springframework.context.annotation.ConfigurationClassParser.parse(ConfigurationClassParser.java:186)
	at org.springframework.context.annotation.ConfigurationClassPostProcessor.processConfigBeanDefinitions(ConfigurationClassPostProcessor.java:321)
	at org.springframework.context.annotation.ConfigurationClassPostProcessor.postProcessBeanDefinitionRegistry(ConfigurationClassPostProcessor.java:243)
	at org.springframework.context.support.PostProcessorRegistrationDelegate.invokeBeanDefinitionRegistryPostProcessors(PostProcessorRegistrationDelegate.java:273)
	at org.springframework.context.support.PostProcessorRegistrationDelegate.invokeBeanFactoryPostProcessors(PostProcessorRegistrationDelegate.java:98)
	at org.springframework.context.support.AbstractApplicationContext.invokeBeanFactoryPostProcessors(AbstractApplicationContext.java:678)
	at org.springframework.context.support.AbstractApplicationContext.refresh(AbstractApplicationContext.java:520)
	at org.springframework.boot.SpringApplication.refresh(SpringApplication.java:766)
	at org.springframework.boot.SpringApplication.createAndRefreshContext(SpringApplication.java:361)
	at org.springframework.boot.SpringApplication.run(SpringApplication.java:307)
	at org.springframework.boot.test.SpringApplicationContextLoader.loadContext(SpringApplicationContextLoader.java:98)
	at org.springframework.test.context.cache.DefaultCacheAwareContextLoaderDelegate.loadContextInternal(DefaultCacheAwareContextLoaderDelegate.java:98)
	at org.springframework.test.context.cache.DefaultCacheAwareContextLoaderDelegate.loadContext(DefaultCacheAwareContextLoaderDelegate.java:116)
	at org.springframework.test.context.support.DefaultTestContext.getApplicationContext(DefaultTestContext.java:83)
	at org.springframework.test.context.web.ServletTestExecutionListener.setUpRequestContextIfNecessary(ServletTestExecutionListener.java:183)
	at org.springframework.test.context.web.ServletTestExecutionListener.prepareTestInstance(ServletTestExecutionListener.java:123)
	at org.springframework.test.context.TestContextManager.prepareTestInstance(TestContextManager.java:228)
	at org.springframework.test.context.junit4.SpringJUnit4ClassRunner.createTest(SpringJUnit4ClassRunner.java:230)
	at org.springframework.test.context.junit4.SpringJUnit4ClassRunner$1.runReflectiveCall(SpringJUnit4ClassRunner.java:289)
	at org.junit.internal.runners.model.ReflectiveCallable.run(ReflectiveCallable.java:12)
	at org.springframework.test.context.junit4.SpringJUnit4ClassRunner.methodBlock(SpringJUnit4ClassRunner.java:291)
	at org.springframework.test.context.junit4.SpringJUnit4ClassRunner.runChild(SpringJUnit4ClassRunner.java:249)
	at org.springframework.test.context.junit4.SpringJUnit4ClassRunner.runChild(SpringJUnit4ClassRunner.java:89)
	at org.junit.runners.ParentRunner$3.run(ParentRunner.java:290)
	at org.junit.runners.ParentRunner$1.schedule(ParentRunner.java:71)
	at org.junit.runners.ParentRunner.runChildren(ParentRunner.java:288)
	at org.junit.runners.ParentRunner.access$000(ParentRunner.java:58)
	at org.junit.runners.ParentRunner$2.evaluate(ParentRunner.java:268)
	at org.springframework.test.context.junit4.statements.RunBeforeTestClassCallbacks.evaluate(RunBeforeTestClassCallbacks.java:61)
	at org.springframework.test.context.junit4.statements.RunAfterTestClassCallbacks.evaluate(RunAfterTestClassCallbacks.java:70)
	at org.junit.runners.ParentRunner.run(ParentRunner.java:363)
	at org.springframework.test.context.junit4.SpringJUnit4ClassRunner.run(SpringJUnit4ClassRunner.java:193)
	at org.gradle.api.internal.tasks.testing.junit.JUnitTestClassExecuter.runTestClass(JUnitTestClassExecuter.java:112)
	at org.gradle.api.internal.tasks.testing.junit.JUnitTestClassExecuter.execute(JUnitTestClassExecuter.java:56)
	at org.gradle.api.internal.tasks.testing.junit.JUnitTestClassProcessor.processTestClass(JUnitTestClassProcessor.java:66)
	at org.gradle.api.internal.tasks.testing.SuiteTestClassProcessor.processTestClass(SuiteTestClassProcessor.java:51)
	at sun.reflect.NativeMethodAccessorImpl.invoke0(Native Method)
	at sun.reflect.NativeMethodAccessorImpl.invoke(NativeMethodAccessorImpl.java:62)
	at sun.reflect.DelegatingMethodAccessorImpl.invoke(DelegatingMethodAccessorImpl.java:43)
	at java.lang.reflect.Method.invoke(Method.java:497)
	at org.gradle.messaging.dispatch.ReflectionDispatch.dispatch(ReflectionDispatch.java:35)
	at org.gradle.messaging.dispatch.ReflectionDispatch.dispatch(ReflectionDispatch.java:24)
	at org.gradle.messaging.dispatch.ContextClassLoaderDispatch.dispatch(ContextClassLoaderDispatch.java:32)
	at org.gradle.messaging.dispatch.ProxyDispatchAdapter$DispatchingInvocationHandler.invoke(ProxyDispatchAdapter.java:93)
	at com.sun.proxy.$Proxy2.processTestClass(Unknown Source)
	at org.gradle.api.internal.tasks.testing.worker.TestWorker.processTestClass(TestWorker.java:109)
	at sun.reflect.NativeMethodAccessorImpl.invoke0(Native Method)
	at sun.reflect.NativeMethodAccessorImpl.invoke(NativeMethodAccessorImpl.java:62)
	at sun.reflect.DelegatingMethodAccessorImpl.invoke(DelegatingMethodAccessorImpl.java:43)
	at java.lang.reflect.Method.invoke(Method.java:497)
	at org.gradle.messaging.dispatch.ReflectionDispatch.dispatch(ReflectionDispatch.java:35)
	at org.gradle.messaging.dispatch.ReflectionDispatch.dispatch(ReflectionDispatch.java:24)
	at org.gradle.messaging.remote.internal.hub.MessageHub$Handler.run(MessageHub.java:360)
	at org.gradle.internal.concurrent.ExecutorPolicy$CatchAndRecordFailures.onExecute(ExecutorPolicy.java:54)
	at org.gradle.internal.concurrent.StoppableExecutorImpl$1.run(StoppableExecutorImpl.java:40)
	at java.util.concurrent.ThreadPoolExecutor.runWorker(ThreadPoolExecutor.java:1142)
	at java.util.concurrent.ThreadPoolExecutor$Worker.run(ThreadPoolExecutor.java:617)
	at java.lang.Thread.run(Thread.java:745)
21:57:11.646 [background-preinit] DEBUG o.h.v.i.e.r.DefaultTraversableResolver - Cannot find javax.persistence.Persistence on classpath. Assuming non JPA 2 environment. All properties will per default be traversable.
21:57:11.663 [Test worker] DEBUG o.s.c.t.c.AnnotationAttributesReadingVisitor - Failed to class-load type while reading annotation metadata. This is a non-fatal error, but certain annotation metadata may be unavailable.
java.lang.ClassNotFoundException: org.springframework.security.config.annotation.web.configuration.EnableWebSecurity
	at java.net.URLClassLoader.findClass(URLClassLoader.java:381)
	at java.lang.ClassLoader.loadClass(ClassLoader.java:424)
	at sun.misc.Launcher$AppClassLoader.loadClass(Launcher.java:331)
	at java.lang.ClassLoader.loadClass(ClassLoader.java:357)
	at org.springframework.core.type.classreading.RecursiveAnnotationAttributesVisitor.visitEnd(RecursiveAnnotationAttributesVisitor.java:47)
	at org.springframework.asm.ClassReader.readAnnotationValues(ClassReader.java:1802)
	at org.springframework.asm.ClassReader.accept(ClassReader.java:642)
	at org.springframework.asm.ClassReader.accept(ClassReader.java:508)
	at org.springframework.core.type.classreading.SimpleMetadataReader.<init>(SimpleMetadataReader.java:64)
	at org.springframework.core.type.classreading.SimpleMetadataReaderFactory.getMetadataReader(SimpleMetadataReaderFactory.java:98)
	at org.springframework.core.type.classreading.CachingMetadataReaderFactory.getMetadataReader(CachingMetadataReaderFactory.java:102)
	at org.springframework.core.type.classreading.SimpleMetadataReaderFactory.getMetadataReader(SimpleMetadataReaderFactory.java:93)
	at org.springframework.boot.autoconfigure.AutoConfigurationSorter$AutoConfigurationClasses.<init>(AutoConfigurationSorter.java:112)
	at org.springframework.boot.autoconfigure.AutoConfigurationSorter.getInPriorityOrder(AutoConfigurationSorter.java:56)
	at org.springframework.boot.autoconfigure.EnableAutoConfigurationImportSelector.sort(EnableAutoConfigurationImportSelector.java:173)
	at org.springframework.boot.autoconfigure.EnableAutoConfigurationImportSelector.selectImports(EnableAutoConfigurationImportSelector.java:82)
	at org.springframework.context.annotation.ConfigurationClassParser.processDeferredImportSelectors(ConfigurationClassParser.java:454)
	at org.springframework.context.annotation.ConfigurationClassParser.parse(ConfigurationClassParser.java:186)
	at org.springframework.context.annotation.ConfigurationClassPostProcessor.processConfigBeanDefinitions(ConfigurationClassPostProcessor.java:321)
	at org.springframework.context.annotation.ConfigurationClassPostProcessor.postProcessBeanDefinitionRegistry(ConfigurationClassPostProcessor.java:243)
	at org.springframework.context.support.PostProcessorRegistrationDelegate.invokeBeanDefinitionRegistryPostProcessors(PostProcessorRegistrationDelegate.java:273)
	at org.springframework.context.support.PostProcessorRegistrationDelegate.invokeBeanFactoryPostProcessors(PostProcessorRegistrationDelegate.java:98)
	at org.springframework.context.support.AbstractApplicationContext.invokeBeanFactoryPostProcessors(AbstractApplicationContext.java:678)
	at org.springframework.context.support.AbstractApplicationContext.refresh(AbstractApplicationContext.java:520)
	at org.springframework.boot.SpringApplication.refresh(SpringApplication.java:766)
	at org.springframework.boot.SpringApplication.createAndRefreshContext(SpringApplication.java:361)
	at org.springframework.boot.SpringApplication.run(SpringApplication.java:307)
	at org.springframework.boot.test.SpringApplicationContextLoader.loadContext(SpringApplicationContextLoader.java:98)
	at org.springframework.test.context.cache.DefaultCacheAwareContextLoaderDelegate.loadContextInternal(DefaultCacheAwareContextLoaderDelegate.java:98)
	at org.springframework.test.context.cache.DefaultCacheAwareContextLoaderDelegate.loadContext(DefaultCacheAwareContextLoaderDelegate.java:116)
	at org.springframework.test.context.support.DefaultTestContext.getApplicationContext(DefaultTestContext.java:83)
	at org.springframework.test.context.web.ServletTestExecutionListener.setUpRequestContextIfNecessary(ServletTestExecutionListener.java:183)
	at org.springframework.test.context.web.ServletTestExecutionListener.prepareTestInstance(ServletTestExecutionListener.java:123)
	at org.springframework.test.context.TestContextManager.prepareTestInstance(TestContextManager.java:228)
	at org.springframework.test.context.junit4.SpringJUnit4ClassRunner.createTest(SpringJUnit4ClassRunner.java:230)
	at org.springframework.test.context.junit4.SpringJUnit4ClassRunner$1.runReflectiveCall(SpringJUnit4ClassRunner.java:289)
	at org.junit.internal.runners.model.ReflectiveCallable.run(ReflectiveCallable.java:12)
	at org.springframework.test.context.junit4.SpringJUnit4ClassRunner.methodBlock(SpringJUnit4ClassRunner.java:291)
	at org.springframework.test.context.junit4.SpringJUnit4ClassRunner.runChild(SpringJUnit4ClassRunner.java:249)
	at org.springframework.test.context.junit4.SpringJUnit4ClassRunner.runChild(SpringJUnit4ClassRunner.java:89)
	at org.junit.runners.ParentRunner$3.run(ParentRunner.java:290)
	at org.junit.runners.ParentRunner$1.schedule(ParentRunner.java:71)
	at org.junit.runners.ParentRunner.runChildren(ParentRunner.java:288)
	at org.junit.runners.ParentRunner.access$000(ParentRunner.java:58)
	at org.junit.runners.ParentRunner$2.evaluate(ParentRunner.java:268)
	at org.springframework.test.context.junit4.statements.RunBeforeTestClassCallbacks.evaluate(RunBeforeTestClassCallbacks.java:61)
	at org.springframework.test.context.junit4.statements.RunAfterTestClassCallbacks.evaluate(RunAfterTestClassCallbacks.java:70)
	at org.junit.runners.ParentRunner.run(ParentRunner.java:363)
	at org.springframework.test.context.junit4.SpringJUnit4ClassRunner.run(SpringJUnit4ClassRunner.java:193)
	at org.gradle.api.internal.tasks.testing.junit.JUnitTestClassExecuter.runTestClass(JUnitTestClassExecuter.java:112)
	at org.gradle.api.internal.tasks.testing.junit.JUnitTestClassExecuter.execute(JUnitTestClassExecuter.java:56)
	at org.gradle.api.internal.tasks.testing.junit.JUnitTestClassProcessor.processTestClass(JUnitTestClassProcessor.java:66)
	at org.gradle.api.internal.tasks.testing.SuiteTestClassProcessor.processTestClass(SuiteTestClassProcessor.java:51)
	at sun.reflect.NativeMethodAccessorImpl.invoke0(Native Method)
	at sun.reflect.NativeMethodAccessorImpl.invoke(NativeMethodAccessorImpl.java:62)
	at sun.reflect.DelegatingMethodAccessorImpl.invoke(DelegatingMethodAccessorImpl.java:43)
	at java.lang.reflect.Method.invoke(Method.java:497)
	at org.gradle.messaging.dispatch.ReflectionDispatch.dispatch(ReflectionDispatch.java:35)
	at org.gradle.messaging.dispatch.ReflectionDispatch.dispatch(ReflectionDispatch.java:24)
	at org.gradle.messaging.dispatch.ContextClassLoaderDispatch.dispatch(ContextClassLoaderDispatch.java:32)
	at org.gradle.messaging.dispatch.ProxyDispatchAdapter$DispatchingInvocationHandler.invoke(ProxyDispatchAdapter.java:93)
	at com.sun.proxy.$Proxy2.processTestClass(Unknown Source)
	at org.gradle.api.internal.tasks.testing.worker.TestWorker.processTestClass(TestWorker.java:109)
	at sun.reflect.NativeMethodAccessorImpl.invoke0(Native Method)
	at sun.reflect.NativeMethodAccessorImpl.invoke(NativeMethodAccessorImpl.java:62)
	at sun.reflect.DelegatingMethodAccessorImpl.invoke(DelegatingMethodAccessorImpl.java:43)
	at java.lang.reflect.Method.invoke(Method.java:497)
	at org.gradle.messaging.dispatch.ReflectionDispatch.dispatch(ReflectionDispatch.java:35)
	at org.gradle.messaging.dispatch.ReflectionDispatch.dispatch(ReflectionDispatch.java:24)
	at org.gradle.messaging.remote.internal.hub.MessageHub$Handler.run(MessageHub.java:360)
	at org.gradle.internal.concurrent.ExecutorPolicy$CatchAndRecordFailures.onExecute(ExecutorPolicy.java:54)
	at org.gradle.internal.concurrent.StoppableExecutorImpl$1.run(StoppableExecutorImpl.java:40)
	at java.util.concurrent.ThreadPoolExecutor.runWorker(ThreadPoolExecutor.java:1142)
	at java.util.concurrent.ThreadPoolExecutor$Worker.run(ThreadPoolExecutor.java:617)
	at java.lang.Thread.run(Thread.java:745)
21:57:11.719 [Test worker] DEBUG o.s.b.f.s.DefaultListableBeanFactory - Returning cached instance of singleton bean 'autoConfigurationReport'
21:57:11.772 [Test worker] DEBUG o.s.c.t.c.AnnotationAttributesReadingVisitor - Failed to class-load type while reading annotation metadata. This is a non-fatal error, but certain annotation metadata may be unavailable.
java.lang.ClassNotFoundException: org.springframework.data.web.config.EnableSpringDataWebSupport
	at java.net.URLClassLoader.findClass(URLClassLoader.java:381)
	at java.lang.ClassLoader.loadClass(ClassLoader.java:424)
	at sun.misc.Launcher$AppClassLoader.loadClass(Launcher.java:331)
	at java.lang.ClassLoader.loadClass(ClassLoader.java:357)
	at org.springframework.core.type.classreading.RecursiveAnnotationAttributesVisitor.visitEnd(RecursiveAnnotationAttributesVisitor.java:47)
	at org.springframework.asm.ClassReader.readAnnotationValues(ClassReader.java:1802)
	at org.springframework.asm.ClassReader.accept(ClassReader.java:642)
	at org.springframework.asm.ClassReader.accept(ClassReader.java:508)
	at org.springframework.core.type.classreading.SimpleMetadataReader.<init>(SimpleMetadataReader.java:64)
	at org.springframework.core.type.classreading.SimpleMetadataReaderFactory.getMetadataReader(SimpleMetadataReaderFactory.java:98)
	at org.springframework.core.type.classreading.CachingMetadataReaderFactory.getMetadataReader(CachingMetadataReaderFactory.java:102)
	at org.springframework.core.type.classreading.SimpleMetadataReaderFactory.getMetadataReader(SimpleMetadataReaderFactory.java:93)
	at org.springframework.context.annotation.ConfigurationClassParser.asSourceClass(ConfigurationClassParser.java:621)
	at org.springframework.context.annotation.ConfigurationClassParser.asSourceClasses(ConfigurationClassParser.java:603)
	at org.springframework.context.annotation.ConfigurationClassParser.processDeferredImportSelectors(ConfigurationClassParser.java:455)
	at org.springframework.context.annotation.ConfigurationClassParser.parse(ConfigurationClassParser.java:186)
	at org.springframework.context.annotation.ConfigurationClassPostProcessor.processConfigBeanDefinitions(ConfigurationClassPostProcessor.java:321)
	at org.springframework.context.annotation.ConfigurationClassPostProcessor.postProcessBeanDefinitionRegistry(ConfigurationClassPostProcessor.java:243)
	at org.springframework.context.support.PostProcessorRegistrationDelegate.invokeBeanDefinitionRegistryPostProcessors(PostProcessorRegistrationDelegate.java:273)
	at org.springframework.context.support.PostProcessorRegistrationDelegate.invokeBeanFactoryPostProcessors(PostProcessorRegistrationDelegate.java:98)
	at org.springframework.context.support.AbstractApplicationContext.invokeBeanFactoryPostProcessors(AbstractApplicationContext.java:678)
	at org.springframework.context.support.AbstractApplicationContext.refresh(AbstractApplicationContext.java:520)
	at org.springframework.boot.SpringApplication.refresh(SpringApplication.java:766)
	at org.springframework.boot.SpringApplication.createAndRefreshContext(SpringApplication.java:361)
	at org.springframework.boot.SpringApplication.run(SpringApplication.java:307)
	at org.springframework.boot.test.SpringApplicationContextLoader.loadContext(SpringApplicationContextLoader.java:98)
	at org.springframework.test.context.cache.DefaultCacheAwareContextLoaderDelegate.loadContextInternal(DefaultCacheAwareContextLoaderDelegate.java:98)
	at org.springframework.test.context.cache.DefaultCacheAwareContextLoaderDelegate.loadContext(DefaultCacheAwareContextLoaderDelegate.java:116)
	at org.springframework.test.context.support.DefaultTestContext.getApplicationContext(DefaultTestContext.java:83)
	at org.springframework.test.context.web.ServletTestExecutionListener.setUpRequestContextIfNecessary(ServletTestExecutionListener.java:183)
	at org.springframework.test.context.web.ServletTestExecutionListener.prepareTestInstance(ServletTestExecutionListener.java:123)
	at org.springframework.test.context.TestContextManager.prepareTestInstance(TestContextManager.java:228)
	at org.springframework.test.context.junit4.SpringJUnit4ClassRunner.createTest(SpringJUnit4ClassRunner.java:230)
	at org.springframework.test.context.junit4.SpringJUnit4ClassRunner$1.runReflectiveCall(SpringJUnit4ClassRunner.java:289)
	at org.junit.internal.runners.model.ReflectiveCallable.run(ReflectiveCallable.java:12)
	at org.springframework.test.context.junit4.SpringJUnit4ClassRunner.methodBlock(SpringJUnit4ClassRunner.java:291)
	at org.springframework.test.context.junit4.SpringJUnit4ClassRunner.runChild(SpringJUnit4ClassRunner.java:249)
	at org.springframework.test.context.junit4.SpringJUnit4ClassRunner.runChild(SpringJUnit4ClassRunner.java:89)
	at org.junit.runners.ParentRunner$3.run(ParentRunner.java:290)
	at org.junit.runners.ParentRunner$1.schedule(ParentRunner.java:71)
	at org.junit.runners.ParentRunner.runChildren(ParentRunner.java:288)
	at org.junit.runners.ParentRunner.access$000(ParentRunner.java:58)
	at org.junit.runners.ParentRunner$2.evaluate(ParentRunner.java:268)
	at org.springframework.test.context.junit4.statements.RunBeforeTestClassCallbacks.evaluate(RunBeforeTestClassCallbacks.java:61)
	at org.springframework.test.context.junit4.statements.RunAfterTestClassCallbacks.evaluate(RunAfterTestClassCallbacks.java:70)
	at org.junit.runners.ParentRunner.run(ParentRunner.java:363)
	at org.springframework.test.context.junit4.SpringJUnit4ClassRunner.run(SpringJUnit4ClassRunner.java:193)
	at org.gradle.api.internal.tasks.testing.junit.JUnitTestClassExecuter.runTestClass(JUnitTestClassExecuter.java:112)
	at org.gradle.api.internal.tasks.testing.junit.JUnitTestClassExecuter.execute(JUnitTestClassExecuter.java:56)
	at org.gradle.api.internal.tasks.testing.junit.JUnitTestClassProcessor.processTestClass(JUnitTestClassProcessor.java:66)
	at org.gradle.api.internal.tasks.testing.SuiteTestClassProcessor.processTestClass(SuiteTestClassProcessor.java:51)
	at sun.reflect.NativeMethodAccessorImpl.invoke0(Native Method)
	at sun.reflect.NativeMethodAccessorImpl.invoke(NativeMethodAccessorImpl.java:62)
	at sun.reflect.DelegatingMethodAccessorImpl.invoke(DelegatingMethodAccessorImpl.java:43)
	at java.lang.reflect.Method.invoke(Method.java:497)
	at org.gradle.messaging.dispatch.ReflectionDispatch.dispatch(ReflectionDispatch.java:35)
	at org.gradle.messaging.dispatch.ReflectionDispatch.dispatch(ReflectionDispatch.java:24)
	at org.gradle.messaging.dispatch.ContextClassLoaderDispatch.dispatch(ContextClassLoaderDispatch.java:32)
	at org.gradle.messaging.dispatch.ProxyDispatchAdapter$DispatchingInvocationHandler.invoke(ProxyDispatchAdapter.java:93)
	at com.sun.proxy.$Proxy2.processTestClass(Unknown Source)
	at org.gradle.api.internal.tasks.testing.worker.TestWorker.processTestClass(TestWorker.java:109)
	at sun.reflect.NativeMethodAccessorImpl.invoke0(Native Method)
	at sun.reflect.NativeMethodAccessorImpl.invoke(NativeMethodAccessorImpl.java:62)
	at sun.reflect.DelegatingMethodAccessorImpl.invoke(DelegatingMethodAccessorImpl.java:43)
	at java.lang.reflect.Method.invoke(Method.java:497)
	at org.gradle.messaging.dispatch.ReflectionDispatch.dispatch(ReflectionDispatch.java:35)
	at org.gradle.messaging.dispatch.ReflectionDispatch.dispatch(ReflectionDispatch.java:24)
	at org.gradle.messaging.remote.internal.hub.MessageHub$Handler.run(MessageHub.java:360)
	at org.gradle.internal.concurrent.ExecutorPolicy$CatchAndRecordFailures.onExecute(ExecutorPolicy.java:54)
	at org.gradle.internal.concurrent.StoppableExecutorImpl$1.run(StoppableExecutorImpl.java:40)
	at java.util.concurrent.ThreadPoolExecutor.runWorker(ThreadPoolExecutor.java:1142)
	at java.util.concurrent.ThreadPoolExecutor$Worker.run(ThreadPoolExecutor.java:617)
	at java.lang.Thread.run(Thread.java:745)
21:57:11.792 [Test worker] DEBUG o.s.c.t.c.AnnotationAttributesReadingVisitor - Failed to class-load type while reading annotation metadata. This is a non-fatal error, but certain annotation metadata may be unavailable.
java.lang.ClassNotFoundException: org.springframework.security.config.annotation.web.configuration.EnableWebSecurity
	at java.net.URLClassLoader.findClass(URLClassLoader.java:381)
	at java.lang.ClassLoader.loadClass(ClassLoader.java:424)
	at sun.misc.Launcher$AppClassLoader.loadClass(Launcher.java:331)
	at java.lang.ClassLoader.loadClass(ClassLoader.java:357)
	at org.springframework.core.type.classreading.RecursiveAnnotationAttributesVisitor.visitEnd(RecursiveAnnotationAttributesVisitor.java:47)
	at org.springframework.asm.ClassReader.readAnnotationValues(ClassReader.java:1802)
	at org.springframework.asm.ClassReader.accept(ClassReader.java:642)
	at org.springframework.asm.ClassReader.accept(ClassReader.java:508)
	at org.springframework.core.type.classreading.SimpleMetadataReader.<init>(SimpleMetadataReader.java:64)
	at org.springframework.core.type.classreading.SimpleMetadataReaderFactory.getMetadataReader(SimpleMetadataReaderFactory.java:98)
	at org.springframework.core.type.classreading.CachingMetadataReaderFactory.getMetadataReader(CachingMetadataReaderFactory.java:102)
	at org.springframework.core.type.classreading.SimpleMetadataReaderFactory.getMetadataReader(SimpleMetadataReaderFactory.java:93)
	at org.springframework.context.annotation.ConfigurationClassParser.asSourceClass(ConfigurationClassParser.java:621)
	at org.springframework.context.annotation.ConfigurationClassParser.asSourceClasses(ConfigurationClassParser.java:603)
	at org.springframework.context.annotation.ConfigurationClassParser.processDeferredImportSelectors(ConfigurationClassParser.java:455)
	at org.springframework.context.annotation.ConfigurationClassParser.parse(ConfigurationClassParser.java:186)
	at org.springframework.context.annotation.ConfigurationClassPostProcessor.processConfigBeanDefinitions(ConfigurationClassPostProcessor.java:321)
	at org.springframework.context.annotation.ConfigurationClassPostProcessor.postProcessBeanDefinitionRegistry(ConfigurationClassPostProcessor.java:243)
	at org.springframework.context.support.PostProcessorRegistrationDelegate.invokeBeanDefinitionRegistryPostProcessors(PostProcessorRegistrationDelegate.java:273)
	at org.springframework.context.support.PostProcessorRegistrationDelegate.invokeBeanFactoryPostProcessors(PostProcessorRegistrationDelegate.java:98)
	at org.springframework.context.support.AbstractApplicationContext.invokeBeanFactoryPostProcessors(AbstractApplicationContext.java:678)
	at org.springframework.context.support.AbstractApplicationContext.refresh(AbstractApplicationContext.java:520)
	at org.springframework.boot.SpringApplication.refresh(SpringApplication.java:766)
	at org.springframework.boot.SpringApplication.createAndRefreshContext(SpringApplication.java:361)
	at org.springframework.boot.SpringApplication.run(SpringApplication.java:307)
	at org.springframework.boot.test.SpringApplicationContextLoader.loadContext(SpringApplicationContextLoader.java:98)
	at org.springframework.test.context.cache.DefaultCacheAwareContextLoaderDelegate.loadContextInternal(DefaultCacheAwareContextLoaderDelegate.java:98)
	at org.springframework.test.context.cache.DefaultCacheAwareContextLoaderDelegate.loadContext(DefaultCacheAwareContextLoaderDelegate.java:116)
	at org.springframework.test.context.support.DefaultTestContext.getApplicationContext(DefaultTestContext.java:83)
	at org.springframework.test.context.web.ServletTestExecutionListener.setUpRequestContextIfNecessary(ServletTestExecutionListener.java:183)
	at org.springframework.test.context.web.ServletTestExecutionListener.prepareTestInstance(ServletTestExecutionListener.java:123)
	at org.springframework.test.context.TestContextManager.prepareTestInstance(TestContextManager.java:228)
	at org.springframework.test.context.junit4.SpringJUnit4ClassRunner.createTest(SpringJUnit4ClassRunner.java:230)
	at org.springframework.test.context.junit4.SpringJUnit4ClassRunner$1.runReflectiveCall(SpringJUnit4ClassRunner.java:289)
	at org.junit.internal.runners.model.ReflectiveCallable.run(ReflectiveCallable.java:12)
	at org.springframework.test.context.junit4.SpringJUnit4ClassRunner.methodBlock(SpringJUnit4ClassRunner.java:291)
	at org.springframework.test.context.junit4.SpringJUnit4ClassRunner.runChild(SpringJUnit4ClassRunner.java:249)
	at org.springframework.test.context.junit4.SpringJUnit4ClassRunner.runChild(SpringJUnit4ClassRunner.java:89)
	at org.junit.runners.ParentRunner$3.run(ParentRunner.java:290)
	at org.junit.runners.ParentRunner$1.schedule(ParentRunner.java:71)
	at org.junit.runners.ParentRunner.runChildren(ParentRunner.java:288)
	at org.junit.runners.ParentRunner.access$000(ParentRunner.java:58)
	at org.junit.runners.ParentRunner$2.evaluate(ParentRunner.java:268)
	at org.springframework.test.context.junit4.statements.RunBeforeTestClassCallbacks.evaluate(RunBeforeTestClassCallbacks.java:61)
	at org.springframework.test.context.junit4.statements.RunAfterTestClassCallbacks.evaluate(RunAfterTestClassCallbacks.java:70)
	at org.junit.runners.ParentRunner.run(ParentRunner.java:363)
	at org.springframework.test.context.junit4.SpringJUnit4ClassRunner.run(SpringJUnit4ClassRunner.java:193)
	at org.gradle.api.internal.tasks.testing.junit.JUnitTestClassExecuter.runTestClass(JUnitTestClassExecuter.java:112)
	at org.gradle.api.internal.tasks.testing.junit.JUnitTestClassExecuter.execute(JUnitTestClassExecuter.java:56)
	at org.gradle.api.internal.tasks.testing.junit.JUnitTestClassProcessor.processTestClass(JUnitTestClassProcessor.java:66)
	at org.gradle.api.internal.tasks.testing.SuiteTestClassProcessor.processTestClass(SuiteTestClassProcessor.java:51)
	at sun.reflect.NativeMethodAccessorImpl.invoke0(Native Method)
	at sun.reflect.NativeMethodAccessorImpl.invoke(NativeMethodAccessorImpl.java:62)
	at sun.reflect.DelegatingMethodAccessorImpl.invoke(DelegatingMethodAccessorImpl.java:43)
	at java.lang.reflect.Method.invoke(Method.java:497)
	at org.gradle.messaging.dispatch.ReflectionDispatch.dispatch(ReflectionDispatch.java:35)
	at org.gradle.messaging.dispatch.ReflectionDispatch.dispatch(ReflectionDispatch.java:24)
	at org.gradle.messaging.dispatch.ContextClassLoaderDispatch.dispatch(ContextClassLoaderDispatch.java:32)
	at org.gradle.messaging.dispatch.ProxyDispatchAdapter$DispatchingInvocationHandler.invoke(ProxyDispatchAdapter.java:93)
	at com.sun.proxy.$Proxy2.processTestClass(Unknown Source)
	at org.gradle.api.internal.tasks.testing.worker.TestWorker.processTestClass(TestWorker.java:109)
	at sun.reflect.NativeMethodAccessorImpl.invoke0(Native Method)
	at sun.reflect.NativeMethodAccessorImpl.invoke(NativeMethodAccessorImpl.java:62)
	at sun.reflect.DelegatingMethodAccessorImpl.invoke(DelegatingMethodAccessorImpl.java:43)
	at java.lang.reflect.Method.invoke(Method.java:497)
	at org.gradle.messaging.dispatch.ReflectionDispatch.dispatch(ReflectionDispatch.java:35)
	at org.gradle.messaging.dispatch.ReflectionDispatch.dispatch(ReflectionDispatch.java:24)
	at org.gradle.messaging.remote.internal.hub.MessageHub$Handler.run(MessageHub.java:360)
	at org.gradle.internal.concurrent.ExecutorPolicy$CatchAndRecordFailures.onExecute(ExecutorPolicy.java:54)
	at org.gradle.internal.concurrent.StoppableExecutorImpl$1.run(StoppableExecutorImpl.java:40)
	at java.util.concurrent.ThreadPoolExecutor.runWorker(ThreadPoolExecutor.java:1142)
	at java.util.concurrent.ThreadPoolExecutor$Worker.run(ThreadPoolExecutor.java:617)
	at java.lang.Thread.run(Thread.java:745)
21:57:11.824 [Test worker] DEBUG o.s.c.e.PropertySourcesPropertyResolver - Searching for key 'spring.messages.basename' in [systemProperties]
21:57:11.824 [Test worker] DEBUG o.s.c.e.PropertySourcesPropertyResolver - Searching for key 'spring.messages.basename' in [systemEnvironment]
21:57:11.825 [Test worker] DEBUG o.s.c.e.PropertySourcesPropertyResolver - Searching for key 'spring.messages.basename' in [random]
21:57:11.825 [Test worker] DEBUG o.s.c.e.PropertySourcesPropertyResolver - Searching for key 'spring.messages.basename' in [integrationTest]
21:57:11.825 [Test worker] DEBUG o.s.c.e.PropertySourcesPropertyResolver - Searching for key 'spring.messages.basename' in [applicationConfigurationProperties]
21:57:11.825 [Test worker] DEBUG o.s.c.e.PropertySourcesPropertyResolver - Could not find key 'spring.messages.basename' in any property source. Returning [null]
21:57:11.826 [Test worker] DEBUG o.s.c.i.s.PathMatchingResourcePatternResolver - Resolved classpath location [messages.properties] to resources []
21:57:11.827 [Test worker] DEBUG o.s.b.f.s.DefaultListableBeanFactory - Returning cached instance of singleton bean 'autoConfigurationReport'
21:57:11.839 [Test worker] DEBUG o.s.b.f.s.DefaultListableBeanFactory - Returning cached instance of singleton bean 'autoConfigurationReport'
21:57:11.840 [Test worker] DEBUG o.s.b.f.s.DefaultListableBeanFactory - Returning cached instance of singleton bean 'autoConfigurationReport'
21:57:11.866 [Test worker] DEBUG o.s.b.f.s.DefaultListableBeanFactory - Returning cached instance of singleton bean 'autoConfigurationReport'
21:57:11.866 [Test worker] DEBUG o.s.b.f.s.DefaultListableBeanFactory - Returning cached instance of singleton bean 'autoConfigurationReport'
21:57:11.874 [Test worker] DEBUG o.s.b.f.s.DefaultListableBeanFactory - Returning cached instance of singleton bean 'autoConfigurationReport'
21:57:11.874 [Test worker] DEBUG o.s.b.f.s.DefaultListableBeanFactory - Returning cached instance of singleton bean 'autoConfigurationReport'
21:57:11.877 [Test worker] DEBUG o.s.b.f.s.DefaultListableBeanFactory - Returning cached instance of singleton bean 'autoConfigurationReport'
21:57:11.879 [Test worker] DEBUG o.s.b.f.s.DefaultListableBeanFactory - Returning cached instance of singleton bean 'autoConfigurationReport'
21:57:11.884 [Test worker] DEBUG o.s.b.f.s.DefaultListableBeanFactory - Returning cached instance of singleton bean 'autoConfigurationReport'
21:57:11.886 [Test worker] DEBUG o.s.b.f.s.DefaultListableBeanFactory - Returning cached instance of singleton bean 'autoConfigurationReport'
21:57:11.886 [Test worker] DEBUG o.s.b.f.s.DefaultListableBeanFactory - Returning cached instance of singleton bean 'autoConfigurationReport'
21:57:11.901 [Test worker] DEBUG o.s.b.f.s.DefaultListableBeanFactory - Returning cached instance of singleton bean 'autoConfigurationReport'
21:57:11.902 [Test worker] DEBUG o.s.b.f.s.DefaultListableBeanFactory - Returning cached instance of singleton bean 'autoConfigurationReport'
21:57:11.908 [Test worker] DEBUG o.s.b.f.s.DefaultListableBeanFactory - Returning cached instance of singleton bean 'autoConfigurationReport'
21:57:11.946 [Test worker] DEBUG o.s.b.f.s.DefaultListableBeanFactory - Returning cached instance of singleton bean 'autoConfigurationReport'
21:57:11.954 [Test worker] DEBUG o.s.b.f.s.DefaultListableBeanFactory - Returning cached instance of singleton bean 'autoConfigurationReport'
21:57:11.954 [Test worker] DEBUG o.s.b.f.s.DefaultListableBeanFactory - Returning cached instance of singleton bean 'autoConfigurationReport'
21:57:11.976 [Test worker] DEBUG o.s.b.f.s.DefaultListableBeanFactory - Returning cached instance of singleton bean 'autoConfigurationReport'
21:57:11.978 [Test worker] DEBUG o.s.b.f.s.DefaultListableBeanFactory - Returning cached instance of singleton bean 'autoConfigurationReport'
21:57:11.984 [Test worker] DEBUG o.s.b.f.s.DefaultListableBeanFactory - Returning cached instance of singleton bean 'autoConfigurationReport'
21:57:11.985 [Test worker] DEBUG o.s.b.f.s.DefaultListableBeanFactory - Returning cached instance of singleton bean 'autoConfigurationReport'
21:57:11.985 [Test worker] DEBUG o.s.b.f.s.DefaultListableBeanFactory - Returning cached instance of singleton bean 'autoConfigurationReport'
21:57:11.999 [Test worker] DEBUG o.s.c.e.PropertySourcesPropertyResolver - Searching for key 'java.runtime.name' in [systemProperties]
21:57:11.999 [Test worker] DEBUG o.s.c.e.PropertySourcesPropertyResolver - Found key 'java.runtime.name' in [systemProperties] with type [String] and value 'Java(TM) SE Runtime Environment'
21:57:12.000 [Test worker] DEBUG o.s.c.e.PropertySourcesPropertyResolver - Searching for key 'sun.boot.library.path' in [systemProperties]
21:57:12.001 [Test worker] DEBUG o.s.c.e.PropertySourcesPropertyResolver - Found key 'sun.boot.library.path' in [systemProperties] with type [String] and value 'C:\Program Files\Java\jdk1.8.0_73\jre\bin'
21:57:12.001 [Test worker] DEBUG o.s.c.e.PropertySourcesPropertyResolver - Searching for key 'java.vm.version' in [systemProperties]
21:57:12.001 [Test worker] DEBUG o.s.c.e.PropertySourcesPropertyResolver - Found key 'java.vm.version' in [systemProperties] with type [String] and value '25.73-b02'
21:57:12.001 [Test worker] DEBUG o.s.c.e.PropertySourcesPropertyResolver - Searching for key 'java.vm.vendor' in [systemProperties]
21:57:12.001 [Test worker] DEBUG o.s.c.e.PropertySourcesPropertyResolver - Found key 'java.vm.vendor' in [systemProperties] with type [String] and value 'Oracle Corporation'
21:57:12.001 [Test worker] DEBUG o.s.c.e.PropertySourcesPropertyResolver - Searching for key 'java.vendor.url' in [systemProperties]
21:57:12.001 [Test worker] DEBUG o.s.c.e.PropertySourcesPropertyResolver - Found key 'java.vendor.url' in [systemProperties] with type [String] and value 'http://java.oracle.com/'
21:57:12.001 [Test worker] DEBUG o.s.c.e.PropertySourcesPropertyResolver - Searching for key 'path.separator' in [systemProperties]
21:57:12.001 [Test worker] DEBUG o.s.c.e.PropertySourcesPropertyResolver - Found key 'path.separator' in [systemProperties] with type [String] and value ';'
21:57:12.001 [Test worker] DEBUG o.s.c.e.PropertySourcesPropertyResolver - Searching for key 'java.vm.name' in [systemProperties]
21:57:12.002 [Test worker] DEBUG o.s.c.e.PropertySourcesPropertyResolver - Found key 'java.vm.name' in [systemProperties] with type [String] and value 'Java HotSpot(TM) 64-Bit Server VM'
21:57:12.002 [Test worker] DEBUG o.s.c.e.PropertySourcesPropertyResolver - Searching for key 'file.encoding.pkg' in [systemProperties]
21:57:12.002 [Test worker] DEBUG o.s.c.e.PropertySourcesPropertyResolver - Found key 'file.encoding.pkg' in [systemProperties] with type [String] and value 'sun.io'
21:57:12.002 [Test worker] DEBUG o.s.c.e.PropertySourcesPropertyResolver - Searching for key 'user.script' in [systemProperties]
21:57:12.002 [Test worker] DEBUG o.s.c.e.PropertySourcesPropertyResolver - Found key 'user.script' in [systemProperties] with type [String] and value ''
21:57:12.002 [Test worker] DEBUG o.s.c.e.PropertySourcesPropertyResolver - Searching for key 'sun.java.launcher' in [systemProperties]
21:57:12.002 [Test worker] DEBUG o.s.c.e.PropertySourcesPropertyResolver - Found key 'sun.java.launcher' in [systemProperties] with type [String] and value 'SUN_STANDARD'
21:57:12.002 [Test worker] DEBUG o.s.c.e.PropertySourcesPropertyResolver - Searching for key 'user.country' in [systemProperties]
21:57:12.002 [Test worker] DEBUG o.s.c.e.PropertySourcesPropertyResolver - Found key 'user.country' in [systemProperties] with type [String] and value 'BR'
21:57:12.003 [Test worker] DEBUG o.s.c.e.PropertySourcesPropertyResolver - Searching for key 'sun.os.patch.level' in [systemProperties]
21:57:12.003 [Test worker] DEBUG o.s.c.e.PropertySourcesPropertyResolver - Found key 'sun.os.patch.level' in [systemProperties] with type [String] and value 'Service Pack 1'
21:57:12.003 [Test worker] DEBUG o.s.c.e.PropertySourcesPropertyResolver - Searching for key 'PID' in [systemProperties]
21:57:12.003 [Test worker] DEBUG o.s.c.e.PropertySourcesPropertyResolver - Found key 'PID' in [systemProperties] with type [String] and value '6428'
21:57:12.003 [Test worker] DEBUG o.s.c.e.PropertySourcesPropertyResolver - Searching for key 'java.vm.specification.name' in [systemProperties]
21:57:12.003 [Test worker] DEBUG o.s.c.e.PropertySourcesPropertyResolver - Found key 'java.vm.specification.name' in [systemProperties] with type [String] and value 'Java Virtual Machine Specification'
21:57:12.003 [Test worker] DEBUG o.s.c.e.PropertySourcesPropertyResolver - Searching for key 'user.dir' in [systemProperties]
21:57:12.003 [Test worker] DEBUG o.s.c.e.PropertySourcesPropertyResolver - Found key 'user.dir' in [systemProperties] with type [String] and value 'C:\Users\Brusca\Documents\workspaceEclipse\Trabalho_desenv_tech_java'
21:57:12.003 [Test worker] DEBUG o.s.c.e.PropertySourcesPropertyResolver - Searching for key 'java.runtime.version' in [systemProperties]
21:57:12.003 [Test worker] DEBUG o.s.c.e.PropertySourcesPropertyResolver - Found key 'java.runtime.version' in [systemProperties] with type [String] and value '1.8.0_73-b02'
21:57:12.003 [Test worker] DEBUG o.s.c.e.PropertySourcesPropertyResolver - Searching for key 'java.awt.graphicsenv' in [systemProperties]
21:57:12.003 [Test worker] DEBUG o.s.c.e.PropertySourcesPropertyResolver - Found key 'java.awt.graphicsenv' in [systemProperties] with type [String] and value 'sun.awt.Win32GraphicsEnvironment'
21:57:12.003 [Test worker] DEBUG o.s.c.e.PropertySourcesPropertyResolver - Searching for key 'org.jboss.logging.provider' in [systemProperties]
21:57:12.003 [Test worker] DEBUG o.s.c.e.PropertySourcesPropertyResolver - Found key 'org.jboss.logging.provider' in [systemProperties] with type [String] and value 'slf4j'
21:57:12.003 [Test worker] DEBUG o.s.c.e.PropertySourcesPropertyResolver - Searching for key 'java.endorsed.dirs' in [systemProperties]
21:57:12.003 [Test worker] DEBUG o.s.c.e.PropertySourcesPropertyResolver - Found key 'java.endorsed.dirs' in [systemProperties] with type [String] and value 'C:\Program Files\Java\jdk1.8.0_73\jre\lib\endorsed'
21:57:12.003 [Test worker] DEBUG o.s.c.e.PropertySourcesPropertyResolver - Searching for key 'os.arch' in [systemProperties]
21:57:12.004 [Test worker] DEBUG o.s.c.e.PropertySourcesPropertyResolver - Found key 'os.arch' in [systemProperties] with type [String] and value 'amd64'
21:57:12.004 [Test worker] DEBUG o.s.c.e.PropertySourcesPropertyResolver - Searching for key 'java.io.tmpdir' in [systemProperties]
21:57:12.004 [Test worker] DEBUG o.s.c.e.PropertySourcesPropertyResolver - Found key 'java.io.tmpdir' in [systemProperties] with type [String] and value 'C:\Users\Brusca\AppData\Local\Temp\'
21:57:12.004 [Test worker] DEBUG o.s.c.e.PropertySourcesPropertyResolver - Searching for key 'line.separator' in [systemProperties]
21:57:12.004 [Test worker] DEBUG o.s.c.e.PropertySourcesPropertyResolver - Found key 'line.separator' in [systemProperties] with type [String] and value '
'
21:57:12.004 [Test worker] DEBUG o.s.c.e.PropertySourcesPropertyResolver - Searching for key 'java.vm.specification.vendor' in [systemProperties]
21:57:12.004 [Test worker] DEBUG o.s.c.e.PropertySourcesPropertyResolver - Found key 'java.vm.specification.vendor' in [systemProperties] with type [String] and value 'Oracle Corporation'
21:57:12.004 [Test worker] DEBUG o.s.c.e.PropertySourcesPropertyResolver - Searching for key 'user.variant' in [systemProperties]
21:57:12.004 [Test worker] DEBUG o.s.c.e.PropertySourcesPropertyResolver - Found key 'user.variant' in [systemProperties] with type [String] and value ''
21:57:12.004 [Test worker] DEBUG o.s.c.e.PropertySourcesPropertyResolver - Searching for key 'os.name' in [systemProperties]
21:57:12.004 [Test worker] DEBUG o.s.c.e.PropertySourcesPropertyResolver - Found key 'os.name' in [systemProperties] with type [String] and value 'Windows 7'
21:57:12.004 [Test worker] DEBUG o.s.c.e.PropertySourcesPropertyResolver - Searching for key 'sun.jnu.encoding' in [systemProperties]
21:57:12.005 [Test worker] DEBUG o.s.c.e.PropertySourcesPropertyResolver - Found key 'sun.jnu.encoding' in [systemProperties] with type [String] and value 'Cp1252'
21:57:12.006 [Test worker] DEBUG o.s.c.e.PropertySourcesPropertyResolver - Searching for key 'spring.beaninfo.ignore' in [systemProperties]
21:57:12.006 [Test worker] DEBUG o.s.c.e.PropertySourcesPropertyResolver - Found key 'spring.beaninfo.ignore' in [systemProperties] with type [String] and value 'true'
21:57:12.006 [Test worker] DEBUG o.s.c.e.PropertySourcesPropertyResolver - Searching for key 'java.library.path' in [systemProperties]
21:57:12.006 [Test worker] DEBUG o.s.c.e.PropertySourcesPropertyResolver - Found key 'java.library.path' in [systemProperties] with type [String] and value 'C:\Program Files\Java\jdk1.8.0_73\bin;C:\Windows\Sun\Java\bin;C:\Windows\system32;C:\Windows;C:\Users\Brusca\bin;C:\Program Files\Git\mingw64\bin;C:\Program Files\Git\usr\local\bin;C:\Program Files\Git\usr\bin;C:\Program Files\Git\usr\bin;C:\Program Files\Git\mingw64\bin;C:\Program Files\Git\usr\bin;C:\Users\Brusca\bin;C:\ProgramData\Oracle\Java\javapath;C:\Windows\system32;C:\Windows;C:\Windows\System32\Wbem;C:\Windows\System32\WindowsPowerShell\v1.0;C:\Program Files (x86)\Skype\Phone;C:\Program Files\Git\cmd;C:\Program Files\Git\usr\bin\vendor_perl;C:\Program Files\Git\usr\bin\core_perl;.'
21:57:12.006 [Test worker] DEBUG o.s.c.e.PropertySourcesPropertyResolver - Searching for key 'java.specification.name' in [systemProperties]
21:57:12.006 [Test worker] DEBUG o.s.c.e.PropertySourcesPropertyResolver - Found key 'java.specification.name' in [systemProperties] with type [String] and value 'Java Platform API Specification'
21:57:12.012 [Test worker] DEBUG o.s.c.e.PropertySourcesPropertyResolver - Searching for key 'java.class.version' in [systemProperties]
21:57:12.013 [Test worker] DEBUG o.s.c.e.PropertySourcesPropertyResolver - Found key 'java.class.version' in [systemProperties] with type [String] and value '52.0'
21:57:12.013 [Test worker] DEBUG o.s.c.e.PropertySourcesPropertyResolver - Searching for key 'sun.management.compiler' in [systemProperties]
21:57:12.013 [Test worker] DEBUG o.s.c.e.PropertySourcesPropertyResolver - Found key 'sun.management.compiler' in [systemProperties] with type [String] and value 'HotSpot 64-Bit Tiered Compilers'
21:57:12.013 [Test worker] DEBUG o.s.c.e.PropertySourcesPropertyResolver - Searching for key 'os.version' in [systemProperties]
21:57:12.013 [Test worker] DEBUG o.s.c.e.PropertySourcesPropertyResolver - Found key 'os.version' in [systemProperties] with type [String] and value '6.1'
21:57:12.013 [Test worker] DEBUG o.s.c.e.PropertySourcesPropertyResolver - Searching for key 'user.home' in [systemProperties]
21:57:12.013 [Test worker] DEBUG o.s.c.e.PropertySourcesPropertyResolver - Found key 'user.home' in [systemProperties] with type [String] and value 'C:\Users\Brusca'
21:57:12.013 [Test worker] DEBUG o.s.c.e.PropertySourcesPropertyResolver - Searching for key 'user.timezone' in [systemProperties]
21:57:12.013 [Test worker] DEBUG o.s.c.e.PropertySourcesPropertyResolver - Found key 'user.timezone' in [systemProperties] with type [String] and value 'America/Sao_Paulo'
21:57:12.013 [Test worker] DEBUG o.s.c.e.PropertySourcesPropertyResolver - Searching for key 'java.awt.printerjob' in [systemProperties]
21:57:12.013 [Test worker] DEBUG o.s.c.e.PropertySourcesPropertyResolver - Found key 'java.awt.printerjob' in [systemProperties] with type [String] and value 'sun.awt.windows.WPrinterJob'
21:57:12.013 [Test worker] DEBUG o.s.c.e.PropertySourcesPropertyResolver - Searching for key 'file.encoding' in [systemProperties]
21:57:12.013 [Test worker] DEBUG o.s.c.e.PropertySourcesPropertyResolver - Found key 'file.encoding' in [systemProperties] with type [String] and value 'windows-1252'
21:57:12.013 [Test worker] DEBUG o.s.c.e.PropertySourcesPropertyResolver - Searching for key 'java.specification.version' in [systemProperties]
21:57:12.013 [Test worker] DEBUG o.s.c.e.PropertySourcesPropertyResolver - Found key 'java.specification.version' in [systemProperties] with type [String] and value '1.8'
21:57:12.013 [Test worker] DEBUG o.s.c.e.PropertySourcesPropertyResolver - Searching for key 'java.class.path' in [systemProperties]
21:57:12.013 [Test worker] DEBUG o.s.c.e.PropertySourcesPropertyResolver - Found key 'java.class.path' in [systemProperties] with type [String] and value 'C:\Users\Brusca\Documents\workspaceEclipse\Trabalho_desenv_tech_java\build\classes\test;C:\Users\Brusca\Documents\workspaceEclipse\Trabalho_desenv_tech_java\build\resources\test;C:\Users\Brusca\Documents\workspaceEclipse\Trabalho_desenv_tech_java\build\classes\main;C:\Users\Brusca\Documents\workspaceEclipse\Trabalho_desenv_tech_java\build\resources\main;C:\Users\Brusca\.gradle\caches\modules-2\files-2.1\org.springframework.boot\spring-boot-starter-actuator\1.3.3.RELEASE\ec15d8ba682e5e287a6d8cb1299ca69214a46530\spring-boot-starter-actuator-1.3.3.RELEASE.jar;C:\Users\Brusca\.gradle\caches\modules-2\files-2.1\org.springframework.boot\spring-boot-starter-jersey\1.3.3.RELEASE\2d3c09cf66e08ec3dd4732da1f1afe729b74bcdc\spring-boot-starter-jersey-1.3.3.RELEASE.jar;C:\Users\Brusca\.gradle\caches\modules-2\files-2.1\org.springframework.boot\spring-boot-starter-mail\1.3.3.RELEASE\29a5b12e598327b0e122f82609f912d371b69f87\spring-boot-starter-mail-1.3.3.RELEASE.jar;C:\Users\Brusca\.gradle\caches\modules-2\files-2.1\org.springframework.boot\spring-boot-starter-web\1.3.3.RELEASE\f1ee2657f50844d8682b30a1f40aebff3ad60cce\spring-boot-starter-web-1.3.3.RELEASE.jar;C:\Users\Brusca\.gradle\caches\modules-2\files-2.1\org.springframework.boot\spring-boot-starter-jdbc\1.3.3.RELEASE\f10ffeca4c879f1f66f30989cc0f133258934246\spring-boot-starter-jdbc-1.3.3.RELEASE.jar;C:\Users\Brusca\.gradle\caches\modules-2\files-2.1\com.h2database\h2\1.4.191\dec3540178ea889b2871b0ed56db14bbec9cfdfc\h2-1.4.191.jar;C:\Users\Brusca\.gradle\caches\modules-2\files-2.1\org.springframework.boot\spring-boot-starter-test\1.3.3.RELEASE\f440856dcf4c3018c9005fa229e7509f28927a73\spring-boot-starter-test-1.3.3.RELEASE.jar;C:\Users\Brusca\.gradle\caches\modules-2\files-2.1\org.springframework.boot\spring-boot-starter\1.3.3.RELEASE\e4a71ce6ae8e42a7535dd9f1a39f91d36c538f28\spring-boot-starter-1.3.3.RELEASE.jar;C:\Users\Brusca\.gradle\caches\modules-2\files-2.1\org.springframework.boot\spring-boot-actuator\1.3.3.RELEASE\7f1ae26c1ea42fb9dd5f14925cd605198f8b644\spring-boot-actuator-1.3.3.RELEASE.jar;C:\Users\Brusca\.gradle\caches\modules-2\files-2.1\org.springframework.boot\spring-boot-starter-tomcat\1.3.3.RELEASE\541468d85cc2c94d2b538b0fa07c018847bb9b78\spring-boot-starter-tomcat-1.3.3.RELEASE.jar;C:\Users\Brusca\.gradle\caches\modules-2\files-2.1\org.springframework.boot\spring-boot-starter-validation\1.3.3.RELEASE\df2d5a437fa3093b8da99216c355189fe7b5e64\spring-boot-starter-validation-1.3.3.RELEASE.jar;C:\Users\Brusca\.gradle\caches\modules-2\files-2.1\com.fasterxml.jackson.core\jackson-databind\2.6.5\d50be1723a09befd903887099ff2014ea9020333\jackson-databind-2.6.5.jar;C:\Users\Brusca\.gradle\caches\modules-2\files-2.1\org.springframework\spring-web\4.2.5.RELEASE\49cd2430884b77172aa81e3fc33ef668ea1dab30\spring-web-4.2.5.RELEASE.jar;C:\Users\Brusca\.gradle\caches\modules-2\files-2.1\org.glassfish.jersey.core\jersey-server\2.22.2\5ede3e5f98f8b14d31d1d0fffe9908df2bd41c0f\jersey-server-2.22.2.jar;C:\Users\Brusca\.gradle\caches\modules-2\files-2.1\org.glassfish.jersey.containers\jersey-container-servlet-core\2.22.2\212c534c5b030594ccf5c4b929e8f7cbf26eb1ba\jersey-container-servlet-core-2.22.2.jar;C:\Users\Brusca\.gradle\caches\modules-2\files-2.1\org.glassfish.jersey.containers\jersey-container-servlet\2.22.2\d90487b9809f822af7731abb8896a2183e7c4a0c\jersey-container-servlet-2.22.2.jar;C:\Users\Brusca\.gradle\caches\modules-2\files-2.1\org.glassfish.jersey.ext\jersey-bean-validation\2.22.2\2e4a59b392e86eab26efe41e6d43aa5ae1eefd55\jersey-bean-validation-2.22.2.jar;C:\Users\Brusca\.gradle\caches\modules-2\files-2.1\org.glassfish.jersey.ext\jersey-spring3\2.22.2\d890fe9753d6285a3fb992e24a90066e1b07ab13\jersey-spring3-2.22.2.jar;C:\Users\Brusca\.gradle\caches\modules-2\files-2.1\org.glassfish.jersey.media\jersey-media-json-jackson\2.22.2\9c17b5f890a38d410c838d05918b5a027346a45f\jersey-media-json-jackson-2.22.2.jar;C:\Users\Brusca\.gradle\caches\modules-2\files-2.1\org.springframework\spring-context\4.2.5.RELEASE\a75e18322c7b362fe1daa26a245ae672ec0f3138\spring-context-4.2.5.RELEASE.jar;C:\Users\Brusca\.gradle\caches\modules-2\files-2.1\org.springframework\spring-context-support\4.2.5.RELEASE\72db9c52e8bd2dc3290cd51114583731f818356b\spring-context-support-4.2.5.RELEASE.jar;C:\Users\Brusca\.gradle\caches\modules-2\files-2.1\com.sun.mail\javax.mail\1.5.5\ffcd34b5de820f35bcc9303649cf6ab2c65ad44e\javax.mail-1.5.5.jar;C:\Users\Brusca\.gradle\caches\modules-2\files-2.1\org.springframework\spring-webmvc\4.2.5.RELEASE\cf463cce3e4453eb4b9a69de2dcdfd60c3c57e0\spring-webmvc-4.2.5.RELEASE.jar;C:\Users\Brusca\.gradle\caches\modules-2\files-2.1\org.apache.tomcat\tomcat-jdbc\8.0.32\55396c45fc8c34f31420a3b280fde4b1387b044d\tomcat-jdbc-8.0.32.jar;C:\Users\Brusca\.gradle\caches\modules-2\files-2.1\org.springframework\spring-jdbc\4.2.5.RELEASE\205d2f1b902eac16a2ece772dc5ac6090b7e0b6f\spring-jdbc-4.2.5.RELEASE.jar;C:\Users\Brusca\.gradle\caches\modules-2\files-2.1\junit\junit\4.12\2973d150c0dc1fefe998f834810d68f278ea58ec\junit-4.12.jar;C:\Users\Brusca\.gradle\caches\modules-2\files-2.1\org.mockito\mockito-core\1.10.19\e8546f5bef4e061d8dd73895b4e8f40e3fe6effe\mockito-core-1.10.19.jar;C:\Users\Brusca\.gradle\caches\modules-2\files-2.1\org.hamcrest\hamcrest-core\1.3\42a25dc3219429f0e5d060061f71acb49bf010a0\hamcrest-core-1.3.jar;C:\Users\Brusca\.gradle\caches\modules-2\files-2.1\org.hamcrest\hamcrest-library\1.3\4785a3c21320980282f9f33d0d1264a69040538f\hamcrest-library-1.3.jar;C:\Users\Brusca\.gradle\caches\modules-2\files-2.1\org.springframework\spring-core\4.2.5.RELEASE\251207b29f0f38f61e3495a2f7fb053cf1bfe8c\spring-core-4.2.5.RELEASE.jar;C:\Users\Brusca\.gradle\caches\modules-2\files-2.1\org.springframework\spring-test\4.2.5.RELEASE\60bd0ac25869d515717284b77644d0416d3a38c5\spring-test-4.2.5.RELEASE.jar;C:\Users\Brusca\.gradle\caches\modules-2\files-2.1\org.springframework.boot\spring-boot\1.3.3.RELEASE\641cc375499d444e4efbc1801902260daa79758d\spring-boot-1.3.3.RELEASE.jar;C:\Users\Brusca\.gradle\caches\modules-2\files-2.1\org.springframework.boot\spring-boot-autoconfigure\1.3.3.RELEASE\e7a4a25f74dac6b335ffabc43e3e8a6e3066340e\spring-boot-autoconfigure-1.3.3.RELEASE.jar;C:\Users\Brusca\.gradle\caches\modules-2\files-2.1\org.springframework.boot\spring-boot-starter-logging\1.3.3.RELEASE\16b395c84f28b947f1c336aa461fda1e662bb3b6\spring-boot-starter-logging-1.3.3.RELEASE.jar;C:\Users\Brusca\.gradle\caches\modules-2\files-2.1\org.yaml\snakeyaml\1.16\d64fb662c9e42789149f5078a62a22edda786c6a\snakeyaml-1.16.jar;C:\Users\Brusca\.gradle\caches\modules-2\files-2.1\org.apache.tomcat.embed\tomcat-embed-core\8.0.32\734ead0c803525cc9c7f283438101734ca9aac01\tomcat-embed-core-8.0.32.jar;C:\Users\Brusca\.gradle\caches\modules-2\files-2.1\org.apache.tomcat.embed\tomcat-embed-el\8.0.32\82adf8bd959fc046d55490e6f2ce67297c91d62b\tomcat-embed-el-8.0.32.jar;C:\Users\Brusca\.gradle\caches\modules-2\files-2.1\org.apache.tomcat.embed\tomcat-embed-logging-juli\8.0.32\5e664b357710a6c43cad2191404c2a9d0b82cdb3\tomcat-embed-logging-juli-8.0.32.jar;C:\Users\Brusca\.gradle\caches\modules-2\files-2.1\org.apache.tomcat.embed\tomcat-embed-websocket\8.0.32\237ca58dac66f438579750169e6cb297ac041c9d\tomcat-embed-websocket-8.0.32.jar;C:\Users\Brusca\.gradle\caches\modules-2\files-2.1\org.hibernate\hibernate-validator\5.2.4.Final\fb18766b576aa6632bcfe9a20a023cbd52bf9769\hibernate-validator-5.2.4.Final.jar;C:\Users\Brusca\.gradle\caches\modules-2\files-2.1\com.fasterxml.jackson.core\jackson-annotations\2.6.5\65137ebf85056473b40c311f889601646a7612ba\jackson-annotations-2.6.5.jar;C:\Users\Brusca\.gradle\caches\modules-2\files-2.1\com.fasterxml.jackson.core\jackson-core\2.6.5\334369d7eff497f358b248c171dac0dd62c68f67\jackson-core-2.6.5.jar;C:\Users\Brusca\.gradle\caches\modules-2\files-2.1\org.springframework\spring-aop\4.2.5.RELEASE\858d6c70909b3ce7e07b59fc936f8ccfcd81c0aa\spring-aop-4.2.5.RELEASE.jar;C:\Users\Brusca\.gradle\caches\modules-2\files-2.1\org.springframework\spring-beans\4.2.5.RELEASE\fa992ae40f6fc47117282164e0433b71da385e94\spring-beans-4.2.5.RELEASE.jar;C:\Users\Brusca\.gradle\caches\modules-2\files-2.1\org.glassfish.jersey.core\jersey-common\2.22.2\1209b89878b60ce7d49afadeff7522d2fde0e217\jersey-common-2.22.2.jar;C:\Users\Brusca\.gradle\caches\modules-2\files-2.1\org.glassfish.jersey.core\jersey-client\2.22.2\1712fff037ce5a59e3d67f90fff29222989799ee\jersey-client-2.22.2.jar;C:\Users\Brusca\.gradle\caches\modules-2\files-2.1\javax.ws.rs\javax.ws.rs-api\2.0.1\104e9c2b5583cfcfeac0402316221648d6d8ea6b\javax.ws.rs-api-2.0.1.jar;C:\Users\Brusca\.gradle\caches\modules-2\files-2.1\org.glassfish.jersey.media\jersey-media-jaxb\2.22.2\7a9adf97790a92d09a1f2c027dbd34af15ffee04\jersey-media-jaxb-2.22.2.jar;C:\Users\Brusca\.gradle\caches\modules-2\files-2.1\javax.annotation\javax.annotation-api\1.2\479c1e06db31c432330183f5cae684163f186146\javax.annotation-api-1.2.jar;C:\Users\Brusca\.gradle\caches\modules-2\files-2.1\org.glassfish.hk2\hk2-api\2.4.0-b34\1017432e219dbd1d4a1121b2d7e87c5b2f0bcfb9\hk2-api-2.4.0-b34.jar;C:\Users\Brusca\.gradle\caches\modules-2\files-2.1\org.glassfish.hk2.external\javax.inject\2.4.0-b34\a6a3d4935af7b03e44126b5aac2c2a0ce98fe6e9\javax.inject-2.4.0-b34.jar;C:\Users\Brusca\.gradle\caches\modules-2\files-2.1\org.glassfish.hk2\hk2-locator\2.4.0-b34\1451fc3e5b7f00d7a5ca0feaff2c1bf68be5ac91\hk2-locator-2.4.0-b34.jar;C:\Users\Brusca\.gradle\caches\modules-2\files-2.1\javax.validation\validation-api\1.1.0.Final\8613ae82954779d518631e05daa73a6a954817d5\validation-api-1.1.0.Final.jar;C:\Users\Brusca\.gradle\caches\modules-2\files-2.1\org.glassfish.hk2\hk2\2.4.0-b34\736b03ef09a6f501b33a3d4c642cc3b2a3a54d66\hk2-2.4.0-b34.jar;C:\Users\Brusca\.gradle\caches\modules-2\files-2.1\org.glassfish.hk2\spring-bridge\2.4.0-b34\4a3de367797146f2c5494c25fb1f41b275c57f67\spring-bridge-2.4.0-b34.jar;C:\Users\Brusca\.gradle\caches\modules-2\files-2.1\org.glassfish.jersey.ext\jersey-entity-filtering\2.22.2\f43019bcf3d791f188b15fe4f0a225a7cca28e11\jersey-entity-filtering-2.22.2.jar;C:\Users\Brusca\.gradle\caches\modules-2\files-2.1\com.fasterxml.jackson.jaxrs\jackson-jaxrs-base\2.6.5\b86e607360911298484474d12135b561874e7bcb\jackson-jaxrs-base-2.6.5.jar;C:\Users\Brusca\.gradle\caches\modules-2\files-2.1\com.fasterxml.jackson.jaxrs\jackson-jaxrs-json-provider\2.6.5\295637e8118a52f2447c4bdbee8176e2da2cfa3f\jackson-jaxrs-json-provider-2.6.5.jar;C:\Users\Brusca\.gradle\caches\modules-2\files-2.1\org.springframework\spring-expression\4.2.5.RELEASE\a42bdfb833d0be6c18429aea3fb0fba81f85c6e8\spring-expression-4.2.5.RELEASE.jar;C:\Users\Brusca\.gradle\caches\modules-2\files-2.1\javax.activation\activation\1.1\e6cb541461c2834bdea3eb920f1884d1eb508b50\activation-1.1.jar;C:\Users\Brusca\.gradle\caches\modules-2\files-2.1\org.apache.tomcat\tomcat-juli\8.0.32\71471069cea029dfdce0735337864c7d0a3d9992\tomcat-juli-8.0.32.jar;C:\Users\Brusca\.gradle\caches\modules-2\files-2.1\org.springframework\spring-tx\4.2.5.RELEASE\7395321fe937272d9b781a13985e04ab2dcd6210\spring-tx-4.2.5.RELEASE.jar;C:\Users\Brusca\.gradle\caches\modules-2\files-2.1\org.objenesis\objenesis\2.1\87c0ea803b69252868d09308b4618f766f135a96\objenesis-2.1.jar;C:\Users\Brusca\.gradle\caches\modules-2\files-2.1\ch.qos.logback\logback-classic\1.1.5\92353eb144695bba80b31f7bec4f36d871f230ac\logback-classic-1.1.5.jar;C:\Users\Brusca\.gradle\caches\modules-2\files-2.1\org.slf4j\jcl-over-slf4j\1.7.16\34e48073884704ac987d3d1a1ab9b60e62028a9\jcl-over-slf4j-1.7.16.jar;C:\Users\Brusca\.gradle\caches\modules-2\files-2.1\org.slf4j\jul-to-slf4j\1.7.16\2d5b546c5557dcbf08c3a381d7dc9bd275a602c1\jul-to-slf4j-1.7.16.jar;C:\Users\Brusca\.gradle\caches\modules-2\files-2.1\org.slf4j\log4j-over-slf4j\1.7.16\c5922f37c8a5e4377cfb543c549f10e73d72ede0\log4j-over-slf4j-1.7.16.jar;C:\Users\Brusca\.gradle\caches\modules-2\files-2.1\org.jboss.logging\jboss-logging\3.3.0.Final\3616bb87707910296e2c195dc016287080bba5af\jboss-logging-3.3.0.Final.jar;C:\Users\Brusca\.gradle\caches\modules-2\files-2.1\com.fasterxml\classmate\1.1.0\dbbd699a1486ad0f2ed6f5af6cfed66acacb9056\classmate-1.1.0.jar;C:\Users\Brusca\.gradle\caches\modules-2\files-2.1\aopalliance\aopalliance\1.0\235ba8b489512805ac13a8f9ea77a1ca5ebe3e8\aopalliance-1.0.jar;C:\Users\Brusca\.gradle\caches\modules-2\files-2.1\org.glassfish.jersey.bundles.repackaged\jersey-guava\2.22.2\7422c693c89640c9685dfa99dbef2da745aa4617\jersey-guava-2.22.2.jar;C:\Users\Brusca\.gradle\caches\modules-2\files-2.1\org.glassfish.hk2\osgi-resource-locator\1.0.1\4ed2b2d4738aed5786cfa64cba5a332779c4c708\osgi-resource-locator-1.0.1.jar;C:\Users\Brusca\.gradle\caches\modules-2\files-2.1\org.glassfish.hk2\hk2-utils\2.4.0-b34\aacce18411fffef9621d8fc91464ca0477119c38\hk2-utils-2.4.0-b34.jar;C:\Users\Brusca\.gradle\caches\modules-2\files-2.1\org.glassfish.hk2.external\aopalliance-repackaged\2.4.0-b34\3d5e856dbc91a3a2b0bcb3a3424f8b62421ae4cf\aopalliance-repackaged-2.4.0-b34.jar;C:\Users\Brusca\.gradle\caches\modules-2\files-2.1\org.javassist\javassist\3.18.1-GA\d9a09f7732226af26bf99f19e2cffe0ae219db5b\javassist-3.18.1-GA.jar;C:\Users\Brusca\.gradle\caches\modules-2\files-2.1\org.glassfish.hk2\config-types\2.4.0-b34\d0cd228facafb3f9912f25a1c6605c9738dacce2\config-types-2.4.0-b34.jar;C:\Users\Brusca\.gradle\caches\modules-2\files-2.1\org.glassfish.hk2\hk2-core\2.4.0-b34\d530f72aa485ff7d8f59a6c10ad4c396428fe90a\hk2-core-2.4.0-b34.jar;C:\Users\Brusca\.gradle\caches\modules-2\files-2.1\org.glassfish.hk2\hk2-config\2.4.0-b34\c1e9e66e284a777b1b51e19d902db36b0b499bf\hk2-config-2.4.0-b34.jar;C:\Users\Brusca\.gradle\caches\modules-2\files-2.1\org.glassfish.hk2\hk2-runlevel\2.4.0-b34\c77ffbd2bcae37434dcab3624b307a95374500d1\hk2-runlevel-2.4.0-b34.jar;C:\Users\Brusca\.gradle\caches\modules-2\files-2.1\org.glassfish.hk2\class-model\2.4.0-b34\fdb9192396480cb5a828eb2f21f348600bc40758\class-model-2.4.0-b34.jar;C:\Users\Brusca\.gradle\caches\modules-2\files-2.1\com.fasterxml.jackson.module\jackson-module-jaxb-annotations\2.6.5\2e325479091bfbd81b000cc8a2fc5fd9db675b62\jackson-module-jaxb-annotations-2.6.5.jar;C:\Users\Brusca\.gradle\caches\modules-2\files-2.1\ch.qos.logback\logback-core\1.1.5\16722afde74444716e299bee1f60aec9f6d1f0dc\logback-core-1.1.5.jar;C:\Users\Brusca\.gradle\caches\modules-2\files-2.1\org.slf4j\slf4j-api\1.7.16\3a6274f658487d5bfff9af3862beff6da1e7fd52\slf4j-api-1.7.16.jar;C:\Users\Brusca\.gradle\caches\modules-2\files-2.1\org.jvnet\tiger-types\1.4\9f75db7dea926f497e76eae2cea36eca74ea508\tiger-types-1.4.jar;C:\Users\Brusca\.gradle\caches\modules-2\files-2.1\org.glassfish.hk2.external\asm-all-repackaged\2.4.0-b34\86ad503fe0d63b04722b0fadebe9e9b57d97ce3\asm-all-repackaged-2.4.0-b34.jar'
21:57:12.014 [Test worker] DEBUG o.s.c.e.PropertySourcesPropertyResolver - Searching for key 'user.name' in [systemProperties]
21:57:12.014 [Test worker] DEBUG o.s.c.e.PropertySourcesPropertyResolver - Found key 'user.name' in [systemProperties] with type [String] and value 'Brusca'
21:57:12.014 [Test worker] DEBUG o.s.c.e.PropertySourcesPropertyResolver - Searching for key 'java.vm.specification.version' in [systemProperties]
21:57:12.014 [Test worker] DEBUG o.s.c.e.PropertySourcesPropertyResolver - Found key 'java.vm.specification.version' in [systemProperties] with type [String] and value '1.8'
21:57:12.014 [Test worker] DEBUG o.s.c.e.PropertySourcesPropertyResolver - Searching for key 'sun.java.command' in [systemProperties]
21:57:12.014 [Test worker] DEBUG o.s.c.e.PropertySourcesPropertyResolver - Found key 'sun.java.command' in [systemProperties] with type [String] and value 'jarjar.org.gradle.process.internal.launcher.GradleWorkerMain 'Gradle Test Executor 1''
21:57:12.014 [Test worker] DEBUG o.s.c.e.PropertySourcesPropertyResolver - Searching for key 'java.home' in [systemProperties]
21:57:12.014 [Test worker] DEBUG o.s.c.e.PropertySourcesPropertyResolver - Found key 'java.home' in [systemProperties] with type [String] and value 'C:\Program Files\Java\jdk1.8.0_73\jre'
21:57:12.014 [Test worker] DEBUG o.s.c.e.PropertySourcesPropertyResolver - Searching for key 'sun.arch.data.model' in [systemProperties]
21:57:12.014 [Test worker] DEBUG o.s.c.e.PropertySourcesPropertyResolver - Found key 'sun.arch.data.model' in [systemProperties] with type [String] and value '64'
21:57:12.014 [Test worker] DEBUG o.s.c.e.PropertySourcesPropertyResolver - Searching for key 'user.language' in [systemProperties]
21:57:12.014 [Test worker] DEBUG o.s.c.e.PropertySourcesPropertyResolver - Found key 'user.language' in [systemProperties] with type [String] and value 'pt'
21:57:12.014 [Test worker] DEBUG o.s.c.e.PropertySourcesPropertyResolver - Searching for key 'java.specification.vendor' in [systemProperties]
21:57:12.014 [Test worker] DEBUG o.s.c.e.PropertySourcesPropertyResolver - Found key 'java.specification.vendor' in [systemProperties] with type [String] and value 'Oracle Corporation'
21:57:12.014 [Test worker] DEBUG o.s.c.e.PropertySourcesPropertyResolver - Searching for key 'awt.toolkit' in [systemProperties]
21:57:12.014 [Test worker] DEBUG o.s.c.e.PropertySourcesPropertyResolver - Found key 'awt.toolkit' in [systemProperties] with type [String] and value 'sun.awt.windows.WToolkit'
21:57:12.014 [Test worker] DEBUG o.s.c.e.PropertySourcesPropertyResolver - Searching for key 'java.vm.info' in [systemProperties]
21:57:12.014 [Test worker] DEBUG o.s.c.e.PropertySourcesPropertyResolver - Found key 'java.vm.info' in [systemProperties] with type [String] and value 'mixed mode'
21:57:12.014 [Test worker] DEBUG o.s.c.e.PropertySourcesPropertyResolver - Searching for key 'java.version' in [systemProperties]
21:57:12.015 [Test worker] DEBUG o.s.c.e.PropertySourcesPropertyResolver - Found key 'java.version' in [systemProperties] with type [String] and value '1.8.0_73'
21:57:12.015 [Test worker] DEBUG o.s.c.e.PropertySourcesPropertyResolver - Searching for key 'java.ext.dirs' in [systemProperties]
21:57:12.015 [Test worker] DEBUG o.s.c.e.PropertySourcesPropertyResolver - Found key 'java.ext.dirs' in [systemProperties] with type [String] and value 'C:\Program Files\Java\jdk1.8.0_73\jre\lib\ext;C:\Windows\Sun\Java\lib\ext'
21:57:12.015 [Test worker] DEBUG o.s.c.e.PropertySourcesPropertyResolver - Searching for key 'sun.boot.class.path' in [systemProperties]
21:57:12.015 [Test worker] DEBUG o.s.c.e.PropertySourcesPropertyResolver - Found key 'sun.boot.class.path' in [systemProperties] with type [String] and value 'C:\Program Files\Java\jdk1.8.0_73\jre\lib\resources.jar;C:\Program Files\Java\jdk1.8.0_73\jre\lib\rt.jar;C:\Program Files\Java\jdk1.8.0_73\jre\lib\sunrsasign.jar;C:\Program Files\Java\jdk1.8.0_73\jre\lib\jsse.jar;C:\Program Files\Java\jdk1.8.0_73\jre\lib\jce.jar;C:\Program Files\Java\jdk1.8.0_73\jre\lib\charsets.jar;C:\Program Files\Java\jdk1.8.0_73\jre\lib\jfr.jar;C:\Program Files\Java\jdk1.8.0_73\jre\classes'
21:57:12.015 [Test worker] DEBUG o.s.c.e.PropertySourcesPropertyResolver - Searching for key 'java.awt.headless' in [systemProperties]
21:57:12.015 [Test worker] DEBUG o.s.c.e.PropertySourcesPropertyResolver - Found key 'java.awt.headless' in [systemProperties] with type [String] and value 'true'
21:57:12.015 [Test worker] DEBUG o.s.c.e.PropertySourcesPropertyResolver - Searching for key 'java.vendor' in [systemProperties]
21:57:12.015 [Test worker] DEBUG o.s.c.e.PropertySourcesPropertyResolver - Found key 'java.vendor' in [systemProperties] with type [String] and value 'Oracle Corporation'
21:57:12.015 [Test worker] DEBUG o.s.c.e.PropertySourcesPropertyResolver - Searching for key 'org.gradle.test.worker' in [systemProperties]
21:57:12.015 [Test worker] DEBUG o.s.c.e.PropertySourcesPropertyResolver - Found key 'org.gradle.test.worker' in [systemProperties] with type [String] and value '1'
21:57:12.015 [Test worker] DEBUG o.s.c.e.PropertySourcesPropertyResolver - Searching for key 'file.separator' in [systemProperties]
21:57:12.015 [Test worker] DEBUG o.s.c.e.PropertySourcesPropertyResolver - Found key 'file.separator' in [systemProperties] with type [String] and value '\'
21:57:12.015 [Test worker] DEBUG o.s.c.e.PropertySourcesPropertyResolver - Searching for key 'java.vendor.url.bug' in [systemProperties]
21:57:12.015 [Test worker] DEBUG o.s.c.e.PropertySourcesPropertyResolver - Found key 'java.vendor.url.bug' in [systemProperties] with type [String] and value 'http://bugreport.sun.com/bugreport/'
21:57:12.016 [Test worker] DEBUG o.s.c.e.PropertySourcesPropertyResolver - Searching for key 'sun.io.unicode.encoding' in [systemProperties]
21:57:12.016 [Test worker] DEBUG o.s.c.e.PropertySourcesPropertyResolver - Found key 'sun.io.unicode.encoding' in [systemProperties] with type [String] and value 'UnicodeLittle'
21:57:12.016 [Test worker] DEBUG o.s.c.e.PropertySourcesPropertyResolver - Searching for key 'sun.cpu.endian' in [systemProperties]
21:57:12.016 [Test worker] DEBUG o.s.c.e.PropertySourcesPropertyResolver - Found key 'sun.cpu.endian' in [systemProperties] with type [String] and value 'little'
21:57:12.016 [Test worker] DEBUG o.s.c.e.PropertySourcesPropertyResolver - Searching for key 'sun.desktop' in [systemProperties]
21:57:12.016 [Test worker] DEBUG o.s.c.e.PropertySourcesPropertyResolver - Found key 'sun.desktop' in [systemProperties] with type [String] and value 'windows'
21:57:12.016 [Test worker] DEBUG o.s.c.e.PropertySourcesPropertyResolver - Searching for key 'sun.cpu.isalist' in [systemProperties]
21:57:12.016 [Test worker] DEBUG o.s.c.e.PropertySourcesPropertyResolver - Found key 'sun.cpu.isalist' in [systemProperties] with type [String] and value 'amd64'
21:57:12.016 [Test worker] DEBUG o.s.c.e.PropertySourcesPropertyResolver - Searching for key 'PATH' in [systemProperties]
21:57:12.016 [Test worker] DEBUG o.s.c.e.PropertySourcesPropertyResolver - Searching for key 'PATH' in [systemEnvironment]
21:57:12.016 [Test worker] DEBUG o.s.c.e.PropertySourcesPropertyResolver - Found key 'PATH' in [systemEnvironment] with type [String] and value 'C:\Users\Brusca\bin;C:\Program Files\Git\mingw64\bin;C:\Program Files\Git\usr\local\bin;C:\Program Files\Git\usr\bin;C:\Program Files\Git\usr\bin;C:\Program Files\Git\mingw64\bin;C:\Program Files\Git\usr\bin;C:\Users\Brusca\bin;C:\ProgramData\Oracle\Java\javapath;C:\Windows\system32;C:\Windows;C:\Windows\System32\Wbem;C:\Windows\System32\WindowsPowerShell\v1.0;C:\Program Files (x86)\Skype\Phone;C:\Program Files\Git\cmd;C:\Program Files\Git\usr\bin\vendor_perl;C:\Program Files\Git\usr\bin\core_perl'
21:57:12.016 [Test worker] DEBUG o.s.c.e.PropertySourcesPropertyResolver - Searching for key 'PKG_CONFIG_PATH' in [systemProperties]
21:57:12.016 [Test worker] DEBUG o.s.c.e.PropertySourcesPropertyResolver - Searching for key 'PKG_CONFIG_PATH' in [systemEnvironment]
21:57:12.016 [Test worker] DEBUG o.s.c.e.PropertySourcesPropertyResolver - Found key 'PKG_CONFIG_PATH' in [systemEnvironment] with type [String] and value 'C:\Program Files\Git\mingw64\lib\pkgconfig;C:\Program Files\Git\mingw64\share\pkgconfig'
21:57:12.016 [Test worker] DEBUG o.s.c.e.PropertySourcesPropertyResolver - Searching for key 'PROCESSOR_LEVEL' in [systemProperties]
21:57:12.017 [Test worker] DEBUG o.s.c.e.PropertySourcesPropertyResolver - Searching for key 'PROCESSOR_LEVEL' in [systemEnvironment]
21:57:12.017 [Test worker] DEBUG o.s.c.e.PropertySourcesPropertyResolver - Found key 'PROCESSOR_LEVEL' in [systemEnvironment] with type [String] and value '16'
21:57:12.017 [Test worker] DEBUG o.s.c.e.PropertySourcesPropertyResolver - Searching for key 'SYSTEMDRIVE' in [systemProperties]
21:57:12.017 [Test worker] DEBUG o.s.c.e.PropertySourcesPropertyResolver - Searching for key 'SYSTEMDRIVE' in [systemEnvironment]
21:57:12.017 [Test worker] DEBUG o.s.c.e.PropertySourcesPropertyResolver - Found key 'SYSTEMDRIVE' in [systemEnvironment] with type [String] and value 'C:'
21:57:12.017 [Test worker] DEBUG o.s.c.e.PropertySourcesPropertyResolver - Searching for key 'FP_NO_HOST_CHECK' in [systemProperties]
21:57:12.017 [Test worker] DEBUG o.s.c.e.PropertySourcesPropertyResolver - Searching for key 'FP_NO_HOST_CHECK' in [systemEnvironment]
21:57:12.017 [Test worker] DEBUG o.s.c.e.PropertySourcesPropertyResolver - Found key 'FP_NO_HOST_CHECK' in [systemEnvironment] with type [String] and value 'NO'
21:57:12.017 [Test worker] DEBUG o.s.c.e.PropertySourcesPropertyResolver - Searching for key 'SESSIONNAME' in [systemProperties]
21:57:12.017 [Test worker] DEBUG o.s.c.e.PropertySourcesPropertyResolver - Searching for key 'SESSIONNAME' in [systemEnvironment]
21:57:12.018 [Test worker] DEBUG o.s.c.e.PropertySourcesPropertyResolver - Found key 'SESSIONNAME' in [systemEnvironment] with type [String] and value 'Console'
21:57:12.018 [Test worker] DEBUG o.s.c.e.PropertySourcesPropertyResolver - Searching for key 'ALLUSERSPROFILE' in [systemProperties]
21:57:12.018 [Test worker] DEBUG o.s.c.e.PropertySourcesPropertyResolver - Searching for key 'ALLUSERSPROFILE' in [systemEnvironment]
21:57:12.018 [Test worker] DEBUG o.s.c.e.PropertySourcesPropertyResolver - Found key 'ALLUSERSPROFILE' in [systemEnvironment] with type [String] and value 'C:\ProgramData'
21:57:12.018 [Test worker] DEBUG o.s.c.e.PropertySourcesPropertyResolver - Searching for key 'PROCESSOR_ARCHITECTURE' in [systemProperties]
21:57:12.018 [Test worker] DEBUG o.s.c.e.PropertySourcesPropertyResolver - Searching for key 'PROCESSOR_ARCHITECTURE' in [systemEnvironment]
21:57:12.018 [Test worker] DEBUG o.s.c.e.PropertySourcesPropertyResolver - Found key 'PROCESSOR_ARCHITECTURE' in [systemEnvironment] with type [String] and value 'AMD64'
21:57:12.018 [Test worker] DEBUG o.s.c.e.PropertySourcesPropertyResolver - Searching for key 'PSModulePath' in [systemProperties]
21:57:12.018 [Test worker] DEBUG o.s.c.e.PropertySourcesPropertyResolver - Searching for key 'PSModulePath' in [systemEnvironment]
21:57:12.018 [Test worker] DEBUG o.s.c.e.PropertySourcesPropertyResolver - Found key 'PSModulePath' in [systemEnvironment] with type [String] and value 'C:\Windows\system32\WindowsPowerShell\v1.0\Modules\'
21:57:12.018 [Test worker] DEBUG o.s.c.e.PropertySourcesPropertyResolver - Searching for key 'JRE_HOME' in [systemProperties]
21:57:12.018 [Test worker] DEBUG o.s.c.e.PropertySourcesPropertyResolver - Searching for key 'JRE_HOME' in [systemEnvironment]
21:57:12.018 [Test worker] DEBUG o.s.c.e.PropertySourcesPropertyResolver - Found key 'JRE_HOME' in [systemEnvironment] with type [String] and value 'C:\Progra~2\Java\jre1.8.0_71'
21:57:12.018 [Test worker] DEBUG o.s.c.e.PropertySourcesPropertyResolver - Searching for key 'VS100COMNTOOLS' in [systemProperties]
21:57:12.018 [Test worker] DEBUG o.s.c.e.PropertySourcesPropertyResolver - Searching for key 'VS100COMNTOOLS' in [systemEnvironment]
21:57:12.018 [Test worker] DEBUG o.s.c.e.PropertySourcesPropertyResolver - Found key 'VS100COMNTOOLS' in [systemEnvironment] with type [String] and value 'C:\Program Files (x86)\Microsoft Visual Studio 10.0\Common7\Tools\'
21:57:12.018 [Test worker] DEBUG o.s.c.e.PropertySourcesPropertyResolver - Searching for key 'PROGRAMFILES' in [systemProperties]
21:57:12.018 [Test worker] DEBUG o.s.c.e.PropertySourcesPropertyResolver - Searching for key 'PROGRAMFILES' in [systemEnvironment]
21:57:12.018 [Test worker] DEBUG o.s.c.e.PropertySourcesPropertyResolver - Found key 'PROGRAMFILES' in [systemEnvironment] with type [String] and value 'C:\Program Files'
21:57:12.018 [Test worker] DEBUG o.s.c.e.PropertySourcesPropertyResolver - Searching for key 'USERNAME' in [systemProperties]
21:57:12.018 [Test worker] DEBUG o.s.c.e.PropertySourcesPropertyResolver - Searching for key 'USERNAME' in [systemEnvironment]
21:57:12.018 [Test worker] DEBUG o.s.c.e.PropertySourcesPropertyResolver - Found key 'USERNAME' in [systemEnvironment] with type [String] and value 'Brusca'
21:57:12.018 [Test worker] DEBUG o.s.c.e.PropertySourcesPropertyResolver - Searching for key 'PWD' in [systemProperties]
21:57:12.019 [Test worker] DEBUG o.s.c.e.PropertySourcesPropertyResolver - Searching for key 'PWD' in [systemEnvironment]
21:57:12.019 [Test worker] DEBUG o.s.c.e.PropertySourcesPropertyResolver - Found key 'PWD' in [systemEnvironment] with type [String] and value 'C:/Users/Brusca/Documents/workspaceEclipse/Trabalho_desenv_tech_java'
21:57:12.019 [Test worker] DEBUG o.s.c.e.PropertySourcesPropertyResolver - Searching for key 'ProgramFiles(x86)' in [systemProperties]
21:57:12.019 [Test worker] DEBUG o.s.c.e.PropertySourcesPropertyResolver - Searching for key 'ProgramFiles(x86)' in [systemEnvironment]
21:57:12.019 [Test worker] DEBUG o.s.c.e.PropertySourcesPropertyResolver - Found key 'ProgramFiles(x86)' in [systemEnvironment] with type [String] and value 'C:\Program Files (x86)'
21:57:12.019 [Test worker] DEBUG o.s.c.e.PropertySourcesPropertyResolver - Searching for key 'INFOPATH' in [systemProperties]
21:57:12.019 [Test worker] DEBUG o.s.c.e.PropertySourcesPropertyResolver - Searching for key 'INFOPATH' in [systemEnvironment]
21:57:12.019 [Test worker] DEBUG o.s.c.e.PropertySourcesPropertyResolver - Found key 'INFOPATH' in [systemEnvironment] with type [String] and value 'C:\Program Files\Git\usr\local\info;C:\Program Files\Git\usr\share\info;C:\Program Files\Git\usr\info;C:\Program Files\Git\share\info'
21:57:12.019 [Test worker] DEBUG o.s.c.e.PropertySourcesPropertyResolver - Searching for key 'PATHEXT' in [systemProperties]
21:57:12.019 [Test worker] DEBUG o.s.c.e.PropertySourcesPropertyResolver - Searching for key 'PATHEXT' in [systemEnvironment]
21:57:12.019 [Test worker] DEBUG o.s.c.e.PropertySourcesPropertyResolver - Found key 'PATHEXT' in [systemEnvironment] with type [String] and value '.COM;.EXE;.BAT;.CMD;.VBS;.VBE;.JS;.JSE;.WSF;.WSH;.MSC'
21:57:12.019 [Test worker] DEBUG o.s.c.e.PropertySourcesPropertyResolver - Searching for key 'SHELL' in [systemProperties]
21:57:12.019 [Test worker] DEBUG o.s.c.e.PropertySourcesPropertyResolver - Searching for key 'SHELL' in [systemEnvironment]
21:57:12.019 [Test worker] DEBUG o.s.c.e.PropertySourcesPropertyResolver - Found key 'SHELL' in [systemEnvironment] with type [String] and value 'C:\Program Files\Git\usr\bin\bash'
21:57:12.019 [Test worker] DEBUG o.s.c.e.PropertySourcesPropertyResolver - Searching for key 'OLDPWD' in [systemProperties]
21:57:12.019 [Test worker] DEBUG o.s.c.e.PropertySourcesPropertyResolver - Searching for key 'OLDPWD' in [systemEnvironment]
21:57:12.019 [Test worker] DEBUG o.s.c.e.PropertySourcesPropertyResolver - Found key 'OLDPWD' in [systemEnvironment] with type [String] and value 'C:/Users/Brusca/Documents/workspaceEclipse/Trabalho_desenv_tech_java'
21:57:12.019 [Test worker] DEBUG o.s.c.e.PropertySourcesPropertyResolver - Searching for key 'TMPDIR' in [systemProperties]
21:57:12.019 [Test worker] DEBUG o.s.c.e.PropertySourcesPropertyResolver - Searching for key 'TMPDIR' in [systemEnvironment]
21:57:12.019 [Test worker] DEBUG o.s.c.e.PropertySourcesPropertyResolver - Found key 'TMPDIR' in [systemEnvironment] with type [String] and value 'C:\Users\Brusca\AppData\Local\Temp'
21:57:12.019 [Test worker] DEBUG o.s.c.e.PropertySourcesPropertyResolver - Searching for key 'WINDIR' in [systemProperties]
21:57:12.019 [Test worker] DEBUG o.s.c.e.PropertySourcesPropertyResolver - Searching for key 'WINDIR' in [systemEnvironment]
21:57:12.019 [Test worker] DEBUG o.s.c.e.PropertySourcesPropertyResolver - Found key 'WINDIR' in [systemEnvironment] with type [String] and value 'C:\Windows'
21:57:12.019 [Test worker] DEBUG o.s.c.e.PropertySourcesPropertyResolver - Searching for key 'ProgramData' in [systemProperties]
21:57:12.023 [Test worker] DEBUG o.s.c.e.PropertySourcesPropertyResolver - Searching for key 'ProgramData' in [systemEnvironment]
21:57:12.023 [Test worker] DEBUG o.s.c.e.PropertySourcesPropertyResolver - Found key 'ProgramData' in [systemEnvironment] with type [String] and value 'C:\ProgramData'
21:57:12.023 [Test worker] DEBUG o.s.c.e.PropertySourcesPropertyResolver - Searching for key 'ProgramW6432' in [systemProperties]
21:57:12.023 [Test worker] DEBUG o.s.c.e.PropertySourcesPropertyResolver - Searching for key 'ProgramW6432' in [systemEnvironment]
21:57:12.027 [Test worker] DEBUG o.s.c.e.PropertySourcesPropertyResolver - Found key 'ProgramW6432' in [systemEnvironment] with type [String] and value 'C:\Program Files'
21:57:12.028 [Test worker] DEBUG o.s.c.e.PropertySourcesPropertyResolver - Searching for key 'SSH_ASKPASS' in [systemProperties]
21:57:12.028 [Test worker] DEBUG o.s.c.e.PropertySourcesPropertyResolver - Searching for key 'SSH_ASKPASS' in [systemEnvironment]
21:57:12.028 [Test worker] DEBUG o.s.c.e.PropertySourcesPropertyResolver - Found key 'SSH_ASKPASS' in [systemEnvironment] with type [String] and value 'C:/Program Files/Git/mingw64/libexec/git-core/git-gui--askpass'
21:57:12.028 [Test worker] DEBUG o.s.c.e.PropertySourcesPropertyResolver - Searching for key 'HOMEPATH' in [systemProperties]
21:57:12.028 [Test worker] DEBUG o.s.c.e.PropertySourcesPropertyResolver - Searching for key 'HOMEPATH' in [systemEnvironment]
21:57:12.028 [Test worker] DEBUG o.s.c.e.PropertySourcesPropertyResolver - Found key 'HOMEPATH' in [systemEnvironment] with type [String] and value '\Users\Brusca'
21:57:12.031 [Test worker] DEBUG o.s.c.e.PropertySourcesPropertyResolver - Searching for key 'PROCESSOR_IDENTIFIER' in [systemProperties]
21:57:12.031 [Test worker] DEBUG o.s.c.e.PropertySourcesPropertyResolver - Searching for key 'PROCESSOR_IDENTIFIER' in [systemEnvironment]
21:57:12.031 [Test worker] DEBUG o.s.c.e.PropertySourcesPropertyResolver - Found key 'PROCESSOR_IDENTIFIER' in [systemEnvironment] with type [String] and value 'AMD64 Family 16 Model 4 Stepping 3, AuthenticAMD'
21:57:12.031 [Test worker] DEBUG o.s.c.e.PropertySourcesPropertyResolver - Searching for key 'PUBLIC' in [systemProperties]
21:57:12.032 [Test worker] DEBUG o.s.c.e.PropertySourcesPropertyResolver - Searching for key 'PUBLIC' in [systemEnvironment]
21:57:12.033 [Test worker] DEBUG o.s.c.e.PropertySourcesPropertyResolver - Found key 'PUBLIC' in [systemEnvironment] with type [String] and value 'C:\Users\Public'
21:57:12.033 [Test worker] DEBUG o.s.c.e.PropertySourcesPropertyResolver - Searching for key '=::' in [systemProperties]
21:57:12.033 [Test worker] DEBUG o.s.c.e.PropertySourcesPropertyResolver - Searching for key '=::' in [systemEnvironment]
21:57:12.033 [Test worker] DEBUG o.s.c.e.PropertySourcesPropertyResolver - Found key '=::' in [systemEnvironment] with type [String] and value '::\'
21:57:12.033 [Test worker] DEBUG o.s.c.e.PropertySourcesPropertyResolver - Searching for key 'EXEPATH' in [systemProperties]
21:57:12.033 [Test worker] DEBUG o.s.c.e.PropertySourcesPropertyResolver - Searching for key 'EXEPATH' in [systemEnvironment]
21:57:12.033 [Test worker] DEBUG o.s.c.e.PropertySourcesPropertyResolver - Found key 'EXEPATH' in [systemEnvironment] with type [String] and value 'C:\Program Files\Git'
21:57:12.033 [Test worker] DEBUG o.s.c.e.PropertySourcesPropertyResolver - Searching for key 'SHLVL' in [systemProperties]
21:57:12.033 [Test worker] DEBUG o.s.c.e.PropertySourcesPropertyResolver - Searching for key 'SHLVL' in [systemEnvironment]
21:57:12.033 [Test worker] DEBUG o.s.c.e.PropertySourcesPropertyResolver - Found key 'SHLVL' in [systemEnvironment] with type [String] and value '1'
21:57:12.034 [Test worker] DEBUG o.s.c.e.PropertySourcesPropertyResolver - Searching for key 'LOCALAPPDATA' in [systemProperties]
21:57:12.035 [Test worker] DEBUG o.s.c.e.PropertySourcesPropertyResolver - Searching for key 'LOCALAPPDATA' in [systemEnvironment]
21:57:12.035 [Test worker] DEBUG o.s.c.e.PropertySourcesPropertyResolver - Found key 'LOCALAPPDATA' in [systemEnvironment] with type [String] and value 'C:\Users\Brusca\AppData\Local'
21:57:12.035 [Test worker] DEBUG o.s.c.e.PropertySourcesPropertyResolver - Searching for key 'MANPATH' in [systemProperties]
21:57:12.035 [Test worker] DEBUG o.s.c.e.PropertySourcesPropertyResolver - Searching for key 'MANPATH' in [systemEnvironment]
21:57:12.035 [Test worker] DEBUG o.s.c.e.PropertySourcesPropertyResolver - Found key 'MANPATH' in [systemEnvironment] with type [String] and value 'C:\Program Files\Git\mingw64\share\man;C:\Program Files\Git\usr\local\man;C:\Program Files\Git\usr\share\man;C:\Program Files\Git\usr\man;C:\Program Files\Git\share\man'
21:57:12.035 [Test worker] DEBUG o.s.c.e.PropertySourcesPropertyResolver - Searching for key 'USERDOMAIN' in [systemProperties]
21:57:12.035 [Test worker] DEBUG o.s.c.e.PropertySourcesPropertyResolver - Searching for key 'USERDOMAIN' in [systemEnvironment]
21:57:12.035 [Test worker] DEBUG o.s.c.e.PropertySourcesPropertyResolver - Found key 'USERDOMAIN' in [systemEnvironment] with type [String] and value 'Brusca_pc'
21:57:12.035 [Test worker] DEBUG o.s.c.e.PropertySourcesPropertyResolver - Searching for key 'LOGONSERVER' in [systemProperties]
21:57:12.035 [Test worker] DEBUG o.s.c.e.PropertySourcesPropertyResolver - Searching for key 'LOGONSERVER' in [systemEnvironment]
21:57:12.035 [Test worker] DEBUG o.s.c.e.PropertySourcesPropertyResolver - Found key 'LOGONSERVER' in [systemEnvironment] with type [String] and value '\\BRUSCA_PC'
21:57:12.035 [Test worker] DEBUG o.s.c.e.PropertySourcesPropertyResolver - Searching for key 'JAVA_HOME' in [systemProperties]
21:57:12.035 [Test worker] DEBUG o.s.c.e.PropertySourcesPropertyResolver - Searching for key 'JAVA_HOME' in [systemEnvironment]
21:57:12.035 [Test worker] DEBUG o.s.c.e.PropertySourcesPropertyResolver - Found key 'JAVA_HOME' in [systemEnvironment] with type [String] and value 'C:\Progra~2\Java\jdk1.8.0_45'
21:57:12.035 [Test worker] DEBUG o.s.c.e.PropertySourcesPropertyResolver - Searching for key 'PLINK_PROTOCOL' in [systemProperties]
21:57:12.035 [Test worker] DEBUG o.s.c.e.PropertySourcesPropertyResolver - Searching for key 'PLINK_PROTOCOL' in [systemEnvironment]
21:57:12.035 [Test worker] DEBUG o.s.c.e.PropertySourcesPropertyResolver - Found key 'PLINK_PROTOCOL' in [systemEnvironment] with type [String] and value 'ssh'
21:57:12.035 [Test worker] DEBUG o.s.c.e.PropertySourcesPropertyResolver - Searching for key 'TERM' in [systemProperties]
21:57:12.035 [Test worker] DEBUG o.s.c.e.PropertySourcesPropertyResolver - Searching for key 'TERM' in [systemEnvironment]
21:57:12.035 [Test worker] DEBUG o.s.c.e.PropertySourcesPropertyResolver - Found key 'TERM' in [systemEnvironment] with type [String] and value 'xterm'
21:57:12.036 [Test worker] DEBUG o.s.c.e.PropertySourcesPropertyResolver - Searching for key 'LANG' in [systemProperties]
21:57:12.037 [Test worker] DEBUG o.s.c.e.PropertySourcesPropertyResolver - Searching for key 'LANG' in [systemEnvironment]
21:57:12.037 [Test worker] DEBUG o.s.c.e.PropertySourcesPropertyResolver - Found key 'LANG' in [systemEnvironment] with type [String] and value 'pt_BR.UTF-8'
21:57:12.046 [Test worker] DEBUG o.s.c.e.PropertySourcesPropertyResolver - Searching for key 'DISPLAY' in [systemProperties]
21:57:12.046 [Test worker] DEBUG o.s.c.e.PropertySourcesPropertyResolver - Searching for key 'DISPLAY' in [systemEnvironment]
21:57:12.046 [Test worker] DEBUG o.s.c.e.PropertySourcesPropertyResolver - Found key 'DISPLAY' in [systemEnvironment] with type [String] and value 'needs-to-be-defined'
21:57:12.047 [Test worker] DEBUG o.s.c.e.PropertySourcesPropertyResolver - Searching for key 'MSYSTEM' in [systemProperties]
21:57:12.047 [Test worker] DEBUG o.s.c.e.PropertySourcesPropertyResolver - Searching for key 'MSYSTEM' in [systemEnvironment]
21:57:12.047 [Test worker] DEBUG o.s.c.e.PropertySourcesPropertyResolver - Found key 'MSYSTEM' in [systemEnvironment] with type [String] and value 'MINGW64'
21:57:12.048 [Test worker] DEBUG o.s.c.e.PropertySourcesPropertyResolver - Searching for key 'APPDATA' in [systemProperties]
21:57:12.048 [Test worker] DEBUG o.s.c.e.PropertySourcesPropertyResolver - Searching for key 'APPDATA' in [systemEnvironment]
21:57:12.048 [Test worker] DEBUG o.s.c.e.PropertySourcesPropertyResolver - Found key 'APPDATA' in [systemEnvironment] with type [String] and value 'C:\Users\Brusca\AppData\Roaming'
21:57:12.048 [Test worker] DEBUG o.s.c.e.PropertySourcesPropertyResolver - Searching for key 'SYSTEMROOT' in [systemProperties]
21:57:12.048 [Test worker] DEBUG o.s.c.e.PropertySourcesPropertyResolver - Searching for key 'SYSTEMROOT' in [systemEnvironment]
21:57:12.048 [Test worker] DEBUG o.s.c.e.PropertySourcesPropertyResolver - Found key 'SYSTEMROOT' in [systemEnvironment] with type [String] and value 'C:\Windows'
21:57:12.048 [Test worker] DEBUG o.s.c.e.PropertySourcesPropertyResolver - Searching for key 'OS' in [systemProperties]
21:57:12.048 [Test worker] DEBUG o.s.c.e.PropertySourcesPropertyResolver - Searching for key 'OS' in [systemEnvironment]
21:57:12.048 [Test worker] DEBUG o.s.c.e.PropertySourcesPropertyResolver - Found key 'OS' in [systemEnvironment] with type [String] and value 'Windows_NT'
21:57:12.048 [Test worker] DEBUG o.s.c.e.PropertySourcesPropertyResolver - Searching for key 'COMPUTERNAME' in [systemProperties]
21:57:12.048 [Test worker] DEBUG o.s.c.e.PropertySourcesPropertyResolver - Searching for key 'COMPUTERNAME' in [systemEnvironment]
21:57:12.048 [Test worker] DEBUG o.s.c.e.PropertySourcesPropertyResolver - Found key 'COMPUTERNAME' in [systemEnvironment] with type [String] and value 'BRUSCA_PC'
21:57:12.048 [Test worker] DEBUG o.s.c.e.PropertySourcesPropertyResolver - Searching for key 'COMMONPROGRAMFILES' in [systemProperties]
21:57:12.048 [Test worker] DEBUG o.s.c.e.PropertySourcesPropertyResolver - Searching for key 'COMMONPROGRAMFILES' in [systemEnvironment]
21:57:12.048 [Test worker] DEBUG o.s.c.e.PropertySourcesPropertyResolver - Found key 'COMMONPROGRAMFILES' in [systemEnvironment] with type [String] and value 'C:\Program Files\Common Files'
21:57:12.048 [Test worker] DEBUG o.s.c.e.PropertySourcesPropertyResolver - Searching for key 'COMSPEC' in [systemProperties]
21:57:12.048 [Test worker] DEBUG o.s.c.e.PropertySourcesPropertyResolver - Searching for key 'COMSPEC' in [systemEnvironment]
21:57:12.048 [Test worker] DEBUG o.s.c.e.PropertySourcesPropertyResolver - Found key 'COMSPEC' in [systemEnvironment] with type [String] and value 'C:\Windows\system32\cmd.exe'
21:57:12.048 [Test worker] DEBUG o.s.c.e.PropertySourcesPropertyResolver - Searching for key 'PROCESSOR_REVISION' in [systemProperties]
21:57:12.048 [Test worker] DEBUG o.s.c.e.PropertySourcesPropertyResolver - Searching for key 'PROCESSOR_REVISION' in [systemEnvironment]
21:57:12.048 [Test worker] DEBUG o.s.c.e.PropertySourcesPropertyResolver - Found key 'PROCESSOR_REVISION' in [systemEnvironment] with type [String] and value '0403'
21:57:12.048 [Test worker] DEBUG o.s.c.e.PropertySourcesPropertyResolver - Searching for key 'CommonProgramW6432' in [systemProperties]
21:57:12.048 [Test worker] DEBUG o.s.c.e.PropertySourcesPropertyResolver - Searching for key 'CommonProgramW6432' in [systemEnvironment]
21:57:12.048 [Test worker] DEBUG o.s.c.e.PropertySourcesPropertyResolver - Found key 'CommonProgramW6432' in [systemEnvironment] with type [String] and value 'C:\Program Files\Common Files'
21:57:12.049 [Test worker] DEBUG o.s.c.e.PropertySourcesPropertyResolver - Searching for key 'ACLOCAL_PATH' in [systemProperties]
21:57:12.049 [Test worker] DEBUG o.s.c.e.PropertySourcesPropertyResolver - Searching for key 'ACLOCAL_PATH' in [systemEnvironment]
21:57:12.049 [Test worker] DEBUG o.s.c.e.PropertySourcesPropertyResolver - Found key 'ACLOCAL_PATH' in [systemEnvironment] with type [String] and value 'C:\Program Files\Git\mingw64\share\aclocal;C:\Program Files\Git\usr\share\aclocal'
21:57:12.049 [Test worker] DEBUG o.s.c.e.PropertySourcesPropertyResolver - Searching for key 'PRINTER' in [systemProperties]
21:57:12.049 [Test worker] DEBUG o.s.c.e.PropertySourcesPropertyResolver - Searching for key 'PRINTER' in [systemEnvironment]
21:57:12.049 [Test worker] DEBUG o.s.c.e.PropertySourcesPropertyResolver - Found key 'PRINTER' in [systemEnvironment] with type [String] and value 'Foxit Reader PDF Printer'
21:57:12.049 [Test worker] DEBUG o.s.c.e.PropertySourcesPropertyResolver - Searching for key 'TEMP' in [systemProperties]
21:57:12.049 [Test worker] DEBUG o.s.c.e.PropertySourcesPropertyResolver - Searching for key 'TEMP' in [systemEnvironment]
21:57:12.049 [Test worker] DEBUG o.s.c.e.PropertySourcesPropertyResolver - Found key 'TEMP' in [systemEnvironment] with type [String] and value 'C:\Users\Brusca\AppData\Local\Temp'
21:57:12.049 [Test worker] DEBUG o.s.c.e.PropertySourcesPropertyResolver - Searching for key 'HOSTNAME' in [systemProperties]
21:57:12.049 [Test worker] DEBUG o.s.c.e.PropertySourcesPropertyResolver - Searching for key 'HOSTNAME' in [systemEnvironment]
21:57:12.049 [Test worker] DEBUG o.s.c.e.PropertySourcesPropertyResolver - Found key 'HOSTNAME' in [systemEnvironment] with type [String] and value 'Brusca_pc'
21:57:12.049 [Test worker] DEBUG o.s.c.e.PropertySourcesPropertyResolver - Searching for key 'HOMEDRIVE' in [systemProperties]
21:57:12.049 [Test worker] DEBUG o.s.c.e.PropertySourcesPropertyResolver - Searching for key 'HOMEDRIVE' in [systemEnvironment]
21:57:12.049 [Test worker] DEBUG o.s.c.e.PropertySourcesPropertyResolver - Found key 'HOMEDRIVE' in [systemEnvironment] with type [String] and value 'C:'
21:57:12.049 [Test worker] DEBUG o.s.c.e.PropertySourcesPropertyResolver - Searching for key 'USERPROFILE' in [systemProperties]
21:57:12.049 [Test worker] DEBUG o.s.c.e.PropertySourcesPropertyResolver - Searching for key 'USERPROFILE' in [systemEnvironment]
21:57:12.049 [Test worker] DEBUG o.s.c.e.PropertySourcesPropertyResolver - Found key 'USERPROFILE' in [systemEnvironment] with type [String] and value 'C:\Users\Brusca'
21:57:12.049 [Test worker] DEBUG o.s.c.e.PropertySourcesPropertyResolver - Searching for key 'TMP' in [systemProperties]
21:57:12.049 [Test worker] DEBUG o.s.c.e.PropertySourcesPropertyResolver - Searching for key 'TMP' in [systemEnvironment]
21:57:12.049 [Test worker] DEBUG o.s.c.e.PropertySourcesPropertyResolver - Found key 'TMP' in [systemEnvironment] with type [String] and value 'C:\Users\Brusca\AppData\Local\Temp'
21:57:12.049 [Test worker] DEBUG o.s.c.e.PropertySourcesPropertyResolver - Searching for key 'CommonProgramFiles(x86)' in [systemProperties]
21:57:12.050 [Test worker] DEBUG o.s.c.e.PropertySourcesPropertyResolver - Searching for key 'CommonProgramFiles(x86)' in [systemEnvironment]
21:57:12.050 [Test worker] DEBUG o.s.c.e.PropertySourcesPropertyResolver - Found key 'CommonProgramFiles(x86)' in [systemEnvironment] with type [String] and value 'C:\Program Files (x86)\Common Files'
21:57:12.050 [Test worker] DEBUG o.s.c.e.PropertySourcesPropertyResolver - Searching for key 'NUMBER_OF_PROCESSORS' in [systemProperties]
21:57:12.050 [Test worker] DEBUG o.s.c.e.PropertySourcesPropertyResolver - Searching for key 'NUMBER_OF_PROCESSORS' in [systemEnvironment]
21:57:12.050 [Test worker] DEBUG o.s.c.e.PropertySourcesPropertyResolver - Found key 'NUMBER_OF_PROCESSORS' in [systemEnvironment] with type [String] and value '4'
21:57:12.050 [Test worker] DEBUG o.s.c.e.PropertySourcesPropertyResolver - Searching for key 'HOME' in [systemProperties]
21:57:12.050 [Test worker] DEBUG o.s.c.e.PropertySourcesPropertyResolver - Searching for key 'HOME' in [systemEnvironment]
21:57:12.051 [Test worker] DEBUG o.s.c.e.PropertySourcesPropertyResolver - Found key 'HOME' in [systemEnvironment] with type [String] and value 'C:\Users\Brusca'
21:57:12.052 [Test worker] DEBUG o.s.c.e.PropertySourcesPropertyResolver - Searching for key 'spring.jmx.enabled' in [systemProperties]
21:57:12.053 [Test worker] DEBUG o.s.c.e.PropertySourcesPropertyResolver - Searching for key 'spring.jmx.enabled' in [systemEnvironment]
21:57:12.053 [Test worker] DEBUG o.s.c.e.PropertySourcesPropertyResolver - Searching for key 'spring.jmx.enabled' in [random]
21:57:12.053 [Test worker] DEBUG o.s.c.e.PropertySourcesPropertyResolver - Searching for key 'spring.jmx.enabled' in [integrationTest]
21:57:12.053 [Test worker] DEBUG o.s.c.e.PropertySourcesPropertyResolver - Found key 'spring.jmx.enabled' in [integrationTest] with type [String] and value 'false'
21:57:12.053 [Test worker] DEBUG o.s.c.e.PropertySourcesPropertyResolver - Searching for key 'server.port' in [systemProperties]
21:57:12.053 [Test worker] DEBUG o.s.c.e.PropertySourcesPropertyResolver - Searching for key 'server.port' in [systemEnvironment]
21:57:12.053 [Test worker] DEBUG o.s.c.e.PropertySourcesPropertyResolver - Searching for key 'server.port' in [random]
21:57:12.053 [Test worker] DEBUG o.s.c.e.PropertySourcesPropertyResolver - Searching for key 'server.port' in [integrationTest]
21:57:12.054 [Test worker] DEBUG o.s.c.e.PropertySourcesPropertyResolver - Found key 'server.port' in [integrationTest] with type [String] and value '-1'
21:57:12.054 [Test worker] DEBUG o.s.c.e.PropertySourcesPropertyResolver - Searching for key 'spring.datasource.username' in [systemProperties]
21:57:12.054 [Test worker] DEBUG o.s.c.e.PropertySourcesPropertyResolver - Searching for key 'spring.datasource.username' in [systemEnvironment]
21:57:12.054 [Test worker] DEBUG o.s.c.e.PropertySourcesPropertyResolver - Searching for key 'spring.datasource.username' in [random]
21:57:12.054 [Test worker] DEBUG o.s.c.e.PropertySourcesPropertyResolver - Searching for key 'spring.datasource.username' in [integrationTest]
21:57:12.054 [Test worker] DEBUG o.s.c.e.PropertySourcesPropertyResolver - Searching for key 'spring.datasource.username' in [applicationConfigurationProperties]
21:57:12.054 [Test worker] DEBUG o.s.c.e.PropertySourcesPropertyResolver - Found key 'spring.datasource.username' in [applicationConfigurationProperties] with type [String] and value 'sa'
21:57:12.054 [Test worker] DEBUG o.s.c.e.PropertySourcesPropertyResolver - Searching for key 'spring.datasource.driverClassName' in [systemProperties]
21:57:12.054 [Test worker] DEBUG o.s.c.e.PropertySourcesPropertyResolver - Searching for key 'spring.datasource.driverClassName' in [systemEnvironment]
21:57:12.054 [Test worker] DEBUG o.s.c.e.PropertySourcesPropertyResolver - Searching for key 'spring.datasource.driverClassName' in [random]
21:57:12.054 [Test worker] DEBUG o.s.c.e.PropertySourcesPropertyResolver - Searching for key 'spring.datasource.driverClassName' in [integrationTest]
21:57:12.054 [Test worker] DEBUG o.s.c.e.PropertySourcesPropertyResolver - Searching for key 'spring.datasource.driverClassName' in [applicationConfigurationProperties]
21:57:12.054 [Test worker] DEBUG o.s.c.e.PropertySourcesPropertyResolver - Found key 'spring.datasource.driverClassName' in [applicationConfigurationProperties] with type [String] and value 'org.h2.Driver'
21:57:12.054 [Test worker] DEBUG o.s.c.e.PropertySourcesPropertyResolver - Searching for key 'server.port' in [systemProperties]
21:57:12.054 [Test worker] DEBUG o.s.c.e.PropertySourcesPropertyResolver - Searching for key 'server.port' in [systemEnvironment]
21:57:12.054 [Test worker] DEBUG o.s.c.e.PropertySourcesPropertyResolver - Searching for key 'server.port' in [random]
21:57:12.054 [Test worker] DEBUG o.s.c.e.PropertySourcesPropertyResolver - Searching for key 'server.port' in [integrationTest]
21:57:12.054 [Test worker] DEBUG o.s.c.e.PropertySourcesPropertyResolver - Found key 'server.port' in [integrationTest] with type [String] and value '-1'
21:57:12.054 [Test worker] DEBUG o.s.c.e.PropertySourcesPropertyResolver - Searching for key 'spring.datasource.password' in [systemProperties]
21:57:12.055 [Test worker] DEBUG o.s.c.e.PropertySourcesPropertyResolver - Searching for key 'spring.datasource.password' in [systemEnvironment]
21:57:12.055 [Test worker] DEBUG o.s.c.e.PropertySourcesPropertyResolver - Searching for key 'spring.datasource.password' in [random]
21:57:12.055 [Test worker] DEBUG o.s.c.e.PropertySourcesPropertyResolver - Searching for key 'spring.datasource.password' in [integrationTest]
21:57:12.055 [Test worker] DEBUG o.s.c.e.PropertySourcesPropertyResolver - Searching for key 'spring.datasource.password' in [applicationConfigurationProperties]
21:57:12.055 [Test worker] DEBUG o.s.c.e.PropertySourcesPropertyResolver - Found key 'spring.datasource.password' in [applicationConfigurationProperties] with type [String] and value ''
21:57:12.055 [Test worker] DEBUG o.s.c.e.PropertySourcesPropertyResolver - Searching for key 'spring.h2.console.enabled' in [systemProperties]
21:57:12.055 [Test worker] DEBUG o.s.c.e.PropertySourcesPropertyResolver - Searching for key 'spring.h2.console.enabled' in [systemEnvironment]
21:57:12.055 [Test worker] DEBUG o.s.c.e.PropertySourcesPropertyResolver - Searching for key 'spring.h2.console.enabled' in [random]
21:57:12.055 [Test worker] DEBUG o.s.c.e.PropertySourcesPropertyResolver - Searching for key 'spring.h2.console.enabled' in [integrationTest]
21:57:12.055 [Test worker] DEBUG o.s.c.e.PropertySourcesPropertyResolver - Searching for key 'spring.h2.console.enabled' in [applicationConfigurationProperties]
21:57:12.058 [Test worker] DEBUG o.s.c.e.PropertySourcesPropertyResolver - Found key 'spring.h2.console.enabled' in [applicationConfigurationProperties] with type [String] and value 'true'
21:57:12.059 [Test worker] DEBUG o.s.c.e.PropertySourcesPropertyResolver - Searching for key 'management.port' in [systemProperties]
21:57:12.059 [Test worker] DEBUG o.s.c.e.PropertySourcesPropertyResolver - Searching for key 'management.port' in [systemEnvironment]
21:57:12.059 [Test worker] DEBUG o.s.c.e.PropertySourcesPropertyResolver - Searching for key 'management.port' in [random]
21:57:12.059 [Test worker] DEBUG o.s.c.e.PropertySourcesPropertyResolver - Searching for key 'management.port' in [integrationTest]
21:57:12.059 [Test worker] DEBUG o.s.c.e.PropertySourcesPropertyResolver - Searching for key 'management.port' in [applicationConfigurationProperties]
21:57:12.059 [Test worker] DEBUG o.s.c.e.PropertySourcesPropertyResolver - Found key 'management.port' in [applicationConfigurationProperties] with type [String] and value '9001'
21:57:12.059 [Test worker] DEBUG o.s.c.e.PropertySourcesPropertyResolver - Searching for key 'spring.datasource.url' in [systemProperties]
21:57:12.059 [Test worker] DEBUG o.s.c.e.PropertySourcesPropertyResolver - Searching for key 'spring.datasource.url' in [systemEnvironment]
21:57:12.059 [Test worker] DEBUG o.s.c.e.PropertySourcesPropertyResolver - Searching for key 'spring.datasource.url' in [random]
21:57:12.059 [Test worker] DEBUG o.s.c.e.PropertySourcesPropertyResolver - Searching for key 'spring.datasource.url' in [integrationTest]
21:57:12.059 [Test worker] DEBUG o.s.c.e.PropertySourcesPropertyResolver - Searching for key 'spring.datasource.url' in [applicationConfigurationProperties]
21:57:12.059 [Test worker] DEBUG o.s.c.e.PropertySourcesPropertyResolver - Found key 'spring.datasource.url' in [applicationConfigurationProperties] with type [String] and value 'jdbc:h2:file:./Trabalho_desenv_tech_java'
21:57:12.067 [Test worker] DEBUG o.s.b.f.s.DefaultListableBeanFactory - Returning cached instance of singleton bean 'autoConfigurationReport'
21:57:12.074 [Test worker] DEBUG o.s.b.f.s.DefaultListableBeanFactory - Returning cached instance of singleton bean 'autoConfigurationReport'
21:57:12.083 [Test worker] DEBUG o.s.b.f.s.DefaultListableBeanFactory - Returning cached instance of singleton bean 'autoConfigurationReport'
21:57:12.086 [Test worker] DEBUG o.s.b.f.s.DefaultListableBeanFactory - Returning cached instance of singleton bean 'autoConfigurationReport'
21:57:12.088 [Test worker] DEBUG o.s.b.f.s.DefaultListableBeanFactory - Returning cached instance of singleton bean 'autoConfigurationReport'
21:57:12.089 [Test worker] DEBUG o.s.b.f.s.DefaultListableBeanFactory - Returning cached instance of singleton bean 'autoConfigurationReport'
21:57:12.093 [Test worker] DEBUG o.s.b.f.s.DefaultListableBeanFactory - Returning cached instance of singleton bean 'autoConfigurationReport'
21:57:12.119 [Test worker] DEBUG o.s.b.f.s.DefaultListableBeanFactory - Returning cached instance of singleton bean 'autoConfigurationReport'
21:57:12.125 [Test worker] DEBUG o.s.b.f.s.DefaultListableBeanFactory - Returning cached instance of singleton bean 'autoConfigurationReport'
21:57:12.128 [Test worker] DEBUG o.s.b.f.s.DefaultListableBeanFactory - Returning cached instance of singleton bean 'autoConfigurationReport'
21:57:12.129 [Test worker] DEBUG o.s.b.f.s.DefaultListableBeanFactory - Returning cached instance of singleton bean 'autoConfigurationReport'
21:57:12.130 [Test worker] DEBUG o.s.b.f.s.DefaultListableBeanFactory - Returning cached instance of singleton bean 'autoConfigurationReport'
21:57:12.130 [Test worker] DEBUG o.s.b.f.s.DefaultListableBeanFactory - Returning cached instance of singleton bean 'autoConfigurationReport'
21:57:12.133 [Test worker] DEBUG o.s.b.f.s.DefaultListableBeanFactory - Returning cached instance of singleton bean 'autoConfigurationReport'
21:57:12.134 [Test worker] DEBUG o.s.b.f.s.DefaultListableBeanFactory - Returning cached instance of singleton bean 'autoConfigurationReport'
21:57:12.135 [Test worker] DEBUG o.s.b.f.s.DefaultListableBeanFactory - Returning cached instance of singleton bean 'autoConfigurationReport'
21:57:12.141 [Test worker] DEBUG o.s.b.f.s.DefaultListableBeanFactory - Returning cached instance of singleton bean 'autoConfigurationReport'
21:57:12.143 [Test worker] DEBUG o.s.b.f.s.DefaultListableBeanFactory - Returning cached instance of singleton bean 'autoConfigurationReport'
21:57:12.145 [Test worker] DEBUG o.s.b.f.s.DefaultListableBeanFactory - Returning cached instance of singleton bean 'autoConfigurationReport'
21:57:12.146 [Test worker] DEBUG o.s.b.f.s.DefaultListableBeanFactory - Returning cached instance of singleton bean 'autoConfigurationReport'
21:57:12.147 [Test worker] DEBUG o.s.b.f.s.DefaultListableBeanFactory - Returning cached instance of singleton bean 'autoConfigurationReport'
21:57:12.152 [Test worker] DEBUG o.s.b.f.s.DefaultListableBeanFactory - Returning cached instance of singleton bean 'autoConfigurationReport'
21:57:12.153 [Test worker] DEBUG o.s.b.f.s.DefaultListableBeanFactory - Returning cached instance of singleton bean 'autoConfigurationReport'
21:57:12.156 [Test worker] DEBUG o.s.b.f.s.DefaultListableBeanFactory - Returning cached instance of singleton bean 'autoConfigurationReport'
21:57:12.162 [Test worker] DEBUG o.s.b.f.s.DefaultListableBeanFactory - Returning cached instance of singleton bean 'autoConfigurationReport'
21:57:12.163 [Test worker] DEBUG o.s.b.f.s.DefaultListableBeanFactory - Returning cached instance of singleton bean 'autoConfigurationReport'
21:57:12.164 [Test worker] DEBUG o.s.b.f.s.DefaultListableBeanFactory - Returning cached instance of singleton bean 'autoConfigurationReport'
21:57:12.166 [Test worker] DEBUG o.s.b.f.s.DefaultListableBeanFactory - Returning cached instance of singleton bean 'autoConfigurationReport'
21:57:12.167 [Test worker] DEBUG o.s.b.f.s.DefaultListableBeanFactory - Returning cached instance of singleton bean 'autoConfigurationReport'
21:57:12.168 [Test worker] DEBUG o.s.b.f.s.DefaultListableBeanFactory - Returning cached instance of singleton bean 'autoConfigurationReport'
21:57:12.170 [Test worker] DEBUG o.s.b.f.s.DefaultListableBeanFactory - Returning cached instance of singleton bean 'autoConfigurationReport'
21:57:12.170 [Test worker] DEBUG o.s.b.f.s.DefaultListableBeanFactory - Returning cached instance of singleton bean 'autoConfigurationReport'
21:57:12.182 [Test worker] DEBUG o.s.b.f.s.DefaultListableBeanFactory - Returning cached instance of singleton bean 'autoConfigurationReport'
21:57:12.195 [Test worker] DEBUG o.s.b.f.s.DefaultListableBeanFactory - Returning cached instance of singleton bean 'autoConfigurationReport'
21:57:12.196 [Test worker] DEBUG o.s.b.f.s.DefaultListableBeanFactory - Returning cached instance of singleton bean 'autoConfigurationReport'
21:57:12.196 [Test worker] DEBUG o.s.b.f.s.DefaultListableBeanFactory - Returning cached instance of singleton bean 'autoConfigurationReport'
21:57:12.197 [Test worker] DEBUG o.s.b.f.s.DefaultListableBeanFactory - Returning cached instance of singleton bean 'autoConfigurationReport'
21:57:12.199 [Test worker] DEBUG o.s.b.f.s.DefaultListableBeanFactory - Returning cached instance of singleton bean 'autoConfigurationReport'
21:57:12.207 [Test worker] DEBUG o.s.b.f.s.DefaultListableBeanFactory - Returning cached instance of singleton bean 'autoConfigurationReport'
21:57:12.208 [Test worker] DEBUG o.s.b.f.s.DefaultListableBeanFactory - Returning cached instance of singleton bean 'autoConfigurationReport'
21:57:12.208 [Test worker] DEBUG o.s.b.f.s.DefaultListableBeanFactory - Returning cached instance of singleton bean 'autoConfigurationReport'
21:57:12.209 [Test worker] DEBUG o.s.b.f.s.DefaultListableBeanFactory - Returning cached instance of singleton bean 'autoConfigurationReport'
21:57:12.214 [Test worker] DEBUG o.s.b.f.s.DefaultListableBeanFactory - Returning cached instance of singleton bean 'autoConfigurationReport'
21:57:12.215 [Test worker] DEBUG o.s.b.f.s.DefaultListableBeanFactory - Returning cached instance of singleton bean 'autoConfigurationReport'
21:57:12.216 [Test worker] DEBUG o.s.b.f.s.DefaultListableBeanFactory - Returning cached instance of singleton bean 'autoConfigurationReport'
21:57:12.217 [Test worker] DEBUG o.s.b.f.s.DefaultListableBeanFactory - Returning cached instance of singleton bean 'autoConfigurationReport'
21:57:12.218 [Test worker] DEBUG o.s.b.f.s.DefaultListableBeanFactory - Returning cached instance of singleton bean 'autoConfigurationReport'
21:57:12.219 [Test worker] DEBUG o.s.b.f.s.DefaultListableBeanFactory - Returning cached instance of singleton bean 'autoConfigurationReport'
21:57:12.220 [Test worker] DEBUG o.s.b.f.s.DefaultListableBeanFactory - Returning cached instance of singleton bean 'autoConfigurationReport'
21:57:12.223 [Test worker] DEBUG o.s.b.f.s.DefaultListableBeanFactory - Returning cached instance of singleton bean 'autoConfigurationReport'
21:57:12.224 [Test worker] DEBUG o.s.b.f.s.DefaultListableBeanFactory - Returning cached instance of singleton bean 'autoConfigurationReport'
21:57:12.226 [Test worker] DEBUG o.s.b.f.s.DefaultListableBeanFactory - Returning cached instance of singleton bean 'autoConfigurationReport'
21:57:12.232 [Test worker] DEBUG o.s.b.f.s.DefaultListableBeanFactory - Returning cached instance of singleton bean 'autoConfigurationReport'
21:57:12.236 [Test worker] DEBUG o.s.b.f.s.DefaultListableBeanFactory - Returning cached instance of singleton bean 'autoConfigurationReport'
21:57:12.238 [Test worker] DEBUG o.s.b.f.s.DefaultListableBeanFactory - Returning cached instance of singleton bean 'autoConfigurationReport'
21:57:12.239 [Test worker] DEBUG o.s.b.f.s.DefaultListableBeanFactory - Returning cached instance of singleton bean 'autoConfigurationReport'
21:57:12.241 [Test worker] DEBUG o.s.b.f.s.DefaultListableBeanFactory - Returning cached instance of singleton bean 'autoConfigurationReport'
21:57:12.242 [Test worker] DEBUG o.s.b.f.s.DefaultListableBeanFactory - Returning cached instance of singleton bean 'autoConfigurationReport'
21:57:12.242 [Test worker] DEBUG o.s.b.f.s.DefaultListableBeanFactory - Returning cached instance of singleton bean 'autoConfigurationReport'
21:57:12.245 [Test worker] DEBUG o.s.b.f.s.DefaultListableBeanFactory - Returning cached instance of singleton bean 'autoConfigurationReport'
21:57:12.253 [Test worker] DEBUG o.s.b.f.s.DefaultListableBeanFactory - Returning cached instance of singleton bean 'autoConfigurationReport'
21:57:12.258 [Test worker] DEBUG o.s.b.f.s.DefaultListableBeanFactory - Returning cached instance of singleton bean 'autoConfigurationReport'
21:57:12.259 [Test worker] DEBUG o.s.b.f.s.DefaultListableBeanFactory - Returning cached instance of singleton bean 'autoConfigurationReport'
21:57:12.261 [Test worker] DEBUG o.s.b.f.s.DefaultListableBeanFactory - Returning cached instance of singleton bean 'autoConfigurationReport'
21:57:12.263 [Test worker] DEBUG o.s.b.f.s.DefaultListableBeanFactory - Returning cached instance of singleton bean 'autoConfigurationReport'
21:57:12.265 [Test worker] DEBUG o.s.b.f.s.DefaultListableBeanFactory - Returning cached instance of singleton bean 'autoConfigurationReport'
21:57:12.267 [Test worker] DEBUG o.s.b.f.s.DefaultListableBeanFactory - Returning cached instance of singleton bean 'autoConfigurationReport'
21:57:12.268 [Test worker] DEBUG o.s.b.f.s.DefaultListableBeanFactory - Returning cached instance of singleton bean 'autoConfigurationReport'
21:57:12.272 [Test worker] DEBUG o.s.b.f.s.DefaultListableBeanFactory - Returning cached instance of singleton bean 'autoConfigurationReport'
21:57:12.273 [Test worker] DEBUG o.s.b.f.s.DefaultListableBeanFactory - Returning cached instance of singleton bean 'autoConfigurationReport'
21:57:12.277 [Test worker] DEBUG o.s.b.f.s.DefaultListableBeanFactory - Returning cached instance of singleton bean 'autoConfigurationReport'
21:57:12.281 [Test worker] DEBUG o.s.b.f.s.DefaultListableBeanFactory - Returning cached instance of singleton bean 'autoConfigurationReport'
21:57:12.281 [Test worker] DEBUG o.s.b.f.s.DefaultListableBeanFactory - Returning cached instance of singleton bean 'autoConfigurationReport'
21:57:12.287 [Test worker] DEBUG o.s.b.f.s.DefaultListableBeanFactory - Returning cached instance of singleton bean 'autoConfigurationReport'
21:57:12.287 [Test worker] DEBUG o.s.b.f.s.DefaultListableBeanFactory - Returning cached instance of singleton bean 'autoConfigurationReport'
21:57:12.289 [Test worker] DEBUG o.s.b.f.s.DefaultListableBeanFactory - Returning cached instance of singleton bean 'autoConfigurationReport'
21:57:12.294 [Test worker] DEBUG o.s.b.f.s.DefaultListableBeanFactory - Returning cached instance of singleton bean 'autoConfigurationReport'
21:57:12.295 [Test worker] DEBUG o.s.c.e.PropertySourcesPropertyResolver - Searching for key 'spring.jmx.enabled' in [systemProperties]
21:57:12.295 [Test worker] DEBUG o.s.c.e.PropertySourcesPropertyResolver - Searching for key 'spring.jmx.enabled' in [systemEnvironment]
21:57:12.295 [Test worker] DEBUG o.s.c.e.PropertySourcesPropertyResolver - Searching for key 'spring.jmx.enabled' in [random]
21:57:12.295 [Test worker] DEBUG o.s.c.e.PropertySourcesPropertyResolver - Searching for key 'spring.jmx.enabled' in [integrationTest]
21:57:12.295 [Test worker] DEBUG o.s.c.e.PropertySourcesPropertyResolver - Found key 'spring.jmx.enabled' in [integrationTest] with type [String] and value 'false'
21:57:12.295 [Test worker] DEBUG o.s.b.f.s.DefaultListableBeanFactory - Returning cached instance of singleton bean 'autoConfigurationReport'
21:57:12.296 [Test worker] DEBUG o.s.b.f.s.DefaultListableBeanFactory - Returning cached instance of singleton bean 'autoConfigurationReport'
21:57:12.300 [Test worker] DEBUG o.s.b.f.s.DefaultListableBeanFactory - Returning cached instance of singleton bean 'autoConfigurationReport'
21:57:12.300 [Test worker] DEBUG o.s.b.f.s.DefaultListableBeanFactory - Returning cached instance of singleton bean 'autoConfigurationReport'
21:57:12.302 [Test worker] DEBUG o.s.b.f.s.DefaultListableBeanFactory - Returning cached instance of singleton bean 'autoConfigurationReport'
21:57:12.302 [Test worker] DEBUG o.s.b.f.s.DefaultListableBeanFactory - Returning cached instance of singleton bean 'autoConfigurationReport'
21:57:12.303 [Test worker] DEBUG o.s.b.f.s.DefaultListableBeanFactory - Returning cached instance of singleton bean 'autoConfigurationReport'
21:57:12.311 [Test worker] DEBUG o.s.b.f.s.DefaultListableBeanFactory - Returning cached instance of singleton bean 'autoConfigurationReport'
21:57:12.313 [Test worker] DEBUG o.s.b.f.s.DefaultListableBeanFactory - Returning cached instance of singleton bean 'autoConfigurationReport'
21:57:12.314 [Test worker] DEBUG o.s.b.f.s.DefaultListableBeanFactory - Returning cached instance of singleton bean 'autoConfigurationReport'
21:57:12.318 [Test worker] DEBUG o.s.c.e.PropertySourcesPropertyResolver - Searching for key 'spring.jmx.enabled' in [systemProperties]
21:57:12.318 [Test worker] DEBUG o.s.c.e.PropertySourcesPropertyResolver - Searching for key 'spring.jmx.enabled' in [systemEnvironment]
21:57:12.318 [Test worker] DEBUG o.s.c.e.PropertySourcesPropertyResolver - Searching for key 'spring.jmx.enabled' in [random]
21:57:12.318 [Test worker] DEBUG o.s.c.e.PropertySourcesPropertyResolver - Searching for key 'spring.jmx.enabled' in [integrationTest]
21:57:12.318 [Test worker] DEBUG o.s.c.e.PropertySourcesPropertyResolver - Found key 'spring.jmx.enabled' in [integrationTest] with type [String] and value 'false'
21:57:12.318 [Test worker] DEBUG o.s.b.f.s.DefaultListableBeanFactory - Returning cached instance of singleton bean 'autoConfigurationReport'
21:57:12.318 [Test worker] DEBUG o.s.b.f.s.DefaultListableBeanFactory - Returning cached instance of singleton bean 'autoConfigurationReport'
21:57:12.324 [Test worker] DEBUG o.s.b.f.s.DefaultListableBeanFactory - Returning cached instance of singleton bean 'autoConfigurationReport'
21:57:12.324 [Test worker] DEBUG o.s.b.f.s.DefaultListableBeanFactory - Returning cached instance of singleton bean 'autoConfigurationReport'
21:57:12.337 [Test worker] DEBUG o.s.b.f.s.DefaultListableBeanFactory - Returning cached instance of singleton bean 'autoConfigurationReport'
21:57:12.341 [Test worker] DEBUG o.s.b.f.s.DefaultListableBeanFactory - Returning cached instance of singleton bean 'autoConfigurationReport'
21:57:12.342 [Test worker] DEBUG o.s.b.f.s.DefaultListableBeanFactory - Returning cached instance of singleton bean 'autoConfigurationReport'
21:57:12.343 [Test worker] DEBUG o.s.b.f.s.DefaultListableBeanFactory - Returning cached instance of singleton bean 'autoConfigurationReport'
21:57:12.344 [Test worker] DEBUG o.s.b.f.s.DefaultListableBeanFactory - Returning cached instance of singleton bean 'autoConfigurationReport'
21:57:12.345 [Test worker] DEBUG o.s.b.f.s.DefaultListableBeanFactory - Returning cached instance of singleton bean 'autoConfigurationReport'
21:57:12.352 [Test worker] DEBUG o.s.b.f.s.DefaultListableBeanFactory - Returning cached instance of singleton bean 'autoConfigurationReport'
21:57:12.352 [Test worker] DEBUG o.s.b.f.s.DefaultListableBeanFactory - Returning cached instance of singleton bean 'autoConfigurationReport'
21:57:12.352 [Test worker] DEBUG o.s.b.f.s.DefaultListableBeanFactory - Returning cached instance of singleton bean 'autoConfigurationReport'
21:57:12.355 [Test worker] DEBUG o.s.b.f.s.DefaultListableBeanFactory - Returning cached instance of singleton bean 'autoConfigurationReport'
21:57:12.356 [Test worker] DEBUG o.s.b.f.s.DefaultListableBeanFactory - Returning cached instance of singleton bean 'autoConfigurationReport'
21:57:12.358 [Test worker] DEBUG o.s.b.f.s.DefaultListableBeanFactory - Returning cached instance of singleton bean 'autoConfigurationReport'
21:57:12.360 [Test worker] DEBUG o.s.b.f.s.DefaultListableBeanFactory - Returning cached instance of singleton bean 'autoConfigurationReport'
21:57:12.361 [Test worker] DEBUG o.s.b.f.s.DefaultListableBeanFactory - Returning cached instance of singleton bean 'autoConfigurationReport'
21:57:12.385 [Test worker] DEBUG o.s.b.f.s.DefaultListableBeanFactory - Returning cached instance of singleton bean 'autoConfigurationReport'
21:57:12.386 [Test worker] DEBUG o.s.b.f.s.DefaultListableBeanFactory - Returning cached instance of singleton bean 'autoConfigurationReport'
21:57:12.388 [Test worker] DEBUG o.s.b.f.s.DefaultListableBeanFactory - Returning cached instance of singleton bean 'autoConfigurationReport'
21:57:12.397 [Test worker] DEBUG o.s.b.f.s.DefaultListableBeanFactory - Returning cached instance of singleton bean 'autoConfigurationReport'
21:57:12.398 [Test worker] DEBUG o.s.b.f.s.DefaultListableBeanFactory - Returning cached instance of singleton bean 'autoConfigurationReport'
21:57:12.400 [Test worker] DEBUG o.s.b.f.s.DefaultListableBeanFactory - Returning cached instance of singleton bean 'autoConfigurationReport'
21:57:12.403 [Test worker] DEBUG o.s.b.f.s.DefaultListableBeanFactory - Returning cached instance of singleton bean 'autoConfigurationReport'
21:57:12.405 [Test worker] DEBUG o.s.b.f.s.DefaultListableBeanFactory - Returning cached instance of singleton bean 'autoConfigurationReport'
21:57:12.406 [Test worker] DEBUG o.s.b.f.s.DefaultListableBeanFactory - Returning cached instance of singleton bean 'autoConfigurationReport'
21:57:12.412 [Test worker] DEBUG o.s.b.f.s.DefaultListableBeanFactory - Returning cached instance of singleton bean 'autoConfigurationReport'
21:57:12.414 [Test worker] DEBUG o.s.b.f.s.DefaultListableBeanFactory - Returning cached instance of singleton bean 'autoConfigurationReport'
21:57:12.415 [Test worker] DEBUG o.s.b.f.s.DefaultListableBeanFactory - Returning cached instance of singleton bean 'autoConfigurationReport'
21:57:12.416 [Test worker] DEBUG o.s.b.f.s.DefaultListableBeanFactory - Returning cached instance of singleton bean 'autoConfigurationReport'
21:57:12.417 [Test worker] DEBUG o.s.b.f.s.DefaultListableBeanFactory - Returning cached instance of singleton bean 'autoConfigurationReport'
21:57:12.419 [Test worker] DEBUG o.s.b.f.s.DefaultListableBeanFactory - Returning cached instance of singleton bean 'autoConfigurationReport'
21:57:12.420 [Test worker] DEBUG o.s.b.f.s.DefaultListableBeanFactory - Returning cached instance of singleton bean 'autoConfigurationReport'
21:57:12.421 [Test worker] DEBUG o.s.b.f.s.DefaultListableBeanFactory - Returning cached instance of singleton bean 'autoConfigurationReport'
21:57:12.422 [Test worker] DEBUG o.s.b.f.s.DefaultListableBeanFactory - Returning cached instance of singleton bean 'autoConfigurationReport'
21:57:12.423 [Test worker] DEBUG o.s.b.f.s.DefaultListableBeanFactory - Returning cached instance of singleton bean 'autoConfigurationReport'
21:57:12.426 [Test worker] DEBUG o.s.b.f.s.DefaultListableBeanFactory - Returning cached instance of singleton bean 'autoConfigurationReport'
21:57:12.426 [Test worker] DEBUG o.s.b.f.s.DefaultListableBeanFactory - Returning cached instance of singleton bean 'autoConfigurationReport'
21:57:12.426 [Test worker] DEBUG o.s.c.e.PropertySourcesPropertyResolver - Searching for key 'spring.h2.console.enabled' in [systemProperties]
21:57:12.426 [Test worker] DEBUG o.s.c.e.PropertySourcesPropertyResolver - Searching for key 'spring.h2.console.enabled' in [systemEnvironment]
21:57:12.426 [Test worker] DEBUG o.s.c.e.PropertySourcesPropertyResolver - Searching for key 'spring.h2.console.enabled' in [random]
21:57:12.426 [Test worker] DEBUG o.s.c.e.PropertySourcesPropertyResolver - Searching for key 'spring.h2.console.enabled' in [integrationTest]
21:57:12.426 [Test worker] DEBUG o.s.c.e.PropertySourcesPropertyResolver - Searching for key 'spring.h2.console.enabled' in [applicationConfigurationProperties]
21:57:12.426 [Test worker] DEBUG o.s.c.e.PropertySourcesPropertyResolver - Found key 'spring.h2.console.enabled' in [applicationConfigurationProperties] with type [String] and value 'true'
21:57:12.427 [Test worker] DEBUG o.s.b.f.s.DefaultListableBeanFactory - Returning cached instance of singleton bean 'autoConfigurationReport'
21:57:12.429 [Test worker] DEBUG o.s.b.f.s.DefaultListableBeanFactory - Returning cached instance of singleton bean 'autoConfigurationReport'
21:57:12.433 [Test worker] DEBUG o.s.b.f.s.DefaultListableBeanFactory - Returning cached instance of singleton bean 'autoConfigurationReport'
21:57:12.434 [Test worker] DEBUG o.s.b.f.s.DefaultListableBeanFactory - Returning cached instance of singleton bean 'autoConfigurationReport'
21:57:12.452 [Test worker] DEBUG o.s.b.f.s.DefaultListableBeanFactory - Returning cached instance of singleton bean 'autoConfigurationReport'
21:57:12.453 [Test worker] DEBUG o.s.b.f.s.DefaultListableBeanFactory - Returning cached instance of singleton bean 'autoConfigurationReport'
21:57:12.454 [Test worker] DEBUG o.s.b.f.s.DefaultListableBeanFactory - Returning cached instance of singleton bean 'autoConfigurationReport'
21:57:12.455 [Test worker] DEBUG o.s.b.f.s.DefaultListableBeanFactory - Returning cached instance of singleton bean 'autoConfigurationReport'
21:57:12.456 [Test worker] DEBUG o.s.b.f.s.DefaultListableBeanFactory - Returning cached instance of singleton bean 'autoConfigurationReport'
21:57:12.458 [Test worker] DEBUG o.s.b.f.s.DefaultListableBeanFactory - Returning cached instance of singleton bean 'autoConfigurationReport'
21:57:12.459 [Test worker] DEBUG o.s.b.f.s.DefaultListableBeanFactory - Returning cached instance of singleton bean 'autoConfigurationReport'
21:57:12.460 [Test worker] DEBUG o.s.b.f.s.DefaultListableBeanFactory - Returning cached instance of singleton bean 'autoConfigurationReport'
21:57:12.461 [Test worker] DEBUG o.s.b.f.s.DefaultListableBeanFactory - Returning cached instance of singleton bean 'autoConfigurationReport'
21:57:12.463 [Test worker] DEBUG o.s.b.f.s.DefaultListableBeanFactory - Returning cached instance of singleton bean 'autoConfigurationReport'
21:57:12.465 [Test worker] DEBUG o.s.b.f.s.DefaultListableBeanFactory - Returning cached instance of singleton bean 'autoConfigurationReport'
21:57:12.467 [Test worker] DEBUG o.s.b.f.s.DefaultListableBeanFactory - Returning cached instance of singleton bean 'autoConfigurationReport'
21:57:12.469 [Test worker] DEBUG o.s.b.f.s.DefaultListableBeanFactory - Returning cached instance of singleton bean 'autoConfigurationReport'
21:57:12.470 [Test worker] DEBUG o.s.b.f.s.DefaultListableBeanFactory - Returning cached instance of singleton bean 'autoConfigurationReport'
21:57:12.471 [Test worker] DEBUG o.s.b.f.s.DefaultListableBeanFactory - Returning cached instance of singleton bean 'autoConfigurationReport'
21:57:12.472 [Test worker] DEBUG o.s.b.f.s.DefaultListableBeanFactory - Returning cached instance of singleton bean 'autoConfigurationReport'
21:57:12.473 [Test worker] DEBUG o.s.b.f.s.DefaultListableBeanFactory - Returning cached instance of singleton bean 'autoConfigurationReport'
21:57:12.476 [Test worker] DEBUG o.s.b.f.s.DefaultListableBeanFactory - Returning cached instance of singleton bean 'autoConfigurationReport'
21:57:12.476 [Test worker] DEBUG o.s.b.f.s.DefaultListableBeanFactory - Returning cached instance of singleton bean 'autoConfigurationReport'
21:57:12.477 [Test worker] DEBUG o.s.b.f.s.DefaultListableBeanFactory - Returning cached instance of singleton bean 'autoConfigurationReport'
21:57:12.481 [Test worker] DEBUG o.s.b.f.s.DefaultListableBeanFactory - Returning cached instance of singleton bean 'autoConfigurationReport'
21:57:12.482 [Test worker] DEBUG o.s.b.f.s.DefaultListableBeanFactory - Returning cached instance of singleton bean 'autoConfigurationReport'
21:57:12.486 [Test worker] DEBUG o.s.b.f.s.DefaultListableBeanFactory - Returning cached instance of singleton bean 'autoConfigurationReport'
21:57:12.493 [Test worker] DEBUG o.s.c.a.ConfigurationClassBeanDefinitionReader - Registered bean definition for imported class 'org.springframework.boot.autoconfigure.PropertyPlaceholderAutoConfiguration'
21:57:12.499 [Test worker] DEBUG o.s.b.f.s.DefaultListableBeanFactory - Creating shared instance of singleton bean 'org.springframework.boot.autoconfigure.condition.BeanTypeRegistry'
21:57:12.499 [Test worker] DEBUG o.s.b.f.s.DefaultListableBeanFactory - Creating instance of bean 'org.springframework.boot.autoconfigure.condition.BeanTypeRegistry'
21:57:12.525 [Test worker] DEBUG o.s.b.f.s.DefaultListableBeanFactory - Eagerly caching bean 'org.springframework.boot.autoconfigure.condition.BeanTypeRegistry' to allow for resolving potential circular references
21:57:12.526 [Test worker] DEBUG o.s.b.f.s.DefaultListableBeanFactory - Finished creating instance of bean 'org.springframework.boot.autoconfigure.condition.BeanTypeRegistry'
21:57:12.527 [Test worker] DEBUG o.s.b.f.s.DefaultListableBeanFactory - Returning cached instance of singleton bean 'autoConfigurationReport'
21:57:12.529 [Test worker] DEBUG o.s.c.a.ConfigurationClassBeanDefinitionReader - Registering bean definition for @Bean method org.springframework.boot.autoconfigure.PropertyPlaceholderAutoConfiguration.propertySourcesPlaceholderConfigurer()
21:57:12.530 [Test worker] DEBUG o.s.b.f.s.DefaultListableBeanFactory - Returning cached instance of singleton bean 'autoConfigurationReport'
21:57:12.530 [Test worker] DEBUG o.s.b.f.s.DefaultListableBeanFactory - Returning cached instance of singleton bean 'autoConfigurationReport'
21:57:12.530 [Test worker] DEBUG o.s.b.f.s.DefaultListableBeanFactory - Returning cached instance of singleton bean 'org.springframework.boot.autoconfigure.condition.BeanTypeRegistry'
21:57:12.531 [Test worker] DEBUG o.s.b.f.s.DefaultListableBeanFactory - Returning cached instance of singleton bean 'autoConfigurationReport'
21:57:12.532 [Test worker] DEBUG o.s.c.a.ConfigurationClassBeanDefinitionReader - Registered bean definition for imported class 'org.springframework.boot.autoconfigure.jersey.JerseyAutoConfiguration'
21:57:12.534 [Test worker] DEBUG o.s.b.f.s.DefaultListableBeanFactory - Returning cached instance of singleton bean 'org.springframework.boot.autoconfigure.condition.BeanTypeRegistry'
21:57:12.534 [Test worker] DEBUG o.s.b.f.s.DefaultListableBeanFactory - Returning cached instance of singleton bean 'autoConfigurationReport'
21:57:12.535 [Test worker] DEBUG o.s.c.a.ConfigurationClassBeanDefinitionReader - Registering bean definition for @Bean method org.springframework.boot.autoconfigure.jersey.JerseyAutoConfiguration.requestContextFilter()
21:57:12.535 [Test worker] DEBUG o.s.b.f.s.DefaultListableBeanFactory - Returning cached instance of singleton bean 'autoConfigurationReport'
21:57:12.535 [Test worker] DEBUG o.s.b.f.s.DefaultListableBeanFactory - Returning cached instance of singleton bean 'autoConfigurationReport'
21:57:12.535 [Test worker] DEBUG o.s.b.f.s.DefaultListableBeanFactory - Returning cached instance of singleton bean 'autoConfigurationReport'
21:57:12.535 [Test worker] DEBUG o.s.b.f.s.DefaultListableBeanFactory - Returning cached instance of singleton bean 'autoConfigurationReport'
21:57:12.536 [Test worker] DEBUG o.s.c.a.ConfigurationClassBeanDefinitionReader - Registering bean definition for @Bean method org.springframework.boot.autoconfigure.jersey.JerseyAutoConfiguration.jerseyServletRegistration()
21:57:12.539 [Test worker] DEBUG o.s.b.f.s.DefaultListableBeanFactory - Returning cached instance of singleton bean 'autoConfigurationReport'
21:57:12.540 [Test worker] DEBUG o.s.b.f.s.DefaultListableBeanFactory - Returning cached instance of singleton bean 'autoConfigurationReport'
21:57:12.540 [Test worker] DEBUG o.s.b.f.s.DefaultListableBeanFactory - Returning cached instance of singleton bean 'autoConfigurationReport'
21:57:12.540 [Test worker] DEBUG o.s.c.a.ConfigurationClassBeanDefinitionReader - Registered bean definition for imported class 'org.springframework.boot.autoconfigure.websocket.WebSocketAutoConfiguration$TomcatWebSocketConfiguration'
21:57:12.540 [Test worker] DEBUG o.s.b.f.s.DefaultListableBeanFactory - Returning cached instance of singleton bean 'autoConfigurationReport'
21:57:12.540 [Test worker] DEBUG o.s.b.f.s.DefaultListableBeanFactory - Returning cached instance of singleton bean 'autoConfigurationReport'
21:57:12.540 [Test worker] DEBUG o.s.c.a.ConfigurationClassBeanDefinitionReader - Registering bean definition for @Bean method org.springframework.boot.autoconfigure.websocket.WebSocketAutoConfiguration$TomcatWebSocketConfiguration.websocketContainerCustomizer()
21:57:12.541 [Test worker] DEBUG o.s.c.a.ConfigurationClassBeanDefinitionReader - Registered bean definition for imported class 'org.springframework.boot.autoconfigure.websocket.WebSocketAutoConfiguration'
21:57:12.541 [Test worker] DEBUG o.s.b.f.s.DefaultListableBeanFactory - Returning cached instance of singleton bean 'autoConfigurationReport'
21:57:12.541 [Test worker] DEBUG o.s.b.f.s.DefaultListableBeanFactory - Returning cached instance of singleton bean 'autoConfigurationReport'
21:57:12.541 [Test worker] DEBUG o.s.b.f.s.DefaultListableBeanFactory - Returning cached instance of singleton bean 'org.springframework.boot.autoconfigure.condition.BeanTypeRegistry'
21:57:12.544 [Test worker] DEBUG o.s.b.f.s.DefaultListableBeanFactory - Returning cached instance of singleton bean 'autoConfigurationReport'
21:57:12.544 [Test worker] DEBUG o.s.c.a.ConfigurationClassBeanDefinitionReader - Registered bean definition for imported class 'org.springframework.boot.autoconfigure.web.EmbeddedServletContainerAutoConfiguration$EmbeddedTomcat'
21:57:12.544 [Test worker] DEBUG o.s.c.a.ConfigurationClassBeanDefinitionReader - Registering bean definition for @Bean method org.springframework.boot.autoconfigure.web.EmbeddedServletContainerAutoConfiguration$EmbeddedTomcat.tomcatEmbeddedServletContainerFactory()
21:57:12.545 [Test worker] DEBUG o.s.c.a.ConfigurationClassBeanDefinitionReader - Registered bean definition for imported class 'org.springframework.boot.autoconfigure.web.EmbeddedServletContainerAutoConfiguration'
21:57:12.549 [Test worker] DEBUG o.s.b.f.s.DefaultListableBeanFactory - Returning cached instance of singleton bean 'autoConfigurationReport'
21:57:12.549 [Test worker] DEBUG o.s.b.f.s.DefaultListableBeanFactory - Returning cached instance of singleton bean 'autoConfigurationReport'
21:57:12.549 [Test worker] DEBUG o.s.b.f.s.DefaultListableBeanFactory - Returning cached instance of singleton bean 'autoConfigurationReport'
21:57:12.550 [Test worker] DEBUG o.s.b.f.s.DefaultListableBeanFactory - Returning cached instance of singleton bean 'autoConfigurationReport'
21:57:12.551 [Test worker] DEBUG o.s.c.a.ConfigurationClassBeanDefinitionReader - Registered bean definition for imported class 'org.springframework.boot.autoconfigure.web.DispatcherServletAutoConfiguration$DispatcherServletConfiguration'
21:57:12.551 [Test worker] DEBUG o.s.c.a.ConfigurationClassBeanDefinitionReader - Registering bean definition for @Bean method org.springframework.boot.autoconfigure.web.DispatcherServletAutoConfiguration$DispatcherServletConfiguration.dispatcherServlet()
21:57:12.551 [Test worker] DEBUG o.s.c.a.ConfigurationClassBeanDefinitionReader - Registering bean definition for @Bean method org.springframework.boot.autoconfigure.web.DispatcherServletAutoConfiguration$DispatcherServletConfiguration.dispatcherServletRegistration()
21:57:12.551 [Test worker] DEBUG o.s.b.f.s.DefaultListableBeanFactory - Returning cached instance of singleton bean 'org.springframework.boot.autoconfigure.condition.BeanTypeRegistry'
21:57:12.552 [Test worker] DEBUG o.s.b.f.s.DefaultListableBeanFactory - Returning cached instance of singleton bean 'autoConfigurationReport'
21:57:12.552 [Test worker] DEBUG o.s.c.a.ConfigurationClassBeanDefinitionReader - Registered bean definition for imported class 'org.springframework.boot.autoconfigure.web.DispatcherServletAutoConfiguration'
21:57:12.553 [Test worker] DEBUG o.s.b.f.s.DefaultListableBeanFactory - Returning cached instance of singleton bean 'autoConfigurationReport'
21:57:12.553 [Test worker] DEBUG o.s.b.f.s.DefaultListableBeanFactory - Returning cached instance of singleton bean 'autoConfigurationReport'
21:57:12.558 [Test worker] DEBUG o.s.b.f.s.DefaultListableBeanFactory - Returning cached instance of singleton bean 'autoConfigurationReport'
21:57:12.558 [Test worker] DEBUG o.s.b.f.s.DefaultListableBeanFactory - Returning cached instance of singleton bean 'autoConfigurationReport'
21:57:12.558 [Test worker] DEBUG o.s.c.a.ConfigurationClassBeanDefinitionReader - Registered bean definition for imported class 'org.springframework.boot.autoconfigure.web.ErrorMvcAutoConfiguration$WhitelabelErrorViewConfiguration'
21:57:12.558 [Test worker] DEBUG o.s.b.f.s.DefaultListableBeanFactory - Returning cached instance of singleton bean 'autoConfigurationReport'
21:57:12.558 [Test worker] DEBUG o.s.c.a.ConfigurationClassBeanDefinitionReader - Registering bean definition for @Bean method org.springframework.boot.autoconfigure.web.ErrorMvcAutoConfiguration$WhitelabelErrorViewConfiguration.error()
21:57:12.559 [Test worker] DEBUG o.s.b.f.s.DefaultListableBeanFactory - Returning cached instance of singleton bean 'org.springframework.boot.autoconfigure.condition.BeanTypeRegistry'
21:57:12.561 [Test worker] DEBUG o.s.b.f.s.DefaultListableBeanFactory - Returning cached instance of singleton bean 'autoConfigurationReport'
21:57:12.561 [Test worker] DEBUG o.s.c.a.ConfigurationClassBeanDefinitionReader - Registering bean definition for @Bean method org.springframework.boot.autoconfigure.web.ErrorMvcAutoConfiguration$WhitelabelErrorViewConfiguration.beanNameViewResolver()
21:57:12.562 [Test worker] DEBUG o.s.c.a.ConfigurationClassBeanDefinitionReader - Registered bean definition for imported class 'org.springframework.boot.autoconfigure.web.ErrorMvcAutoConfiguration'
21:57:12.562 [Test worker] DEBUG o.s.b.f.s.DefaultListableBeanFactory - Returning cached instance of singleton bean 'org.springframework.boot.autoconfigure.condition.BeanTypeRegistry'
21:57:12.563 [Test worker] DEBUG o.s.b.f.s.DefaultListableBeanFactory - Returning cached instance of singleton bean 'autoConfigurationReport'
21:57:12.563 [Test worker] DEBUG o.s.c.a.ConfigurationClassBeanDefinitionReader - Registering bean definition for @Bean method org.springframework.boot.autoconfigure.web.ErrorMvcAutoConfiguration.errorAttributes()
21:57:12.564 [Test worker] DEBUG o.s.b.f.s.DefaultListableBeanFactory - Returning cached instance of singleton bean 'org.springframework.boot.autoconfigure.condition.BeanTypeRegistry'
21:57:12.567 [Test worker] DEBUG o.s.b.f.s.DefaultListableBeanFactory - Returning cached instance of singleton bean 'autoConfigurationReport'
21:57:12.567 [Test worker] DEBUG o.s.c.a.ConfigurationClassBeanDefinitionReader - Registering bean definition for @Bean method org.springframework.boot.autoconfigure.web.ErrorMvcAutoConfiguration.basicErrorController()
21:57:12.567 [Test worker] DEBUG o.s.c.a.ConfigurationClassBeanDefinitionReader - Registering bean definition for @Bean method org.springframework.boot.autoconfigure.web.ErrorMvcAutoConfiguration.errorPageCustomizer()
21:57:12.567 [Test worker] DEBUG o.s.c.a.ConfigurationClassBeanDefinitionReader - Registering bean definition for @Bean method org.springframework.boot.autoconfigure.web.ErrorMvcAutoConfiguration.preserveErrorControllerTargetClassPostProcessor()
21:57:12.567 [Test worker] DEBUG o.s.b.f.s.DefaultListableBeanFactory - Returning cached instance of singleton bean 'autoConfigurationReport'
21:57:12.567 [Test worker] DEBUG o.s.b.f.s.DefaultListableBeanFactory - Returning cached instance of singleton bean 'autoConfigurationReport'
21:57:12.568 [Test worker] DEBUG o.s.b.f.s.DefaultListableBeanFactory - Returning cached instance of singleton bean 'org.springframework.boot.autoconfigure.condition.BeanTypeRegistry'
21:57:12.569 [Test worker] DEBUG o.s.b.f.s.DefaultListableBeanFactory - Returning cached instance of singleton bean 'autoConfigurationReport'
21:57:12.569 [Test worker] DEBUG o.s.c.a.ConfigurationClassBeanDefinitionReader - Registered bean definition for imported class 'org.springframework.boot.autoconfigure.web.WebMvcAutoConfiguration$EnableWebMvcConfiguration'
21:57:12.569 [Test worker] DEBUG o.s.c.a.ConfigurationClassBeanDefinitionReader - Registering bean definition for @Bean method org.springframework.boot.autoconfigure.web.WebMvcAutoConfiguration$EnableWebMvcConfiguration.requestMappingHandlerAdapter()
21:57:12.569 [Test worker] DEBUG o.s.c.a.ConfigurationClassBeanDefinitionReader - Registering bean definition for @Bean method org.springframework.boot.autoconfigure.web.WebMvcAutoConfiguration$EnableWebMvcConfiguration.requestMappingHandlerMapping()
21:57:12.569 [Test worker] DEBUG o.s.c.a.ConfigurationClassBeanDefinitionReader - Registering bean definition for @Bean method org.springframework.boot.autoconfigure.web.WebMvcAutoConfiguration$EnableWebMvcConfiguration.mvcContentNegotiationManager()
21:57:12.569 [Test worker] DEBUG o.s.c.a.ConfigurationClassBeanDefinitionReader - Registering bean definition for @Bean method org.springframework.boot.autoconfigure.web.WebMvcAutoConfiguration$EnableWebMvcConfiguration.viewControllerHandlerMapping()
21:57:12.569 [Test worker] DEBUG o.s.c.a.ConfigurationClassBeanDefinitionReader - Registering bean definition for @Bean method org.springframework.boot.autoconfigure.web.WebMvcAutoConfiguration$EnableWebMvcConfiguration.beanNameHandlerMapping()
21:57:12.569 [Test worker] DEBUG o.s.c.a.ConfigurationClassBeanDefinitionReader - Registering bean definition for @Bean method org.springframework.boot.autoconfigure.web.WebMvcAutoConfiguration$EnableWebMvcConfiguration.resourceHandlerMapping()
21:57:12.569 [Test worker] DEBUG o.s.c.a.ConfigurationClassBeanDefinitionReader - Registering bean definition for @Bean method org.springframework.boot.autoconfigure.web.WebMvcAutoConfiguration$EnableWebMvcConfiguration.mvcResourceUrlProvider()
21:57:12.569 [Test worker] DEBUG o.s.c.a.ConfigurationClassBeanDefinitionReader - Registering bean definition for @Bean method org.springframework.boot.autoconfigure.web.WebMvcAutoConfiguration$EnableWebMvcConfiguration.defaultServletHandlerMapping()
21:57:12.569 [Test worker] DEBUG o.s.c.a.ConfigurationClassBeanDefinitionReader - Registering bean definition for @Bean method org.springframework.boot.autoconfigure.web.WebMvcAutoConfiguration$EnableWebMvcConfiguration.mvcConversionService()
21:57:12.570 [Test worker] DEBUG o.s.c.a.ConfigurationClassBeanDefinitionReader - Registering bean definition for @Bean method org.springframework.boot.autoconfigure.web.WebMvcAutoConfiguration$EnableWebMvcConfiguration.mvcValidator()
21:57:12.570 [Test worker] DEBUG o.s.c.a.ConfigurationClassBeanDefinitionReader - Registering bean definition for @Bean method org.springframework.boot.autoconfigure.web.WebMvcAutoConfiguration$EnableWebMvcConfiguration.mvcPathMatcher()
21:57:12.570 [Test worker] DEBUG o.s.c.a.ConfigurationClassBeanDefinitionReader - Registering bean definition for @Bean method org.springframework.boot.autoconfigure.web.WebMvcAutoConfiguration$EnableWebMvcConfiguration.mvcUrlPathHelper()
21:57:12.570 [Test worker] DEBUG o.s.c.a.ConfigurationClassBeanDefinitionReader - Registering bean definition for @Bean method org.springframework.boot.autoconfigure.web.WebMvcAutoConfiguration$EnableWebMvcConfiguration.mvcUriComponentsContributor()
21:57:12.570 [Test worker] DEBUG o.s.c.a.ConfigurationClassBeanDefinitionReader - Registering bean definition for @Bean method org.springframework.boot.autoconfigure.web.WebMvcAutoConfiguration$EnableWebMvcConfiguration.httpRequestHandlerAdapter()
21:57:12.570 [Test worker] DEBUG o.s.c.a.ConfigurationClassBeanDefinitionReader - Registering bean definition for @Bean method org.springframework.boot.autoconfigure.web.WebMvcAutoConfiguration$EnableWebMvcConfiguration.simpleControllerHandlerAdapter()
21:57:12.570 [Test worker] DEBUG o.s.c.a.ConfigurationClassBeanDefinitionReader - Registering bean definition for @Bean method org.springframework.boot.autoconfigure.web.WebMvcAutoConfiguration$EnableWebMvcConfiguration.handlerExceptionResolver()
21:57:12.570 [Test worker] DEBUG o.s.c.a.ConfigurationClassBeanDefinitionReader - Registering bean definition for @Bean method org.springframework.boot.autoconfigure.web.WebMvcAutoConfiguration$EnableWebMvcConfiguration.mvcViewResolver()
21:57:12.570 [Test worker] DEBUG o.s.b.f.s.DefaultListableBeanFactory - Returning cached instance of singleton bean 'autoConfigurationReport'
21:57:12.570 [Test worker] DEBUG o.s.c.a.ConfigurationClassBeanDefinitionReader - Registered bean definition for imported class 'org.springframework.boot.autoconfigure.web.WebMvcAutoConfiguration$WebMvcAutoConfigurationAdapter$FaviconConfiguration'
21:57:12.570 [Test worker] DEBUG o.s.c.a.ConfigurationClassBeanDefinitionReader - Registering bean definition for @Bean method org.springframework.boot.autoconfigure.web.WebMvcAutoConfiguration$WebMvcAutoConfigurationAdapter$FaviconConfiguration.faviconHandlerMapping()
21:57:12.570 [Test worker] DEBUG o.s.c.a.ConfigurationClassBeanDefinitionReader - Registering bean definition for @Bean method org.springframework.boot.autoconfigure.web.WebMvcAutoConfiguration$WebMvcAutoConfigurationAdapter$FaviconConfiguration.faviconRequestHandler()
21:57:12.571 [Test worker] DEBUG o.s.c.a.ConfigurationClassBeanDefinitionReader - Registered bean definition for imported class 'org.springframework.boot.autoconfigure.web.WebMvcAutoConfiguration$WebMvcAutoConfigurationAdapter'
21:57:12.582 [Test worker] DEBUG o.s.b.f.s.DefaultListableBeanFactory - Returning cached instance of singleton bean 'org.springframework.boot.autoconfigure.condition.BeanTypeRegistry'
21:57:12.602 [Test worker] DEBUG o.s.b.f.s.DefaultListableBeanFactory - Returning cached instance of singleton bean 'autoConfigurationReport'
21:57:12.602 [Test worker] DEBUG o.s.c.a.ConfigurationClassBeanDefinitionReader - Registering bean definition for @Bean method org.springframework.boot.autoconfigure.web.WebMvcAutoConfiguration$WebMvcAutoConfigurationAdapter.defaultViewResolver()
21:57:12.603 [Test worker] DEBUG o.s.b.f.s.DefaultListableBeanFactory - Returning cached instance of singleton bean 'org.springframework.boot.autoconfigure.condition.BeanTypeRegistry'
21:57:12.604 [Test worker] DEBUG o.s.b.f.s.DefaultListableBeanFactory - Returning cached instance of singleton bean 'org.springframework.boot.autoconfigure.condition.BeanTypeRegistry'
21:57:12.604 [Test worker] DEBUG o.s.b.f.s.DefaultListableBeanFactory - Returning cached instance of singleton bean 'autoConfigurationReport'
21:57:12.604 [Test worker] DEBUG o.s.c.a.ConfigurationClassBeanDefinitionReader - Registering bean definition for @Bean method org.springframework.boot.autoconfigure.web.WebMvcAutoConfiguration$WebMvcAutoConfigurationAdapter.requestContextFilter()
21:57:12.605 [Test worker] INFO  o.s.b.f.s.DefaultListableBeanFactory - Overriding bean definition for bean 'requestContextFilter' with a different definition: replacing [Root bean: class [null]; scope=; abstract=false; lazyInit=false; autowireMode=3; dependencyCheck=0; autowireCandidate=true; primary=false; factoryBeanName=org.springframework.boot.autoconfigure.jersey.JerseyAutoConfiguration; factoryMethodName=requestContextFilter; initMethodName=null; destroyMethodName=(inferred); defined in class path resource [org/springframework/boot/autoconfigure/jersey/JerseyAutoConfiguration.class]] with [Root bean: class [null]; scope=; abstract=false; lazyInit=false; autowireMode=3; dependencyCheck=0; autowireCandidate=true; primary=false; factoryBeanName=org.springframework.boot.autoconfigure.web.WebMvcAutoConfiguration$WebMvcAutoConfigurationAdapter; factoryMethodName=requestContextFilter; initMethodName=null; destroyMethodName=(inferred); defined in class path resource [org/springframework/boot/autoconfigure/web/WebMvcAutoConfiguration$WebMvcAutoConfigurationAdapter.class]]
21:57:12.606 [Test worker] DEBUG o.s.b.f.s.DefaultListableBeanFactory - Returning cached instance of singleton bean 'org.springframework.boot.autoconfigure.condition.BeanTypeRegistry'
21:57:12.606 [Test worker] DEBUG o.s.b.f.s.DefaultListableBeanFactory - Returning cached instance of singleton bean 'autoConfigurationReport'
21:57:12.606 [Test worker] DEBUG o.s.c.a.ConfigurationClassBeanDefinitionReader - Registering bean definition for @Bean method org.springframework.boot.autoconfigure.web.WebMvcAutoConfiguration$WebMvcAutoConfigurationAdapter.beanNameViewResolver()
21:57:12.606 [Test worker] INFO  o.s.b.f.s.DefaultListableBeanFactory - Overriding bean definition for bean 'beanNameViewResolver' with a different definition: replacing [Root bean: class [null]; scope=; abstract=false; lazyInit=false; autowireMode=3; dependencyCheck=0; autowireCandidate=true; primary=false; factoryBeanName=org.springframework.boot.autoconfigure.web.ErrorMvcAutoConfiguration$WhitelabelErrorViewConfiguration; factoryMethodName=beanNameViewResolver; initMethodName=null; destroyMethodName=(inferred); defined in class path resource [org/springframework/boot/autoconfigure/web/ErrorMvcAutoConfiguration$WhitelabelErrorViewConfiguration.class]] with [Root bean: class [null]; scope=; abstract=false; lazyInit=false; autowireMode=3; dependencyCheck=0; autowireCandidate=true; primary=false; factoryBeanName=org.springframework.boot.autoconfigure.web.WebMvcAutoConfiguration$WebMvcAutoConfigurationAdapter; factoryMethodName=beanNameViewResolver; initMethodName=null; destroyMethodName=(inferred); defined in class path resource [org/springframework/boot/autoconfigure/web/WebMvcAutoConfiguration$WebMvcAutoConfigurationAdapter.class]]
21:57:12.607 [Test worker] DEBUG o.s.b.f.s.DefaultListableBeanFactory - Returning cached instance of singleton bean 'org.springframework.boot.autoconfigure.condition.BeanTypeRegistry'
21:57:12.607 [Test worker] DEBUG o.s.b.f.s.DefaultListableBeanFactory - Returning cached instance of singleton bean 'org.springframework.boot.autoconfigure.condition.BeanTypeRegistry'
21:57:12.607 [Test worker] DEBUG o.s.b.f.s.DefaultListableBeanFactory - Returning cached instance of singleton bean 'autoConfigurationReport'
21:57:12.607 [Test worker] DEBUG o.s.b.f.s.DefaultListableBeanFactory - Returning cached instance of singleton bean 'org.springframework.boot.autoconfigure.condition.BeanTypeRegistry'
21:57:12.607 [Test worker] DEBUG o.s.b.f.s.DefaultListableBeanFactory - Returning cached instance of singleton bean 'org.springframework.boot.autoconfigure.condition.BeanTypeRegistry'
21:57:12.607 [Test worker] DEBUG o.s.b.f.s.DefaultListableBeanFactory - Returning cached instance of singleton bean 'autoConfigurationReport'
21:57:12.607 [Test worker] DEBUG o.s.c.a.ConfigurationClassBeanDefinitionReader - Registering bean definition for @Bean method org.springframework.boot.autoconfigure.web.WebMvcAutoConfiguration$WebMvcAutoConfigurationAdapter.viewResolver()
21:57:12.608 [Test worker] DEBUG o.s.b.f.s.DefaultListableBeanFactory - Returning cached instance of singleton bean 'org.springframework.boot.autoconfigure.condition.BeanTypeRegistry'
21:57:12.608 [Test worker] DEBUG o.s.b.f.s.DefaultListableBeanFactory - Returning cached instance of singleton bean 'autoConfigurationReport'
21:57:12.608 [Test worker] DEBUG o.s.b.f.s.DefaultListableBeanFactory - Returning cached instance of singleton bean 'autoConfigurationReport'
21:57:12.608 [Test worker] DEBUG o.s.b.f.s.DefaultListableBeanFactory - Returning cached instance of singleton bean 'autoConfigurationReport'
21:57:12.609 [Test worker] DEBUG o.s.c.a.ConfigurationClassBeanDefinitionReader - Registered bean definition for imported class 'org.springframework.boot.autoconfigure.web.WebMvcAutoConfiguration'
21:57:12.609 [Test worker] DEBUG o.s.b.f.s.DefaultListableBeanFactory - Returning cached instance of singleton bean 'org.springframework.boot.autoconfigure.condition.BeanTypeRegistry'
21:57:12.610 [Test worker] DEBUG o.s.b.f.s.DefaultListableBeanFactory - Returning cached instance of singleton bean 'autoConfigurationReport'
21:57:12.610 [Test worker] DEBUG o.s.c.a.ConfigurationClassBeanDefinitionReader - Registering bean definition for @Bean method org.springframework.boot.autoconfigure.web.WebMvcAutoConfiguration.hiddenHttpMethodFilter()
21:57:12.610 [Test worker] DEBUG o.s.b.f.s.DefaultListableBeanFactory - Returning cached instance of singleton bean 'org.springframework.boot.autoconfigure.condition.BeanTypeRegistry'
21:57:12.612 [Test worker] DEBUG o.s.b.f.s.DefaultListableBeanFactory - Returning cached instance of singleton bean 'autoConfigurationReport'
21:57:12.612 [Test worker] DEBUG o.s.c.a.ConfigurationClassBeanDefinitionReader - Registering bean definition for @Bean method org.springframework.boot.autoconfigure.web.WebMvcAutoConfiguration.httpPutFormContentFilter()
21:57:12.612 [Test worker] DEBUG o.s.b.f.s.DefaultListableBeanFactory - Returning cached instance of singleton bean 'org.springframework.boot.autoconfigure.condition.BeanTypeRegistry'
21:57:12.612 [Test worker] DEBUG o.s.b.f.s.DefaultListableBeanFactory - Returning cached instance of singleton bean 'autoConfigurationReport'
21:57:12.612 [Test worker] DEBUG o.s.c.a.ConfigurationClassBeanDefinitionReader - Registered bean definition for imported class 'org.springframework.boot.actuate.autoconfigure.AuditAutoConfiguration$AuditEventRepositoryConfiguration'
21:57:12.613 [Test worker] DEBUG o.s.c.a.ConfigurationClassBeanDefinitionReader - Registering bean definition for @Bean method org.springframework.boot.actuate.autoconfigure.AuditAutoConfiguration$AuditEventRepositoryConfiguration.auditEventRepository()
21:57:12.613 [Test worker] DEBUG o.s.c.a.ConfigurationClassBeanDefinitionReader - Registered bean definition for imported class 'org.springframework.boot.actuate.autoconfigure.AuditAutoConfiguration'
21:57:12.613 [Test worker] DEBUG o.s.c.a.ConfigurationClassBeanDefinitionReader - Registering bean definition for @Bean method org.springframework.boot.actuate.autoconfigure.AuditAutoConfiguration.auditListener()
21:57:12.613 [Test worker] DEBUG o.s.b.f.s.DefaultListableBeanFactory - Returning cached instance of singleton bean 'autoConfigurationReport'
21:57:12.614 [Test worker] DEBUG o.s.b.f.s.DefaultListableBeanFactory - Returning cached instance of singleton bean 'autoConfigurationReport'
21:57:12.614 [Test worker] DEBUG o.s.b.f.s.DefaultListableBeanFactory - Returning cached instance of singleton bean 'autoConfigurationReport'
21:57:12.616 [Test worker] DEBUG o.s.b.f.s.DefaultListableBeanFactory - Returning cached instance of singleton bean 'org.springframework.boot.autoconfigure.condition.BeanTypeRegistry'
21:57:12.620 [Test worker] DEBUG o.s.b.f.s.DefaultListableBeanFactory - Returning cached instance of singleton bean 'autoConfigurationReport'
21:57:12.621 [Test worker] DEBUG o.s.b.f.s.DefaultListableBeanFactory - Returning cached instance of singleton bean 'org.springframework.boot.autoconfigure.condition.BeanTypeRegistry'
21:57:12.621 [Test worker] DEBUG o.s.b.f.s.DefaultListableBeanFactory - Returning cached instance of singleton bean 'autoConfigurationReport'
21:57:12.621 [Test worker] DEBUG o.s.b.f.s.DefaultListableBeanFactory - Returning cached instance of singleton bean 'autoConfigurationReport'
21:57:12.622 [Test worker] DEBUG o.s.b.f.s.DefaultListableBeanFactory - Returning cached instance of singleton bean 'autoConfigurationReport'
21:57:12.622 [Test worker] DEBUG o.s.c.a.ConfigurationClassBeanDefinitionReader - Registered bean definition for imported class 'org.springframework.boot.autoconfigure.jdbc.DataSourceAutoConfiguration$JdbcTemplateConfiguration'
21:57:12.622 [Test worker] DEBUG o.s.b.f.s.DefaultListableBeanFactory - Returning cached instance of singleton bean 'org.springframework.boot.autoconfigure.condition.BeanTypeRegistry'
21:57:12.623 [Test worker] DEBUG o.s.b.f.s.DefaultListableBeanFactory - Returning cached instance of singleton bean 'autoConfigurationReport'
21:57:12.623 [Test worker] DEBUG o.s.c.a.ConfigurationClassBeanDefinitionReader - Registering bean definition for @Bean method org.springframework.boot.autoconfigure.jdbc.DataSourceAutoConfiguration$JdbcTemplateConfiguration.jdbcTemplate()
21:57:12.624 [Test worker] DEBUG o.s.b.f.s.DefaultListableBeanFactory - Returning cached instance of singleton bean 'org.springframework.boot.autoconfigure.condition.BeanTypeRegistry'
21:57:12.625 [Test worker] DEBUG o.s.b.f.s.DefaultListableBeanFactory - Returning cached instance of singleton bean 'autoConfigurationReport'
21:57:12.625 [Test worker] DEBUG o.s.c.a.ConfigurationClassBeanDefinitionReader - Registering bean definition for @Bean method org.springframework.boot.autoconfigure.jdbc.DataSourceAutoConfiguration$JdbcTemplateConfiguration.namedParameterJdbcTemplate()
21:57:12.626 [Test worker] DEBUG o.s.b.f.s.DefaultListableBeanFactory - Returning cached instance of singleton bean 'autoConfigurationReport'
21:57:12.626 [Test worker] DEBUG o.s.b.f.s.DefaultListableBeanFactory - Returning cached instance of singleton bean 'org.springframework.boot.autoconfigure.condition.BeanTypeRegistry'
21:57:12.626 [Test worker] DEBUG o.s.b.f.s.DefaultListableBeanFactory - Returning cached instance of singleton bean 'org.springframework.boot.autoconfigure.condition.BeanTypeRegistry'
21:57:12.626 [Test worker] DEBUG o.s.b.f.s.DefaultListableBeanFactory - Returning cached instance of singleton bean 'autoConfigurationReport'
21:57:12.626 [Test worker] DEBUG o.s.c.a.ConfigurationClassBeanDefinitionReader - Registered bean definition for imported class 'org.springframework.boot.autoconfigure.jdbc.DataSourceAutoConfiguration$NonEmbeddedConfiguration'
21:57:12.626 [Test worker] DEBUG o.s.c.a.ConfigurationClassBeanDefinitionReader - Registering bean definition for @Bean method org.springframework.boot.autoconfigure.jdbc.DataSourceAutoConfiguration$NonEmbeddedConfiguration.dataSource()
21:57:12.627 [Test worker] DEBUG o.s.b.f.s.DefaultListableBeanFactory - Returning cached instance of singleton bean 'org.springframework.boot.autoconfigure.condition.BeanTypeRegistry'
21:57:12.628 [Test worker] DEBUG o.s.b.f.s.DefaultListableBeanFactory - Returning cached instance of singleton bean 'autoConfigurationReport'
21:57:12.628 [Test worker] DEBUG o.s.c.a.ConfigurationClassBeanDefinitionReader - Registered bean definition for imported class 'org.springframework.boot.autoconfigure.jdbc.DataSourceAutoConfiguration$DataSourceInitializerConfiguration'
21:57:12.628 [Test worker] DEBUG o.s.c.a.ConfigurationClassBeanDefinitionReader - Registering bean definition for @Bean method org.springframework.boot.autoconfigure.jdbc.DataSourceAutoConfiguration$DataSourceInitializerConfiguration.dataSourceInitializer()
21:57:12.628 [Test worker] DEBUG o.s.b.f.s.DefaultListableBeanFactory - Returning cached instance of singleton bean 'autoConfigurationReport'
21:57:12.628 [Test worker] DEBUG o.s.c.a.ConfigurationClassBeanDefinitionReader - Registered bean definition for imported class 'org.springframework.boot.autoconfigure.jdbc.metadata.DataSourcePoolMetadataProvidersConfiguration$TomcatDataSourcePoolMetadataProviderConfiguration'
21:57:12.628 [Test worker] DEBUG o.s.c.a.ConfigurationClassBeanDefinitionReader - Registering bean definition for @Bean method org.springframework.boot.autoconfigure.jdbc.metadata.DataSourcePoolMetadataProvidersConfiguration$TomcatDataSourcePoolMetadataProviderConfiguration.tomcatPoolDataSourceMetadataProvider()
21:57:12.628 [Test worker] DEBUG o.s.c.a.ConfigurationClassBeanDefinitionReader - Registered bean definition for imported class 'org.springframework.boot.autoconfigure.jdbc.metadata.DataSourcePoolMetadataProvidersConfiguration'
21:57:12.629 [Test worker] DEBUG o.s.c.a.ConfigurationClassBeanDefinitionReader - Registered bean definition for imported class 'org.springframework.boot.autoconfigure.jdbc.DataSourceAutoConfiguration'
21:57:12.631 [Test worker] DEBUG o.s.b.f.s.DefaultListableBeanFactory - Returning cached instance of singleton bean 'autoConfigurationReport'
21:57:12.632 [Test worker] DEBUG o.s.b.f.s.DefaultListableBeanFactory - Returning cached instance of singleton bean 'autoConfigurationReport'
21:57:12.634 [Test worker] DEBUG o.s.b.f.s.DefaultListableBeanFactory - Returning cached instance of singleton bean 'org.springframework.boot.autoconfigure.condition.BeanTypeRegistry'
21:57:12.641 [Test worker] DEBUG o.s.b.f.s.DefaultListableBeanFactory - Returning cached instance of singleton bean 'autoConfigurationReport'
21:57:12.642 [Test worker] DEBUG o.s.b.f.s.DefaultListableBeanFactory - Returning cached instance of singleton bean 'autoConfigurationReport'
21:57:12.642 [Test worker] DEBUG o.s.c.a.ConfigurationClassBeanDefinitionReader - Registered bean definition for imported class 'org.springframework.boot.actuate.autoconfigure.HealthIndicatorAutoConfiguration$DiskSpaceHealthIndicatorConfiguration'
21:57:12.642 [Test worker] DEBUG o.s.b.f.s.DefaultListableBeanFactory - Returning cached instance of singleton bean 'autoConfigurationReport'
21:57:12.643 [Test worker] DEBUG o.s.c.a.ConfigurationClassBeanDefinitionReader - Registering bean definition for @Bean method org.springframework.boot.actuate.autoconfigure.HealthIndicatorAutoConfiguration$DiskSpaceHealthIndicatorConfiguration.diskSpaceHealthIndicator()
21:57:12.643 [Test worker] DEBUG o.s.c.a.ConfigurationClassBeanDefinitionReader - Registering bean definition for @Bean method org.springframework.boot.actuate.autoconfigure.HealthIndicatorAutoConfiguration$DiskSpaceHealthIndicatorConfiguration.diskSpaceHealthIndicatorProperties()
21:57:12.644 [Test worker] DEBUG o.s.b.f.s.DefaultListableBeanFactory - Returning cached instance of singleton bean 'autoConfigurationReport'
21:57:12.646 [Test worker] DEBUG o.s.b.f.s.DefaultListableBeanFactory - Returning cached instance of singleton bean 'autoConfigurationReport'
21:57:12.647 [Test worker] DEBUG o.s.b.f.s.DefaultListableBeanFactory - Returning cached instance of singleton bean 'autoConfigurationReport'
21:57:12.648 [Test worker] DEBUG o.s.b.f.s.DefaultListableBeanFactory - Returning cached instance of singleton bean 'autoConfigurationReport'
21:57:12.648 [Test worker] DEBUG o.s.b.f.s.DefaultListableBeanFactory - Returning cached instance of singleton bean 'autoConfigurationReport'
21:57:12.648 [Test worker] DEBUG o.s.b.f.s.DefaultListableBeanFactory - Returning cached instance of singleton bean 'org.springframework.boot.autoconfigure.condition.BeanTypeRegistry'
21:57:12.653 [Test worker] DEBUG o.s.b.f.s.DefaultListableBeanFactory - Returning cached instance of singleton bean 'autoConfigurationReport'
21:57:12.653 [Test worker] DEBUG o.s.b.f.s.DefaultListableBeanFactory - Returning cached instance of singleton bean 'autoConfigurationReport'
21:57:12.653 [Test worker] DEBUG o.s.c.a.ConfigurationClassBeanDefinitionReader - Registered bean definition for imported class 'org.springframework.boot.actuate.autoconfigure.HealthIndicatorAutoConfiguration$DataSourcesHealthIndicatorConfiguration'
21:57:12.654 [Test worker] DEBUG o.s.b.f.s.DefaultListableBeanFactory - Returning cached instance of singleton bean 'autoConfigurationReport'
21:57:12.654 [Test worker] DEBUG o.s.c.a.ConfigurationClassBeanDefinitionReader - Registering bean definition for @Bean method org.springframework.boot.actuate.autoconfigure.HealthIndicatorAutoConfiguration$DataSourcesHealthIndicatorConfiguration.dbHealthIndicator()
21:57:12.659 [Test worker] DEBUG o.s.c.a.ConfigurationClassBeanDefinitionReader - Registered bean definition for imported class 'org.springframework.boot.actuate.autoconfigure.HealthIndicatorAutoConfiguration'
21:57:12.661 [Test worker] DEBUG o.s.b.f.s.DefaultListableBeanFactory - Returning cached instance of singleton bean 'org.springframework.boot.autoconfigure.condition.BeanTypeRegistry'
21:57:12.664 [Test worker] DEBUG o.s.b.f.s.DefaultListableBeanFactory - Returning cached instance of singleton bean 'autoConfigurationReport'
21:57:12.664 [Test worker] DEBUG o.s.c.a.ConfigurationClassBeanDefinitionReader - Registering bean definition for @Bean method org.springframework.boot.actuate.autoconfigure.HealthIndicatorAutoConfiguration.healthAggregator()
21:57:12.664 [Test worker] DEBUG o.s.b.f.s.DefaultListableBeanFactory - Returning cached instance of singleton bean 'org.springframework.boot.autoconfigure.condition.BeanTypeRegistry'
21:57:12.666 [Test worker] DEBUG o.s.b.f.s.DefaultListableBeanFactory - Returning cached instance of singleton bean 'autoConfigurationReport'
21:57:12.666 [Test worker] DEBUG o.s.b.f.s.DefaultListableBeanFactory - Returning cached instance of singleton bean 'autoConfigurationReport'
21:57:12.667 [Test worker] DEBUG o.s.b.f.s.DefaultListableBeanFactory - Returning cached instance of singleton bean 'org.springframework.boot.autoconfigure.condition.BeanTypeRegistry'
21:57:12.669 [Test worker] DEBUG o.s.b.f.s.DefaultListableBeanFactory - Returning cached instance of singleton bean 'autoConfigurationReport'
21:57:12.669 [Test worker] DEBUG o.s.c.a.ConfigurationClassBeanDefinitionReader - Registered bean definition for imported class 'org.springframework.boot.actuate.autoconfigure.MetricRepositoryAutoConfiguration$FastMetricServicesConfiguration'
21:57:12.674 [Test worker] DEBUG o.s.b.f.s.DefaultListableBeanFactory - Returning cached instance of singleton bean 'org.springframework.boot.autoconfigure.condition.BeanTypeRegistry'
21:57:12.674 [Test worker] DEBUG o.s.b.f.s.DefaultListableBeanFactory - Returning cached instance of singleton bean 'autoConfigurationReport'
21:57:12.675 [Test worker] DEBUG o.s.c.a.ConfigurationClassBeanDefinitionReader - Registering bean definition for @Bean method org.springframework.boot.actuate.autoconfigure.MetricRepositoryAutoConfiguration$FastMetricServicesConfiguration.counterBuffers()
21:57:12.675 [Test worker] DEBUG o.s.b.f.s.DefaultListableBeanFactory - Returning cached instance of singleton bean 'org.springframework.boot.autoconfigure.condition.BeanTypeRegistry'
21:57:12.675 [Test worker] DEBUG o.s.b.f.s.DefaultListableBeanFactory - Returning cached instance of singleton bean 'autoConfigurationReport'
21:57:12.675 [Test worker] DEBUG o.s.c.a.ConfigurationClassBeanDefinitionReader - Registering bean definition for @Bean method org.springframework.boot.actuate.autoconfigure.MetricRepositoryAutoConfiguration$FastMetricServicesConfiguration.gaugeBuffers()
21:57:12.675 [Test worker] DEBUG o.s.b.f.s.DefaultListableBeanFactory - Returning cached instance of singleton bean 'org.springframework.boot.autoconfigure.condition.BeanTypeRegistry'
21:57:12.676 [Test worker] DEBUG o.s.b.f.s.DefaultListableBeanFactory - Returning cached instance of singleton bean 'autoConfigurationReport'
21:57:12.677 [Test worker] DEBUG o.s.c.a.ConfigurationClassBeanDefinitionReader - Registering bean definition for @Bean method org.springframework.boot.actuate.autoconfigure.MetricRepositoryAutoConfiguration$FastMetricServicesConfiguration.actuatorMetricReader()
21:57:12.677 [Test worker] DEBUG o.s.b.f.s.DefaultListableBeanFactory - Returning cached instance of singleton bean 'org.springframework.boot.autoconfigure.condition.BeanTypeRegistry'
21:57:12.678 [Test worker] DEBUG o.s.b.f.s.DefaultListableBeanFactory - Returning cached instance of singleton bean 'autoConfigurationReport'
21:57:12.678 [Test worker] DEBUG o.s.c.a.ConfigurationClassBeanDefinitionReader - Registering bean definition for @Bean method org.springframework.boot.actuate.autoconfigure.MetricRepositoryAutoConfiguration$FastMetricServicesConfiguration.counterService()
21:57:12.679 [Test worker] DEBUG o.s.b.f.s.DefaultListableBeanFactory - Returning cached instance of singleton bean 'org.springframework.boot.autoconfigure.condition.BeanTypeRegistry'
21:57:12.680 [Test worker] DEBUG o.s.b.f.s.DefaultListableBeanFactory - Returning cached instance of singleton bean 'autoConfigurationReport'
21:57:12.681 [Test worker] DEBUG o.s.c.a.ConfigurationClassBeanDefinitionReader - Registering bean definition for @Bean method org.springframework.boot.actuate.autoconfigure.MetricRepositoryAutoConfiguration$FastMetricServicesConfiguration.gaugeService()
21:57:12.681 [Test worker] DEBUG o.s.c.a.ConfigurationClassBeanDefinitionReader - Registered bean definition for imported class 'org.springframework.boot.actuate.autoconfigure.MetricRepositoryAutoConfiguration'
21:57:12.681 [Test worker] DEBUG o.s.b.f.s.DefaultListableBeanFactory - Returning cached instance of singleton bean 'autoConfigurationReport'
21:57:12.681 [Test worker] DEBUG o.s.b.f.s.DefaultListableBeanFactory - Returning cached instance of singleton bean 'org.springframework.boot.autoconfigure.condition.BeanTypeRegistry'
21:57:12.683 [Test worker] DEBUG o.s.b.f.s.DefaultListableBeanFactory - Returning cached instance of singleton bean 'autoConfigurationReport'
21:57:12.683 [Test worker] DEBUG o.s.b.f.s.DefaultListableBeanFactory - Returning cached instance of singleton bean 'autoConfigurationReport'
21:57:12.683 [Test worker] DEBUG o.s.b.f.s.DefaultListableBeanFactory - Returning cached instance of singleton bean 'autoConfigurationReport'
21:57:12.683 [Test worker] DEBUG o.s.c.a.ConfigurationClassBeanDefinitionReader - Registered bean definition for imported class 'org.springframework.boot.actuate.autoconfigure.PublicMetricsAutoConfiguration$TomcatMetricsConfiguration'
21:57:12.686 [Test worker] DEBUG o.s.b.f.s.DefaultListableBeanFactory - Returning cached instance of singleton bean 'org.springframework.boot.autoconfigure.condition.BeanTypeRegistry'
21:57:12.686 [Test worker] DEBUG o.s.b.f.s.DefaultListableBeanFactory - Returning cached instance of singleton bean 'autoConfigurationReport'
21:57:12.686 [Test worker] DEBUG o.s.c.a.ConfigurationClassBeanDefinitionReader - Registering bean definition for @Bean method org.springframework.boot.actuate.autoconfigure.PublicMetricsAutoConfiguration$TomcatMetricsConfiguration.tomcatPublicMetrics()
21:57:12.686 [Test worker] DEBUG o.s.b.f.s.DefaultListableBeanFactory - Returning cached instance of singleton bean 'autoConfigurationReport'
21:57:12.687 [Test worker] DEBUG o.s.b.f.s.DefaultListableBeanFactory - Returning cached instance of singleton bean 'org.springframework.boot.autoconfigure.condition.BeanTypeRegistry'
21:57:12.687 [Test worker] DEBUG o.s.b.f.s.DefaultListableBeanFactory - Returning cached instance of singleton bean 'autoConfigurationReport'
21:57:12.687 [Test worker] DEBUG o.s.c.a.ConfigurationClassBeanDefinitionReader - Registered bean definition for imported class 'org.springframework.boot.actuate.autoconfigure.PublicMetricsAutoConfiguration$DataSourceMetricsConfiguration'
21:57:12.687 [Test worker] DEBUG o.s.b.f.s.DefaultListableBeanFactory - Returning cached instance of singleton bean 'org.springframework.boot.autoconfigure.condition.BeanTypeRegistry'
21:57:12.689 [Test worker] DEBUG o.s.b.f.s.DefaultListableBeanFactory - Returning cached instance of singleton bean 'org.springframework.boot.autoconfigure.condition.BeanTypeRegistry'
21:57:12.689 [Test worker] DEBUG o.s.b.f.s.DefaultListableBeanFactory - Returning cached instance of singleton bean 'autoConfigurationReport'
21:57:12.689 [Test worker] DEBUG o.s.b.f.s.DefaultListableBeanFactory - Returning cached instance of singleton bean 'org.springframework.boot.autoconfigure.condition.BeanTypeRegistry'
21:57:12.689 [Test worker] DEBUG o.s.b.f.s.DefaultListableBeanFactory - Returning cached instance of singleton bean 'org.springframework.boot.autoconfigure.condition.BeanTypeRegistry'
21:57:12.689 [Test worker] DEBUG o.s.b.f.s.DefaultListableBeanFactory - Returning cached instance of singleton bean 'autoConfigurationReport'
21:57:12.690 [Test worker] DEBUG o.s.c.a.ConfigurationClassBeanDefinitionReader - Registering bean definition for @Bean method org.springframework.boot.actuate.autoconfigure.PublicMetricsAutoConfiguration$DataSourceMetricsConfiguration.dataSourcePublicMetrics()
21:57:12.694 [Test worker] DEBUG o.s.c.a.ConfigurationClassBeanDefinitionReader - Registered bean definition for imported class 'org.springframework.boot.actuate.autoconfigure.PublicMetricsAutoConfiguration'
21:57:12.694 [Test worker] DEBUG o.s.c.a.ConfigurationClassBeanDefinitionReader - Registering bean definition for @Bean method org.springframework.boot.actuate.autoconfigure.PublicMetricsAutoConfiguration.systemPublicMetrics()
21:57:12.694 [Test worker] DEBUG o.s.c.a.ConfigurationClassBeanDefinitionReader - Registering bean definition for @Bean method org.springframework.boot.actuate.autoconfigure.PublicMetricsAutoConfiguration.metricReaderPublicMetrics()
21:57:12.694 [Test worker] DEBUG o.s.b.f.s.DefaultListableBeanFactory - Returning cached instance of singleton bean 'org.springframework.boot.autoconfigure.condition.BeanTypeRegistry'
21:57:12.697 [Test worker] DEBUG o.s.b.f.s.DefaultListableBeanFactory - Returning cached instance of singleton bean 'autoConfigurationReport'
21:57:12.697 [Test worker] DEBUG o.s.c.a.ConfigurationClassBeanDefinitionReader - Registered bean definition for imported class 'org.springframework.boot.actuate.autoconfigure.EndpointAutoConfiguration$InfoPropertiesConfiguration'
21:57:12.697 [Test worker] DEBUG o.s.b.f.s.DefaultListableBeanFactory - Returning cached instance of singleton bean 'autoConfigurationReport'
21:57:12.697 [Test worker] DEBUG o.s.c.a.ConfigurationClassBeanDefinitionReader - Registered bean definition for imported class 'org.springframework.boot.actuate.autoconfigure.EndpointAutoConfiguration$RequestMappingEndpointConfiguration'
21:57:12.699 [Test worker] DEBUG o.s.b.f.s.DefaultListableBeanFactory - Returning cached instance of singleton bean 'org.springframework.boot.autoconfigure.condition.BeanTypeRegistry'
21:57:12.700 [Test worker] DEBUG o.s.b.f.s.DefaultListableBeanFactory - Returning cached instance of singleton bean 'autoConfigurationReport'
21:57:12.700 [Test worker] DEBUG o.s.c.a.ConfigurationClassBeanDefinitionReader - Registering bean definition for @Bean method org.springframework.boot.actuate.autoconfigure.EndpointAutoConfiguration$RequestMappingEndpointConfiguration.requestMappingEndpoint()
21:57:12.701 [Test worker] DEBUG o.s.c.a.ConfigurationClassBeanDefinitionReader - Registered bean definition for imported class 'org.springframework.boot.actuate.autoconfigure.EndpointAutoConfiguration'
21:57:12.706 [Test worker] DEBUG o.s.b.f.s.DefaultListableBeanFactory - Returning cached instance of singleton bean 'org.springframework.boot.autoconfigure.condition.BeanTypeRegistry'
21:57:12.706 [Test worker] DEBUG o.s.b.f.s.DefaultListableBeanFactory - Returning cached instance of singleton bean 'autoConfigurationReport'
21:57:12.706 [Test worker] DEBUG o.s.c.a.ConfigurationClassBeanDefinitionReader - Registering bean definition for @Bean method org.springframework.boot.actuate.autoconfigure.EndpointAutoConfiguration.environmentEndpoint()
21:57:12.707 [Test worker] DEBUG o.s.b.f.s.DefaultListableBeanFactory - Returning cached instance of singleton bean 'org.springframework.boot.autoconfigure.condition.BeanTypeRegistry'
21:57:12.707 [Test worker] DEBUG o.s.b.f.s.DefaultListableBeanFactory - Returning cached instance of singleton bean 'autoConfigurationReport'
21:57:12.707 [Test worker] DEBUG o.s.c.a.ConfigurationClassBeanDefinitionReader - Registering bean definition for @Bean method org.springframework.boot.actuate.autoconfigure.EndpointAutoConfiguration.healthEndpoint()
21:57:12.707 [Test worker] DEBUG o.s.b.f.s.DefaultListableBeanFactory - Returning cached instance of singleton bean 'org.springframework.boot.autoconfigure.condition.BeanTypeRegistry'
21:57:12.708 [Test worker] DEBUG o.s.b.f.s.DefaultListableBeanFactory - Returning cached instance of singleton bean 'autoConfigurationReport'
21:57:12.708 [Test worker] DEBUG o.s.c.a.ConfigurationClassBeanDefinitionReader - Registering bean definition for @Bean method org.springframework.boot.actuate.autoconfigure.EndpointAutoConfiguration.beansEndpoint()
21:57:12.708 [Test worker] DEBUG o.s.b.f.s.DefaultListableBeanFactory - Returning cached instance of singleton bean 'org.springframework.boot.autoconfigure.condition.BeanTypeRegistry'
21:57:12.708 [Test worker] DEBUG o.s.b.f.s.DefaultListableBeanFactory - Returning cached instance of singleton bean 'autoConfigurationReport'
21:57:12.708 [Test worker] DEBUG o.s.c.a.ConfigurationClassBeanDefinitionReader - Registering bean definition for @Bean method org.springframework.boot.actuate.autoconfigure.EndpointAutoConfiguration.infoEndpoint()
21:57:12.708 [Test worker] DEBUG o.s.b.f.s.DefaultListableBeanFactory - Returning cached instance of singleton bean 'org.springframework.boot.autoconfigure.condition.BeanTypeRegistry'
21:57:12.708 [Test worker] DEBUG o.s.b.f.s.DefaultListableBeanFactory - Returning cached instance of singleton bean 'autoConfigurationReport'
21:57:12.709 [Test worker] DEBUG o.s.c.a.ConfigurationClassBeanDefinitionReader - Registering bean definition for @Bean method org.springframework.boot.actuate.autoconfigure.EndpointAutoConfiguration.metricsEndpoint()
21:57:12.709 [Test worker] DEBUG o.s.b.f.s.DefaultListableBeanFactory - Returning cached instance of singleton bean 'org.springframework.boot.autoconfigure.condition.BeanTypeRegistry'
21:57:12.709 [Test worker] DEBUG o.s.b.f.s.DefaultListableBeanFactory - Returning cached instance of singleton bean 'autoConfigurationReport'
21:57:12.709 [Test worker] DEBUG o.s.c.a.ConfigurationClassBeanDefinitionReader - Registering bean definition for @Bean method org.springframework.boot.actuate.autoconfigure.EndpointAutoConfiguration.traceEndpoint()
21:57:12.709 [Test worker] DEBUG o.s.b.f.s.DefaultListableBeanFactory - Returning cached instance of singleton bean 'org.springframework.boot.autoconfigure.condition.BeanTypeRegistry'
21:57:12.709 [Test worker] DEBUG o.s.b.f.s.DefaultListableBeanFactory - Returning cached instance of singleton bean 'autoConfigurationReport'
21:57:12.709 [Test worker] DEBUG o.s.c.a.ConfigurationClassBeanDefinitionReader - Registering bean definition for @Bean method org.springframework.boot.actuate.autoconfigure.EndpointAutoConfiguration.dumpEndpoint()
21:57:12.710 [Test worker] DEBUG o.s.b.f.s.DefaultListableBeanFactory - Returning cached instance of singleton bean 'org.springframework.boot.autoconfigure.condition.BeanTypeRegistry'
21:57:12.710 [Test worker] DEBUG o.s.b.f.s.DefaultListableBeanFactory - Returning cached instance of singleton bean 'org.springframework.boot.autoconfigure.condition.BeanTypeRegistry'
21:57:12.710 [Test worker] DEBUG o.s.b.f.s.DefaultListableBeanFactory - Returning cached instance of singleton bean 'autoConfigurationReport'
21:57:12.710 [Test worker] DEBUG o.s.b.f.s.DefaultListableBeanFactory - Returning cached instance of singleton bean 'org.springframework.boot.autoconfigure.condition.BeanTypeRegistry'
21:57:12.710 [Test worker] DEBUG o.s.b.f.s.DefaultListableBeanFactory - Returning cached instance of singleton bean 'org.springframework.boot.autoconfigure.condition.BeanTypeRegistry'
21:57:12.710 [Test worker] DEBUG o.s.b.f.s.DefaultListableBeanFactory - Returning cached instance of singleton bean 'autoConfigurationReport'
21:57:12.710 [Test worker] DEBUG o.s.c.a.ConfigurationClassBeanDefinitionReader - Registering bean definition for @Bean method org.springframework.boot.actuate.autoconfigure.EndpointAutoConfiguration.autoConfigurationReportEndpoint()
21:57:12.710 [Test worker] DEBUG o.s.b.f.s.DefaultListableBeanFactory - Returning cached instance of singleton bean 'org.springframework.boot.autoconfigure.condition.BeanTypeRegistry'
21:57:12.711 [Test worker] DEBUG o.s.b.f.s.DefaultListableBeanFactory - Returning cached instance of singleton bean 'autoConfigurationReport'
21:57:12.711 [Test worker] DEBUG o.s.c.a.ConfigurationClassBeanDefinitionReader - Registering bean definition for @Bean method org.springframework.boot.actuate.autoconfigure.EndpointAutoConfiguration.shutdownEndpoint()
21:57:12.711 [Test worker] DEBUG o.s.b.f.s.DefaultListableBeanFactory - Returning cached instance of singleton bean 'org.springframework.boot.autoconfigure.condition.BeanTypeRegistry'
21:57:12.711 [Test worker] DEBUG o.s.b.f.s.DefaultListableBeanFactory - Returning cached instance of singleton bean 'autoConfigurationReport'
21:57:12.711 [Test worker] DEBUG o.s.c.a.ConfigurationClassBeanDefinitionReader - Registering bean definition for @Bean method org.springframework.boot.actuate.autoconfigure.EndpointAutoConfiguration.configurationPropertiesReportEndpoint()
21:57:12.711 [Test worker] DEBUG o.s.b.f.s.DefaultListableBeanFactory - Returning cached instance of singleton bean 'autoConfigurationReport'
21:57:12.711 [Test worker] DEBUG o.s.c.a.ConfigurationClassBeanDefinitionReader - Registered bean definition for imported class 'org.springframework.boot.autoconfigure.web.ServerPropertiesAutoConfiguration'
21:57:12.713 [Test worker] DEBUG o.s.b.f.s.DefaultListableBeanFactory - Returning cached instance of singleton bean 'org.springframework.boot.autoconfigure.condition.BeanTypeRegistry'
21:57:12.714 [Test worker] DEBUG o.s.b.f.s.DefaultListableBeanFactory - Returning cached instance of singleton bean 'autoConfigurationReport'
21:57:12.714 [Test worker] DEBUG o.s.c.a.ConfigurationClassBeanDefinitionReader - Registering bean definition for @Bean method org.springframework.boot.autoconfigure.web.ServerPropertiesAutoConfiguration.serverProperties()
21:57:12.714 [Test worker] DEBUG o.s.c.a.ConfigurationClassBeanDefinitionReader - Registering bean definition for @Bean method org.springframework.boot.autoconfigure.web.ServerPropertiesAutoConfiguration.duplicateServerPropertiesDetector()
21:57:12.714 [Test worker] DEBUG o.s.c.a.ConfigurationClassBeanDefinitionReader - Registered bean definition for imported class 'org.springframework.boot.actuate.autoconfigure.ManagementServerPropertiesAutoConfiguration'
21:57:12.716 [Test worker] DEBUG o.s.b.f.s.DefaultListableBeanFactory - Returning cached instance of singleton bean 'org.springframework.boot.autoconfigure.condition.BeanTypeRegistry'
21:57:12.717 [Test worker] DEBUG o.s.b.f.s.DefaultListableBeanFactory - Returning cached instance of singleton bean 'autoConfigurationReport'
21:57:12.717 [Test worker] DEBUG o.s.c.a.ConfigurationClassBeanDefinitionReader - Registering bean definition for @Bean method org.springframework.boot.actuate.autoconfigure.ManagementServerPropertiesAutoConfiguration.managementServerProperties()
21:57:12.718 [Test worker] DEBUG o.s.b.f.s.DefaultListableBeanFactory - Returning cached instance of singleton bean 'autoConfigurationReport'
21:57:12.718 [Test worker] DEBUG o.s.b.f.s.DefaultListableBeanFactory - Returning cached instance of singleton bean 'autoConfigurationReport'
21:57:12.718 [Test worker] DEBUG o.s.b.f.s.DefaultListableBeanFactory - Returning cached instance of singleton bean 'org.springframework.boot.autoconfigure.condition.BeanTypeRegistry'
21:57:12.718 [Test worker] DEBUG o.s.b.f.s.DefaultListableBeanFactory - Returning cached instance of singleton bean 'autoConfigurationReport'
21:57:12.718 [Test worker] DEBUG o.s.b.f.s.DefaultListableBeanFactory - Returning cached instance of singleton bean 'autoConfigurationReport'
21:57:12.718 [Test worker] DEBUG o.s.b.f.s.DefaultListableBeanFactory - Returning cached instance of singleton bean 'autoConfigurationReport'
21:57:12.718 [Test worker] DEBUG o.s.c.a.ConfigurationClassBeanDefinitionReader - Registered bean definition for imported class 'org.springframework.boot.autoconfigure.jackson.JacksonAutoConfiguration$JacksonObjectMapperBuilderConfiguration'
21:57:12.719 [Test worker] DEBUG o.s.b.f.s.DefaultListableBeanFactory - Returning cached instance of singleton bean 'org.springframework.boot.autoconfigure.condition.BeanTypeRegistry'
21:57:12.719 [Test worker] DEBUG o.s.b.f.s.DefaultListableBeanFactory - Returning cached instance of singleton bean 'autoConfigurationReport'
21:57:12.720 [Test worker] DEBUG o.s.c.a.ConfigurationClassBeanDefinitionReader - Registering bean definition for @Bean method org.springframework.boot.autoconfigure.jackson.JacksonAutoConfiguration$JacksonObjectMapperBuilderConfiguration.jacksonObjectMapperBuilder()
21:57:12.720 [Test worker] DEBUG o.s.b.f.s.DefaultListableBeanFactory - Returning cached instance of singleton bean 'autoConfigurationReport'
21:57:12.720 [Test worker] DEBUG o.s.c.a.ConfigurationClassBeanDefinitionReader - Registered bean definition for imported class 'org.springframework.boot.autoconfigure.jackson.JacksonAutoConfiguration$JacksonObjectMapperConfiguration'
21:57:12.720 [Test worker] DEBUG o.s.b.f.s.DefaultListableBeanFactory - Returning cached instance of singleton bean 'org.springframework.boot.autoconfigure.condition.BeanTypeRegistry'
21:57:12.721 [Test worker] DEBUG o.s.b.f.s.DefaultListableBeanFactory - Returning cached instance of singleton bean 'autoConfigurationReport'
21:57:12.722 [Test worker] DEBUG o.s.c.a.ConfigurationClassBeanDefinitionReader - Registering bean definition for @Bean method org.springframework.boot.autoconfigure.jackson.JacksonAutoConfiguration$JacksonObjectMapperConfiguration.jacksonObjectMapper()
21:57:12.722 [Test worker] DEBUG o.s.c.a.ConfigurationClassBeanDefinitionReader - Registered bean definition for imported class 'org.springframework.boot.autoconfigure.jackson.JacksonAutoConfiguration'
21:57:12.722 [Test worker] DEBUG o.s.b.f.s.DefaultListableBeanFactory - Returning cached instance of singleton bean 'autoConfigurationReport'
21:57:12.722 [Test worker] DEBUG o.s.b.f.s.DefaultListableBeanFactory - Returning cached instance of singleton bean 'autoConfigurationReport'
21:57:12.722 [Test worker] DEBUG o.s.c.a.ConfigurationClassBeanDefinitionReader - Registered bean definition for imported class 'org.springframework.boot.autoconfigure.web.HttpMessageConvertersAutoConfiguration$StringHttpMessageConverterConfiguration'
21:57:12.722 [Test worker] DEBUG o.s.b.f.s.DefaultListableBeanFactory - Returning cached instance of singleton bean 'org.springframework.boot.autoconfigure.condition.BeanTypeRegistry'
21:57:12.723 [Test worker] DEBUG o.s.b.f.s.DefaultListableBeanFactory - Returning cached instance of singleton bean 'autoConfigurationReport'
21:57:12.724 [Test worker] DEBUG o.s.c.a.ConfigurationClassBeanDefinitionReader - Registering bean definition for @Bean method org.springframework.boot.autoconfigure.web.HttpMessageConvertersAutoConfiguration$StringHttpMessageConverterConfiguration.stringHttpMessageConverter()
21:57:12.724 [Test worker] DEBUG o.s.b.f.s.DefaultListableBeanFactory - Returning cached instance of singleton bean 'autoConfigurationReport'
21:57:12.725 [Test worker] DEBUG o.s.b.f.s.DefaultListableBeanFactory - Returning cached instance of singleton bean 'org.springframework.boot.autoconfigure.condition.BeanTypeRegistry'
21:57:12.727 [Test worker] DEBUG o.s.b.f.s.DefaultListableBeanFactory - Returning cached instance of singleton bean 'autoConfigurationReport'
21:57:12.727 [Test worker] DEBUG o.s.b.f.s.DefaultListableBeanFactory - Returning cached instance of singleton bean 'autoConfigurationReport'
21:57:12.727 [Test worker] DEBUG o.s.c.a.ConfigurationClassBeanDefinitionReader - Registered bean definition for imported class 'org.springframework.boot.autoconfigure.web.JacksonHttpMessageConvertersConfiguration$MappingJackson2HttpMessageConverterConfiguration'
21:57:12.727 [Test worker] DEBUG o.s.b.f.s.DefaultListableBeanFactory - Returning cached instance of singleton bean 'org.springframework.boot.autoconfigure.condition.BeanTypeRegistry'
21:57:12.731 [Test worker] DEBUG o.s.b.f.s.DefaultListableBeanFactory - Returning cached instance of singleton bean 'autoConfigurationReport'
21:57:12.731 [Test worker] DEBUG o.s.c.a.ConfigurationClassBeanDefinitionReader - Registering bean definition for @Bean method org.springframework.boot.autoconfigure.web.JacksonHttpMessageConvertersConfiguration$MappingJackson2HttpMessageConverterConfiguration.mappingJackson2HttpMessageConverter()
21:57:12.731 [Test worker] DEBUG o.s.c.a.ConfigurationClassBeanDefinitionReader - Registered bean definition for imported class 'org.springframework.boot.autoconfigure.web.JacksonHttpMessageConvertersConfiguration'
21:57:12.732 [Test worker] DEBUG o.s.c.a.ConfigurationClassBeanDefinitionReader - Registered bean definition for imported class 'org.springframework.boot.autoconfigure.web.HttpMessageConvertersAutoConfiguration'
21:57:12.734 [Test worker] DEBUG o.s.b.f.s.DefaultListableBeanFactory - Returning cached instance of singleton bean 'org.springframework.boot.autoconfigure.condition.BeanTypeRegistry'
21:57:12.734 [Test worker] DEBUG o.s.b.f.s.DefaultListableBeanFactory - Returning cached instance of singleton bean 'autoConfigurationReport'
21:57:12.734 [Test worker] DEBUG o.s.c.a.ConfigurationClassBeanDefinitionReader - Registering bean definition for @Bean method org.springframework.boot.autoconfigure.web.HttpMessageConvertersAutoConfiguration.messageConverters()
21:57:12.735 [Test worker] DEBUG o.s.b.f.s.DefaultListableBeanFactory - Returning cached instance of singleton bean 'autoConfigurationReport'
21:57:12.735 [Test worker] DEBUG o.s.b.f.s.DefaultListableBeanFactory - Returning cached instance of singleton bean 'autoConfigurationReport'
21:57:12.736 [Test worker] DEBUG o.s.c.e.PropertySourcesPropertyResolver - Searching for key 'server.port' in [systemProperties]
21:57:12.736 [Test worker] DEBUG o.s.c.e.PropertySourcesPropertyResolver - Searching for key 'server.port' in [systemEnvironment]
21:57:12.736 [Test worker] DEBUG o.s.c.e.PropertySourcesPropertyResolver - Searching for key 'server.port' in [random]
21:57:12.736 [Test worker] DEBUG o.s.c.e.PropertySourcesPropertyResolver - Searching for key 'server.port' in [integrationTest]
21:57:12.736 [Test worker] DEBUG o.s.c.e.PropertySourcesPropertyResolver - Found key 'server.port' in [integrationTest] with type [String] and value '-1'
21:57:12.738 [Test worker] DEBUG o.s.c.e.PropertySourcesPropertyResolver - Searching for key 'management.port' in [systemProperties]
21:57:12.738 [Test worker] DEBUG o.s.c.e.PropertySourcesPropertyResolver - Searching for key 'management.port' in [systemEnvironment]
21:57:12.738 [Test worker] DEBUG o.s.c.e.PropertySourcesPropertyResolver - Searching for key 'management.port' in [random]
21:57:12.738 [Test worker] DEBUG o.s.c.e.PropertySourcesPropertyResolver - Searching for key 'management.port' in [integrationTest]
21:57:12.738 [Test worker] DEBUG o.s.c.e.PropertySourcesPropertyResolver - Searching for key 'management.port' in [applicationConfigurationProperties]
21:57:12.739 [Test worker] DEBUG o.s.c.e.PropertySourcesPropertyResolver - Found key 'management.port' in [applicationConfigurationProperties] with type [String] and value '9001'
21:57:12.739 [Test worker] DEBUG o.s.b.f.s.DefaultListableBeanFactory - Returning cached instance of singleton bean 'autoConfigurationReport'
21:57:12.739 [Test worker] DEBUG o.s.b.f.s.DefaultListableBeanFactory - Returning cached instance of singleton bean 'autoConfigurationReport'
21:57:12.739 [Test worker] DEBUG o.s.c.a.ConfigurationClassBeanDefinitionReader - Registered bean definition for imported class 'org.springframework.boot.actuate.autoconfigure.EndpointWebMvcAutoConfiguration$ApplicationContextFilterConfiguration'
21:57:12.739 [Test worker] DEBUG o.s.c.a.ConfigurationClassBeanDefinitionReader - Registering bean definition for @Bean method org.springframework.boot.actuate.autoconfigure.EndpointWebMvcAutoConfiguration$ApplicationContextFilterConfiguration.applicationContextIdFilter()
21:57:12.740 [Test worker] DEBUG o.s.c.a.ConfigurationClassBeanDefinitionReader - Registered bean definition for imported class 'org.springframework.boot.actuate.autoconfigure.EndpointWebMvcAutoConfiguration'
21:57:12.740 [Test worker] DEBUG o.s.c.a.ConfigurationClassBeanDefinitionReader - Registering bean definition for @Bean method org.springframework.boot.actuate.autoconfigure.EndpointWebMvcAutoConfiguration.managementContextResolver()
21:57:12.740 [Test worker] DEBUG o.s.c.a.ConfigurationClassBeanDefinitionReader - Registering bean definition for @Bean method org.springframework.boot.actuate.autoconfigure.EndpointWebMvcAutoConfiguration.managementServletContext()
21:57:12.741 [Test worker] DEBUG o.s.b.f.s.DefaultListableBeanFactory - Returning cached instance of singleton bean 'autoConfigurationReport'
21:57:12.741 [Test worker] DEBUG o.s.c.a.ConfigurationClassBeanDefinitionReader - Registered bean definition for imported class 'org.springframework.boot.actuate.autoconfigure.MetricExportAutoConfiguration$MetricExportPropertiesConfiguration'
21:57:12.742 [Test worker] DEBUG o.s.b.f.s.DefaultListableBeanFactory - Returning cached instance of singleton bean 'org.springframework.boot.autoconfigure.condition.BeanTypeRegistry'
21:57:12.745 [Test worker] DEBUG o.s.b.f.s.DefaultListableBeanFactory - Returning cached instance of singleton bean 'autoConfigurationReport'
21:57:12.745 [Test worker] DEBUG o.s.c.a.ConfigurationClassBeanDefinitionReader - Registering bean definition for @Bean method org.springframework.boot.actuate.autoconfigure.MetricExportAutoConfiguration$MetricExportPropertiesConfiguration.spring.metrics.export.CONFIGURATION_PROPERTIES()
21:57:12.746 [Test worker] DEBUG o.s.c.a.ConfigurationClassBeanDefinitionReader - Registered bean definition for imported class 'org.springframework.scheduling.annotation.SchedulingConfiguration'
21:57:12.746 [Test worker] DEBUG o.s.c.a.ConfigurationClassBeanDefinitionReader - Registering bean definition for @Bean method org.springframework.scheduling.annotation.SchedulingConfiguration.org.springframework.context.annotation.internalScheduledAnnotationProcessor()
21:57:12.746 [Test worker] DEBUG o.s.c.a.ConfigurationClassBeanDefinitionReader - Registered bean definition for imported class 'org.springframework.boot.actuate.autoconfigure.MetricExportAutoConfiguration'
21:57:12.746 [Test worker] DEBUG o.s.b.f.s.DefaultListableBeanFactory - Returning cached instance of singleton bean 'autoConfigurationReport'
21:57:12.747 [Test worker] DEBUG o.s.c.a.ConfigurationClassBeanDefinitionReader - Registering bean definition for @Bean method org.springframework.boot.actuate.autoconfigure.MetricExportAutoConfiguration.metricWritersMetricExporter()
21:57:12.749 [Test worker] DEBUG o.s.b.f.s.DefaultListableBeanFactory - Returning cached instance of singleton bean 'org.springframework.boot.autoconfigure.condition.BeanTypeRegistry'
21:57:12.751 [Test worker] DEBUG o.s.b.f.s.DefaultListableBeanFactory - Returning cached instance of singleton bean 'autoConfigurationReport'
21:57:12.751 [Test worker] DEBUG o.s.b.f.s.DefaultListableBeanFactory - Returning cached instance of singleton bean 'autoConfigurationReport'
21:57:12.751 [Test worker] DEBUG o.s.b.f.s.DefaultListableBeanFactory - Returning cached instance of singleton bean 'autoConfigurationReport'
21:57:12.752 [Test worker] DEBUG o.s.b.f.s.DefaultListableBeanFactory - Returning cached instance of singleton bean 'org.springframework.boot.autoconfigure.condition.BeanTypeRegistry'
21:57:12.752 [Test worker] DEBUG o.s.b.f.s.DefaultListableBeanFactory - Returning cached instance of singleton bean 'org.springframework.boot.autoconfigure.condition.BeanTypeRegistry'
21:57:12.752 [Test worker] DEBUG o.s.b.f.s.DefaultListableBeanFactory - Returning cached instance of singleton bean 'autoConfigurationReport'
21:57:12.752 [Test worker] DEBUG o.s.b.f.s.DefaultListableBeanFactory - Returning cached instance of singleton bean 'autoConfigurationReport'
21:57:12.752 [Test worker] DEBUG o.s.c.a.ConfigurationClassBeanDefinitionReader - Registered bean definition for imported class 'org.springframework.boot.actuate.autoconfigure.MetricFilterAutoConfiguration'
21:57:12.752 [Test worker] DEBUG o.s.c.a.ConfigurationClassBeanDefinitionReader - Registering bean definition for @Bean method org.springframework.boot.actuate.autoconfigure.MetricFilterAutoConfiguration.metricFilter()
21:57:12.752 [Test worker] DEBUG o.s.c.a.ConfigurationClassBeanDefinitionReader - Registered bean definition for imported class 'org.springframework.boot.actuate.autoconfigure.TraceRepositoryAutoConfiguration'
21:57:12.752 [Test worker] DEBUG o.s.b.f.s.DefaultListableBeanFactory - Returning cached instance of singleton bean 'org.springframework.boot.autoconfigure.condition.BeanTypeRegistry'
21:57:12.755 [Test worker] DEBUG o.s.b.f.s.DefaultListableBeanFactory - Returning cached instance of singleton bean 'autoConfigurationReport'
21:57:12.755 [Test worker] DEBUG o.s.c.a.ConfigurationClassBeanDefinitionReader - Registering bean definition for @Bean method org.springframework.boot.actuate.autoconfigure.TraceRepositoryAutoConfiguration.traceRepository()
21:57:12.755 [Test worker] DEBUG o.s.b.f.s.DefaultListableBeanFactory - Returning cached instance of singleton bean 'autoConfigurationReport'
21:57:12.756 [Test worker] DEBUG o.s.c.a.ConfigurationClassBeanDefinitionReader - Registered bean definition for imported class 'org.springframework.boot.actuate.autoconfigure.TraceWebFilterAutoConfiguration'
21:57:12.756 [Test worker] DEBUG o.s.c.a.ConfigurationClassBeanDefinitionReader - Registering bean definition for @Bean method org.springframework.boot.actuate.autoconfigure.TraceWebFilterAutoConfiguration.webRequestLoggingFilter()
21:57:12.756 [Test worker] DEBUG o.s.c.a.ConfigurationClassBeanDefinitionReader - Registered bean definition for imported class 'org.springframework.boot.autoconfigure.context.ConfigurationPropertiesAutoConfiguration'
21:57:12.758 [Test worker] DEBUG o.s.b.f.s.DefaultListableBeanFactory - Returning cached instance of singleton bean 'autoConfigurationReport'
21:57:12.758 [Test worker] DEBUG o.s.c.a.ConfigurationClassBeanDefinitionReader - Registered bean definition for imported class 'org.springframework.boot.autoconfigure.dao.PersistenceExceptionTranslationAutoConfiguration'
21:57:12.759 [Test worker] DEBUG o.s.b.f.s.DefaultListableBeanFactory - Returning cached instance of singleton bean 'org.springframework.boot.autoconfigure.condition.BeanTypeRegistry'
21:57:12.762 [Test worker] DEBUG o.s.b.f.s.DefaultListableBeanFactory - Returning cached instance of singleton bean 'autoConfigurationReport'
21:57:12.762 [Test worker] DEBUG o.s.b.f.s.DefaultListableBeanFactory - Returning cached instance of singleton bean 'autoConfigurationReport'
21:57:12.763 [Test worker] DEBUG o.s.c.a.ConfigurationClassBeanDefinitionReader - Registering bean definition for @Bean method org.springframework.boot.autoconfigure.dao.PersistenceExceptionTranslationAutoConfiguration.persistenceExceptionTranslationPostProcessor()
21:57:12.763 [Test worker] DEBUG o.s.b.f.s.DefaultListableBeanFactory - Returning cached instance of singleton bean 'autoConfigurationReport'
21:57:12.763 [Test worker] DEBUG o.s.b.f.s.DefaultListableBeanFactory - Returning cached instance of singleton bean 'autoConfigurationReport'
21:57:12.763 [Test worker] DEBUG o.s.c.e.PropertySourcesPropertyResolver - Searching for key 'spring.h2.console.enabled' in [systemProperties]
21:57:12.763 [Test worker] DEBUG o.s.c.e.PropertySourcesPropertyResolver - Searching for key 'spring.h2.console.enabled' in [systemEnvironment]
21:57:12.763 [Test worker] DEBUG o.s.c.e.PropertySourcesPropertyResolver - Searching for key 'spring.h2.console.enabled' in [random]
21:57:12.763 [Test worker] DEBUG o.s.c.e.PropertySourcesPropertyResolver - Searching for key 'spring.h2.console.enabled' in [integrationTest]
21:57:12.763 [Test worker] DEBUG o.s.c.e.PropertySourcesPropertyResolver - Searching for key 'spring.h2.console.enabled' in [applicationConfigurationProperties]
21:57:12.763 [Test worker] DEBUG o.s.c.e.PropertySourcesPropertyResolver - Found key 'spring.h2.console.enabled' in [applicationConfigurationProperties] with type [String] and value 'true'
21:57:12.763 [Test worker] DEBUG o.s.b.f.s.DefaultListableBeanFactory - Returning cached instance of singleton bean 'autoConfigurationReport'
21:57:12.764 [Test worker] DEBUG o.s.c.a.ConfigurationClassBeanDefinitionReader - Registered bean definition for imported class 'org.springframework.boot.autoconfigure.h2.H2ConsoleAutoConfiguration'
21:57:12.764 [Test worker] DEBUG o.s.c.a.ConfigurationClassBeanDefinitionReader - Registering bean definition for @Bean method org.springframework.boot.autoconfigure.h2.H2ConsoleAutoConfiguration.h2Console()
21:57:12.765 [Test worker] DEBUG o.s.b.f.s.DefaultListableBeanFactory - Returning cached instance of singleton bean 'autoConfigurationReport'
21:57:12.766 [Test worker] DEBUG o.s.b.f.s.DefaultListableBeanFactory - Returning cached instance of singleton bean 'org.springframework.boot.autoconfigure.condition.BeanTypeRegistry'
21:57:12.767 [Test worker] DEBUG o.s.b.f.s.DefaultListableBeanFactory - Returning cached instance of singleton bean 'autoConfigurationReport'
21:57:12.767 [Test worker] DEBUG o.s.c.a.ConfigurationClassBeanDefinitionReader - Registered bean definition for imported class 'org.springframework.transaction.annotation.ProxyTransactionManagementConfiguration'
21:57:12.767 [Test worker] DEBUG o.s.c.a.ConfigurationClassBeanDefinitionReader - Registering bean definition for @Bean method org.springframework.transaction.annotation.ProxyTransactionManagementConfiguration.org.springframework.transaction.config.internalTransactionAdvisor()
21:57:12.767 [Test worker] DEBUG o.s.c.a.ConfigurationClassBeanDefinitionReader - Registering bean definition for @Bean method org.springframework.transaction.annotation.ProxyTransactionManagementConfiguration.transactionAttributeSource()
21:57:12.767 [Test worker] DEBUG o.s.c.a.ConfigurationClassBeanDefinitionReader - Registering bean definition for @Bean method org.springframework.transaction.annotation.ProxyTransactionManagementConfiguration.transactionInterceptor()
21:57:12.767 [Test worker] DEBUG o.s.c.a.ConfigurationClassBeanDefinitionReader - Registering bean definition for @Bean method org.springframework.transaction.annotation.ProxyTransactionManagementConfiguration.org.springframework.transaction.config.internalTransactionalEventListenerFactory()
21:57:12.767 [Test worker] DEBUG o.s.c.a.ConfigurationClassBeanDefinitionReader - Registered bean definition for imported class 'org.springframework.boot.autoconfigure.jdbc.DataSourceTransactionManagerAutoConfiguration$TransactionManagementConfiguration'
21:57:12.779 [Test worker] DEBUG o.s.c.a.ConfigurationClassBeanDefinitionReader - Registered bean definition for imported class 'org.springframework.boot.autoconfigure.jdbc.DataSourceTransactionManagerAutoConfiguration'
21:57:12.779 [Test worker] DEBUG o.s.b.f.s.DefaultListableBeanFactory - Returning cached instance of singleton bean 'org.springframework.boot.autoconfigure.condition.BeanTypeRegistry'
21:57:12.791 [Test worker] DEBUG o.s.b.f.s.DefaultListableBeanFactory - Returning cached instance of singleton bean 'org.springframework.boot.autoconfigure.condition.BeanTypeRegistry'
21:57:12.792 [Test worker] DEBUG o.s.b.f.s.DefaultListableBeanFactory - Returning cached instance of singleton bean 'autoConfigurationReport'
21:57:12.792 [Test worker] DEBUG o.s.b.f.s.DefaultListableBeanFactory - Returning cached instance of singleton bean 'org.springframework.boot.autoconfigure.condition.BeanTypeRegistry'
21:57:12.792 [Test worker] DEBUG o.s.b.f.s.DefaultListableBeanFactory - Returning cached instance of singleton bean 'org.springframework.boot.autoconfigure.condition.BeanTypeRegistry'
21:57:12.792 [Test worker] DEBUG o.s.b.f.s.DefaultListableBeanFactory - Returning cached instance of singleton bean 'autoConfigurationReport'
21:57:12.792 [Test worker] DEBUG o.s.c.a.ConfigurationClassBeanDefinitionReader - Registering bean definition for @Bean method org.springframework.boot.autoconfigure.jdbc.DataSourceTransactionManagerAutoConfiguration.transactionManager()
21:57:12.793 [Test worker] DEBUG o.s.b.f.s.DefaultListableBeanFactory - Returning cached instance of singleton bean 'autoConfigurationReport'
21:57:12.793 [Test worker] DEBUG o.s.b.f.s.DefaultListableBeanFactory - Returning cached instance of singleton bean 'org.springframework.boot.autoconfigure.condition.BeanTypeRegistry'
21:57:12.796 [Test worker] DEBUG o.s.b.f.s.DefaultListableBeanFactory - Returning cached instance of singleton bean 'autoConfigurationReport'
21:57:12.797 [Test worker] DEBUG o.s.c.a.ConfigurationClassBeanDefinitionReader - Registered bean definition for imported class 'org.springframework.boot.autoconfigure.transaction.TransactionAutoConfiguration'
21:57:12.798 [Test worker] DEBUG o.s.b.f.s.DefaultListableBeanFactory - Returning cached instance of singleton bean 'org.springframework.boot.autoconfigure.condition.BeanTypeRegistry'
21:57:12.799 [Test worker] DEBUG o.s.b.f.s.DefaultListableBeanFactory - Returning cached instance of singleton bean 'autoConfigurationReport'
21:57:12.799 [Test worker] DEBUG o.s.c.a.ConfigurationClassBeanDefinitionReader - Registering bean definition for @Bean method org.springframework.boot.autoconfigure.transaction.TransactionAutoConfiguration.transactionTemplate()
21:57:12.799 [Test worker] DEBUG o.s.b.f.s.DefaultListableBeanFactory - Returning cached instance of singleton bean 'autoConfigurationReport'
21:57:12.799 [Test worker] DEBUG o.s.b.f.s.DefaultListableBeanFactory - Returning cached instance of singleton bean 'autoConfigurationReport'
21:57:12.799 [Test worker] DEBUG o.s.c.a.ConfigurationClassBeanDefinitionReader - Registered bean definition for imported class 'org.springframework.boot.autoconfigure.web.HttpEncodingAutoConfiguration'
21:57:12.799 [Test worker] DEBUG o.s.b.f.s.DefaultListableBeanFactory - Returning cached instance of singleton bean 'org.springframework.boot.autoconfigure.condition.BeanTypeRegistry'
21:57:12.801 [Test worker] DEBUG o.s.b.f.s.DefaultListableBeanFactory - Returning cached instance of singleton bean 'autoConfigurationReport'
21:57:12.802 [Test worker] DEBUG o.s.c.a.ConfigurationClassBeanDefinitionReader - Registering bean definition for @Bean method org.springframework.boot.autoconfigure.web.HttpEncodingAutoConfiguration.characterEncodingFilter()
21:57:12.803 [Test worker] DEBUG o.s.b.f.s.DefaultListableBeanFactory - Returning cached instance of singleton bean 'autoConfigurationReport'
21:57:12.803 [Test worker] DEBUG o.s.b.f.s.DefaultListableBeanFactory - Returning cached instance of singleton bean 'autoConfigurationReport'
21:57:12.803 [Test worker] DEBUG o.s.c.a.ConfigurationClassBeanDefinitionReader - Registered bean definition for imported class 'org.springframework.boot.autoconfigure.web.MultipartAutoConfiguration'
21:57:12.805 [Test worker] DEBUG o.s.b.f.s.DefaultListableBeanFactory - Returning cached instance of singleton bean 'org.springframework.boot.autoconfigure.condition.BeanTypeRegistry'
21:57:12.808 [Test worker] DEBUG o.s.b.f.s.DefaultListableBeanFactory - Returning cached instance of singleton bean 'autoConfigurationReport'
21:57:12.808 [Test worker] DEBUG o.s.c.a.ConfigurationClassBeanDefinitionReader - Registering bean definition for @Bean method org.springframework.boot.autoconfigure.web.MultipartAutoConfiguration.multipartConfigElement()
21:57:12.809 [Test worker] DEBUG o.s.b.f.s.DefaultListableBeanFactory - Returning cached instance of singleton bean 'org.springframework.boot.autoconfigure.condition.BeanTypeRegistry'
21:57:12.809 [Test worker] DEBUG o.s.b.f.s.DefaultListableBeanFactory - Returning cached instance of singleton bean 'autoConfigurationReport'
21:57:12.809 [Test worker] DEBUG o.s.c.a.ConfigurationClassBeanDefinitionReader - Registering bean definition for @Bean method org.springframework.boot.autoconfigure.web.MultipartAutoConfiguration.multipartResolver()
21:57:12.942 [Test worker] DEBUG o.s.c.a.ConfigurationClassEnhancer - Successfully enhanced com.uniritter.monitor.MonitorApplication; enhanced class name is: com.uniritter.monitor.MonitorApplication$$EnhancerBySpringCGLIB$$6003a9c1
21:57:12.943 [Test worker] DEBUG o.s.c.a.ConfigurationClassPostProcessor - Replacing bean definition 'monitorApplication' existing class 'com.uniritter.monitor.MonitorApplication' with enhanced class 'com.uniritter.monitor.MonitorApplication$$EnhancerBySpringCGLIB$$6003a9c1'
21:57:12.950 [Test worker] DEBUG o.s.c.a.ConfigurationClassEnhancer - Successfully enhanced org.springframework.boot.autoconfigure.PropertyPlaceholderAutoConfiguration; enhanced class name is: org.springframework.boot.autoconfigure.PropertyPlaceholderAutoConfiguration$$EnhancerBySpringCGLIB$$fd715cc5
21:57:12.951 [Test worker] DEBUG o.s.c.a.ConfigurationClassPostProcessor - Replacing bean definition 'org.springframework.boot.autoconfigure.PropertyPlaceholderAutoConfiguration' existing class 'org.springframework.boot.autoconfigure.PropertyPlaceholderAutoConfiguration' with enhanced class 'org.springframework.boot.autoconfigure.PropertyPlaceholderAutoConfiguration$$EnhancerBySpringCGLIB$$fd715cc5'
21:57:12.951 [Test worker] DEBUG o.s.c.a.ConfigurationClassEnhancer - Successfully enhanced org.springframework.boot.autoconfigure.PropertyPlaceholderAutoConfiguration; enhanced class name is: org.springframework.boot.autoconfigure.PropertyPlaceholderAutoConfiguration$$EnhancerBySpringCGLIB$$fd715cc5
21:57:12.951 [Test worker] DEBUG o.s.c.a.ConfigurationClassPostProcessor - Replacing bean definition 'propertySourcesPlaceholderConfigurer' existing class 'org.springframework.boot.autoconfigure.PropertyPlaceholderAutoConfiguration' with enhanced class 'org.springframework.boot.autoconfigure.PropertyPlaceholderAutoConfiguration$$EnhancerBySpringCGLIB$$fd715cc5'
21:57:12.969 [Test worker] DEBUG o.s.c.a.ConfigurationClassEnhancer - Successfully enhanced org.springframework.boot.autoconfigure.jersey.JerseyAutoConfiguration; enhanced class name is: org.springframework.boot.autoconfigure.jersey.JerseyAutoConfiguration$$EnhancerBySpringCGLIB$$a535b435
21:57:12.970 [Test worker] DEBUG o.s.c.a.ConfigurationClassPostProcessor - Replacing bean definition 'org.springframework.boot.autoconfigure.jersey.JerseyAutoConfiguration' existing class 'org.springframework.boot.autoconfigure.jersey.JerseyAutoConfiguration' with enhanced class 'org.springframework.boot.autoconfigure.jersey.JerseyAutoConfiguration$$EnhancerBySpringCGLIB$$a535b435'
21:57:12.975 [Test worker] DEBUG o.s.c.a.ConfigurationClassEnhancer - Successfully enhanced org.springframework.boot.autoconfigure.websocket.WebSocketAutoConfiguration$TomcatWebSocketConfiguration; enhanced class name is: org.springframework.boot.autoconfigure.websocket.WebSocketAutoConfiguration$TomcatWebSocketConfiguration$$EnhancerBySpringCGLIB$$5131ea94
21:57:12.975 [Test worker] DEBUG o.s.c.a.ConfigurationClassPostProcessor - Replacing bean definition 'org.springframework.boot.autoconfigure.websocket.WebSocketAutoConfiguration$TomcatWebSocketConfiguration' existing class 'org.springframework.boot.autoconfigure.websocket.WebSocketAutoConfiguration$TomcatWebSocketConfiguration' with enhanced class 'org.springframework.boot.autoconfigure.websocket.WebSocketAutoConfiguration$TomcatWebSocketConfiguration$$EnhancerBySpringCGLIB$$5131ea94'
21:57:12.977 [Test worker] DEBUG o.s.c.a.ConfigurationClassEnhancer - Successfully enhanced org.springframework.boot.autoconfigure.websocket.WebSocketAutoConfiguration; enhanced class name is: org.springframework.boot.autoconfigure.websocket.WebSocketAutoConfiguration$$EnhancerBySpringCGLIB$$d38d24e3
21:57:12.977 [Test worker] DEBUG o.s.c.a.ConfigurationClassPostProcessor - Replacing bean definition 'org.springframework.boot.autoconfigure.websocket.WebSocketAutoConfiguration' existing class 'org.springframework.boot.autoconfigure.websocket.WebSocketAutoConfiguration' with enhanced class 'org.springframework.boot.autoconfigure.websocket.WebSocketAutoConfiguration$$EnhancerBySpringCGLIB$$d38d24e3'
21:57:12.979 [Test worker] DEBUG o.s.c.a.ConfigurationClassEnhancer - Successfully enhanced org.springframework.boot.autoconfigure.web.EmbeddedServletContainerAutoConfiguration$EmbeddedTomcat; enhanced class name is: org.springframework.boot.autoconfigure.web.EmbeddedServletContainerAutoConfiguration$EmbeddedTomcat$$EnhancerBySpringCGLIB$$43014b27
21:57:12.980 [Test worker] DEBUG o.s.c.a.ConfigurationClassPostProcessor - Replacing bean definition 'org.springframework.boot.autoconfigure.web.EmbeddedServletContainerAutoConfiguration$EmbeddedTomcat' existing class 'org.springframework.boot.autoconfigure.web.EmbeddedServletContainerAutoConfiguration$EmbeddedTomcat' with enhanced class 'org.springframework.boot.autoconfigure.web.EmbeddedServletContainerAutoConfiguration$EmbeddedTomcat$$EnhancerBySpringCGLIB$$43014b27'
21:57:12.985 [Test worker] DEBUG o.s.c.a.ConfigurationClassEnhancer - Successfully enhanced org.springframework.boot.autoconfigure.web.EmbeddedServletContainerAutoConfiguration; enhanced class name is: org.springframework.boot.autoconfigure.web.EmbeddedServletContainerAutoConfiguration$$EnhancerBySpringCGLIB$$109003cb
21:57:12.985 [Test worker] DEBUG o.s.c.a.ConfigurationClassPostProcessor - Replacing bean definition 'org.springframework.boot.autoconfigure.web.EmbeddedServletContainerAutoConfiguration' existing class 'org.springframework.boot.autoconfigure.web.EmbeddedServletContainerAutoConfiguration' with enhanced class 'org.springframework.boot.autoconfigure.web.EmbeddedServletContainerAutoConfiguration$$EnhancerBySpringCGLIB$$109003cb'
21:57:12.996 [Test worker] DEBUG o.s.c.a.ConfigurationClassEnhancer - Successfully enhanced org.springframework.boot.autoconfigure.web.DispatcherServletAutoConfiguration$DispatcherServletConfiguration; enhanced class name is: org.springframework.boot.autoconfigure.web.DispatcherServletAutoConfiguration$DispatcherServletConfiguration$$EnhancerBySpringCGLIB$$e042689d
21:57:12.996 [Test worker] DEBUG o.s.c.a.ConfigurationClassPostProcessor - Replacing bean definition 'org.springframework.boot.autoconfigure.web.DispatcherServletAutoConfiguration$DispatcherServletConfiguration' existing class 'org.springframework.boot.autoconfigure.web.DispatcherServletAutoConfiguration$DispatcherServletConfiguration' with enhanced class 'org.springframework.boot.autoconfigure.web.DispatcherServletAutoConfiguration$DispatcherServletConfiguration$$EnhancerBySpringCGLIB$$e042689d'
21:57:12.998 [Test worker] DEBUG o.s.c.a.ConfigurationClassEnhancer - Successfully enhanced org.springframework.boot.autoconfigure.web.DispatcherServletAutoConfiguration; enhanced class name is: org.springframework.boot.autoconfigure.web.DispatcherServletAutoConfiguration$$EnhancerBySpringCGLIB$$b322c35f
21:57:12.998 [Test worker] DEBUG o.s.c.a.ConfigurationClassPostProcessor - Replacing bean definition 'org.springframework.boot.autoconfigure.web.DispatcherServletAutoConfiguration' existing class 'org.springframework.boot.autoconfigure.web.DispatcherServletAutoConfiguration' with enhanced class 'org.springframework.boot.autoconfigure.web.DispatcherServletAutoConfiguration$$EnhancerBySpringCGLIB$$b322c35f'
21:57:13.007 [Test worker] DEBUG o.s.c.a.ConfigurationClassEnhancer - Successfully enhanced org.springframework.boot.autoconfigure.web.ErrorMvcAutoConfiguration$WhitelabelErrorViewConfiguration; enhanced class name is: org.springframework.boot.autoconfigure.web.ErrorMvcAutoConfiguration$WhitelabelErrorViewConfiguration$$EnhancerBySpringCGLIB$$25461739
21:57:13.007 [Test worker] DEBUG o.s.c.a.ConfigurationClassPostProcessor - Replacing bean definition 'org.springframework.boot.autoconfigure.web.ErrorMvcAutoConfiguration$WhitelabelErrorViewConfiguration' existing class 'org.springframework.boot.autoconfigure.web.ErrorMvcAutoConfiguration$WhitelabelErrorViewConfiguration' with enhanced class 'org.springframework.boot.autoconfigure.web.ErrorMvcAutoConfiguration$WhitelabelErrorViewConfiguration$$EnhancerBySpringCGLIB$$25461739'
21:57:13.011 [Test worker] DEBUG o.s.c.a.ConfigurationClassEnhancer - Successfully enhanced org.springframework.boot.autoconfigure.web.ErrorMvcAutoConfiguration; enhanced class name is: org.springframework.boot.autoconfigure.web.ErrorMvcAutoConfiguration$$EnhancerBySpringCGLIB$$62e916ff
21:57:13.011 [Test worker] DEBUG o.s.c.a.ConfigurationClassPostProcessor - Replacing bean definition 'org.springframework.boot.autoconfigure.web.ErrorMvcAutoConfiguration' existing class 'org.springframework.boot.autoconfigure.web.ErrorMvcAutoConfiguration' with enhanced class 'org.springframework.boot.autoconfigure.web.ErrorMvcAutoConfiguration$$EnhancerBySpringCGLIB$$62e916ff'
21:57:13.012 [Test worker] DEBUG o.s.c.a.ConfigurationClassEnhancer - Successfully enhanced org.springframework.boot.autoconfigure.web.ErrorMvcAutoConfiguration; enhanced class name is: org.springframework.boot.autoconfigure.web.ErrorMvcAutoConfiguration$$EnhancerBySpringCGLIB$$62e916ff
21:57:13.012 [Test worker] DEBUG o.s.c.a.ConfigurationClassPostProcessor - Replacing bean definition 'preserveErrorControllerTargetClassPostProcessor' existing class 'org.springframework.boot.autoconfigure.web.ErrorMvcAutoConfiguration' with enhanced class 'org.springframework.boot.autoconfigure.web.ErrorMvcAutoConfiguration$$EnhancerBySpringCGLIB$$62e916ff'
21:57:13.021 [Test worker] DEBUG o.s.c.a.ConfigurationClassEnhancer - Successfully enhanced org.springframework.boot.autoconfigure.web.WebMvcAutoConfiguration$EnableWebMvcConfiguration; enhanced class name is: org.springframework.boot.autoconfigure.web.WebMvcAutoConfiguration$EnableWebMvcConfiguration$$EnhancerBySpringCGLIB$$d24e5074
21:57:13.021 [Test worker] DEBUG o.s.c.a.ConfigurationClassPostProcessor - Replacing bean definition 'org.springframework.boot.autoconfigure.web.WebMvcAutoConfiguration$EnableWebMvcConfiguration' existing class 'org.springframework.boot.autoconfigure.web.WebMvcAutoConfiguration$EnableWebMvcConfiguration' with enhanced class 'org.springframework.boot.autoconfigure.web.WebMvcAutoConfiguration$EnableWebMvcConfiguration$$EnhancerBySpringCGLIB$$d24e5074'
21:57:13.027 [Test worker] DEBUG o.s.c.a.ConfigurationClassEnhancer - Successfully enhanced org.springframework.boot.autoconfigure.web.WebMvcAutoConfiguration$WebMvcAutoConfigurationAdapter$FaviconConfiguration; enhanced class name is: org.springframework.boot.autoconfigure.web.WebMvcAutoConfiguration$WebMvcAutoConfigurationAdapter$FaviconConfiguration$$EnhancerBySpringCGLIB$$f36ef8ff
21:57:13.027 [Test worker] DEBUG o.s.c.a.ConfigurationClassPostProcessor - Replacing bean definition 'org.springframework.boot.autoconfigure.web.WebMvcAutoConfiguration$WebMvcAutoConfigurationAdapter$FaviconConfiguration' existing class 'org.springframework.boot.autoconfigure.web.WebMvcAutoConfiguration$WebMvcAutoConfigurationAdapter$FaviconConfiguration' with enhanced class 'org.springframework.boot.autoconfigure.web.WebMvcAutoConfiguration$WebMvcAutoConfigurationAdapter$FaviconConfiguration$$EnhancerBySpringCGLIB$$f36ef8ff'
21:57:13.031 [Test worker] DEBUG o.s.c.a.ConfigurationClassEnhancer - Successfully enhanced org.springframework.boot.autoconfigure.web.WebMvcAutoConfiguration$WebMvcAutoConfigurationAdapter; enhanced class name is: org.springframework.boot.autoconfigure.web.WebMvcAutoConfiguration$WebMvcAutoConfigurationAdapter$$EnhancerBySpringCGLIB$$43965387
21:57:13.031 [Test worker] DEBUG o.s.c.a.ConfigurationClassPostProcessor - Replacing bean definition 'org.springframework.boot.autoconfigure.web.WebMvcAutoConfiguration$WebMvcAutoConfigurationAdapter' existing class 'org.springframework.boot.autoconfigure.web.WebMvcAutoConfiguration$WebMvcAutoConfigurationAdapter' with enhanced class 'org.springframework.boot.autoconfigure.web.WebMvcAutoConfiguration$WebMvcAutoConfigurationAdapter$$EnhancerBySpringCGLIB$$43965387'
21:57:13.033 [Test worker] DEBUG o.s.c.a.ConfigurationClassEnhancer - Successfully enhanced org.springframework.boot.autoconfigure.web.WebMvcAutoConfiguration; enhanced class name is: org.springframework.boot.autoconfigure.web.WebMvcAutoConfiguration$$EnhancerBySpringCGLIB$$ef50fccb
21:57:13.033 [Test worker] DEBUG o.s.c.a.ConfigurationClassPostProcessor - Replacing bean definition 'org.springframework.boot.autoconfigure.web.WebMvcAutoConfiguration' existing class 'org.springframework.boot.autoconfigure.web.WebMvcAutoConfiguration' with enhanced class 'org.springframework.boot.autoconfigure.web.WebMvcAutoConfiguration$$EnhancerBySpringCGLIB$$ef50fccb'
21:57:13.037 [Test worker] DEBUG o.s.c.a.ConfigurationClassEnhancer - Successfully enhanced org.springframework.boot.actuate.autoconfigure.AuditAutoConfiguration; enhanced class name is: org.springframework.boot.actuate.autoconfigure.AuditAutoConfiguration$$EnhancerBySpringCGLIB$$ac9a5e7
21:57:13.038 [Test worker] DEBUG o.s.c.a.ConfigurationClassPostProcessor - Replacing bean definition 'org.springframework.boot.actuate.autoconfigure.AuditAutoConfiguration' existing class 'org.springframework.boot.actuate.autoconfigure.AuditAutoConfiguration' with enhanced class 'org.springframework.boot.actuate.autoconfigure.AuditAutoConfiguration$$EnhancerBySpringCGLIB$$ac9a5e7'
21:57:13.040 [Test worker] DEBUG o.s.c.a.ConfigurationClassEnhancer - Successfully enhanced org.springframework.boot.autoconfigure.jdbc.DataSourceAutoConfiguration$JdbcTemplateConfiguration; enhanced class name is: org.springframework.boot.autoconfigure.jdbc.DataSourceAutoConfiguration$JdbcTemplateConfiguration$$EnhancerBySpringCGLIB$$bb83d4c8
21:57:13.040 [Test worker] DEBUG o.s.c.a.ConfigurationClassPostProcessor - Replacing bean definition 'org.springframework.boot.autoconfigure.jdbc.DataSourceAutoConfiguration$JdbcTemplateConfiguration' existing class 'org.springframework.boot.autoconfigure.jdbc.DataSourceAutoConfiguration$JdbcTemplateConfiguration' with enhanced class 'org.springframework.boot.autoconfigure.jdbc.DataSourceAutoConfiguration$JdbcTemplateConfiguration$$EnhancerBySpringCGLIB$$bb83d4c8'
21:57:13.042 [Test worker] DEBUG o.s.c.a.ConfigurationClassEnhancer - Successfully enhanced org.springframework.boot.autoconfigure.jdbc.DataSourceAutoConfiguration$DataSourceInitializerConfiguration; enhanced class name is: org.springframework.boot.autoconfigure.jdbc.DataSourceAutoConfiguration$DataSourceInitializerConfiguration$$EnhancerBySpringCGLIB$$73c4cd2
21:57:13.042 [Test worker] DEBUG o.s.c.a.ConfigurationClassPostProcessor - Replacing bean definition 'org.springframework.boot.autoconfigure.jdbc.DataSourceAutoConfiguration$DataSourceInitializerConfiguration' existing class 'org.springframework.boot.autoconfigure.jdbc.DataSourceAutoConfiguration$DataSourceInitializerConfiguration' with enhanced class 'org.springframework.boot.autoconfigure.jdbc.DataSourceAutoConfiguration$DataSourceInitializerConfiguration$$EnhancerBySpringCGLIB$$73c4cd2'
21:57:13.044 [Test worker] DEBUG o.s.c.a.ConfigurationClassEnhancer - Successfully enhanced org.springframework.boot.autoconfigure.jdbc.metadata.DataSourcePoolMetadataProvidersConfiguration$TomcatDataSourcePoolMetadataProviderConfiguration; enhanced class name is: org.springframework.boot.autoconfigure.jdbc.metadata.DataSourcePoolMetadataProvidersConfiguration$TomcatDataSourcePoolMetadataProviderConfiguration$$EnhancerBySpringCGLIB$$7b53fbf9
21:57:13.044 [Test worker] DEBUG o.s.c.a.ConfigurationClassPostProcessor - Replacing bean definition 'org.springframework.boot.autoconfigure.jdbc.metadata.DataSourcePoolMetadataProvidersConfiguration$TomcatDataSourcePoolMetadataProviderConfiguration' existing class 'org.springframework.boot.autoconfigure.jdbc.metadata.DataSourcePoolMetadataProvidersConfiguration$TomcatDataSourcePoolMetadataProviderConfiguration' with enhanced class 'org.springframework.boot.autoconfigure.jdbc.metadata.DataSourcePoolMetadataProvidersConfiguration$TomcatDataSourcePoolMetadataProviderConfiguration$$EnhancerBySpringCGLIB$$7b53fbf9'
21:57:13.046 [Test worker] DEBUG o.s.c.a.ConfigurationClassEnhancer - Successfully enhanced org.springframework.boot.autoconfigure.jdbc.metadata.DataSourcePoolMetadataProvidersConfiguration; enhanced class name is: org.springframework.boot.autoconfigure.jdbc.metadata.DataSourcePoolMetadataProvidersConfiguration$$EnhancerBySpringCGLIB$$5852fac
21:57:13.046 [Test worker] DEBUG o.s.c.a.ConfigurationClassPostProcessor - Replacing bean definition 'org.springframework.boot.autoconfigure.jdbc.metadata.DataSourcePoolMetadataProvidersConfiguration' existing class 'org.springframework.boot.autoconfigure.jdbc.metadata.DataSourcePoolMetadataProvidersConfiguration' with enhanced class 'org.springframework.boot.autoconfigure.jdbc.metadata.DataSourcePoolMetadataProvidersConfiguration$$EnhancerBySpringCGLIB$$5852fac'
21:57:13.047 [Test worker] DEBUG o.s.c.a.ConfigurationClassEnhancer - Successfully enhanced org.springframework.boot.autoconfigure.jdbc.DataSourceAutoConfiguration; enhanced class name is: org.springframework.boot.autoconfigure.jdbc.DataSourceAutoConfiguration$$EnhancerBySpringCGLIB$$3c3af2eb
21:57:13.047 [Test worker] DEBUG o.s.c.a.ConfigurationClassPostProcessor - Replacing bean definition 'org.springframework.boot.autoconfigure.jdbc.DataSourceAutoConfiguration' existing class 'org.springframework.boot.autoconfigure.jdbc.DataSourceAutoConfiguration' with enhanced class 'org.springframework.boot.autoconfigure.jdbc.DataSourceAutoConfiguration$$EnhancerBySpringCGLIB$$3c3af2eb'
21:57:13.050 [Test worker] DEBUG o.s.c.a.ConfigurationClassEnhancer - Successfully enhanced org.springframework.boot.actuate.autoconfigure.HealthIndicatorAutoConfiguration$DiskSpaceHealthIndicatorConfiguration; enhanced class name is: org.springframework.boot.actuate.autoconfigure.HealthIndicatorAutoConfiguration$DiskSpaceHealthIndicatorConfiguration$$EnhancerBySpringCGLIB$$73cb2597
21:57:13.050 [Test worker] DEBUG o.s.c.a.ConfigurationClassPostProcessor - Replacing bean definition 'org.springframework.boot.actuate.autoconfigure.HealthIndicatorAutoConfiguration$DiskSpaceHealthIndicatorConfiguration' existing class 'org.springframework.boot.actuate.autoconfigure.HealthIndicatorAutoConfiguration$DiskSpaceHealthIndicatorConfiguration' with enhanced class 'org.springframework.boot.actuate.autoconfigure.HealthIndicatorAutoConfiguration$DiskSpaceHealthIndicatorConfiguration$$EnhancerBySpringCGLIB$$73cb2597'
21:57:13.067 [Test worker] DEBUG o.s.c.a.ConfigurationClassEnhancer - Successfully enhanced org.springframework.boot.actuate.autoconfigure.HealthIndicatorAutoConfiguration$DataSourcesHealthIndicatorConfiguration; enhanced class name is: org.springframework.boot.actuate.autoconfigure.HealthIndicatorAutoConfiguration$DataSourcesHealthIndicatorConfiguration$$EnhancerBySpringCGLIB$$3db9239c
21:57:13.067 [Test worker] DEBUG o.s.c.a.ConfigurationClassPostProcessor - Replacing bean definition 'org.springframework.boot.actuate.autoconfigure.HealthIndicatorAutoConfiguration$DataSourcesHealthIndicatorConfiguration' existing class 'org.springframework.boot.actuate.autoconfigure.HealthIndicatorAutoConfiguration$DataSourcesHealthIndicatorConfiguration' with enhanced class 'org.springframework.boot.actuate.autoconfigure.HealthIndicatorAutoConfiguration$DataSourcesHealthIndicatorConfiguration$$EnhancerBySpringCGLIB$$3db9239c'
21:57:13.070 [Test worker] DEBUG o.s.c.a.ConfigurationClassEnhancer - Successfully enhanced org.springframework.boot.actuate.autoconfigure.HealthIndicatorAutoConfiguration; enhanced class name is: org.springframework.boot.actuate.autoconfigure.HealthIndicatorAutoConfiguration$$EnhancerBySpringCGLIB$$7c2393ef
21:57:13.070 [Test worker] DEBUG o.s.c.a.ConfigurationClassPostProcessor - Replacing bean definition 'org.springframework.boot.actuate.autoconfigure.HealthIndicatorAutoConfiguration' existing class 'org.springframework.boot.actuate.autoconfigure.HealthIndicatorAutoConfiguration' with enhanced class 'org.springframework.boot.actuate.autoconfigure.HealthIndicatorAutoConfiguration$$EnhancerBySpringCGLIB$$7c2393ef'
21:57:13.074 [Test worker] DEBUG o.s.c.a.ConfigurationClassEnhancer - Successfully enhanced org.springframework.boot.actuate.autoconfigure.MetricRepositoryAutoConfiguration$FastMetricServicesConfiguration; enhanced class name is: org.springframework.boot.actuate.autoconfigure.MetricRepositoryAutoConfiguration$FastMetricServicesConfiguration$$EnhancerBySpringCGLIB$$ce7141fa
21:57:13.074 [Test worker] DEBUG o.s.c.a.ConfigurationClassPostProcessor - Replacing bean definition 'org.springframework.boot.actuate.autoconfigure.MetricRepositoryAutoConfiguration$FastMetricServicesConfiguration' existing class 'org.springframework.boot.actuate.autoconfigure.MetricRepositoryAutoConfiguration$FastMetricServicesConfiguration' with enhanced class 'org.springframework.boot.actuate.autoconfigure.MetricRepositoryAutoConfiguration$FastMetricServicesConfiguration$$EnhancerBySpringCGLIB$$ce7141fa'
21:57:13.075 [Test worker] DEBUG o.s.c.a.ConfigurationClassEnhancer - Successfully enhanced org.springframework.boot.actuate.autoconfigure.MetricRepositoryAutoConfiguration; enhanced class name is: org.springframework.boot.actuate.autoconfigure.MetricRepositoryAutoConfiguration$$EnhancerBySpringCGLIB$$780d4352
21:57:13.075 [Test worker] DEBUG o.s.c.a.ConfigurationClassPostProcessor - Replacing bean definition 'org.springframework.boot.actuate.autoconfigure.MetricRepositoryAutoConfiguration' existing class 'org.springframework.boot.actuate.autoconfigure.MetricRepositoryAutoConfiguration' with enhanced class 'org.springframework.boot.actuate.autoconfigure.MetricRepositoryAutoConfiguration$$EnhancerBySpringCGLIB$$780d4352'
21:57:13.078 [Test worker] DEBUG o.s.c.a.ConfigurationClassEnhancer - Successfully enhanced org.springframework.boot.actuate.autoconfigure.PublicMetricsAutoConfiguration$TomcatMetricsConfiguration; enhanced class name is: org.springframework.boot.actuate.autoconfigure.PublicMetricsAutoConfiguration$TomcatMetricsConfiguration$$EnhancerBySpringCGLIB$$1e9810b3
21:57:13.078 [Test worker] DEBUG o.s.c.a.ConfigurationClassPostProcessor - Replacing bean definition 'org.springframework.boot.actuate.autoconfigure.PublicMetricsAutoConfiguration$TomcatMetricsConfiguration' existing class 'org.springframework.boot.actuate.autoconfigure.PublicMetricsAutoConfiguration$TomcatMetricsConfiguration' with enhanced class 'org.springframework.boot.actuate.autoconfigure.PublicMetricsAutoConfiguration$TomcatMetricsConfiguration$$EnhancerBySpringCGLIB$$1e9810b3'
21:57:13.081 [Test worker] DEBUG o.s.c.a.ConfigurationClassEnhancer - Successfully enhanced org.springframework.boot.actuate.autoconfigure.PublicMetricsAutoConfiguration$DataSourceMetricsConfiguration; enhanced class name is: org.springframework.boot.actuate.autoconfigure.PublicMetricsAutoConfiguration$DataSourceMetricsConfiguration$$EnhancerBySpringCGLIB$$bfd67a54
21:57:13.081 [Test worker] DEBUG o.s.c.a.ConfigurationClassPostProcessor - Replacing bean definition 'org.springframework.boot.actuate.autoconfigure.PublicMetricsAutoConfiguration$DataSourceMetricsConfiguration' existing class 'org.springframework.boot.actuate.autoconfigure.PublicMetricsAutoConfiguration$DataSourceMetricsConfiguration' with enhanced class 'org.springframework.boot.actuate.autoconfigure.PublicMetricsAutoConfiguration$DataSourceMetricsConfiguration$$EnhancerBySpringCGLIB$$bfd67a54'
21:57:13.084 [Test worker] DEBUG o.s.c.a.ConfigurationClassEnhancer - Successfully enhanced org.springframework.boot.actuate.autoconfigure.PublicMetricsAutoConfiguration; enhanced class name is: org.springframework.boot.actuate.autoconfigure.PublicMetricsAutoConfiguration$$EnhancerBySpringCGLIB$$7a3b3188
21:57:13.084 [Test worker] DEBUG o.s.c.a.ConfigurationClassPostProcessor - Replacing bean definition 'org.springframework.boot.actuate.autoconfigure.PublicMetricsAutoConfiguration' existing class 'org.springframework.boot.actuate.autoconfigure.PublicMetricsAutoConfiguration' with enhanced class 'org.springframework.boot.actuate.autoconfigure.PublicMetricsAutoConfiguration$$EnhancerBySpringCGLIB$$7a3b3188'
21:57:13.087 [Test worker] DEBUG o.s.c.a.ConfigurationClassEnhancer - Successfully enhanced org.springframework.boot.actuate.autoconfigure.EndpointAutoConfiguration$InfoPropertiesConfiguration; enhanced class name is: org.springframework.boot.actuate.autoconfigure.EndpointAutoConfiguration$InfoPropertiesConfiguration$$EnhancerBySpringCGLIB$$b40f15e8
21:57:13.088 [Test worker] DEBUG o.s.c.a.ConfigurationClassPostProcessor - Replacing bean definition 'org.springframework.boot.actuate.autoconfigure.EndpointAutoConfiguration$InfoPropertiesConfiguration' existing class 'org.springframework.boot.actuate.autoconfigure.EndpointAutoConfiguration$InfoPropertiesConfiguration' with enhanced class 'org.springframework.boot.actuate.autoconfigure.EndpointAutoConfiguration$InfoPropertiesConfiguration$$EnhancerBySpringCGLIB$$b40f15e8'
21:57:13.089 [Test worker] DEBUG o.s.c.a.ConfigurationClassEnhancer - Successfully enhanced org.springframework.boot.actuate.autoconfigure.EndpointAutoConfiguration$RequestMappingEndpointConfiguration; enhanced class name is: org.springframework.boot.actuate.autoconfigure.EndpointAutoConfiguration$RequestMappingEndpointConfiguration$$EnhancerBySpringCGLIB$$1cae3755
21:57:13.089 [Test worker] DEBUG o.s.c.a.ConfigurationClassPostProcessor - Replacing bean definition 'org.springframework.boot.actuate.autoconfigure.EndpointAutoConfiguration$RequestMappingEndpointConfiguration' existing class 'org.springframework.boot.actuate.autoconfigure.EndpointAutoConfiguration$RequestMappingEndpointConfiguration' with enhanced class 'org.springframework.boot.actuate.autoconfigure.EndpointAutoConfiguration$RequestMappingEndpointConfiguration$$EnhancerBySpringCGLIB$$1cae3755'
21:57:13.094 [Test worker] DEBUG o.s.c.a.ConfigurationClassEnhancer - Successfully enhanced org.springframework.boot.actuate.autoconfigure.EndpointAutoConfiguration; enhanced class name is: org.springframework.boot.actuate.autoconfigure.EndpointAutoConfiguration$$EnhancerBySpringCGLIB$$4155a037
21:57:13.095 [Test worker] DEBUG o.s.c.a.ConfigurationClassPostProcessor - Replacing bean definition 'org.springframework.boot.actuate.autoconfigure.EndpointAutoConfiguration' existing class 'org.springframework.boot.actuate.autoconfigure.EndpointAutoConfiguration' with enhanced class 'org.springframework.boot.actuate.autoconfigure.EndpointAutoConfiguration$$EnhancerBySpringCGLIB$$4155a037'
21:57:13.097 [Test worker] DEBUG o.s.c.a.ConfigurationClassEnhancer - Successfully enhanced org.springframework.boot.autoconfigure.web.ServerPropertiesAutoConfiguration; enhanced class name is: org.springframework.boot.autoconfigure.web.ServerPropertiesAutoConfiguration$$EnhancerBySpringCGLIB$$620a7d5b
21:57:13.097 [Test worker] DEBUG o.s.c.a.ConfigurationClassPostProcessor - Replacing bean definition 'org.springframework.boot.autoconfigure.web.ServerPropertiesAutoConfiguration' existing class 'org.springframework.boot.autoconfigure.web.ServerPropertiesAutoConfiguration' with enhanced class 'org.springframework.boot.autoconfigure.web.ServerPropertiesAutoConfiguration$$EnhancerBySpringCGLIB$$620a7d5b'
21:57:13.104 [Test worker] DEBUG o.s.c.a.ConfigurationClassEnhancer - Successfully enhanced org.springframework.boot.actuate.autoconfigure.ManagementServerPropertiesAutoConfiguration; enhanced class name is: org.springframework.boot.actuate.autoconfigure.ManagementServerPropertiesAutoConfiguration$$EnhancerBySpringCGLIB$$3de203d3
21:57:13.104 [Test worker] DEBUG o.s.c.a.ConfigurationClassPostProcessor - Replacing bean definition 'org.springframework.boot.actuate.autoconfigure.ManagementServerPropertiesAutoConfiguration' existing class 'org.springframework.boot.actuate.autoconfigure.ManagementServerPropertiesAutoConfiguration' with enhanced class 'org.springframework.boot.actuate.autoconfigure.ManagementServerPropertiesAutoConfiguration$$EnhancerBySpringCGLIB$$3de203d3'
21:57:13.116 [Test worker] DEBUG o.s.c.a.ConfigurationClassEnhancer - Successfully enhanced org.springframework.boot.autoconfigure.jackson.JacksonAutoConfiguration$JacksonObjectMapperBuilderConfiguration; enhanced class name is: org.springframework.boot.autoconfigure.jackson.JacksonAutoConfiguration$JacksonObjectMapperBuilderConfiguration$$EnhancerBySpringCGLIB$$62b98ff5
21:57:13.116 [Test worker] DEBUG o.s.c.a.ConfigurationClassPostProcessor - Replacing bean definition 'org.springframework.boot.autoconfigure.jackson.JacksonAutoConfiguration$JacksonObjectMapperBuilderConfiguration' existing class 'org.springframework.boot.autoconfigure.jackson.JacksonAutoConfiguration$JacksonObjectMapperBuilderConfiguration' with enhanced class 'org.springframework.boot.autoconfigure.jackson.JacksonAutoConfiguration$JacksonObjectMapperBuilderConfiguration$$EnhancerBySpringCGLIB$$62b98ff5'
21:57:13.122 [Test worker] DEBUG o.s.c.a.ConfigurationClassEnhancer - Successfully enhanced org.springframework.boot.autoconfigure.jackson.JacksonAutoConfiguration$JacksonObjectMapperConfiguration; enhanced class name is: org.springframework.boot.autoconfigure.jackson.JacksonAutoConfiguration$JacksonObjectMapperConfiguration$$EnhancerBySpringCGLIB$$25e71cfc
21:57:13.122 [Test worker] DEBUG o.s.c.a.ConfigurationClassPostProcessor - Replacing bean definition 'org.springframework.boot.autoconfigure.jackson.JacksonAutoConfiguration$JacksonObjectMapperConfiguration' existing class 'org.springframework.boot.autoconfigure.jackson.JacksonAutoConfiguration$JacksonObjectMapperConfiguration' with enhanced class 'org.springframework.boot.autoconfigure.jackson.JacksonAutoConfiguration$JacksonObjectMapperConfiguration$$EnhancerBySpringCGLIB$$25e71cfc'
21:57:13.126 [Test worker] DEBUG o.s.c.a.ConfigurationClassEnhancer - Successfully enhanced org.springframework.boot.autoconfigure.jackson.JacksonAutoConfiguration; enhanced class name is: org.springframework.boot.autoconfigure.jackson.JacksonAutoConfiguration$$EnhancerBySpringCGLIB$$4afa34ab
21:57:13.126 [Test worker] DEBUG o.s.c.a.ConfigurationClassPostProcessor - Replacing bean definition 'org.springframework.boot.autoconfigure.jackson.JacksonAutoConfiguration' existing class 'org.springframework.boot.autoconfigure.jackson.JacksonAutoConfiguration' with enhanced class 'org.springframework.boot.autoconfigure.jackson.JacksonAutoConfiguration$$EnhancerBySpringCGLIB$$4afa34ab'
21:57:13.134 [Test worker] DEBUG o.s.c.a.ConfigurationClassEnhancer - Successfully enhanced org.springframework.boot.autoconfigure.web.HttpMessageConvertersAutoConfiguration$StringHttpMessageConverterConfiguration; enhanced class name is: org.springframework.boot.autoconfigure.web.HttpMessageConvertersAutoConfiguration$StringHttpMessageConverterConfiguration$$EnhancerBySpringCGLIB$$2315448b
21:57:13.134 [Test worker] DEBUG o.s.c.a.ConfigurationClassPostProcessor - Replacing bean definition 'org.springframework.boot.autoconfigure.web.HttpMessageConvertersAutoConfiguration$StringHttpMessageConverterConfiguration' existing class 'org.springframework.boot.autoconfigure.web.HttpMessageConvertersAutoConfiguration$StringHttpMessageConverterConfiguration' with enhanced class 'org.springframework.boot.autoconfigure.web.HttpMessageConvertersAutoConfiguration$StringHttpMessageConverterConfiguration$$EnhancerBySpringCGLIB$$2315448b'
21:57:13.138 [Test worker] DEBUG o.s.c.a.ConfigurationClassEnhancer - Successfully enhanced org.springframework.boot.autoconfigure.web.JacksonHttpMessageConvertersConfiguration$MappingJackson2HttpMessageConverterConfiguration; enhanced class name is: org.springframework.boot.autoconfigure.web.JacksonHttpMessageConvertersConfiguration$MappingJackson2HttpMessageConverterConfiguration$$EnhancerBySpringCGLIB$$52a62e8b
21:57:13.138 [Test worker] DEBUG o.s.c.a.ConfigurationClassPostProcessor - Replacing bean definition 'org.springframework.boot.autoconfigure.web.JacksonHttpMessageConvertersConfiguration$MappingJackson2HttpMessageConverterConfiguration' existing class 'org.springframework.boot.autoconfigure.web.JacksonHttpMessageConvertersConfiguration$MappingJackson2HttpMessageConverterConfiguration' with enhanced class 'org.springframework.boot.autoconfigure.web.JacksonHttpMessageConvertersConfiguration$MappingJackson2HttpMessageConverterConfiguration$$EnhancerBySpringCGLIB$$52a62e8b'
21:57:13.139 [Test worker] DEBUG o.s.c.a.ConfigurationClassEnhancer - Successfully enhanced org.springframework.boot.autoconfigure.web.JacksonHttpMessageConvertersConfiguration; enhanced class name is: org.springframework.boot.autoconfigure.web.JacksonHttpMessageConvertersConfiguration$$EnhancerBySpringCGLIB$$a301f041
21:57:13.139 [Test worker] DEBUG o.s.c.a.ConfigurationClassPostProcessor - Replacing bean definition 'org.springframework.boot.autoconfigure.web.JacksonHttpMessageConvertersConfiguration' existing class 'org.springframework.boot.autoconfigure.web.JacksonHttpMessageConvertersConfiguration' with enhanced class 'org.springframework.boot.autoconfigure.web.JacksonHttpMessageConvertersConfiguration$$EnhancerBySpringCGLIB$$a301f041'
21:57:13.141 [Test worker] DEBUG o.s.c.a.ConfigurationClassEnhancer - Successfully enhanced org.springframework.boot.autoconfigure.web.HttpMessageConvertersAutoConfiguration; enhanced class name is: org.springframework.boot.autoconfigure.web.HttpMessageConvertersAutoConfiguration$$EnhancerBySpringCGLIB$$80c0deb
21:57:13.141 [Test worker] DEBUG o.s.c.a.ConfigurationClassPostProcessor - Replacing bean definition 'org.springframework.boot.autoconfigure.web.HttpMessageConvertersAutoConfiguration' existing class 'org.springframework.boot.autoconfigure.web.HttpMessageConvertersAutoConfiguration' with enhanced class 'org.springframework.boot.autoconfigure.web.HttpMessageConvertersAutoConfiguration$$EnhancerBySpringCGLIB$$80c0deb'
21:57:13.147 [Test worker] DEBUG o.s.c.a.ConfigurationClassEnhancer - Successfully enhanced org.springframework.boot.actuate.autoconfigure.EndpointWebMvcAutoConfiguration$ApplicationContextFilterConfiguration; enhanced class name is: org.springframework.boot.actuate.autoconfigure.EndpointWebMvcAutoConfiguration$ApplicationContextFilterConfiguration$$EnhancerBySpringCGLIB$$d6f0e90c
21:57:13.147 [Test worker] DEBUG o.s.c.a.ConfigurationClassPostProcessor - Replacing bean definition 'org.springframework.boot.actuate.autoconfigure.EndpointWebMvcAutoConfiguration$ApplicationContextFilterConfiguration' existing class 'org.springframework.boot.actuate.autoconfigure.EndpointWebMvcAutoConfiguration$ApplicationContextFilterConfiguration' with enhanced class 'org.springframework.boot.actuate.autoconfigure.EndpointWebMvcAutoConfiguration$ApplicationContextFilterConfiguration$$EnhancerBySpringCGLIB$$d6f0e90c'
21:57:13.152 [Test worker] DEBUG o.s.c.a.ConfigurationClassEnhancer - Successfully enhanced org.springframework.boot.actuate.autoconfigure.EndpointWebMvcAutoConfiguration; enhanced class name is: org.springframework.boot.actuate.autoconfigure.EndpointWebMvcAutoConfiguration$$EnhancerBySpringCGLIB$$53cb7af1
21:57:13.152 [Test worker] DEBUG o.s.c.a.ConfigurationClassPostProcessor - Replacing bean definition 'org.springframework.boot.actuate.autoconfigure.EndpointWebMvcAutoConfiguration' existing class 'org.springframework.boot.actuate.autoconfigure.EndpointWebMvcAutoConfiguration' with enhanced class 'org.springframework.boot.actuate.autoconfigure.EndpointWebMvcAutoConfiguration$$EnhancerBySpringCGLIB$$53cb7af1'
21:57:13.154 [Test worker] DEBUG o.s.c.a.ConfigurationClassEnhancer - Successfully enhanced org.springframework.boot.actuate.autoconfigure.MetricExportAutoConfiguration$MetricExportPropertiesConfiguration; enhanced class name is: org.springframework.boot.actuate.autoconfigure.MetricExportAutoConfiguration$MetricExportPropertiesConfiguration$$EnhancerBySpringCGLIB$$6446743
21:57:13.154 [Test worker] DEBUG o.s.c.a.ConfigurationClassPostProcessor - Replacing bean definition 'org.springframework.boot.actuate.autoconfigure.MetricExportAutoConfiguration$MetricExportPropertiesConfiguration' existing class 'org.springframework.boot.actuate.autoconfigure.MetricExportAutoConfiguration$MetricExportPropertiesConfiguration' with enhanced class 'org.springframework.boot.actuate.autoconfigure.MetricExportAutoConfiguration$MetricExportPropertiesConfiguration$$EnhancerBySpringCGLIB$$6446743'
21:57:13.157 [Test worker] DEBUG o.s.c.a.ConfigurationClassEnhancer - Successfully enhanced org.springframework.scheduling.annotation.SchedulingConfiguration; enhanced class name is: org.springframework.scheduling.annotation.SchedulingConfiguration$$EnhancerBySpringCGLIB$$1ccdbea6
21:57:13.157 [Test worker] DEBUG o.s.c.a.ConfigurationClassPostProcessor - Replacing bean definition 'org.springframework.scheduling.annotation.SchedulingConfiguration' existing class 'org.springframework.scheduling.annotation.SchedulingConfiguration' with enhanced class 'org.springframework.scheduling.annotation.SchedulingConfiguration$$EnhancerBySpringCGLIB$$1ccdbea6'
21:57:13.160 [Test worker] DEBUG o.s.c.a.ConfigurationClassEnhancer - Successfully enhanced org.springframework.boot.actuate.autoconfigure.MetricExportAutoConfiguration; enhanced class name is: org.springframework.boot.actuate.autoconfigure.MetricExportAutoConfiguration$$EnhancerBySpringCGLIB$$560c28a8
21:57:13.160 [Test worker] DEBUG o.s.c.a.ConfigurationClassPostProcessor - Replacing bean definition 'org.springframework.boot.actuate.autoconfigure.MetricExportAutoConfiguration' existing class 'org.springframework.boot.actuate.autoconfigure.MetricExportAutoConfiguration' with enhanced class 'org.springframework.boot.actuate.autoconfigure.MetricExportAutoConfiguration$$EnhancerBySpringCGLIB$$560c28a8'
21:57:13.161 [Test worker] DEBUG o.s.c.a.ConfigurationClassEnhancer - Successfully enhanced org.springframework.boot.actuate.autoconfigure.MetricFilterAutoConfiguration; enhanced class name is: org.springframework.boot.actuate.autoconfigure.MetricFilterAutoConfiguration$$EnhancerBySpringCGLIB$$73d56564
21:57:13.162 [Test worker] DEBUG o.s.c.a.ConfigurationClassPostProcessor - Replacing bean definition 'org.springframework.boot.actuate.autoconfigure.MetricFilterAutoConfiguration' existing class 'org.springframework.boot.actuate.autoconfigure.MetricFilterAutoConfiguration' with enhanced class 'org.springframework.boot.actuate.autoconfigure.MetricFilterAutoConfiguration$$EnhancerBySpringCGLIB$$73d56564'
21:57:13.163 [Test worker] DEBUG o.s.c.a.ConfigurationClassEnhancer - Successfully enhanced org.springframework.boot.actuate.autoconfigure.TraceRepositoryAutoConfiguration; enhanced class name is: org.springframework.boot.actuate.autoconfigure.TraceRepositoryAutoConfiguration$$EnhancerBySpringCGLIB$$e0b71013
21:57:13.163 [Test worker] DEBUG o.s.c.a.ConfigurationClassPostProcessor - Replacing bean definition 'org.springframework.boot.actuate.autoconfigure.TraceRepositoryAutoConfiguration' existing class 'org.springframework.boot.actuate.autoconfigure.TraceRepositoryAutoConfiguration' with enhanced class 'org.springframework.boot.actuate.autoconfigure.TraceRepositoryAutoConfiguration$$EnhancerBySpringCGLIB$$e0b71013'
21:57:13.164 [Test worker] DEBUG o.s.c.a.ConfigurationClassEnhancer - Successfully enhanced org.springframework.boot.autoconfigure.context.ConfigurationPropertiesAutoConfiguration; enhanced class name is: org.springframework.boot.autoconfigure.context.ConfigurationPropertiesAutoConfiguration$$EnhancerBySpringCGLIB$$75ca7519
21:57:13.164 [Test worker] DEBUG o.s.c.a.ConfigurationClassPostProcessor - Replacing bean definition 'org.springframework.boot.autoconfigure.context.ConfigurationPropertiesAutoConfiguration' existing class 'org.springframework.boot.autoconfigure.context.ConfigurationPropertiesAutoConfiguration' with enhanced class 'org.springframework.boot.autoconfigure.context.ConfigurationPropertiesAutoConfiguration$$EnhancerBySpringCGLIB$$75ca7519'
21:57:13.170 [Test worker] DEBUG o.s.c.a.ConfigurationClassEnhancer - Successfully enhanced org.springframework.boot.autoconfigure.h2.H2ConsoleAutoConfiguration; enhanced class name is: org.springframework.boot.autoconfigure.h2.H2ConsoleAutoConfiguration$$EnhancerBySpringCGLIB$$34c846e2
21:57:13.171 [Test worker] DEBUG o.s.c.a.ConfigurationClassPostProcessor - Replacing bean definition 'org.springframework.boot.autoconfigure.h2.H2ConsoleAutoConfiguration' existing class 'org.springframework.boot.autoconfigure.h2.H2ConsoleAutoConfiguration' with enhanced class 'org.springframework.boot.autoconfigure.h2.H2ConsoleAutoConfiguration$$EnhancerBySpringCGLIB$$34c846e2'
21:57:13.174 [Test worker] DEBUG o.s.c.a.ConfigurationClassEnhancer - Successfully enhanced org.springframework.transaction.annotation.ProxyTransactionManagementConfiguration; enhanced class name is: org.springframework.transaction.annotation.ProxyTransactionManagementConfiguration$$EnhancerBySpringCGLIB$$ac783b8b
21:57:13.174 [Test worker] DEBUG o.s.c.a.ConfigurationClassPostProcessor - Replacing bean definition 'org.springframework.transaction.annotation.ProxyTransactionManagementConfiguration' existing class 'org.springframework.transaction.annotation.ProxyTransactionManagementConfiguration' with enhanced class 'org.springframework.transaction.annotation.ProxyTransactionManagementConfiguration$$EnhancerBySpringCGLIB$$ac783b8b'
21:57:13.175 [Test worker] DEBUG o.s.c.a.ConfigurationClassEnhancer - Successfully enhanced org.springframework.boot.autoconfigure.jdbc.DataSourceTransactionManagerAutoConfiguration$TransactionManagementConfiguration; enhanced class name is: org.springframework.boot.autoconfigure.jdbc.DataSourceTransactionManagerAutoConfiguration$TransactionManagementConfiguration$$EnhancerBySpringCGLIB$$4dd5425d
21:57:13.175 [Test worker] DEBUG o.s.c.a.ConfigurationClassPostProcessor - Replacing bean definition 'org.springframework.boot.autoconfigure.jdbc.DataSourceTransactionManagerAutoConfiguration$TransactionManagementConfiguration' existing class 'org.springframework.boot.autoconfigure.jdbc.DataSourceTransactionManagerAutoConfiguration$TransactionManagementConfiguration' with enhanced class 'org.springframework.boot.autoconfigure.jdbc.DataSourceTransactionManagerAutoConfiguration$TransactionManagementConfiguration$$EnhancerBySpringCGLIB$$4dd5425d'
21:57:13.176 [Test worker] DEBUG o.s.c.a.ConfigurationClassEnhancer - Successfully enhanced org.springframework.boot.autoconfigure.jdbc.DataSourceTransactionManagerAutoConfiguration; enhanced class name is: org.springframework.boot.autoconfigure.jdbc.DataSourceTransactionManagerAutoConfiguration$$EnhancerBySpringCGLIB$$868b75bc
21:57:13.177 [Test worker] DEBUG o.s.c.a.ConfigurationClassPostProcessor - Replacing bean definition 'org.springframework.boot.autoconfigure.jdbc.DataSourceTransactionManagerAutoConfiguration' existing class 'org.springframework.boot.autoconfigure.jdbc.DataSourceTransactionManagerAutoConfiguration' with enhanced class 'org.springframework.boot.autoconfigure.jdbc.DataSourceTransactionManagerAutoConfiguration$$EnhancerBySpringCGLIB$$868b75bc'
21:57:13.178 [Test worker] DEBUG o.s.c.a.ConfigurationClassEnhancer - Successfully enhanced org.springframework.boot.autoconfigure.transaction.TransactionAutoConfiguration; enhanced class name is: org.springframework.boot.autoconfigure.transaction.TransactionAutoConfiguration$$EnhancerBySpringCGLIB$$3cd19d55
21:57:13.178 [Test worker] DEBUG o.s.c.a.ConfigurationClassPostProcessor - Replacing bean definition 'org.springframework.boot.autoconfigure.transaction.TransactionAutoConfiguration' existing class 'org.springframework.boot.autoconfigure.transaction.TransactionAutoConfiguration' with enhanced class 'org.springframework.boot.autoconfigure.transaction.TransactionAutoConfiguration$$EnhancerBySpringCGLIB$$3cd19d55'
21:57:13.179 [Test worker] DEBUG o.s.c.a.ConfigurationClassEnhancer - Successfully enhanced org.springframework.boot.autoconfigure.web.HttpEncodingAutoConfiguration; enhanced class name is: org.springframework.boot.autoconfigure.web.HttpEncodingAutoConfiguration$$EnhancerBySpringCGLIB$$443928d6
21:57:13.179 [Test worker] DEBUG o.s.c.a.ConfigurationClassPostProcessor - Replacing bean definition 'org.springframework.boot.autoconfigure.web.HttpEncodingAutoConfiguration' existing class 'org.springframework.boot.autoconfigure.web.HttpEncodingAutoConfiguration' with enhanced class 'org.springframework.boot.autoconfigure.web.HttpEncodingAutoConfiguration$$EnhancerBySpringCGLIB$$443928d6'
21:57:13.180 [Test worker] DEBUG o.s.c.a.ConfigurationClassEnhancer - Successfully enhanced org.springframework.boot.autoconfigure.web.MultipartAutoConfiguration; enhanced class name is: org.springframework.boot.autoconfigure.web.MultipartAutoConfiguration$$EnhancerBySpringCGLIB$$b6e8fe11
21:57:13.181 [Test worker] DEBUG o.s.c.a.ConfigurationClassPostProcessor - Replacing bean definition 'org.springframework.boot.autoconfigure.web.MultipartAutoConfiguration' existing class 'org.springframework.boot.autoconfigure.web.MultipartAutoConfiguration' with enhanced class 'org.springframework.boot.autoconfigure.web.MultipartAutoConfiguration$$EnhancerBySpringCGLIB$$b6e8fe11'
21:57:13.181 [Test worker] DEBUG o.s.core.env.StandardEnvironment - Adding [applicationConfig: [classpath:/application.properties]] PropertySource with search precedence immediately lower than [applicationConfigurationProperties]
21:57:13.181 [Test worker] DEBUG o.s.core.env.StandardEnvironment - Removing [applicationConfigurationProperties] PropertySource
21:57:13.181 [Test worker] DEBUG o.s.core.env.StandardEnvironment - Removing [defaultProperties] PropertySource
21:57:13.181 [Test worker] DEBUG o.s.b.f.s.DefaultListableBeanFactory - Creating shared instance of singleton bean 'propertySourcesPlaceholderConfigurer'
21:57:13.181 [Test worker] DEBUG o.s.b.f.s.DefaultListableBeanFactory - Creating instance of bean 'propertySourcesPlaceholderConfigurer'
21:57:13.184 [Test worker] DEBUG o.s.b.f.s.DefaultListableBeanFactory - Eagerly caching bean 'propertySourcesPlaceholderConfigurer' to allow for resolving potential circular references
21:57:13.184 [Test worker] DEBUG o.s.b.f.s.DefaultListableBeanFactory - Finished creating instance of bean 'propertySourcesPlaceholderConfigurer'
21:57:13.184 [Test worker] DEBUG o.s.core.env.MutablePropertySources - Adding [environmentProperties] PropertySource with lowest search precedence
21:57:13.184 [Test worker] DEBUG o.s.core.env.MutablePropertySources - Adding [localProperties] PropertySource with lowest search precedence
21:57:13.188 [Test worker] DEBUG o.s.b.f.s.DefaultListableBeanFactory - Creating shared instance of singleton bean 'org.springframework.boot.context.properties.ConfigurationPropertiesBindingPostProcessor.store'
21:57:13.188 [Test worker] DEBUG o.s.b.f.s.DefaultListableBeanFactory - Creating instance of bean 'org.springframework.boot.context.properties.ConfigurationPropertiesBindingPostProcessor.store'
21:57:13.188 [Test worker] DEBUG o.s.b.f.s.DefaultListableBeanFactory - Eagerly caching bean 'org.springframework.boot.context.properties.ConfigurationPropertiesBindingPostProcessor.store' to allow for resolving potential circular references
21:57:13.188 [Test worker] DEBUG o.s.b.f.s.DefaultListableBeanFactory - Finished creating instance of bean 'org.springframework.boot.context.properties.ConfigurationPropertiesBindingPostProcessor.store'
21:57:13.188 [Test worker] DEBUG o.s.b.f.s.DefaultListableBeanFactory - Creating shared instance of singleton bean 'preserveErrorControllerTargetClassPostProcessor'
21:57:13.188 [Test worker] DEBUG o.s.b.f.s.DefaultListableBeanFactory - Creating instance of bean 'preserveErrorControllerTargetClassPostProcessor'
21:57:13.188 [Test worker] DEBUG o.s.b.f.s.DefaultListableBeanFactory - Eagerly caching bean 'preserveErrorControllerTargetClassPostProcessor' to allow for resolving potential circular references
21:57:13.188 [Test worker] DEBUG o.s.b.f.s.DefaultListableBeanFactory - Finished creating instance of bean 'preserveErrorControllerTargetClassPostProcessor'
21:57:13.216 [Test worker] DEBUG o.s.b.f.s.DefaultListableBeanFactory - Creating shared instance of singleton bean 'org.springframework.context.annotation.internalAutowiredAnnotationProcessor'
21:57:13.216 [Test worker] DEBUG o.s.b.f.s.DefaultListableBeanFactory - Creating instance of bean 'org.springframework.context.annotation.internalAutowiredAnnotationProcessor'
21:57:13.217 [Test worker] INFO  o.s.b.f.a.AutowiredAnnotationBeanPostProcessor - JSR-330 'javax.inject.Inject' annotation found and supported for autowiring
21:57:13.217 [Test worker] DEBUG o.s.b.f.s.DefaultListableBeanFactory - Eagerly caching bean 'org.springframework.context.annotation.internalAutowiredAnnotationProcessor' to allow for resolving potential circular references
21:57:13.217 [Test worker] DEBUG o.s.b.f.s.DefaultListableBeanFactory - Finished creating instance of bean 'org.springframework.context.annotation.internalAutowiredAnnotationProcessor'
21:57:13.217 [Test worker] DEBUG o.s.b.f.s.DefaultListableBeanFactory - Creating shared instance of singleton bean 'org.springframework.context.annotation.internalRequiredAnnotationProcessor'
21:57:13.217 [Test worker] DEBUG o.s.b.f.s.DefaultListableBeanFactory - Creating instance of bean 'org.springframework.context.annotation.internalRequiredAnnotationProcessor'
21:57:13.218 [Test worker] DEBUG o.s.b.f.s.DefaultListableBeanFactory - Eagerly caching bean 'org.springframework.context.annotation.internalRequiredAnnotationProcessor' to allow for resolving potential circular references
21:57:13.218 [Test worker] DEBUG o.s.b.f.s.DefaultListableBeanFactory - Finished creating instance of bean 'org.springframework.context.annotation.internalRequiredAnnotationProcessor'
21:57:13.218 [Test worker] DEBUG o.s.b.f.s.DefaultListableBeanFactory - Creating shared instance of singleton bean 'org.springframework.context.annotation.internalCommonAnnotationProcessor'
21:57:13.218 [Test worker] DEBUG o.s.b.f.s.DefaultListableBeanFactory - Creating instance of bean 'org.springframework.context.annotation.internalCommonAnnotationProcessor'
21:57:13.242 [Test worker] DEBUG o.s.b.f.s.DefaultListableBeanFactory - Eagerly caching bean 'org.springframework.context.annotation.internalCommonAnnotationProcessor' to allow for resolving potential circular references
21:57:13.243 [Test worker] DEBUG o.s.b.f.s.DefaultListableBeanFactory - Finished creating instance of bean 'org.springframework.context.annotation.internalCommonAnnotationProcessor'
21:57:13.243 [Test worker] DEBUG o.s.b.f.s.DefaultListableBeanFactory - Creating shared instance of singleton bean 'org.springframework.context.annotation.ConfigurationClassPostProcessor.importAwareProcessor'
21:57:13.243 [Test worker] DEBUG o.s.b.f.s.DefaultListableBeanFactory - Creating instance of bean 'org.springframework.context.annotation.ConfigurationClassPostProcessor.importAwareProcessor'
21:57:13.243 [Test worker] DEBUG o.s.b.f.s.DefaultListableBeanFactory - Eagerly caching bean 'org.springframework.context.annotation.ConfigurationClassPostProcessor.importAwareProcessor' to allow for resolving potential circular references
21:57:13.243 [Test worker] DEBUG o.s.b.f.s.DefaultListableBeanFactory - Finished creating instance of bean 'org.springframework.context.annotation.ConfigurationClassPostProcessor.importAwareProcessor'
21:57:13.243 [Test worker] DEBUG o.s.b.f.s.DefaultListableBeanFactory - Creating shared instance of singleton bean 'org.springframework.context.annotation.ConfigurationClassPostProcessor.enhancedConfigurationProcessor'
21:57:13.243 [Test worker] DEBUG o.s.b.f.s.DefaultListableBeanFactory - Creating instance of bean 'org.springframework.context.annotation.ConfigurationClassPostProcessor.enhancedConfigurationProcessor'
21:57:13.243 [Test worker] DEBUG o.s.b.f.s.DefaultListableBeanFactory - Eagerly caching bean 'org.springframework.context.annotation.ConfigurationClassPostProcessor.enhancedConfigurationProcessor' to allow for resolving potential circular references
21:57:13.243 [Test worker] DEBUG o.s.b.f.s.DefaultListableBeanFactory - Finished creating instance of bean 'org.springframework.context.annotation.ConfigurationClassPostProcessor.enhancedConfigurationProcessor'
21:57:13.243 [Test worker] DEBUG o.s.b.f.s.DefaultListableBeanFactory - Creating shared instance of singleton bean 'org.springframework.boot.context.properties.ConfigurationPropertiesBindingPostProcessor'
21:57:13.243 [Test worker] DEBUG o.s.b.f.s.DefaultListableBeanFactory - Creating instance of bean 'org.springframework.boot.context.properties.ConfigurationPropertiesBindingPostProcessor'
21:57:13.244 [Test worker] DEBUG o.s.core.env.StandardEnvironment - Adding [systemProperties] PropertySource with lowest search precedence
21:57:13.245 [Test worker] DEBUG o.s.core.env.StandardEnvironment - Adding [systemEnvironment] PropertySource with lowest search precedence
21:57:13.245 [Test worker] DEBUG o.s.core.env.StandardEnvironment - Initialized StandardEnvironment with PropertySources [systemProperties,systemEnvironment]
21:57:13.245 [Test worker] DEBUG o.s.b.f.s.DefaultListableBeanFactory - Eagerly caching bean 'org.springframework.boot.context.properties.ConfigurationPropertiesBindingPostProcessor' to allow for resolving potential circular references
21:57:13.245 [Test worker] DEBUG o.s.b.f.s.DefaultListableBeanFactory - Returning cached instance of singleton bean 'org.springframework.boot.context.properties.ConfigurationPropertiesBindingPostProcessor.store'
21:57:13.255 [Test worker] DEBUG o.s.b.f.s.DefaultListableBeanFactory - Invoking afterPropertiesSet() on bean with name 'org.springframework.boot.context.properties.ConfigurationPropertiesBindingPostProcessor'
21:57:13.256 [Test worker] DEBUG o.s.b.f.s.DefaultListableBeanFactory - Returning cached instance of singleton bean 'propertySourcesPlaceholderConfigurer'
21:57:13.258 [Test worker] DEBUG o.s.b.f.s.DefaultListableBeanFactory - Finished creating instance of bean 'org.springframework.boot.context.properties.ConfigurationPropertiesBindingPostProcessor'
21:57:13.258 [Test worker] DEBUG o.s.b.f.s.DefaultListableBeanFactory - Creating shared instance of singleton bean 'dataSourceInitializerPostProcessor'
21:57:13.258 [Test worker] DEBUG o.s.b.f.s.DefaultListableBeanFactory - Creating instance of bean 'dataSourceInitializerPostProcessor'
21:57:13.267 [Test worker] DEBUG o.s.b.f.annotation.InjectionMetadata - Registered injected element on class [org.springframework.boot.autoconfigure.jdbc.DataSourceInitializerPostProcessor]: AutowiredFieldElement for private org.springframework.beans.factory.BeanFactory org.springframework.boot.autoconfigure.jdbc.DataSourceInitializerPostProcessor.beanFactory
21:57:13.267 [Test worker] DEBUG o.s.b.f.s.DefaultListableBeanFactory - Eagerly caching bean 'dataSourceInitializerPostProcessor' to allow for resolving potential circular references
21:57:13.270 [Test worker] DEBUG o.s.b.f.annotation.InjectionMetadata - Processing injected element of bean 'dataSourceInitializerPostProcessor': AutowiredFieldElement for private org.springframework.beans.factory.BeanFactory org.springframework.boot.autoconfigure.jdbc.DataSourceInitializerPostProcessor.beanFactory
21:57:13.272 [Test worker] DEBUG o.s.b.f.a.AutowiredAnnotationBeanPostProcessor - Autowiring by type from bean name 'dataSourceInitializerPostProcessor' to bean named 'org.springframework.beans.factory.support.DefaultListableBeanFactory@5366bc48'
21:57:13.273 [Test worker] DEBUG o.s.b.f.s.DefaultListableBeanFactory - Finished creating instance of bean 'dataSourceInitializerPostProcessor'
21:57:13.273 [Test worker] DEBUG o.s.b.f.s.DefaultListableBeanFactory - Creating shared instance of singleton bean 'org.springframework.context.annotation.internalScheduledAnnotationProcessor'
21:57:13.273 [Test worker] DEBUG o.s.b.f.s.DefaultListableBeanFactory - Creating instance of bean 'org.springframework.context.annotation.internalScheduledAnnotationProcessor'
21:57:13.273 [Test worker] DEBUG o.s.b.f.s.DefaultListableBeanFactory - Creating shared instance of singleton bean 'org.springframework.scheduling.annotation.SchedulingConfiguration'
21:57:13.273 [Test worker] DEBUG o.s.b.f.s.DefaultListableBeanFactory - Creating instance of bean 'org.springframework.scheduling.annotation.SchedulingConfiguration'
21:57:13.274 [Test worker] DEBUG o.s.b.f.s.DefaultListableBeanFactory - Eagerly caching bean 'org.springframework.scheduling.annotation.SchedulingConfiguration' to allow for resolving potential circular references
21:57:13.279 [Test worker] DEBUG o.s.b.f.s.DefaultListableBeanFactory - Finished creating instance of bean 'org.springframework.scheduling.annotation.SchedulingConfiguration'
21:57:13.301 [Test worker] DEBUG o.s.b.f.s.DefaultListableBeanFactory - Eagerly caching bean 'org.springframework.context.annotation.internalScheduledAnnotationProcessor' to allow for resolving potential circular references
21:57:13.311 [Test worker] DEBUG o.s.b.f.s.DefaultListableBeanFactory - Finished creating instance of bean 'org.springframework.context.annotation.internalScheduledAnnotationProcessor'
21:57:13.311 [Test worker] DEBUG o.s.b.f.s.DefaultListableBeanFactory - Creating shared instance of singleton bean 'persistenceExceptionTranslationPostProcessor'
21:57:13.311 [Test worker] DEBUG o.s.b.f.s.DefaultListableBeanFactory - Creating instance of bean 'persistenceExceptionTranslationPostProcessor'
21:57:13.316 [Test worker] DEBUG o.s.b.f.s.DefaultListableBeanFactory - Eagerly caching bean 'persistenceExceptionTranslationPostProcessor' to allow for resolving potential circular references
21:57:13.327 [Test worker] DEBUG o.s.b.f.s.DefaultListableBeanFactory - Finished creating instance of bean 'persistenceExceptionTranslationPostProcessor'
21:57:13.327 [Test worker] DEBUG o.s.b.f.s.DefaultListableBeanFactory - Creating shared instance of singleton bean 'org.springframework.aop.config.internalAutoProxyCreator'
21:57:13.327 [Test worker] DEBUG o.s.b.f.s.DefaultListableBeanFactory - Creating instance of bean 'org.springframework.aop.config.internalAutoProxyCreator'
21:57:13.334 [Test worker] DEBUG o.s.b.f.s.DefaultListableBeanFactory - Eagerly caching bean 'org.springframework.aop.config.internalAutoProxyCreator' to allow for resolving potential circular references
21:57:13.344 [Test worker] DEBUG o.s.b.f.s.DefaultListableBeanFactory - Finished creating instance of bean 'org.springframework.aop.config.internalAutoProxyCreator'
21:57:13.344 [Test worker] DEBUG o.s.b.f.s.DefaultListableBeanFactory - Creating shared instance of singleton bean 'embeddedServletContainerCustomizerBeanPostProcessor'
21:57:13.344 [Test worker] DEBUG o.s.b.f.s.DefaultListableBeanFactory - Creating instance of bean 'embeddedServletContainerCustomizerBeanPostProcessor'
21:57:13.344 [Test worker] DEBUG o.s.b.f.s.DefaultListableBeanFactory - Eagerly caching bean 'embeddedServletContainerCustomizerBeanPostProcessor' to allow for resolving potential circular references
21:57:13.348 [Test worker] DEBUG o.s.b.f.s.DefaultListableBeanFactory - Creating shared instance of singleton bean 'org.springframework.transaction.config.internalTransactionAdvisor'
21:57:13.348 [Test worker] DEBUG o.s.b.f.s.DefaultListableBeanFactory - Creating instance of bean 'org.springframework.transaction.config.internalTransactionAdvisor'
21:57:13.348 [Test worker] DEBUG o.s.b.f.s.DefaultListableBeanFactory - Creating shared instance of singleton bean 'org.springframework.transaction.annotation.ProxyTransactionManagementConfiguration'
21:57:13.348 [Test worker] DEBUG o.s.b.f.s.DefaultListableBeanFactory - Creating instance of bean 'org.springframework.transaction.annotation.ProxyTransactionManagementConfiguration'
21:57:13.354 [Test worker] DEBUG o.s.b.f.annotation.InjectionMetadata - Registered injected element on class [org.springframework.transaction.annotation.ProxyTransactionManagementConfiguration$$EnhancerBySpringCGLIB$$ac783b8b]: AutowiredMethodElement for void org.springframework.transaction.annotation.AbstractTransactionManagementConfiguration.setConfigurers(java.util.Collection)
21:57:13.354 [Test worker] DEBUG o.s.b.f.s.DefaultListableBeanFactory - Eagerly caching bean 'org.springframework.transaction.annotation.ProxyTransactionManagementConfiguration' to allow for resolving potential circular references
21:57:13.354 [Test worker] DEBUG o.s.b.f.annotation.InjectionMetadata - Processing injected element of bean 'org.springframework.transaction.annotation.ProxyTransactionManagementConfiguration': AutowiredMethodElement for void org.springframework.transaction.annotation.AbstractTransactionManagementConfiguration.setConfigurers(java.util.Collection)
21:57:13.357 [Test worker] DEBUG o.s.b.f.s.DefaultListableBeanFactory - Returning cached instance of singleton bean 'org.springframework.context.annotation.ConfigurationClassPostProcessor.importRegistry'
21:57:13.357 [Test worker] INFO  o.s.c.s.PostProcessorRegistrationDelegate$BeanPostProcessorChecker - Bean 'org.springframework.transaction.annotation.ProxyTransactionManagementConfiguration' of type [class org.springframework.transaction.annotation.ProxyTransactionManagementConfiguration$$EnhancerBySpringCGLIB$$ac783b8b] is not eligible for getting processed by all BeanPostProcessors (for example: not eligible for auto-proxying)
21:57:13.357 [Test worker] DEBUG o.s.a.f.a.BeanFactoryAdvisorRetrievalHelper - Skipping currently created advisor 'org.springframework.transaction.config.internalTransactionAdvisor'
21:57:13.362 [Test worker] DEBUG o.s.b.f.s.DefaultListableBeanFactory - Finished creating instance of bean 'org.springframework.transaction.annotation.ProxyTransactionManagementConfiguration'
21:57:13.373 [Test worker] DEBUG o.s.b.f.s.DefaultListableBeanFactory - Creating shared instance of singleton bean 'transactionAttributeSource'
21:57:13.373 [Test worker] DEBUG o.s.b.f.s.DefaultListableBeanFactory - Creating instance of bean 'transactionAttributeSource'
21:57:13.373 [Test worker] DEBUG o.s.b.f.s.DefaultListableBeanFactory - Returning cached instance of singleton bean 'org.springframework.transaction.annotation.ProxyTransactionManagementConfiguration'
21:57:13.374 [Test worker] DEBUG o.s.b.f.s.DefaultListableBeanFactory - Eagerly caching bean 'transactionAttributeSource' to allow for resolving potential circular references
21:57:13.377 [Test worker] DEBUG o.s.a.f.a.BeanFactoryAdvisorRetrievalHelper - Skipping currently created advisor 'org.springframework.transaction.config.internalTransactionAdvisor'
21:57:13.378 [Test worker] DEBUG o.s.b.f.s.DefaultListableBeanFactory - Finished creating instance of bean 'transactionAttributeSource'
21:57:13.378 [Test worker] DEBUG o.s.b.f.s.DefaultListableBeanFactory - Creating shared instance of singleton bean 'transactionInterceptor'
21:57:13.379 [Test worker] DEBUG o.s.b.f.s.DefaultListableBeanFactory - Creating instance of bean 'transactionInterceptor'
21:57:13.379 [Test worker] DEBUG o.s.b.f.s.DefaultListableBeanFactory - Returning cached instance of singleton bean 'org.springframework.transaction.annotation.ProxyTransactionManagementConfiguration'
21:57:13.384 [Test worker] DEBUG o.s.b.f.s.DefaultListableBeanFactory - Returning cached instance of singleton bean 'transactionAttributeSource'
21:57:13.387 [Test worker] DEBUG o.s.b.f.s.DefaultListableBeanFactory - Eagerly caching bean 'transactionInterceptor' to allow for resolving potential circular references
21:57:13.391 [Test worker] DEBUG o.s.b.f.s.DefaultListableBeanFactory - Invoking afterPropertiesSet() on bean with name 'transactionInterceptor'
21:57:13.391 [Test worker] DEBUG o.s.b.f.s.DefaultListableBeanFactory - Finished creating instance of bean 'transactionInterceptor'
21:57:13.392 [Test worker] DEBUG o.s.b.f.s.DefaultListableBeanFactory - Eagerly caching bean 'org.springframework.transaction.config.internalTransactionAdvisor' to allow for resolving potential circular references
21:57:13.396 [Test worker] DEBUG o.s.b.f.s.DefaultListableBeanFactory - Finished creating instance of bean 'org.springframework.transaction.config.internalTransactionAdvisor'
21:57:13.399 [Test worker] DEBUG o.s.b.f.s.DefaultListableBeanFactory - Finished creating instance of bean 'embeddedServletContainerCustomizerBeanPostProcessor'
21:57:13.402 [Test worker] DEBUG o.s.w.c.s.GenericWebApplicationContext - Unable to locate MessageSource with name 'messageSource': using default [org.springframework.context.support.DelegatingMessageSource@27ee6774]
21:57:13.402 [Test worker] DEBUG o.s.b.f.s.DefaultListableBeanFactory - Returning cached instance of singleton bean 'applicationEventMulticaster'
21:57:13.402 [Test worker] DEBUG o.s.w.c.s.GenericWebApplicationContext - Using ApplicationEventMulticaster [org.springframework.context.event.SimpleApplicationEventMulticaster@7b6bfe44]
21:57:13.404 [Test worker] DEBUG o.s.u.c.s.UiApplicationContextUtils - Unable to locate ThemeSource with name 'themeSource': using default [org.springframework.ui.context.support.ResourceBundleThemeSource@569326f3]
21:57:13.407 [Test worker] DEBUG o.s.b.f.s.DefaultListableBeanFactory - Pre-instantiating singletons in org.springframework.beans.factory.support.DefaultListableBeanFactory@5366bc48: defining beans [org.springframework.context.annotation.internalConfigurationAnnotationProcessor,org.springframework.context.annotation.internalAutowiredAnnotationProcessor,org.springframework.context.annotation.internalRequiredAnnotationProcessor,org.springframework.context.annotation.internalCommonAnnotationProcessor,org.springframework.context.event.internalEventListenerProcessor,org.springframework.context.event.internalEventListenerFactory,monitorApplication,org.springframework.context.annotation.ConfigurationClassPostProcessor.importAwareProcessor,org.springframework.context.annotation.ConfigurationClassPostProcessor.enhancedConfigurationProcessor,alertaService,medicaoRepository,medicaoService,metricaRepository,metricaService,medicaoDao,metricaDao,regraDao,regraRepository,regraService,jerseyConfig,metricaController,regraController,org.springframework.boot.autoconfigure.AutoConfigurationPackages,org.springframework.boot.autoconfigure.PropertyPlaceholderAutoConfiguration,org.springframework.boot.autoconfigure.condition.BeanTypeRegistry,propertySourcesPlaceholderConfigurer,org.springframework.boot.autoconfigure.jersey.JerseyAutoConfiguration,requestContextFilter,jerseyServletRegistration,spring.jersey.CONFIGURATION_PROPERTIES,org.springframework.boot.context.properties.ConfigurationPropertiesBindingPostProcessor,org.springframework.boot.context.properties.ConfigurationPropertiesBindingPostProcessor.store,org.springframework.boot.autoconfigure.websocket.WebSocketAutoConfiguration$TomcatWebSocketConfiguration,websocketContainerCustomizer,org.springframework.boot.autoconfigure.websocket.WebSocketAutoConfiguration,org.springframework.boot.autoconfigure.web.EmbeddedServletContainerAutoConfiguration$EmbeddedTomcat,tomcatEmbeddedServletContainerFactory,org.springframework.boot.autoconfigure.web.EmbeddedServletContainerAutoConfiguration,embeddedServletContainerCustomizerBeanPostProcessor,org.springframework.boot.autoconfigure.web.DispatcherServletAutoConfiguration$DispatcherServletConfiguration,dispatcherServlet,dispatcherServletRegistration,spring.mvc.CONFIGURATION_PROPERTIES,org.springframework.boot.autoconfigure.web.DispatcherServletAutoConfiguration,org.springframework.boot.autoconfigure.web.ErrorMvcAutoConfiguration$WhitelabelErrorViewConfiguration,error,beanNameViewResolver,org.springframework.boot.autoconfigure.web.ErrorMvcAutoConfiguration,errorAttributes,basicErrorController,errorPageCustomizer,preserveErrorControllerTargetClassPostProcessor,org.springframework.boot.autoconfigure.web.WebMvcAutoConfiguration$EnableWebMvcConfiguration,requestMappingHandlerAdapter,requestMappingHandlerMapping,mvcContentNegotiationManager,viewControllerHandlerMapping,beanNameHandlerMapping,resourceHandlerMapping,mvcResourceUrlProvider,defaultServletHandlerMapping,mvcConversionService,mvcValidator,mvcPathMatcher,mvcUrlPathHelper,mvcUriComponentsContributor,httpRequestHandlerAdapter,simpleControllerHandlerAdapter,handlerExceptionResolver,mvcViewResolver,org.springframework.boot.autoconfigure.web.WebMvcAutoConfiguration$WebMvcAutoConfigurationAdapter$FaviconConfiguration,faviconHandlerMapping,faviconRequestHandler,org.springframework.boot.autoconfigure.web.WebMvcAutoConfiguration$WebMvcAutoConfigurationAdapter,defaultViewResolver,viewResolver,spring.resources.CONFIGURATION_PROPERTIES,org.springframework.boot.autoconfigure.web.WebMvcAutoConfiguration,hiddenHttpMethodFilter,httpPutFormContentFilter,org.springframework.boot.actuate.autoconfigure.AuditAutoConfiguration$AuditEventRepositoryConfiguration,auditEventRepository,org.springframework.boot.actuate.autoconfigure.AuditAutoConfiguration,auditListener,org.springframework.boot.autoconfigure.jdbc.DataSourceAutoConfiguration$JdbcTemplateConfiguration,jdbcTemplate,namedParameterJdbcTemplate,org.springframework.boot.autoconfigure.jdbc.DataSourceAutoConfiguration$NonEmbeddedConfiguration,dataSource,org.springframework.boot.autoconfigure.jdbc.DataSourceAutoConfiguration$DataSourceInitializerConfiguration,dataSourceInitializer,org.springframework.boot.autoconfigure.jdbc.metadata.DataSourcePoolMetadataProvidersConfiguration$TomcatDataSourcePoolMetadataProviderConfiguration,tomcatPoolDataSourceMetadataProvider,org.springframework.boot.autoconfigure.jdbc.metadata.DataSourcePoolMetadataProvidersConfiguration,org.springframework.boot.autoconfigure.jdbc.DataSourceAutoConfiguration,spring.datasource.CONFIGURATION_PROPERTIES,dataSourceInitializerPostProcessor,org.springframework.boot.actuate.autoconfigure.HealthIndicatorAutoConfiguration$DiskSpaceHealthIndicatorConfiguration,diskSpaceHealthIndicator,diskSpaceHealthIndicatorProperties,org.springframework.boot.actuate.autoconfigure.HealthIndicatorAutoConfiguration$DataSourcesHealthIndicatorConfiguration,dbHealthIndicator,org.springframework.boot.actuate.autoconfigure.HealthIndicatorAutoConfiguration,healthAggregator,management.health.status.CONFIGURATION_PROPERTIES,org.springframework.boot.actuate.autoconfigure.MetricRepositoryAutoConfiguration$FastMetricServicesConfiguration,counterBuffers,gaugeBuffers,actuatorMetricReader,counterService,gaugeService,org.springframework.boot.actuate.autoconfigure.MetricRepositoryAutoConfiguration,org.springframework.boot.actuate.autoconfigure.PublicMetricsAutoConfiguration$TomcatMetricsConfiguration,tomcatPublicMetrics,org.springframework.boot.actuate.autoconfigure.PublicMetricsAutoConfiguration$DataSourceMetricsConfiguration,dataSourcePublicMetrics,org.springframework.boot.actuate.autoconfigure.PublicMetricsAutoConfiguration,systemPublicMetrics,metricReaderPublicMetrics,org.springframework.boot.actuate.autoconfigure.EndpointAutoConfiguration$InfoPropertiesConfiguration,org.springframework.boot.actuate.autoconfigure.EndpointAutoConfiguration$RequestMappingEndpointConfiguration,requestMappingEndpoint,org.springframework.boot.actuate.autoconfigure.EndpointAutoConfiguration,environmentEndpoint,healthEndpoint,beansEndpoint,infoEndpoint,metricsEndpoint,traceEndpoint,dumpEndpoint,autoConfigurationReportEndpoint,shutdownEndpoint,configurationPropertiesReportEndpoint,endpoints.CONFIGURATION_PROPERTIES,org.springframework.boot.autoconfigure.web.ServerPropertiesAutoConfiguration,serverProperties,duplicateServerPropertiesDetector,org.springframework.boot.actuate.autoconfigure.ManagementServerPropertiesAutoConfiguration,managementServerProperties,org.springframework.boot.autoconfigure.jackson.JacksonAutoConfiguration$JacksonObjectMapperBuilderConfiguration,jacksonObjectMapperBuilder,spring.jackson.CONFIGURATION_PROPERTIES,org.springframework.boot.autoconfigure.jackson.JacksonAutoConfiguration$JacksonObjectMapperConfiguration,jacksonObjectMapper,org.springframework.boot.autoconfigure.jackson.JacksonAutoConfiguration,org.springframework.boot.autoconfigure.web.HttpMessageConvertersAutoConfiguration$StringHttpMessageConverterConfiguration,stringHttpMessageConverter,spring.http.encoding.CONFIGURATION_PROPERTIES,org.springframework.boot.autoconfigure.web.JacksonHttpMessageConvertersConfiguration$MappingJackson2HttpMessageConverterConfiguration,mappingJackson2HttpMessageConverter,org.springframework.boot.autoconfigure.web.JacksonHttpMessageConvertersConfiguration,org.springframework.boot.autoconfigure.web.HttpMessageConvertersAutoConfiguration,messageConverters,org.springframework.boot.actuate.autoconfigure.EndpointWebMvcAutoConfiguration$ApplicationContextFilterConfiguration,applicationContextIdFilter,org.springframework.boot.actuate.autoconfigure.EndpointWebMvcAutoConfiguration,managementContextResolver,managementServletContext,org.springframework.boot.actuate.autoconfigure.MetricExportAutoConfiguration$MetricExportPropertiesConfiguration,spring.metrics.export.CONFIGURATION_PROPERTIES,org.springframework.scheduling.annotation.SchedulingConfiguration,org.springframework.context.annotation.internalScheduledAnnotationProcessor,org.springframework.boot.actuate.autoconfigure.MetricExportAutoConfiguration,metricWritersMetricExporter,org.springframework.boot.actuate.autoconfigure.MetricFilterAutoConfiguration,metricFilter,org.springframework.boot.actuate.autoconfigure.TraceRepositoryAutoConfiguration,traceRepository,org.springframework.boot.actuate.autoconfigure.TraceWebFilterAutoConfiguration,webRequestLoggingFilter,management.trace.CONFIGURATION_PROPERTIES,org.springframework.boot.autoconfigure.context.ConfigurationPropertiesAutoConfiguration,org.springframework.boot.autoconfigure.dao.PersistenceExceptionTranslationAutoConfiguration,persistenceExceptionTranslationPostProcessor,org.springframework.boot.autoconfigure.h2.H2ConsoleAutoConfiguration,h2Console,spring.h2.console.CONFIGURATION_PROPERTIES,org.springframework.transaction.annotation.ProxyTransactionManagementConfiguration,org.springframework.transaction.config.internalTransactionAdvisor,transactionAttributeSource,transactionInterceptor,org.springframework.transaction.config.internalTransactionalEventListenerFactory,org.springframework.boot.autoconfigure.jdbc.DataSourceTransactionManagerAutoConfiguration$TransactionManagementConfiguration,org.springframework.aop.config.internalAutoProxyCreator,org.springframework.boot.autoconfigure.jdbc.DataSourceTransactionManagerAutoConfiguration,transactionManager,org.springframework.boot.autoconfigure.transaction.TransactionAutoConfiguration,transactionTemplate,org.springframework.boot.autoconfigure.web.HttpEncodingAutoConfiguration,characterEncodingFilter,org.springframework.boot.autoconfigure.web.MultipartAutoConfiguration,multipartConfigElement,multipartResolver,multipart.CONFIGURATION_PROPERTIES]; root of factory hierarchy
21:57:13.407 [Test worker] DEBUG o.s.b.f.s.DefaultListableBeanFactory - Returning cached instance of singleton bean 'org.springframework.context.annotation.internalConfigurationAnnotationProcessor'
21:57:13.407 [Test worker] DEBUG o.s.b.f.s.DefaultListableBeanFactory - Returning cached instance of singleton bean 'org.springframework.context.annotation.internalAutowiredAnnotationProcessor'
21:57:13.407 [Test worker] DEBUG o.s.b.f.s.DefaultListableBeanFactory - Returning cached instance of singleton bean 'org.springframework.context.annotation.internalRequiredAnnotationProcessor'
21:57:13.407 [Test worker] DEBUG o.s.b.f.s.DefaultListableBeanFactory - Returning cached instance of singleton bean 'org.springframework.context.annotation.internalCommonAnnotationProcessor'
21:57:13.407 [Test worker] DEBUG o.s.b.f.s.DefaultListableBeanFactory - Creating shared instance of singleton bean 'org.springframework.context.event.internalEventListenerProcessor'
21:57:13.407 [Test worker] DEBUG o.s.b.f.s.DefaultListableBeanFactory - Creating instance of bean 'org.springframework.context.event.internalEventListenerProcessor'
21:57:13.409 [Test worker] DEBUG o.s.b.f.s.DefaultListableBeanFactory - Eagerly caching bean 'org.springframework.context.event.internalEventListenerProcessor' to allow for resolving potential circular references
21:57:13.410 [Test worker] DEBUG o.s.b.f.s.DefaultListableBeanFactory - Returning cached instance of singleton bean 'org.springframework.transaction.config.internalTransactionAdvisor'
21:57:13.413 [Test worker] DEBUG o.s.b.f.s.DefaultListableBeanFactory - Finished creating instance of bean 'org.springframework.context.event.internalEventListenerProcessor'
21:57:13.413 [Test worker] DEBUG o.s.b.f.s.DefaultListableBeanFactory - Creating shared instance of singleton bean 'org.springframework.context.event.internalEventListenerFactory'
21:57:13.413 [Test worker] DEBUG o.s.b.f.s.DefaultListableBeanFactory - Creating instance of bean 'org.springframework.context.event.internalEventListenerFactory'
21:57:13.413 [Test worker] DEBUG o.s.b.f.s.DefaultListableBeanFactory - Eagerly caching bean 'org.springframework.context.event.internalEventListenerFactory' to allow for resolving potential circular references
21:57:13.418 [Test worker] DEBUG o.s.b.f.s.DefaultListableBeanFactory - Returning cached instance of singleton bean 'org.springframework.transaction.config.internalTransactionAdvisor'
21:57:13.418 [Test worker] DEBUG o.s.b.f.s.DefaultListableBeanFactory - Finished creating instance of bean 'org.springframework.context.event.internalEventListenerFactory'
21:57:13.418 [Test worker] DEBUG o.s.b.f.s.DefaultListableBeanFactory - Creating shared instance of singleton bean 'monitorApplication'
21:57:13.418 [Test worker] DEBUG o.s.b.f.s.DefaultListableBeanFactory - Creating instance of bean 'monitorApplication'
21:57:13.420 [Test worker] DEBUG o.s.b.f.s.DefaultListableBeanFactory - Eagerly caching bean 'monitorApplication' to allow for resolving potential circular references
21:57:13.425 [Test worker] DEBUG o.s.b.f.s.DefaultListableBeanFactory - Returning cached instance of singleton bean 'org.springframework.transaction.config.internalTransactionAdvisor'
21:57:13.429 [Test worker] DEBUG o.s.b.f.s.DefaultListableBeanFactory - Finished creating instance of bean 'monitorApplication'
21:57:13.429 [Test worker] DEBUG o.s.b.f.s.DefaultListableBeanFactory - Returning cached instance of singleton bean 'org.springframework.context.annotation.ConfigurationClassPostProcessor.importAwareProcessor'
21:57:13.429 [Test worker] DEBUG o.s.b.f.s.DefaultListableBeanFactory - Returning cached instance of singleton bean 'org.springframework.context.annotation.ConfigurationClassPostProcessor.enhancedConfigurationProcessor'
21:57:13.429 [Test worker] DEBUG o.s.b.f.s.DefaultListableBeanFactory - Creating shared instance of singleton bean 'alertaService'
21:57:13.429 [Test worker] DEBUG o.s.b.f.s.DefaultListableBeanFactory - Creating instance of bean 'alertaService'
21:57:13.431 [Test worker] DEBUG o.s.b.f.annotation.InjectionMetadata - Registered injected element on class [com.uniritter.monitor.domain.alertas.AlertaService]: AutowiredFieldElement for com.uniritter.monitor.domain.metricas.MedicaoService com.uniritter.monitor.domain.alertas.AlertaService.medService
21:57:13.431 [Test worker] DEBUG o.s.b.f.annotation.InjectionMetadata - Registered injected element on class [com.uniritter.monitor.domain.alertas.AlertaService]: AutowiredFieldElement for com.uniritter.monitor.domain.regras.RegraService com.uniritter.monitor.domain.alertas.AlertaService.regService
21:57:13.431 [Test worker] DEBUG o.s.b.f.s.DefaultListableBeanFactory - Eagerly caching bean 'alertaService' to allow for resolving potential circular references
21:57:13.435 [Test worker] DEBUG o.s.b.f.annotation.InjectionMetadata - Processing injected element of bean 'alertaService': AutowiredFieldElement for com.uniritter.monitor.domain.metricas.MedicaoService com.uniritter.monitor.domain.alertas.AlertaService.medService
21:57:13.437 [Test worker] DEBUG o.s.b.f.s.DefaultListableBeanFactory - Creating shared instance of singleton bean 'medicaoService'
21:57:13.437 [Test worker] DEBUG o.s.b.f.s.DefaultListableBeanFactory - Creating instance of bean 'medicaoService'
21:57:13.438 [Test worker] DEBUG o.s.b.f.annotation.InjectionMetadata - Registered injected element on class [com.uniritter.monitor.domain.metricas.MedicaoService]: AutowiredFieldElement for com.uniritter.monitor.domain.metricas.MedicaoRepository com.uniritter.monitor.domain.metricas.MedicaoService.medicaoRepository
21:57:13.438 [Test worker] DEBUG o.s.b.f.s.DefaultListableBeanFactory - Eagerly caching bean 'medicaoService' to allow for resolving potential circular references
21:57:13.440 [Test worker] DEBUG o.s.b.f.annotation.InjectionMetadata - Processing injected element of bean 'medicaoService': AutowiredFieldElement for com.uniritter.monitor.domain.metricas.MedicaoRepository com.uniritter.monitor.domain.metricas.MedicaoService.medicaoRepository
21:57:13.441 [Test worker] DEBUG o.s.b.f.s.DefaultListableBeanFactory - Creating shared instance of singleton bean 'medicaoRepository'
21:57:13.441 [Test worker] DEBUG o.s.b.f.s.DefaultListableBeanFactory - Creating instance of bean 'medicaoRepository'
21:57:13.443 [Test worker] DEBUG o.s.b.f.annotation.InjectionMetadata - Registered injected element on class [com.uniritter.monitor.domain.metricas.MedicaoRepository]: AutowiredFieldElement for com.uniritter.monitor.domain.persistance.MedicaoDao com.uniritter.monitor.domain.metricas.MedicaoRepository.medicaoDAO
21:57:13.443 [Test worker] DEBUG o.s.b.f.s.DefaultListableBeanFactory - Eagerly caching bean 'medicaoRepository' to allow for resolving potential circular references
21:57:13.445 [Test worker] DEBUG o.s.b.f.annotation.InjectionMetadata - Processing injected element of bean 'medicaoRepository': AutowiredFieldElement for com.uniritter.monitor.domain.persistance.MedicaoDao com.uniritter.monitor.domain.metricas.MedicaoRepository.medicaoDAO
21:57:13.446 [Test worker] DEBUG o.s.b.f.s.DefaultListableBeanFactory - Creating shared instance of singleton bean 'medicaoDao'
21:57:13.446 [Test worker] DEBUG o.s.b.f.s.DefaultListableBeanFactory - Creating instance of bean 'medicaoDao'
21:57:13.449 [Test worker] DEBUG o.s.b.f.s.DefaultListableBeanFactory - Creating shared instance of singleton bean 'jdbcTemplate'
21:57:13.449 [Test worker] DEBUG o.s.b.f.s.DefaultListableBeanFactory - Creating instance of bean 'jdbcTemplate'
21:57:13.450 [Test worker] DEBUG o.s.b.f.s.DefaultListableBeanFactory - Creating shared instance of singleton bean 'org.springframework.boot.autoconfigure.jdbc.DataSourceAutoConfiguration$JdbcTemplateConfiguration'
21:57:13.450 [Test worker] DEBUG o.s.b.f.s.DefaultListableBeanFactory - Creating instance of bean 'org.springframework.boot.autoconfigure.jdbc.DataSourceAutoConfiguration$JdbcTemplateConfiguration'
21:57:13.451 [Test worker] DEBUG o.s.b.f.annotation.InjectionMetadata - Registered injected element on class [org.springframework.boot.autoconfigure.jdbc.DataSourceAutoConfiguration$JdbcTemplateConfiguration$$EnhancerBySpringCGLIB$$bb83d4c8]: AutowiredFieldElement for private javax.sql.DataSource org.springframework.boot.autoconfigure.jdbc.DataSourceAutoConfiguration$JdbcTemplateConfiguration.dataSource
21:57:13.451 [Test worker] DEBUG o.s.b.f.s.DefaultListableBeanFactory - Eagerly caching bean 'org.springframework.boot.autoconfigure.jdbc.DataSourceAutoConfiguration$JdbcTemplateConfiguration' to allow for resolving potential circular references
21:57:13.453 [Test worker] DEBUG o.s.b.f.annotation.InjectionMetadata - Processing injected element of bean 'org.springframework.boot.autoconfigure.jdbc.DataSourceAutoConfiguration$JdbcTemplateConfiguration': AutowiredFieldElement for private javax.sql.DataSource org.springframework.boot.autoconfigure.jdbc.DataSourceAutoConfiguration$JdbcTemplateConfiguration.dataSource
21:57:13.454 [Test worker] DEBUG o.s.b.f.s.DefaultListableBeanFactory - Creating shared instance of singleton bean 'dataSource'
21:57:13.454 [Test worker] DEBUG o.s.b.f.s.DefaultListableBeanFactory - Creating instance of bean 'dataSource'
21:57:13.455 [Test worker] DEBUG o.s.b.f.s.DefaultListableBeanFactory - Creating shared instance of singleton bean 'org.springframework.boot.autoconfigure.jdbc.DataSourceAutoConfiguration$NonEmbeddedConfiguration'
21:57:13.455 [Test worker] DEBUG o.s.b.f.s.DefaultListableBeanFactory - Creating instance of bean 'org.springframework.boot.autoconfigure.jdbc.DataSourceAutoConfiguration$NonEmbeddedConfiguration'
21:57:13.455 [Test worker] DEBUG o.s.b.f.annotation.InjectionMetadata - Registered injected element on class [org.springframework.boot.autoconfigure.jdbc.DataSourceAutoConfiguration$NonEmbeddedConfiguration]: AutowiredFieldElement for private org.springframework.boot.autoconfigure.jdbc.DataSourceProperties org.springframework.boot.autoconfigure.jdbc.DataSourceAutoConfiguration$NonEmbeddedConfiguration.properties
21:57:13.455 [Test worker] DEBUG o.s.b.f.s.DefaultListableBeanFactory - Eagerly caching bean 'org.springframework.boot.autoconfigure.jdbc.DataSourceAutoConfiguration$NonEmbeddedConfiguration' to allow for resolving potential circular references
21:57:13.457 [Test worker] DEBUG o.s.b.f.annotation.InjectionMetadata - Processing injected element of bean 'org.springframework.boot.autoconfigure.jdbc.DataSourceAutoConfiguration$NonEmbeddedConfiguration': AutowiredFieldElement for private org.springframework.boot.autoconfigure.jdbc.DataSourceProperties org.springframework.boot.autoconfigure.jdbc.DataSourceAutoConfiguration$NonEmbeddedConfiguration.properties
21:57:13.458 [Test worker] DEBUG o.s.b.f.s.DefaultListableBeanFactory - Creating shared instance of singleton bean 'spring.datasource.CONFIGURATION_PROPERTIES'
21:57:13.458 [Test worker] DEBUG o.s.b.f.s.DefaultListableBeanFactory - Creating instance of bean 'spring.datasource.CONFIGURATION_PROPERTIES'
21:57:13.462 [Test worker] DEBUG o.s.b.f.s.DefaultListableBeanFactory - Eagerly caching bean 'spring.datasource.CONFIGURATION_PROPERTIES' to allow for resolving potential circular references
21:57:13.488 [Test worker] DEBUG o.h.v.i.e.r.DefaultTraversableResolver - Cannot find javax.persistence.Persistence on classpath. Assuming non JPA 2 environment. All properties will per default be traversable.
21:57:13.490 [Test worker] DEBUG o.h.v.i.engine.ConfigurationImpl - Setting custom MessageInterpolator of type org.springframework.validation.beanvalidation.LocaleContextMessageInterpolator
21:57:13.491 [Test worker] DEBUG o.h.v.i.engine.ConfigurationImpl - Setting custom ConstraintValidatorFactory of type org.springframework.validation.beanvalidation.SpringConstraintValidatorFactory
21:57:13.495 [Test worker] DEBUG o.h.v.i.engine.ConfigurationImpl - Setting custom ParameterNameProvider of type com.sun.proxy.$Proxy52
21:57:13.497 [Test worker] DEBUG o.h.v.i.xml.ValidationXmlParser - Trying to load META-INF/validation.xml for XML based Validator configuration.
21:57:13.499 [Test worker] DEBUG o.h.v.i.xml.ResourceLoaderHelper - Trying to load META-INF/validation.xml via user class loader
21:57:13.500 [Test worker] DEBUG o.h.v.i.xml.ResourceLoaderHelper - Trying to load META-INF/validation.xml via TCCL
21:57:13.500 [Test worker] DEBUG o.h.v.i.xml.ResourceLoaderHelper - Trying to load META-INF/validation.xml via Hibernate Validator's class loader
21:57:13.501 [Test worker] DEBUG o.h.v.i.xml.ValidationXmlParser - No META-INF/validation.xml found. Using annotation based configuration only.
21:57:13.615 [Test worker] DEBUG o.s.b.f.annotation.InjectionMetadata - Processing injected element of bean 'org.springframework.boot.context.properties.ConfigurationPropertiesBindingPostProcessor': AutowiredMethodElement for public void org.springframework.boot.context.properties.ConfigurationPropertiesBindingPostProcessor.setConverters(java.util.List)
21:57:13.618 [Test worker] DEBUG o.s.b.f.annotation.InjectionMetadata - Processing injected element of bean 'org.springframework.boot.context.properties.ConfigurationPropertiesBindingPostProcessor': AutowiredMethodElement for public void org.springframework.boot.context.properties.ConfigurationPropertiesBindingPostProcessor.setGenericConverters(java.util.List)
21:57:13.628 [Test worker] DEBUG o.s.core.env.MutablePropertySources - Adding [systemProperties] PropertySource with lowest search precedence
21:57:13.628 [Test worker] DEBUG o.s.core.env.MutablePropertySources - Adding [systemEnvironment] PropertySource with lowest search precedence
21:57:13.628 [Test worker] DEBUG o.s.core.env.MutablePropertySources - Adding [random] PropertySource with lowest search precedence
21:57:13.628 [Test worker] DEBUG o.s.core.env.MutablePropertySources - Adding [integrationTest] PropertySource with lowest search precedence
21:57:13.628 [Test worker] DEBUG o.s.core.env.MutablePropertySources - Adding [applicationConfig: [classpath:/application.properties]] PropertySource with lowest search precedence
21:57:13.628 [Test worker] DEBUG o.s.core.env.MutablePropertySources - Adding [localProperties] PropertySource with lowest search precedence
21:57:13.641 [Test worker] DEBUG o.s.core.env.MutablePropertySources - Adding [systemProperties] PropertySource with lowest search precedence
21:57:13.642 [Test worker] DEBUG o.s.core.env.MutablePropertySources - Adding [systemEnvironment] PropertySource with lowest search precedence
21:57:13.642 [Test worker] DEBUG o.s.core.env.MutablePropertySources - Adding [random] PropertySource with lowest search precedence
21:57:13.642 [Test worker] DEBUG o.s.core.env.MutablePropertySources - Adding [integrationTest] PropertySource with lowest search precedence
21:57:13.643 [Test worker] DEBUG o.s.core.env.MutablePropertySources - Adding [applicationConfig: [classpath:/application.properties]] PropertySource with lowest search precedence
21:57:13.643 [Test worker] DEBUG o.s.core.env.MutablePropertySources - Adding [localProperties] PropertySource with lowest search precedence
21:57:13.643 [Test worker] DEBUG o.s.c.e.PropertySourcesPropertyResolver - Searching for key 'spring.datasource.username' in [systemProperties]
21:57:13.643 [Test worker] DEBUG o.s.c.e.PropertySourcesPropertyResolver - Searching for key 'spring.datasource.username' in [systemEnvironment]
21:57:13.643 [Test worker] DEBUG o.s.c.e.PropertySourcesPropertyResolver - Searching for key 'spring.datasource.username' in [random]
21:57:13.643 [Test worker] DEBUG o.s.c.e.PropertySourcesPropertyResolver - Searching for key 'spring.datasource.username' in [integrationTest]
21:57:13.643 [Test worker] DEBUG o.s.c.e.PropertySourcesPropertyResolver - Searching for key 'spring.datasource.username' in [applicationConfig: [classpath:/application.properties]]
21:57:13.643 [Test worker] DEBUG o.s.c.e.PropertySourcesPropertyResolver - Found key 'spring.datasource.username' in [applicationConfig: [classpath:/application.properties]] with type [String] and value 'sa'
21:57:13.644 [Test worker] DEBUG o.s.core.env.MutablePropertySources - Adding [systemProperties] PropertySource with lowest search precedence
21:57:13.644 [Test worker] DEBUG o.s.core.env.MutablePropertySources - Adding [systemEnvironment] PropertySource with lowest search precedence
21:57:13.644 [Test worker] DEBUG o.s.core.env.MutablePropertySources - Adding [random] PropertySource with lowest search precedence
21:57:13.644 [Test worker] DEBUG o.s.core.env.MutablePropertySources - Adding [integrationTest] PropertySource with lowest search precedence
21:57:13.644 [Test worker] DEBUG o.s.core.env.MutablePropertySources - Adding [applicationConfig: [classpath:/application.properties]] PropertySource with lowest search precedence
21:57:13.644 [Test worker] DEBUG o.s.core.env.MutablePropertySources - Adding [localProperties] PropertySource with lowest search precedence
21:57:13.644 [Test worker] DEBUG o.s.c.e.PropertySourcesPropertyResolver - Searching for key 'spring.datasource.driverClassName' in [systemProperties]
21:57:13.644 [Test worker] DEBUG o.s.c.e.PropertySourcesPropertyResolver - Searching for key 'spring.datasource.driverClassName' in [systemEnvironment]
21:57:13.644 [Test worker] DEBUG o.s.c.e.PropertySourcesPropertyResolver - Searching for key 'spring.datasource.driverClassName' in [random]
21:57:13.644 [Test worker] DEBUG o.s.c.e.PropertySourcesPropertyResolver - Searching for key 'spring.datasource.driverClassName' in [integrationTest]
21:57:13.644 [Test worker] DEBUG o.s.c.e.PropertySourcesPropertyResolver - Searching for key 'spring.datasource.driverClassName' in [applicationConfig: [classpath:/application.properties]]
21:57:13.645 [Test worker] DEBUG o.s.c.e.PropertySourcesPropertyResolver - Found key 'spring.datasource.driverClassName' in [applicationConfig: [classpath:/application.properties]] with type [String] and value 'org.h2.Driver'
21:57:13.648 [Test worker] DEBUG o.s.core.env.MutablePropertySources - Adding [systemProperties] PropertySource with lowest search precedence
21:57:13.648 [Test worker] DEBUG o.s.core.env.MutablePropertySources - Adding [systemEnvironment] PropertySource with lowest search precedence
21:57:13.648 [Test worker] DEBUG o.s.core.env.MutablePropertySources - Adding [random] PropertySource with lowest search precedence
21:57:13.648 [Test worker] DEBUG o.s.core.env.MutablePropertySources - Adding [integrationTest] PropertySource with lowest search precedence
21:57:13.648 [Test worker] DEBUG o.s.core.env.MutablePropertySources - Adding [applicationConfig: [classpath:/application.properties]] PropertySource with lowest search precedence
21:57:13.648 [Test worker] DEBUG o.s.core.env.MutablePropertySources - Adding [localProperties] PropertySource with lowest search precedence
21:57:13.648 [Test worker] DEBUG o.s.c.e.PropertySourcesPropertyResolver - Searching for key 'spring.datasource.password' in [systemProperties]
21:57:13.648 [Test worker] DEBUG o.s.c.e.PropertySourcesPropertyResolver - Searching for key 'spring.datasource.password' in [systemEnvironment]
21:57:13.648 [Test worker] DEBUG o.s.c.e.PropertySourcesPropertyResolver - Searching for key 'spring.datasource.password' in [random]
21:57:13.648 [Test worker] DEBUG o.s.c.e.PropertySourcesPropertyResolver - Searching for key 'spring.datasource.password' in [integrationTest]
21:57:13.648 [Test worker] DEBUG o.s.c.e.PropertySourcesPropertyResolver - Searching for key 'spring.datasource.password' in [applicationConfig: [classpath:/application.properties]]
21:57:13.648 [Test worker] DEBUG o.s.c.e.PropertySourcesPropertyResolver - Found key 'spring.datasource.password' in [applicationConfig: [classpath:/application.properties]] with type [String] and value ''
21:57:13.649 [Test worker] DEBUG o.s.core.env.MutablePropertySources - Adding [systemProperties] PropertySource with lowest search precedence
21:57:13.649 [Test worker] DEBUG o.s.core.env.MutablePropertySources - Adding [systemEnvironment] PropertySource with lowest search precedence
21:57:13.649 [Test worker] DEBUG o.s.core.env.MutablePropertySources - Adding [random] PropertySource with lowest search precedence
21:57:13.649 [Test worker] DEBUG o.s.core.env.MutablePropertySources - Adding [integrationTest] PropertySource with lowest search precedence
21:57:13.649 [Test worker] DEBUG o.s.core.env.MutablePropertySources - Adding [applicationConfig: [classpath:/application.properties]] PropertySource with lowest search precedence
21:57:13.649 [Test worker] DEBUG o.s.core.env.MutablePropertySources - Adding [localProperties] PropertySource with lowest search precedence
21:57:13.649 [Test worker] DEBUG o.s.c.e.PropertySourcesPropertyResolver - Searching for key 'spring.datasource.url' in [systemProperties]
21:57:13.649 [Test worker] DEBUG o.s.c.e.PropertySourcesPropertyResolver - Searching for key 'spring.datasource.url' in [systemEnvironment]
21:57:13.649 [Test worker] DEBUG o.s.c.e.PropertySourcesPropertyResolver - Searching for key 'spring.datasource.url' in [random]
21:57:13.649 [Test worker] DEBUG o.s.c.e.PropertySourcesPropertyResolver - Searching for key 'spring.datasource.url' in [integrationTest]
21:57:13.649 [Test worker] DEBUG o.s.c.e.PropertySourcesPropertyResolver - Searching for key 'spring.datasource.url' in [applicationConfig: [classpath:/application.properties]]
21:57:13.649 [Test worker] DEBUG o.s.c.e.PropertySourcesPropertyResolver - Found key 'spring.datasource.url' in [applicationConfig: [classpath:/application.properties]] with type [String] and value 'jdbc:h2:file:./Trabalho_desenv_tech_java'
21:57:13.655 [Test worker] DEBUG o.s.c.e.PropertySourcesPropertyResolver - Searching for key 'spring.profiles.active' in [systemProperties]
21:57:13.656 [Test worker] DEBUG o.s.c.e.PropertySourcesPropertyResolver - Searching for key 'spring.profiles.active' in [systemEnvironment]
21:57:13.656 [Test worker] DEBUG o.s.c.e.PropertySourcesPropertyResolver - Searching for key 'spring.profiles.active' in [random]
21:57:13.656 [Test worker] DEBUG o.s.c.e.PropertySourcesPropertyResolver - Searching for key 'spring.profiles.active' in [integrationTest]
21:57:13.656 [Test worker] DEBUG o.s.c.e.PropertySourcesPropertyResolver - Searching for key 'spring.profiles.active' in [applicationConfig: [classpath:/application.properties]]
21:57:13.656 [Test worker] DEBUG o.s.c.e.PropertySourcesPropertyResolver - Could not find key 'spring.profiles.active' in any property source. Returning [null]
21:57:13.658 [Test worker] DEBUG o.s.b.AbstractNestablePropertyAccessor - Could not read previous value of property 'username'
java.lang.reflect.InvocationTargetException: null
	at sun.reflect.NativeMethodAccessorImpl.invoke0(Native Method)
	at sun.reflect.NativeMethodAccessorImpl.invoke(NativeMethodAccessorImpl.java:62)
	at sun.reflect.DelegatingMethodAccessorImpl.invoke(DelegatingMethodAccessorImpl.java:43)
	at java.lang.reflect.Method.invoke(Method.java:497)
	at org.springframework.beans.BeanWrapperImpl$BeanPropertyHandler.getValue(BeanWrapperImpl.java:307)
	at org.springframework.beans.AbstractNestablePropertyAccessor.setPropertyValue(AbstractNestablePropertyAccessor.java:437)
	at org.springframework.beans.AbstractNestablePropertyAccessor.setPropertyValue(AbstractNestablePropertyAccessor.java:280)
	at org.springframework.boot.bind.RelaxedDataBinder$RelaxedBeanWrapper.setPropertyValue(RelaxedDataBinder.java:700)
	at org.springframework.beans.AbstractPropertyAccessor.setPropertyValues(AbstractPropertyAccessor.java:95)
	at org.springframework.validation.DataBinder.applyPropertyValues(DataBinder.java:834)
	at org.springframework.validation.DataBinder.doBind(DataBinder.java:730)
	at org.springframework.boot.bind.RelaxedDataBinder.doBind(RelaxedDataBinder.java:128)
	at org.springframework.validation.DataBinder.bind(DataBinder.java:715)
	at org.springframework.boot.bind.PropertiesConfigurationFactory.doBindPropertiesToTarget(PropertiesConfigurationFactory.java:269)
	at org.springframework.boot.bind.PropertiesConfigurationFactory.bindPropertiesToTarget(PropertiesConfigurationFactory.java:241)
	at org.springframework.boot.context.properties.ConfigurationPropertiesBindingPostProcessor.postProcessBeforeInitialization(ConfigurationPropertiesBindingPostProcessor.java:334)
	at org.springframework.boot.context.properties.ConfigurationPropertiesBindingPostProcessor.postProcessBeforeInitialization(ConfigurationPropertiesBindingPostProcessor.java:289)
	at org.springframework.beans.factory.support.AbstractAutowireCapableBeanFactory.applyBeanPostProcessorsBeforeInitialization(AbstractAutowireCapableBeanFactory.java:408)
	at org.springframework.beans.factory.support.AbstractAutowireCapableBeanFactory.initializeBean(AbstractAutowireCapableBeanFactory.java:1570)
	at org.springframework.beans.factory.support.AbstractAutowireCapableBeanFactory.doCreateBean(AbstractAutowireCapableBeanFactory.java:545)
	at org.springframework.beans.factory.support.AbstractAutowireCapableBeanFactory.createBean(AbstractAutowireCapableBeanFactory.java:482)
	at org.springframework.beans.factory.support.AbstractBeanFactory$1.getObject(AbstractBeanFactory.java:306)
	at org.springframework.beans.factory.support.DefaultSingletonBeanRegistry.getSingleton(DefaultSingletonBeanRegistry.java:230)
	at org.springframework.beans.factory.support.AbstractBeanFactory.doGetBean(AbstractBeanFactory.java:302)
	at org.springframework.beans.factory.support.AbstractBeanFactory.getBean(AbstractBeanFactory.java:197)
	at org.springframework.beans.factory.support.DefaultListableBeanFactory.findAutowireCandidates(DefaultListableBeanFactory.java:1192)
	at org.springframework.beans.factory.support.DefaultListableBeanFactory.doResolveDependency(DefaultListableBeanFactory.java:1116)
	at org.springframework.beans.factory.support.DefaultListableBeanFactory.resolveDependency(DefaultListableBeanFactory.java:1014)
	at org.springframework.beans.factory.annotation.AutowiredAnnotationBeanPostProcessor$AutowiredFieldElement.inject(AutowiredAnnotationBeanPostProcessor.java:545)
	at org.springframework.beans.factory.annotation.InjectionMetadata.inject(InjectionMetadata.java:88)
	at org.springframework.beans.factory.annotation.AutowiredAnnotationBeanPostProcessor.postProcessPropertyValues(AutowiredAnnotationBeanPostProcessor.java:331)
	at org.springframework.beans.factory.support.AbstractAutowireCapableBeanFactory.populateBean(AbstractAutowireCapableBeanFactory.java:1214)
	at org.springframework.beans.factory.support.AbstractAutowireCapableBeanFactory.doCreateBean(AbstractAutowireCapableBeanFactory.java:543)
	at org.springframework.beans.factory.support.AbstractAutowireCapableBeanFactory.createBean(AbstractAutowireCapableBeanFactory.java:482)
	at org.springframework.beans.factory.support.AbstractBeanFactory$1.getObject(AbstractBeanFactory.java:306)
	at org.springframework.beans.factory.support.DefaultSingletonBeanRegistry.getSingleton(DefaultSingletonBeanRegistry.java:230)
	at org.springframework.beans.factory.support.AbstractBeanFactory.doGetBean(AbstractBeanFactory.java:302)
	at org.springframework.beans.factory.support.AbstractBeanFactory.getBean(AbstractBeanFactory.java:197)
	at org.springframework.beans.factory.support.ConstructorResolver.instantiateUsingFactoryMethod(ConstructorResolver.java:368)
	at org.springframework.beans.factory.support.AbstractAutowireCapableBeanFactory.instantiateUsingFactoryMethod(AbstractAutowireCapableBeanFactory.java:1123)
	at org.springframework.beans.factory.support.AbstractAutowireCapableBeanFactory.createBeanInstance(AbstractAutowireCapableBeanFactory.java:1018)
	at org.springframework.beans.factory.support.AbstractAutowireCapableBeanFactory.doCreateBean(AbstractAutowireCapableBeanFactory.java:510)
	at org.springframework.beans.factory.support.AbstractAutowireCapableBeanFactory.createBean(AbstractAutowireCapableBeanFactory.java:482)
	at org.springframework.beans.factory.support.AbstractBeanFactory$1.getObject(AbstractBeanFactory.java:306)
	at org.springframework.beans.factory.support.DefaultSingletonBeanRegistry.getSingleton(DefaultSingletonBeanRegistry.java:230)
	at org.springframework.beans.factory.support.AbstractBeanFactory.doGetBean(AbstractBeanFactory.java:302)
	at org.springframework.beans.factory.support.AbstractBeanFactory.getBean(AbstractBeanFactory.java:197)
	at org.springframework.beans.factory.support.DefaultListableBeanFactory.findAutowireCandidates(DefaultListableBeanFactory.java:1192)
	at org.springframework.beans.factory.support.DefaultListableBeanFactory.doResolveDependency(DefaultListableBeanFactory.java:1116)
	at org.springframework.beans.factory.support.DefaultListableBeanFactory.resolveDependency(DefaultListableBeanFactory.java:1014)
	at org.springframework.beans.factory.annotation.AutowiredAnnotationBeanPostProcessor$AutowiredFieldElement.inject(AutowiredAnnotationBeanPostProcessor.java:545)
	at org.springframework.beans.factory.annotation.InjectionMetadata.inject(InjectionMetadata.java:88)
	at org.springframework.beans.factory.annotation.AutowiredAnnotationBeanPostProcessor.postProcessPropertyValues(AutowiredAnnotationBeanPostProcessor.java:331)
	at org.springframework.beans.factory.support.AbstractAutowireCapableBeanFactory.populateBean(AbstractAutowireCapableBeanFactory.java:1214)
	at org.springframework.beans.factory.support.AbstractAutowireCapableBeanFactory.doCreateBean(AbstractAutowireCapableBeanFactory.java:543)
	at org.springframework.beans.factory.support.AbstractAutowireCapableBeanFactory.createBean(AbstractAutowireCapableBeanFactory.java:482)
	at org.springframework.beans.factory.support.AbstractBeanFactory$1.getObject(AbstractBeanFactory.java:306)
	at org.springframework.beans.factory.support.DefaultSingletonBeanRegistry.getSingleton(DefaultSingletonBeanRegistry.java:230)
	at org.springframework.beans.factory.support.AbstractBeanFactory.doGetBean(AbstractBeanFactory.java:302)
	at org.springframework.beans.factory.support.AbstractBeanFactory.getBean(AbstractBeanFactory.java:197)
	at org.springframework.beans.factory.support.ConstructorResolver.instantiateUsingFactoryMethod(ConstructorResolver.java:368)
	at org.springframework.beans.factory.support.AbstractAutowireCapableBeanFactory.instantiateUsingFactoryMethod(AbstractAutowireCapableBeanFactory.java:1123)
	at org.springframework.beans.factory.support.AbstractAutowireCapableBeanFactory.createBeanInstance(AbstractAutowireCapableBeanFactory.java:1018)
	at org.springframework.beans.factory.support.AbstractAutowireCapableBeanFactory.doCreateBean(AbstractAutowireCapableBeanFactory.java:510)
	at org.springframework.beans.factory.support.AbstractAutowireCapableBeanFactory.createBean(AbstractAutowireCapableBeanFactory.java:482)
	at org.springframework.beans.factory.support.AbstractBeanFactory$1.getObject(AbstractBeanFactory.java:306)
	at org.springframework.beans.factory.support.DefaultSingletonBeanRegistry.getSingleton(DefaultSingletonBeanRegistry.java:230)
	at org.springframework.beans.factory.support.AbstractBeanFactory.doGetBean(AbstractBeanFactory.java:302)
	at org.springframework.beans.factory.support.AbstractBeanFactory.getBean(AbstractBeanFactory.java:197)
	at org.springframework.beans.factory.support.DefaultListableBeanFactory.findAutowireCandidates(DefaultListableBeanFactory.java:1192)
	at org.springframework.beans.factory.support.DefaultListableBeanFactory.doResolveDependency(DefaultListableBeanFactory.java:1116)
	at org.springframework.beans.factory.support.DefaultListableBeanFactory.resolveDependency(DefaultListableBeanFactory.java:1014)
	at org.springframework.beans.factory.support.ConstructorResolver.resolveAutowiredArgument(ConstructorResolver.java:813)
	at org.springframework.beans.factory.support.ConstructorResolver.createArgumentArray(ConstructorResolver.java:741)
	at org.springframework.beans.factory.support.ConstructorResolver.autowireConstructor(ConstructorResolver.java:185)
	at org.springframework.beans.factory.support.AbstractAutowireCapableBeanFactory.autowireConstructor(AbstractAutowireCapableBeanFactory.java:1143)
	at org.springframework.beans.factory.support.AbstractAutowireCapableBeanFactory.createBeanInstance(AbstractAutowireCapableBeanFactory.java:1046)
	at org.springframework.beans.factory.support.AbstractAutowireCapableBeanFactory.doCreateBean(AbstractAutowireCapableBeanFactory.java:510)
	at org.springframework.beans.factory.support.AbstractAutowireCapableBeanFactory.createBean(AbstractAutowireCapableBeanFactory.java:482)
	at org.springframework.beans.factory.support.AbstractBeanFactory$1.getObject(AbstractBeanFactory.java:306)
	at org.springframework.beans.factory.support.DefaultSingletonBeanRegistry.getSingleton(DefaultSingletonBeanRegistry.java:230)
	at org.springframework.beans.factory.support.AbstractBeanFactory.doGetBean(AbstractBeanFactory.java:302)
	at org.springframework.beans.factory.support.AbstractBeanFactory.getBean(AbstractBeanFactory.java:197)
	at org.springframework.beans.factory.support.DefaultListableBeanFactory.findAutowireCandidates(DefaultListableBeanFactory.java:1192)
	at org.springframework.beans.factory.support.DefaultListableBeanFactory.doResolveDependency(DefaultListableBeanFactory.java:1116)
	at org.springframework.beans.factory.support.DefaultListableBeanFactory.resolveDependency(DefaultListableBeanFactory.java:1014)
	at org.springframework.beans.factory.annotation.AutowiredAnnotationBeanPostProcessor$AutowiredFieldElement.inject(AutowiredAnnotationBeanPostProcessor.java:545)
	at org.springframework.beans.factory.annotation.InjectionMetadata.inject(InjectionMetadata.java:88)
	at org.springframework.beans.factory.annotation.AutowiredAnnotationBeanPostProcessor.postProcessPropertyValues(AutowiredAnnotationBeanPostProcessor.java:331)
	at org.springframework.beans.factory.support.AbstractAutowireCapableBeanFactory.populateBean(AbstractAutowireCapableBeanFactory.java:1214)
	at org.springframework.beans.factory.support.AbstractAutowireCapableBeanFactory.doCreateBean(AbstractAutowireCapableBeanFactory.java:543)
	at org.springframework.beans.factory.support.AbstractAutowireCapableBeanFactory.createBean(AbstractAutowireCapableBeanFactory.java:482)
	at org.springframework.beans.factory.support.AbstractBeanFactory$1.getObject(AbstractBeanFactory.java:306)
	at org.springframework.beans.factory.support.DefaultSingletonBeanRegistry.getSingleton(DefaultSingletonBeanRegistry.java:230)
	at org.springframework.beans.factory.support.AbstractBeanFactory.doGetBean(AbstractBeanFactory.java:302)
	at org.springframework.beans.factory.support.AbstractBeanFactory.getBean(AbstractBeanFactory.java:197)
	at org.springframework.beans.factory.support.DefaultListableBeanFactory.findAutowireCandidates(DefaultListableBeanFactory.java:1192)
	at org.springframework.beans.factory.support.DefaultListableBeanFactory.doResolveDependency(DefaultListableBeanFactory.java:1116)
	at org.springframework.beans.factory.support.DefaultListableBeanFactory.resolveDependency(DefaultListableBeanFactory.java:1014)
	at org.springframework.beans.factory.annotation.AutowiredAnnotationBeanPostProcessor$AutowiredFieldElement.inject(AutowiredAnnotationBeanPostProcessor.java:545)
	at org.springframework.beans.factory.annotation.InjectionMetadata.inject(InjectionMetadata.java:88)
	at org.springframework.beans.factory.annotation.AutowiredAnnotationBeanPostProcessor.postProcessPropertyValues(AutowiredAnnotationBeanPostProcessor.java:331)
	at org.springframework.beans.factory.support.AbstractAutowireCapableBeanFactory.populateBean(AbstractAutowireCapableBeanFactory.java:1214)
	at org.springframework.beans.factory.support.AbstractAutowireCapableBeanFactory.doCreateBean(AbstractAutowireCapableBeanFactory.java:543)
	at org.springframework.beans.factory.support.AbstractAutowireCapableBeanFactory.createBean(AbstractAutowireCapableBeanFactory.java:482)
	at org.springframework.beans.factory.support.AbstractBeanFactory$1.getObject(AbstractBeanFactory.java:306)
	at org.springframework.beans.factory.support.DefaultSingletonBeanRegistry.getSingleton(DefaultSingletonBeanRegistry.java:230)
	at org.springframework.beans.factory.support.AbstractBeanFactory.doGetBean(AbstractBeanFactory.java:302)
	at org.springframework.beans.factory.support.AbstractBeanFactory.getBean(AbstractBeanFactory.java:197)
	at org.springframework.beans.factory.support.DefaultListableBeanFactory.findAutowireCandidates(DefaultListableBeanFactory.java:1192)
	at org.springframework.beans.factory.support.DefaultListableBeanFactory.doResolveDependency(DefaultListableBeanFactory.java:1116)
	at org.springframework.beans.factory.support.DefaultListableBeanFactory.resolveDependency(DefaultListableBeanFactory.java:1014)
	at org.springframework.beans.factory.annotation.AutowiredAnnotationBeanPostProcessor$AutowiredFieldElement.inject(AutowiredAnnotationBeanPostProcessor.java:545)
	at org.springframework.beans.factory.annotation.InjectionMetadata.inject(InjectionMetadata.java:88)
	at org.springframework.beans.factory.annotation.AutowiredAnnotationBeanPostProcessor.postProcessPropertyValues(AutowiredAnnotationBeanPostProcessor.java:331)
	at org.springframework.beans.factory.support.AbstractAutowireCapableBeanFactory.populateBean(AbstractAutowireCapableBeanFactory.java:1214)
	at org.springframework.beans.factory.support.AbstractAutowireCapableBeanFactory.doCreateBean(AbstractAutowireCapableBeanFactory.java:543)
	at org.springframework.beans.factory.support.AbstractAutowireCapableBeanFactory.createBean(AbstractAutowireCapableBeanFactory.java:482)
	at org.springframework.beans.factory.support.AbstractBeanFactory$1.getObject(AbstractBeanFactory.java:306)
	at org.springframework.beans.factory.support.DefaultSingletonBeanRegistry.getSingleton(DefaultSingletonBeanRegistry.java:230)
	at org.springframework.beans.factory.support.AbstractBeanFactory.doGetBean(AbstractBeanFactory.java:302)
	at org.springframework.beans.factory.support.AbstractBeanFactory.getBean(AbstractBeanFactory.java:197)
	at org.springframework.beans.factory.support.DefaultListableBeanFactory.preInstantiateSingletons(DefaultListableBeanFactory.java:772)
	at org.springframework.context.support.AbstractApplicationContext.finishBeanFactoryInitialization(AbstractApplicationContext.java:839)
	at org.springframework.context.support.AbstractApplicationContext.refresh(AbstractApplicationContext.java:538)
	at org.springframework.boot.SpringApplication.refresh(SpringApplication.java:766)
	at org.springframework.boot.SpringApplication.createAndRefreshContext(SpringApplication.java:361)
	at org.springframework.boot.SpringApplication.run(SpringApplication.java:307)
	at org.springframework.boot.test.SpringApplicationContextLoader.loadContext(SpringApplicationContextLoader.java:98)
	at org.springframework.test.context.cache.DefaultCacheAwareContextLoaderDelegate.loadContextInternal(DefaultCacheAwareContextLoaderDelegate.java:98)
	at org.springframework.test.context.cache.DefaultCacheAwareContextLoaderDelegate.loadContext(DefaultCacheAwareContextLoaderDelegate.java:116)
	at org.springframework.test.context.support.DefaultTestContext.getApplicationContext(DefaultTestContext.java:83)
	at org.springframework.test.context.web.ServletTestExecutionListener.setUpRequestContextIfNecessary(ServletTestExecutionListener.java:183)
	at org.springframework.test.context.web.ServletTestExecutionListener.prepareTestInstance(ServletTestExecutionListener.java:123)
	at org.springframework.test.context.TestContextManager.prepareTestInstance(TestContextManager.java:228)
	at org.springframework.test.context.junit4.SpringJUnit4ClassRunner.createTest(SpringJUnit4ClassRunner.java:230)
	at org.springframework.test.context.junit4.SpringJUnit4ClassRunner$1.runReflectiveCall(SpringJUnit4ClassRunner.java:289)
	at org.junit.internal.runners.model.ReflectiveCallable.run(ReflectiveCallable.java:12)
	at org.springframework.test.context.junit4.SpringJUnit4ClassRunner.methodBlock(SpringJUnit4ClassRunner.java:291)
	at org.springframework.test.context.junit4.SpringJUnit4ClassRunner.runChild(SpringJUnit4ClassRunner.java:249)
	at org.springframework.test.context.junit4.SpringJUnit4ClassRunner.runChild(SpringJUnit4ClassRunner.java:89)
	at org.junit.runners.ParentRunner$3.run(ParentRunner.java:290)
	at org.junit.runners.ParentRunner$1.schedule(ParentRunner.java:71)
	at org.junit.runners.ParentRunner.runChildren(ParentRunner.java:288)
	at org.junit.runners.ParentRunner.access$000(ParentRunner.java:58)
	at org.junit.runners.ParentRunner$2.evaluate(ParentRunner.java:268)
	at org.springframework.test.context.junit4.statements.RunBeforeTestClassCallbacks.evaluate(RunBeforeTestClassCallbacks.java:61)
	at org.springframework.test.context.junit4.statements.RunAfterTestClassCallbacks.evaluate(RunAfterTestClassCallbacks.java:70)
	at org.junit.runners.ParentRunner.run(ParentRunner.java:363)
	at org.springframework.test.context.junit4.SpringJUnit4ClassRunner.run(SpringJUnit4ClassRunner.java:193)
	at org.gradle.api.internal.tasks.testing.junit.JUnitTestClassExecuter.runTestClass(JUnitTestClassExecuter.java:112)
	at org.gradle.api.internal.tasks.testing.junit.JUnitTestClassExecuter.execute(JUnitTestClassExecuter.java:56)
	at org.gradle.api.internal.tasks.testing.junit.JUnitTestClassProcessor.processTestClass(JUnitTestClassProcessor.java:66)
	at org.gradle.api.internal.tasks.testing.SuiteTestClassProcessor.processTestClass(SuiteTestClassProcessor.java:51)
	at sun.reflect.NativeMethodAccessorImpl.invoke0(Native Method)
	at sun.reflect.NativeMethodAccessorImpl.invoke(NativeMethodAccessorImpl.java:62)
	at sun.reflect.DelegatingMethodAccessorImpl.invoke(DelegatingMethodAccessorImpl.java:43)
	at java.lang.reflect.Method.invoke(Method.java:497)
	at org.gradle.messaging.dispatch.ReflectionDispatch.dispatch(ReflectionDispatch.java:35)
	at org.gradle.messaging.dispatch.ReflectionDispatch.dispatch(ReflectionDispatch.java:24)
	at org.gradle.messaging.dispatch.ContextClassLoaderDispatch.dispatch(ContextClassLoaderDispatch.java:32)
	at org.gradle.messaging.dispatch.ProxyDispatchAdapter$DispatchingInvocationHandler.invoke(ProxyDispatchAdapter.java:93)
	at com.sun.proxy.$Proxy2.processTestClass(Unknown Source)
	at org.gradle.api.internal.tasks.testing.worker.TestWorker.processTestClass(TestWorker.java:109)
	at sun.reflect.NativeMethodAccessorImpl.invoke0(Native Method)
	at sun.reflect.NativeMethodAccessorImpl.invoke(NativeMethodAccessorImpl.java:62)
	at sun.reflect.DelegatingMethodAccessorImpl.invoke(DelegatingMethodAccessorImpl.java:43)
	at java.lang.reflect.Method.invoke(Method.java:497)
	at org.gradle.messaging.dispatch.ReflectionDispatch.dispatch(ReflectionDispatch.java:35)
	at org.gradle.messaging.dispatch.ReflectionDispatch.dispatch(ReflectionDispatch.java:24)
	at org.gradle.messaging.remote.internal.hub.MessageHub$Handler.run(MessageHub.java:360)
	at org.gradle.internal.concurrent.ExecutorPolicy$CatchAndRecordFailures.onExecute(ExecutorPolicy.java:54)
	at org.gradle.internal.concurrent.StoppableExecutorImpl$1.run(StoppableExecutorImpl.java:40)
	at java.util.concurrent.ThreadPoolExecutor.runWorker(ThreadPoolExecutor.java:1142)
	at java.util.concurrent.ThreadPoolExecutor$Worker.run(ThreadPoolExecutor.java:617)
	at java.lang.Thread.run(Thread.java:745)
Caused by: org.springframework.boot.autoconfigure.jdbc.DataSourceProperties$DataSourceBeanCreationException: Cannot determine embedded database driver class for database type NONE. If you want an embedded database please put a supported one on the classpath. If you have database settings to be loaded from a particular profile you may need to active it (no profiles are currently active).
	at org.springframework.boot.autoconfigure.jdbc.DataSourceProperties.getDriverClassName(DataSourceProperties.java:180)
	at org.springframework.boot.autoconfigure.jdbc.DataSourceProperties.getUsername(DataSourceProperties.java:224)
	... 176 common frames omitted
21:57:13.663 [Test worker] DEBUG o.s.c.e.PropertySourcesPropertyResolver - Searching for key 'spring.profiles.active' in [systemProperties]
21:57:13.663 [Test worker] DEBUG o.s.c.e.PropertySourcesPropertyResolver - Searching for key 'spring.profiles.active' in [systemEnvironment]
21:57:13.663 [Test worker] DEBUG o.s.c.e.PropertySourcesPropertyResolver - Searching for key 'spring.profiles.active' in [random]
21:57:13.663 [Test worker] DEBUG o.s.c.e.PropertySourcesPropertyResolver - Searching for key 'spring.profiles.active' in [integrationTest]
21:57:13.663 [Test worker] DEBUG o.s.c.e.PropertySourcesPropertyResolver - Searching for key 'spring.profiles.active' in [applicationConfig: [classpath:/application.properties]]
21:57:13.663 [Test worker] DEBUG o.s.c.e.PropertySourcesPropertyResolver - Could not find key 'spring.profiles.active' in any property source. Returning [null]
21:57:13.665 [Test worker] DEBUG o.s.b.AbstractNestablePropertyAccessor - Could not read previous value of property 'driverClassName'
java.lang.reflect.InvocationTargetException: null
	at sun.reflect.NativeMethodAccessorImpl.invoke0(Native Method)
	at sun.reflect.NativeMethodAccessorImpl.invoke(NativeMethodAccessorImpl.java:62)
	at sun.reflect.DelegatingMethodAccessorImpl.invoke(DelegatingMethodAccessorImpl.java:43)
	at java.lang.reflect.Method.invoke(Method.java:497)
	at org.springframework.beans.BeanWrapperImpl$BeanPropertyHandler.getValue(BeanWrapperImpl.java:307)
	at org.springframework.beans.AbstractNestablePropertyAccessor.setPropertyValue(AbstractNestablePropertyAccessor.java:437)
	at org.springframework.beans.AbstractNestablePropertyAccessor.setPropertyValue(AbstractNestablePropertyAccessor.java:280)
	at org.springframework.boot.bind.RelaxedDataBinder$RelaxedBeanWrapper.setPropertyValue(RelaxedDataBinder.java:700)
	at org.springframework.beans.AbstractPropertyAccessor.setPropertyValues(AbstractPropertyAccessor.java:95)
	at org.springframework.validation.DataBinder.applyPropertyValues(DataBinder.java:834)
	at org.springframework.validation.DataBinder.doBind(DataBinder.java:730)
	at org.springframework.boot.bind.RelaxedDataBinder.doBind(RelaxedDataBinder.java:128)
	at org.springframework.validation.DataBinder.bind(DataBinder.java:715)
	at org.springframework.boot.bind.PropertiesConfigurationFactory.doBindPropertiesToTarget(PropertiesConfigurationFactory.java:269)
	at org.springframework.boot.bind.PropertiesConfigurationFactory.bindPropertiesToTarget(PropertiesConfigurationFactory.java:241)
	at org.springframework.boot.context.properties.ConfigurationPropertiesBindingPostProcessor.postProcessBeforeInitialization(ConfigurationPropertiesBindingPostProcessor.java:334)
	at org.springframework.boot.context.properties.ConfigurationPropertiesBindingPostProcessor.postProcessBeforeInitialization(ConfigurationPropertiesBindingPostProcessor.java:289)
	at org.springframework.beans.factory.support.AbstractAutowireCapableBeanFactory.applyBeanPostProcessorsBeforeInitialization(AbstractAutowireCapableBeanFactory.java:408)
	at org.springframework.beans.factory.support.AbstractAutowireCapableBeanFactory.initializeBean(AbstractAutowireCapableBeanFactory.java:1570)
	at org.springframework.beans.factory.support.AbstractAutowireCapableBeanFactory.doCreateBean(AbstractAutowireCapableBeanFactory.java:545)
	at org.springframework.beans.factory.support.AbstractAutowireCapableBeanFactory.createBean(AbstractAutowireCapableBeanFactory.java:482)
	at org.springframework.beans.factory.support.AbstractBeanFactory$1.getObject(AbstractBeanFactory.java:306)
	at org.springframework.beans.factory.support.DefaultSingletonBeanRegistry.getSingleton(DefaultSingletonBeanRegistry.java:230)
	at org.springframework.beans.factory.support.AbstractBeanFactory.doGetBean(AbstractBeanFactory.java:302)
	at org.springframework.beans.factory.support.AbstractBeanFactory.getBean(AbstractBeanFactory.java:197)
	at org.springframework.beans.factory.support.DefaultListableBeanFactory.findAutowireCandidates(DefaultListableBeanFactory.java:1192)
	at org.springframework.beans.factory.support.DefaultListableBeanFactory.doResolveDependency(DefaultListableBeanFactory.java:1116)
	at org.springframework.beans.factory.support.DefaultListableBeanFactory.resolveDependency(DefaultListableBeanFactory.java:1014)
	at org.springframework.beans.factory.annotation.AutowiredAnnotationBeanPostProcessor$AutowiredFieldElement.inject(AutowiredAnnotationBeanPostProcessor.java:545)
	at org.springframework.beans.factory.annotation.InjectionMetadata.inject(InjectionMetadata.java:88)
	at org.springframework.beans.factory.annotation.AutowiredAnnotationBeanPostProcessor.postProcessPropertyValues(AutowiredAnnotationBeanPostProcessor.java:331)
	at org.springframework.beans.factory.support.AbstractAutowireCapableBeanFactory.populateBean(AbstractAutowireCapableBeanFactory.java:1214)
	at org.springframework.beans.factory.support.AbstractAutowireCapableBeanFactory.doCreateBean(AbstractAutowireCapableBeanFactory.java:543)
	at org.springframework.beans.factory.support.AbstractAutowireCapableBeanFactory.createBean(AbstractAutowireCapableBeanFactory.java:482)
	at org.springframework.beans.factory.support.AbstractBeanFactory$1.getObject(AbstractBeanFactory.java:306)
	at org.springframework.beans.factory.support.DefaultSingletonBeanRegistry.getSingleton(DefaultSingletonBeanRegistry.java:230)
	at org.springframework.beans.factory.support.AbstractBeanFactory.doGetBean(AbstractBeanFactory.java:302)
	at org.springframework.beans.factory.support.AbstractBeanFactory.getBean(AbstractBeanFactory.java:197)
	at org.springframework.beans.factory.support.ConstructorResolver.instantiateUsingFactoryMethod(ConstructorResolver.java:368)
	at org.springframework.beans.factory.support.AbstractAutowireCapableBeanFactory.instantiateUsingFactoryMethod(AbstractAutowireCapableBeanFactory.java:1123)
	at org.springframework.beans.factory.support.AbstractAutowireCapableBeanFactory.createBeanInstance(AbstractAutowireCapableBeanFactory.java:1018)
	at org.springframework.beans.factory.support.AbstractAutowireCapableBeanFactory.doCreateBean(AbstractAutowireCapableBeanFactory.java:510)
	at org.springframework.beans.factory.support.AbstractAutowireCapableBeanFactory.createBean(AbstractAutowireCapableBeanFactory.java:482)
	at org.springframework.beans.factory.support.AbstractBeanFactory$1.getObject(AbstractBeanFactory.java:306)
	at org.springframework.beans.factory.support.DefaultSingletonBeanRegistry.getSingleton(DefaultSingletonBeanRegistry.java:230)
	at org.springframework.beans.factory.support.AbstractBeanFactory.doGetBean(AbstractBeanFactory.java:302)
	at org.springframework.beans.factory.support.AbstractBeanFactory.getBean(AbstractBeanFactory.java:197)
	at org.springframework.beans.factory.support.DefaultListableBeanFactory.findAutowireCandidates(DefaultListableBeanFactory.java:1192)
	at org.springframework.beans.factory.support.DefaultListableBeanFactory.doResolveDependency(DefaultListableBeanFactory.java:1116)
	at org.springframework.beans.factory.support.DefaultListableBeanFactory.resolveDependency(DefaultListableBeanFactory.java:1014)
	at org.springframework.beans.factory.annotation.AutowiredAnnotationBeanPostProcessor$AutowiredFieldElement.inject(AutowiredAnnotationBeanPostProcessor.java:545)
	at org.springframework.beans.factory.annotation.InjectionMetadata.inject(InjectionMetadata.java:88)
	at org.springframework.beans.factory.annotation.AutowiredAnnotationBeanPostProcessor.postProcessPropertyValues(AutowiredAnnotationBeanPostProcessor.java:331)
	at org.springframework.beans.factory.support.AbstractAutowireCapableBeanFactory.populateBean(AbstractAutowireCapableBeanFactory.java:1214)
	at org.springframework.beans.factory.support.AbstractAutowireCapableBeanFactory.doCreateBean(AbstractAutowireCapableBeanFactory.java:543)
	at org.springframework.beans.factory.support.AbstractAutowireCapableBeanFactory.createBean(AbstractAutowireCapableBeanFactory.java:482)
	at org.springframework.beans.factory.support.AbstractBeanFactory$1.getObject(AbstractBeanFactory.java:306)
	at org.springframework.beans.factory.support.DefaultSingletonBeanRegistry.getSingleton(DefaultSingletonBeanRegistry.java:230)
	at org.springframework.beans.factory.support.AbstractBeanFactory.doGetBean(AbstractBeanFactory.java:302)
	at org.springframework.beans.factory.support.AbstractBeanFactory.getBean(AbstractBeanFactory.java:197)
	at org.springframework.beans.factory.support.ConstructorResolver.instantiateUsingFactoryMethod(ConstructorResolver.java:368)
	at org.springframework.beans.factory.support.AbstractAutowireCapableBeanFactory.instantiateUsingFactoryMethod(AbstractAutowireCapableBeanFactory.java:1123)
	at org.springframework.beans.factory.support.AbstractAutowireCapableBeanFactory.createBeanInstance(AbstractAutowireCapableBeanFactory.java:1018)
	at org.springframework.beans.factory.support.AbstractAutowireCapableBeanFactory.doCreateBean(AbstractAutowireCapableBeanFactory.java:510)
	at org.springframework.beans.factory.support.AbstractAutowireCapableBeanFactory.createBean(AbstractAutowireCapableBeanFactory.java:482)
	at org.springframework.beans.factory.support.AbstractBeanFactory$1.getObject(AbstractBeanFactory.java:306)
	at org.springframework.beans.factory.support.DefaultSingletonBeanRegistry.getSingleton(DefaultSingletonBeanRegistry.java:230)
	at org.springframework.beans.factory.support.AbstractBeanFactory.doGetBean(AbstractBeanFactory.java:302)
	at org.springframework.beans.factory.support.AbstractBeanFactory.getBean(AbstractBeanFactory.java:197)
	at org.springframework.beans.factory.support.DefaultListableBeanFactory.findAutowireCandidates(DefaultListableBeanFactory.java:1192)
	at org.springframework.beans.factory.support.DefaultListableBeanFactory.doResolveDependency(DefaultListableBeanFactory.java:1116)
	at org.springframework.beans.factory.support.DefaultListableBeanFactory.resolveDependency(DefaultListableBeanFactory.java:1014)
	at org.springframework.beans.factory.support.ConstructorResolver.resolveAutowiredArgument(ConstructorResolver.java:813)
	at org.springframework.beans.factory.support.ConstructorResolver.createArgumentArray(ConstructorResolver.java:741)
	at org.springframework.beans.factory.support.ConstructorResolver.autowireConstructor(ConstructorResolver.java:185)
	at org.springframework.beans.factory.support.AbstractAutowireCapableBeanFactory.autowireConstructor(AbstractAutowireCapableBeanFactory.java:1143)
	at org.springframework.beans.factory.support.AbstractAutowireCapableBeanFactory.createBeanInstance(AbstractAutowireCapableBeanFactory.java:1046)
	at org.springframework.beans.factory.support.AbstractAutowireCapableBeanFactory.doCreateBean(AbstractAutowireCapableBeanFactory.java:510)
	at org.springframework.beans.factory.support.AbstractAutowireCapableBeanFactory.createBean(AbstractAutowireCapableBeanFactory.java:482)
	at org.springframework.beans.factory.support.AbstractBeanFactory$1.getObject(AbstractBeanFactory.java:306)
	at org.springframework.beans.factory.support.DefaultSingletonBeanRegistry.getSingleton(DefaultSingletonBeanRegistry.java:230)
	at org.springframework.beans.factory.support.AbstractBeanFactory.doGetBean(AbstractBeanFactory.java:302)
	at org.springframework.beans.factory.support.AbstractBeanFactory.getBean(AbstractBeanFactory.java:197)
	at org.springframework.beans.factory.support.DefaultListableBeanFactory.findAutowireCandidates(DefaultListableBeanFactory.java:1192)
	at org.springframework.beans.factory.support.DefaultListableBeanFactory.doResolveDependency(DefaultListableBeanFactory.java:1116)
	at org.springframework.beans.factory.support.DefaultListableBeanFactory.resolveDependency(DefaultListableBeanFactory.java:1014)
	at org.springframework.beans.factory.annotation.AutowiredAnnotationBeanPostProcessor$AutowiredFieldElement.inject(AutowiredAnnotationBeanPostProcessor.java:545)
	at org.springframework.beans.factory.annotation.InjectionMetadata.inject(InjectionMetadata.java:88)
	at org.springframework.beans.factory.annotation.AutowiredAnnotationBeanPostProcessor.postProcessPropertyValues(AutowiredAnnotationBeanPostProcessor.java:331)
	at org.springframework.beans.factory.support.AbstractAutowireCapableBeanFactory.populateBean(AbstractAutowireCapableBeanFactory.java:1214)
	at org.springframework.beans.factory.support.AbstractAutowireCapableBeanFactory.doCreateBean(AbstractAutowireCapableBeanFactory.java:543)
	at org.springframework.beans.factory.support.AbstractAutowireCapableBeanFactory.createBean(AbstractAutowireCapableBeanFactory.java:482)
	at org.springframework.beans.factory.support.AbstractBeanFactory$1.getObject(AbstractBeanFactory.java:306)
	at org.springframework.beans.factory.support.DefaultSingletonBeanRegistry.getSingleton(DefaultSingletonBeanRegistry.java:230)
	at org.springframework.beans.factory.support.AbstractBeanFactory.doGetBean(AbstractBeanFactory.java:302)
	at org.springframework.beans.factory.support.AbstractBeanFactory.getBean(AbstractBeanFactory.java:197)
	at org.springframework.beans.factory.support.DefaultListableBeanFactory.findAutowireCandidates(DefaultListableBeanFactory.java:1192)
	at org.springframework.beans.factory.support.DefaultListableBeanFactory.doResolveDependency(DefaultListableBeanFactory.java:1116)
	at org.springframework.beans.factory.support.DefaultListableBeanFactory.resolveDependency(DefaultListableBeanFactory.java:1014)
	at org.springframework.beans.factory.annotation.AutowiredAnnotationBeanPostProcessor$AutowiredFieldElement.inject(AutowiredAnnotationBeanPostProcessor.java:545)
	at org.springframework.beans.factory.annotation.InjectionMetadata.inject(InjectionMetadata.java:88)
	at org.springframework.beans.factory.annotation.AutowiredAnnotationBeanPostProcessor.postProcessPropertyValues(AutowiredAnnotationBeanPostProcessor.java:331)
	at org.springframework.beans.factory.support.AbstractAutowireCapableBeanFactory.populateBean(AbstractAutowireCapableBeanFactory.java:1214)
	at org.springframework.beans.factory.support.AbstractAutowireCapableBeanFactory.doCreateBean(AbstractAutowireCapableBeanFactory.java:543)
	at org.springframework.beans.factory.support.AbstractAutowireCapableBeanFactory.createBean(AbstractAutowireCapableBeanFactory.java:482)
	at org.springframework.beans.factory.support.AbstractBeanFactory$1.getObject(AbstractBeanFactory.java:306)
	at org.springframework.beans.factory.support.DefaultSingletonBeanRegistry.getSingleton(DefaultSingletonBeanRegistry.java:230)
	at org.springframework.beans.factory.support.AbstractBeanFactory.doGetBean(AbstractBeanFactory.java:302)
	at org.springframework.beans.factory.support.AbstractBeanFactory.getBean(AbstractBeanFactory.java:197)
	at org.springframework.beans.factory.support.DefaultListableBeanFactory.findAutowireCandidates(DefaultListableBeanFactory.java:1192)
	at org.springframework.beans.factory.support.DefaultListableBeanFactory.doResolveDependency(DefaultListableBeanFactory.java:1116)
	at org.springframework.beans.factory.support.DefaultListableBeanFactory.resolveDependency(DefaultListableBeanFactory.java:1014)
	at org.springframework.beans.factory.annotation.AutowiredAnnotationBeanPostProcessor$AutowiredFieldElement.inject(AutowiredAnnotationBeanPostProcessor.java:545)
	at org.springframework.beans.factory.annotation.InjectionMetadata.inject(InjectionMetadata.java:88)
	at org.springframework.beans.factory.annotation.AutowiredAnnotationBeanPostProcessor.postProcessPropertyValues(AutowiredAnnotationBeanPostProcessor.java:331)
	at org.springframework.beans.factory.support.AbstractAutowireCapableBeanFactory.populateBean(AbstractAutowireCapableBeanFactory.java:1214)
	at org.springframework.beans.factory.support.AbstractAutowireCapableBeanFactory.doCreateBean(AbstractAutowireCapableBeanFactory.java:543)
	at org.springframework.beans.factory.support.AbstractAutowireCapableBeanFactory.createBean(AbstractAutowireCapableBeanFactory.java:482)
	at org.springframework.beans.factory.support.AbstractBeanFactory$1.getObject(AbstractBeanFactory.java:306)
	at org.springframework.beans.factory.support.DefaultSingletonBeanRegistry.getSingleton(DefaultSingletonBeanRegistry.java:230)
	at org.springframework.beans.factory.support.AbstractBeanFactory.doGetBean(AbstractBeanFactory.java:302)
	at org.springframework.beans.factory.support.AbstractBeanFactory.getBean(AbstractBeanFactory.java:197)
	at org.springframework.beans.factory.support.DefaultListableBeanFactory.preInstantiateSingletons(DefaultListableBeanFactory.java:772)
	at org.springframework.context.support.AbstractApplicationContext.finishBeanFactoryInitialization(AbstractApplicationContext.java:839)
	at org.springframework.context.support.AbstractApplicationContext.refresh(AbstractApplicationContext.java:538)
	at org.springframework.boot.SpringApplication.refresh(SpringApplication.java:766)
	at org.springframework.boot.SpringApplication.createAndRefreshContext(SpringApplication.java:361)
	at org.springframework.boot.SpringApplication.run(SpringApplication.java:307)
	at org.springframework.boot.test.SpringApplicationContextLoader.loadContext(SpringApplicationContextLoader.java:98)
	at org.springframework.test.context.cache.DefaultCacheAwareContextLoaderDelegate.loadContextInternal(DefaultCacheAwareContextLoaderDelegate.java:98)
	at org.springframework.test.context.cache.DefaultCacheAwareContextLoaderDelegate.loadContext(DefaultCacheAwareContextLoaderDelegate.java:116)
	at org.springframework.test.context.support.DefaultTestContext.getApplicationContext(DefaultTestContext.java:83)
	at org.springframework.test.context.web.ServletTestExecutionListener.setUpRequestContextIfNecessary(ServletTestExecutionListener.java:183)
	at org.springframework.test.context.web.ServletTestExecutionListener.prepareTestInstance(ServletTestExecutionListener.java:123)
	at org.springframework.test.context.TestContextManager.prepareTestInstance(TestContextManager.java:228)
	at org.springframework.test.context.junit4.SpringJUnit4ClassRunner.createTest(SpringJUnit4ClassRunner.java:230)
	at org.springframework.test.context.junit4.SpringJUnit4ClassRunner$1.runReflectiveCall(SpringJUnit4ClassRunner.java:289)
	at org.junit.internal.runners.model.ReflectiveCallable.run(ReflectiveCallable.java:12)
	at org.springframework.test.context.junit4.SpringJUnit4ClassRunner.methodBlock(SpringJUnit4ClassRunner.java:291)
	at org.springframework.test.context.junit4.SpringJUnit4ClassRunner.runChild(SpringJUnit4ClassRunner.java:249)
	at org.springframework.test.context.junit4.SpringJUnit4ClassRunner.runChild(SpringJUnit4ClassRunner.java:89)
	at org.junit.runners.ParentRunner$3.run(ParentRunner.java:290)
	at org.junit.runners.ParentRunner$1.schedule(ParentRunner.java:71)
	at org.junit.runners.ParentRunner.runChildren(ParentRunner.java:288)
	at org.junit.runners.ParentRunner.access$000(ParentRunner.java:58)
	at org.junit.runners.ParentRunner$2.evaluate(ParentRunner.java:268)
	at org.springframework.test.context.junit4.statements.RunBeforeTestClassCallbacks.evaluate(RunBeforeTestClassCallbacks.java:61)
	at org.springframework.test.context.junit4.statements.RunAfterTestClassCallbacks.evaluate(RunAfterTestClassCallbacks.java:70)
	at org.junit.runners.ParentRunner.run(ParentRunner.java:363)
	at org.springframework.test.context.junit4.SpringJUnit4ClassRunner.run(SpringJUnit4ClassRunner.java:193)
	at org.gradle.api.internal.tasks.testing.junit.JUnitTestClassExecuter.runTestClass(JUnitTestClassExecuter.java:112)
	at org.gradle.api.internal.tasks.testing.junit.JUnitTestClassExecuter.execute(JUnitTestClassExecuter.java:56)
	at org.gradle.api.internal.tasks.testing.junit.JUnitTestClassProcessor.processTestClass(JUnitTestClassProcessor.java:66)
	at org.gradle.api.internal.tasks.testing.SuiteTestClassProcessor.processTestClass(SuiteTestClassProcessor.java:51)
	at sun.reflect.NativeMethodAccessorImpl.invoke0(Native Method)
	at sun.reflect.NativeMethodAccessorImpl.invoke(NativeMethodAccessorImpl.java:62)
	at sun.reflect.DelegatingMethodAccessorImpl.invoke(DelegatingMethodAccessorImpl.java:43)
	at java.lang.reflect.Method.invoke(Method.java:497)
	at org.gradle.messaging.dispatch.ReflectionDispatch.dispatch(ReflectionDispatch.java:35)
	at org.gradle.messaging.dispatch.ReflectionDispatch.dispatch(ReflectionDispatch.java:24)
	at org.gradle.messaging.dispatch.ContextClassLoaderDispatch.dispatch(ContextClassLoaderDispatch.java:32)
	at org.gradle.messaging.dispatch.ProxyDispatchAdapter$DispatchingInvocationHandler.invoke(ProxyDispatchAdapter.java:93)
	at com.sun.proxy.$Proxy2.processTestClass(Unknown Source)
	at org.gradle.api.internal.tasks.testing.worker.TestWorker.processTestClass(TestWorker.java:109)
	at sun.reflect.NativeMethodAccessorImpl.invoke0(Native Method)
	at sun.reflect.NativeMethodAccessorImpl.invoke(NativeMethodAccessorImpl.java:62)
	at sun.reflect.DelegatingMethodAccessorImpl.invoke(DelegatingMethodAccessorImpl.java:43)
	at java.lang.reflect.Method.invoke(Method.java:497)
	at org.gradle.messaging.dispatch.ReflectionDispatch.dispatch(ReflectionDispatch.java:35)
	at org.gradle.messaging.dispatch.ReflectionDispatch.dispatch(ReflectionDispatch.java:24)
	at org.gradle.messaging.remote.internal.hub.MessageHub$Handler.run(MessageHub.java:360)
	at org.gradle.internal.concurrent.ExecutorPolicy$CatchAndRecordFailures.onExecute(ExecutorPolicy.java:54)
	at org.gradle.internal.concurrent.StoppableExecutorImpl$1.run(StoppableExecutorImpl.java:40)
	at java.util.concurrent.ThreadPoolExecutor.runWorker(ThreadPoolExecutor.java:1142)
	at java.util.concurrent.ThreadPoolExecutor$Worker.run(ThreadPoolExecutor.java:617)
	at java.lang.Thread.run(Thread.java:745)
Caused by: org.springframework.boot.autoconfigure.jdbc.DataSourceProperties$DataSourceBeanCreationException: Cannot determine embedded database driver class for database type NONE. If you want an embedded database please put a supported one on the classpath. If you have database settings to be loaded from a particular profile you may need to active it (no profiles are currently active).
	at org.springframework.boot.autoconfigure.jdbc.DataSourceProperties.getDriverClassName(DataSourceProperties.java:180)
	... 176 common frames omitted
21:57:13.669 [Test worker] DEBUG o.s.b.AbstractNestablePropertyAccessor - Could not read previous value of property 'url'
java.lang.reflect.InvocationTargetException: null
	at sun.reflect.NativeMethodAccessorImpl.invoke0(Native Method)
	at sun.reflect.NativeMethodAccessorImpl.invoke(NativeMethodAccessorImpl.java:62)
	at sun.reflect.DelegatingMethodAccessorImpl.invoke(DelegatingMethodAccessorImpl.java:43)
	at java.lang.reflect.Method.invoke(Method.java:497)
	at org.springframework.beans.BeanWrapperImpl$BeanPropertyHandler.getValue(BeanWrapperImpl.java:307)
	at org.springframework.beans.AbstractNestablePropertyAccessor.setPropertyValue(AbstractNestablePropertyAccessor.java:437)
	at org.springframework.beans.AbstractNestablePropertyAccessor.setPropertyValue(AbstractNestablePropertyAccessor.java:280)
	at org.springframework.boot.bind.RelaxedDataBinder$RelaxedBeanWrapper.setPropertyValue(RelaxedDataBinder.java:700)
	at org.springframework.beans.AbstractPropertyAccessor.setPropertyValues(AbstractPropertyAccessor.java:95)
	at org.springframework.validation.DataBinder.applyPropertyValues(DataBinder.java:834)
	at org.springframework.validation.DataBinder.doBind(DataBinder.java:730)
	at org.springframework.boot.bind.RelaxedDataBinder.doBind(RelaxedDataBinder.java:128)
	at org.springframework.validation.DataBinder.bind(DataBinder.java:715)
	at org.springframework.boot.bind.PropertiesConfigurationFactory.doBindPropertiesToTarget(PropertiesConfigurationFactory.java:269)
	at org.springframework.boot.bind.PropertiesConfigurationFactory.bindPropertiesToTarget(PropertiesConfigurationFactory.java:241)
	at org.springframework.boot.context.properties.ConfigurationPropertiesBindingPostProcessor.postProcessBeforeInitialization(ConfigurationPropertiesBindingPostProcessor.java:334)
	at org.springframework.boot.context.properties.ConfigurationPropertiesBindingPostProcessor.postProcessBeforeInitialization(ConfigurationPropertiesBindingPostProcessor.java:289)
	at org.springframework.beans.factory.support.AbstractAutowireCapableBeanFactory.applyBeanPostProcessorsBeforeInitialization(AbstractAutowireCapableBeanFactory.java:408)
	at org.springframework.beans.factory.support.AbstractAutowireCapableBeanFactory.initializeBean(AbstractAutowireCapableBeanFactory.java:1570)
	at org.springframework.beans.factory.support.AbstractAutowireCapableBeanFactory.doCreateBean(AbstractAutowireCapableBeanFactory.java:545)
	at org.springframework.beans.factory.support.AbstractAutowireCapableBeanFactory.createBean(AbstractAutowireCapableBeanFactory.java:482)
	at org.springframework.beans.factory.support.AbstractBeanFactory$1.getObject(AbstractBeanFactory.java:306)
	at org.springframework.beans.factory.support.DefaultSingletonBeanRegistry.getSingleton(DefaultSingletonBeanRegistry.java:230)
	at org.springframework.beans.factory.support.AbstractBeanFactory.doGetBean(AbstractBeanFactory.java:302)
	at org.springframework.beans.factory.support.AbstractBeanFactory.getBean(AbstractBeanFactory.java:197)
	at org.springframework.beans.factory.support.DefaultListableBeanFactory.findAutowireCandidates(DefaultListableBeanFactory.java:1192)
	at org.springframework.beans.factory.support.DefaultListableBeanFactory.doResolveDependency(DefaultListableBeanFactory.java:1116)
	at org.springframework.beans.factory.support.DefaultListableBeanFactory.resolveDependency(DefaultListableBeanFactory.java:1014)
	at org.springframework.beans.factory.annotation.AutowiredAnnotationBeanPostProcessor$AutowiredFieldElement.inject(AutowiredAnnotationBeanPostProcessor.java:545)
	at org.springframework.beans.factory.annotation.InjectionMetadata.inject(InjectionMetadata.java:88)
	at org.springframework.beans.factory.annotation.AutowiredAnnotationBeanPostProcessor.postProcessPropertyValues(AutowiredAnnotationBeanPostProcessor.java:331)
	at org.springframework.beans.factory.support.AbstractAutowireCapableBeanFactory.populateBean(AbstractAutowireCapableBeanFactory.java:1214)
	at org.springframework.beans.factory.support.AbstractAutowireCapableBeanFactory.doCreateBean(AbstractAutowireCapableBeanFactory.java:543)
	at org.springframework.beans.factory.support.AbstractAutowireCapableBeanFactory.createBean(AbstractAutowireCapableBeanFactory.java:482)
	at org.springframework.beans.factory.support.AbstractBeanFactory$1.getObject(AbstractBeanFactory.java:306)
	at org.springframework.beans.factory.support.DefaultSingletonBeanRegistry.getSingleton(DefaultSingletonBeanRegistry.java:230)
	at org.springframework.beans.factory.support.AbstractBeanFactory.doGetBean(AbstractBeanFactory.java:302)
	at org.springframework.beans.factory.support.AbstractBeanFactory.getBean(AbstractBeanFactory.java:197)
	at org.springframework.beans.factory.support.ConstructorResolver.instantiateUsingFactoryMethod(ConstructorResolver.java:368)
	at org.springframework.beans.factory.support.AbstractAutowireCapableBeanFactory.instantiateUsingFactoryMethod(AbstractAutowireCapableBeanFactory.java:1123)
	at org.springframework.beans.factory.support.AbstractAutowireCapableBeanFactory.createBeanInstance(AbstractAutowireCapableBeanFactory.java:1018)
	at org.springframework.beans.factory.support.AbstractAutowireCapableBeanFactory.doCreateBean(AbstractAutowireCapableBeanFactory.java:510)
	at org.springframework.beans.factory.support.AbstractAutowireCapableBeanFactory.createBean(AbstractAutowireCapableBeanFactory.java:482)
	at org.springframework.beans.factory.support.AbstractBeanFactory$1.getObject(AbstractBeanFactory.java:306)
	at org.springframework.beans.factory.support.DefaultSingletonBeanRegistry.getSingleton(DefaultSingletonBeanRegistry.java:230)
	at org.springframework.beans.factory.support.AbstractBeanFactory.doGetBean(AbstractBeanFactory.java:302)
	at org.springframework.beans.factory.support.AbstractBeanFactory.getBean(AbstractBeanFactory.java:197)
	at org.springframework.beans.factory.support.DefaultListableBeanFactory.findAutowireCandidates(DefaultListableBeanFactory.java:1192)
	at org.springframework.beans.factory.support.DefaultListableBeanFactory.doResolveDependency(DefaultListableBeanFactory.java:1116)
	at org.springframework.beans.factory.support.DefaultListableBeanFactory.resolveDependency(DefaultListableBeanFactory.java:1014)
	at org.springframework.beans.factory.annotation.AutowiredAnnotationBeanPostProcessor$AutowiredFieldElement.inject(AutowiredAnnotationBeanPostProcessor.java:545)
	at org.springframework.beans.factory.annotation.InjectionMetadata.inject(InjectionMetadata.java:88)
	at org.springframework.beans.factory.annotation.AutowiredAnnotationBeanPostProcessor.postProcessPropertyValues(AutowiredAnnotationBeanPostProcessor.java:331)
	at org.springframework.beans.factory.support.AbstractAutowireCapableBeanFactory.populateBean(AbstractAutowireCapableBeanFactory.java:1214)
	at org.springframework.beans.factory.support.AbstractAutowireCapableBeanFactory.doCreateBean(AbstractAutowireCapableBeanFactory.java:543)
	at org.springframework.beans.factory.support.AbstractAutowireCapableBeanFactory.createBean(AbstractAutowireCapableBeanFactory.java:482)
	at org.springframework.beans.factory.support.AbstractBeanFactory$1.getObject(AbstractBeanFactory.java:306)
	at org.springframework.beans.factory.support.DefaultSingletonBeanRegistry.getSingleton(DefaultSingletonBeanRegistry.java:230)
	at org.springframework.beans.factory.support.AbstractBeanFactory.doGetBean(AbstractBeanFactory.java:302)
	at org.springframework.beans.factory.support.AbstractBeanFactory.getBean(AbstractBeanFactory.java:197)
	at org.springframework.beans.factory.support.ConstructorResolver.instantiateUsingFactoryMethod(ConstructorResolver.java:368)
	at org.springframework.beans.factory.support.AbstractAutowireCapableBeanFactory.instantiateUsingFactoryMethod(AbstractAutowireCapableBeanFactory.java:1123)
	at org.springframework.beans.factory.support.AbstractAutowireCapableBeanFactory.createBeanInstance(AbstractAutowireCapableBeanFactory.java:1018)
	at org.springframework.beans.factory.support.AbstractAutowireCapableBeanFactory.doCreateBean(AbstractAutowireCapableBeanFactory.java:510)
	at org.springframework.beans.factory.support.AbstractAutowireCapableBeanFactory.createBean(AbstractAutowireCapableBeanFactory.java:482)
	at org.springframework.beans.factory.support.AbstractBeanFactory$1.getObject(AbstractBeanFactory.java:306)
	at org.springframework.beans.factory.support.DefaultSingletonBeanRegistry.getSingleton(DefaultSingletonBeanRegistry.java:230)
	at org.springframework.beans.factory.support.AbstractBeanFactory.doGetBean(AbstractBeanFactory.java:302)
	at org.springframework.beans.factory.support.AbstractBeanFactory.getBean(AbstractBeanFactory.java:197)
	at org.springframework.beans.factory.support.DefaultListableBeanFactory.findAutowireCandidates(DefaultListableBeanFactory.java:1192)
	at org.springframework.beans.factory.support.DefaultListableBeanFactory.doResolveDependency(DefaultListableBeanFactory.java:1116)
	at org.springframework.beans.factory.support.DefaultListableBeanFactory.resolveDependency(DefaultListableBeanFactory.java:1014)
	at org.springframework.beans.factory.support.ConstructorResolver.resolveAutowiredArgument(ConstructorResolver.java:813)
	at org.springframework.beans.factory.support.ConstructorResolver.createArgumentArray(ConstructorResolver.java:741)
	at org.springframework.beans.factory.support.ConstructorResolver.autowireConstructor(ConstructorResolver.java:185)
	at org.springframework.beans.factory.support.AbstractAutowireCapableBeanFactory.autowireConstructor(AbstractAutowireCapableBeanFactory.java:1143)
	at org.springframework.beans.factory.support.AbstractAutowireCapableBeanFactory.createBeanInstance(AbstractAutowireCapableBeanFactory.java:1046)
	at org.springframework.beans.factory.support.AbstractAutowireCapableBeanFactory.doCreateBean(AbstractAutowireCapableBeanFactory.java:510)
	at org.springframework.beans.factory.support.AbstractAutowireCapableBeanFactory.createBean(AbstractAutowireCapableBeanFactory.java:482)
	at org.springframework.beans.factory.support.AbstractBeanFactory$1.getObject(AbstractBeanFactory.java:306)
	at org.springframework.beans.factory.support.DefaultSingletonBeanRegistry.getSingleton(DefaultSingletonBeanRegistry.java:230)
	at org.springframework.beans.factory.support.AbstractBeanFactory.doGetBean(AbstractBeanFactory.java:302)
	at org.springframework.beans.factory.support.AbstractBeanFactory.getBean(AbstractBeanFactory.java:197)
	at org.springframework.beans.factory.support.DefaultListableBeanFactory.findAutowireCandidates(DefaultListableBeanFactory.java:1192)
	at org.springframework.beans.factory.support.DefaultListableBeanFactory.doResolveDependency(DefaultListableBeanFactory.java:1116)
	at org.springframework.beans.factory.support.DefaultListableBeanFactory.resolveDependency(DefaultListableBeanFactory.java:1014)
	at org.springframework.beans.factory.annotation.AutowiredAnnotationBeanPostProcessor$AutowiredFieldElement.inject(AutowiredAnnotationBeanPostProcessor.java:545)
	at org.springframework.beans.factory.annotation.InjectionMetadata.inject(InjectionMetadata.java:88)
	at org.springframework.beans.factory.annotation.AutowiredAnnotationBeanPostProcessor.postProcessPropertyValues(AutowiredAnnotationBeanPostProcessor.java:331)
	at org.springframework.beans.factory.support.AbstractAutowireCapableBeanFactory.populateBean(AbstractAutowireCapableBeanFactory.java:1214)
	at org.springframework.beans.factory.support.AbstractAutowireCapableBeanFactory.doCreateBean(AbstractAutowireCapableBeanFactory.java:543)
	at org.springframework.beans.factory.support.AbstractAutowireCapableBeanFactory.createBean(AbstractAutowireCapableBeanFactory.java:482)
	at org.springframework.beans.factory.support.AbstractBeanFactory$1.getObject(AbstractBeanFactory.java:306)
	at org.springframework.beans.factory.support.DefaultSingletonBeanRegistry.getSingleton(DefaultSingletonBeanRegistry.java:230)
	at org.springframework.beans.factory.support.AbstractBeanFactory.doGetBean(AbstractBeanFactory.java:302)
	at org.springframework.beans.factory.support.AbstractBeanFactory.getBean(AbstractBeanFactory.java:197)
	at org.springframework.beans.factory.support.DefaultListableBeanFactory.findAutowireCandidates(DefaultListableBeanFactory.java:1192)
	at org.springframework.beans.factory.support.DefaultListableBeanFactory.doResolveDependency(DefaultListableBeanFactory.java:1116)
	at org.springframework.beans.factory.support.DefaultListableBeanFactory.resolveDependency(DefaultListableBeanFactory.java:1014)
	at org.springframework.beans.factory.annotation.AutowiredAnnotationBeanPostProcessor$AutowiredFieldElement.inject(AutowiredAnnotationBeanPostProcessor.java:545)
	at org.springframework.beans.factory.annotation.InjectionMetadata.inject(InjectionMetadata.java:88)
	at org.springframework.beans.factory.annotation.AutowiredAnnotationBeanPostProcessor.postProcessPropertyValues(AutowiredAnnotationBeanPostProcessor.java:331)
	at org.springframework.beans.factory.support.AbstractAutowireCapableBeanFactory.populateBean(AbstractAutowireCapableBeanFactory.java:1214)
	at org.springframework.beans.factory.support.AbstractAutowireCapableBeanFactory.doCreateBean(AbstractAutowireCapableBeanFactory.java:543)
	at org.springframework.beans.factory.support.AbstractAutowireCapableBeanFactory.createBean(AbstractAutowireCapableBeanFactory.java:482)
	at org.springframework.beans.factory.support.AbstractBeanFactory$1.getObject(AbstractBeanFactory.java:306)
	at org.springframework.beans.factory.support.DefaultSingletonBeanRegistry.getSingleton(DefaultSingletonBeanRegistry.java:230)
	at org.springframework.beans.factory.support.AbstractBeanFactory.doGetBean(AbstractBeanFactory.java:302)
	at org.springframework.beans.factory.support.AbstractBeanFactory.getBean(AbstractBeanFactory.java:197)
	at org.springframework.beans.factory.support.DefaultListableBeanFactory.findAutowireCandidates(DefaultListableBeanFactory.java:1192)
	at org.springframework.beans.factory.support.DefaultListableBeanFactory.doResolveDependency(DefaultListableBeanFactory.java:1116)
	at org.springframework.beans.factory.support.DefaultListableBeanFactory.resolveDependency(DefaultListableBeanFactory.java:1014)
	at org.springframework.beans.factory.annotation.AutowiredAnnotationBeanPostProcessor$AutowiredFieldElement.inject(AutowiredAnnotationBeanPostProcessor.java:545)
	at org.springframework.beans.factory.annotation.InjectionMetadata.inject(InjectionMetadata.java:88)
	at org.springframework.beans.factory.annotation.AutowiredAnnotationBeanPostProcessor.postProcessPropertyValues(AutowiredAnnotationBeanPostProcessor.java:331)
	at org.springframework.beans.factory.support.AbstractAutowireCapableBeanFactory.populateBean(AbstractAutowireCapableBeanFactory.java:1214)
	at org.springframework.beans.factory.support.AbstractAutowireCapableBeanFactory.doCreateBean(AbstractAutowireCapableBeanFactory.java:543)
	at org.springframework.beans.factory.support.AbstractAutowireCapableBeanFactory.createBean(AbstractAutowireCapableBeanFactory.java:482)
	at org.springframework.beans.factory.support.AbstractBeanFactory$1.getObject(AbstractBeanFactory.java:306)
	at org.springframework.beans.factory.support.DefaultSingletonBeanRegistry.getSingleton(DefaultSingletonBeanRegistry.java:230)
	at org.springframework.beans.factory.support.AbstractBeanFactory.doGetBean(AbstractBeanFactory.java:302)
	at org.springframework.beans.factory.support.AbstractBeanFactory.getBean(AbstractBeanFactory.java:197)
	at org.springframework.beans.factory.support.DefaultListableBeanFactory.preInstantiateSingletons(DefaultListableBeanFactory.java:772)
	at org.springframework.context.support.AbstractApplicationContext.finishBeanFactoryInitialization(AbstractApplicationContext.java:839)
	at org.springframework.context.support.AbstractApplicationContext.refresh(AbstractApplicationContext.java:538)
	at org.springframework.boot.SpringApplication.refresh(SpringApplication.java:766)
	at org.springframework.boot.SpringApplication.createAndRefreshContext(SpringApplication.java:361)
	at org.springframework.boot.SpringApplication.run(SpringApplication.java:307)
	at org.springframework.boot.test.SpringApplicationContextLoader.loadContext(SpringApplicationContextLoader.java:98)
	at org.springframework.test.context.cache.DefaultCacheAwareContextLoaderDelegate.loadContextInternal(DefaultCacheAwareContextLoaderDelegate.java:98)
	at org.springframework.test.context.cache.DefaultCacheAwareContextLoaderDelegate.loadContext(DefaultCacheAwareContextLoaderDelegate.java:116)
	at org.springframework.test.context.support.DefaultTestContext.getApplicationContext(DefaultTestContext.java:83)
	at org.springframework.test.context.web.ServletTestExecutionListener.setUpRequestContextIfNecessary(ServletTestExecutionListener.java:183)
	at org.springframework.test.context.web.ServletTestExecutionListener.prepareTestInstance(ServletTestExecutionListener.java:123)
	at org.springframework.test.context.TestContextManager.prepareTestInstance(TestContextManager.java:228)
	at org.springframework.test.context.junit4.SpringJUnit4ClassRunner.createTest(SpringJUnit4ClassRunner.java:230)
	at org.springframework.test.context.junit4.SpringJUnit4ClassRunner$1.runReflectiveCall(SpringJUnit4ClassRunner.java:289)
	at org.junit.internal.runners.model.ReflectiveCallable.run(ReflectiveCallable.java:12)
	at org.springframework.test.context.junit4.SpringJUnit4ClassRunner.methodBlock(SpringJUnit4ClassRunner.java:291)
	at org.springframework.test.context.junit4.SpringJUnit4ClassRunner.runChild(SpringJUnit4ClassRunner.java:249)
	at org.springframework.test.context.junit4.SpringJUnit4ClassRunner.runChild(SpringJUnit4ClassRunner.java:89)
	at org.junit.runners.ParentRunner$3.run(ParentRunner.java:290)
	at org.junit.runners.ParentRunner$1.schedule(ParentRunner.java:71)
	at org.junit.runners.ParentRunner.runChildren(ParentRunner.java:288)
	at org.junit.runners.ParentRunner.access$000(ParentRunner.java:58)
	at org.junit.runners.ParentRunner$2.evaluate(ParentRunner.java:268)
	at org.springframework.test.context.junit4.statements.RunBeforeTestClassCallbacks.evaluate(RunBeforeTestClassCallbacks.java:61)
	at org.springframework.test.context.junit4.statements.RunAfterTestClassCallbacks.evaluate(RunAfterTestClassCallbacks.java:70)
	at org.junit.runners.ParentRunner.run(ParentRunner.java:363)
	at org.springframework.test.context.junit4.SpringJUnit4ClassRunner.run(SpringJUnit4ClassRunner.java:193)
	at org.gradle.api.internal.tasks.testing.junit.JUnitTestClassExecuter.runTestClass(JUnitTestClassExecuter.java:112)
	at org.gradle.api.internal.tasks.testing.junit.JUnitTestClassExecuter.execute(JUnitTestClassExecuter.java:56)
	at org.gradle.api.internal.tasks.testing.junit.JUnitTestClassProcessor.processTestClass(JUnitTestClassProcessor.java:66)
	at org.gradle.api.internal.tasks.testing.SuiteTestClassProcessor.processTestClass(SuiteTestClassProcessor.java:51)
	at sun.reflect.NativeMethodAccessorImpl.invoke0(Native Method)
	at sun.reflect.NativeMethodAccessorImpl.invoke(NativeMethodAccessorImpl.java:62)
	at sun.reflect.DelegatingMethodAccessorImpl.invoke(DelegatingMethodAccessorImpl.java:43)
	at java.lang.reflect.Method.invoke(Method.java:497)
	at org.gradle.messaging.dispatch.ReflectionDispatch.dispatch(ReflectionDispatch.java:35)
	at org.gradle.messaging.dispatch.ReflectionDispatch.dispatch(ReflectionDispatch.java:24)
	at org.gradle.messaging.dispatch.ContextClassLoaderDispatch.dispatch(ContextClassLoaderDispatch.java:32)
	at org.gradle.messaging.dispatch.ProxyDispatchAdapter$DispatchingInvocationHandler.invoke(ProxyDispatchAdapter.java:93)
	at com.sun.proxy.$Proxy2.processTestClass(Unknown Source)
	at org.gradle.api.internal.tasks.testing.worker.TestWorker.processTestClass(TestWorker.java:109)
	at sun.reflect.NativeMethodAccessorImpl.invoke0(Native Method)
	at sun.reflect.NativeMethodAccessorImpl.invoke(NativeMethodAccessorImpl.java:62)
	at sun.reflect.DelegatingMethodAccessorImpl.invoke(DelegatingMethodAccessorImpl.java:43)
	at java.lang.reflect.Method.invoke(Method.java:497)
	at org.gradle.messaging.dispatch.ReflectionDispatch.dispatch(ReflectionDispatch.java:35)
	at org.gradle.messaging.dispatch.ReflectionDispatch.dispatch(ReflectionDispatch.java:24)
	at org.gradle.messaging.remote.internal.hub.MessageHub$Handler.run(MessageHub.java:360)
	at org.gradle.internal.concurrent.ExecutorPolicy$CatchAndRecordFailures.onExecute(ExecutorPolicy.java:54)
	at org.gradle.internal.concurrent.StoppableExecutorImpl$1.run(StoppableExecutorImpl.java:40)
	at java.util.concurrent.ThreadPoolExecutor.runWorker(ThreadPoolExecutor.java:1142)
	at java.util.concurrent.ThreadPoolExecutor$Worker.run(ThreadPoolExecutor.java:617)
	at java.lang.Thread.run(Thread.java:745)
Caused by: java.lang.NullPointerException: null
	at java.util.regex.Matcher.getTextLength(Matcher.java:1283)
	at java.util.regex.Matcher.reset(Matcher.java:309)
	at java.util.regex.Matcher.<init>(Matcher.java:229)
	at java.util.regex.Pattern.matcher(Pattern.java:1093)
	at java.util.Formatter.parse(Formatter.java:2547)
	at java.util.Formatter.format(Formatter.java:2501)
	at java.util.Formatter.format(Formatter.java:2455)
	at java.lang.String.format(String.java:2940)
	at org.springframework.boot.autoconfigure.jdbc.EmbeddedDatabaseConnection.getUrl(EmbeddedDatabaseConnection.java:109)
	at org.springframework.boot.autoconfigure.jdbc.DataSourceProperties.getUrl(DataSourceProperties.java:208)
	... 176 common frames omitted
21:57:13.811 [Test worker] DEBUG o.s.b.f.s.DefaultListableBeanFactory - Invoking afterPropertiesSet() on bean with name 'spring.datasource.CONFIGURATION_PROPERTIES'
21:57:13.811 [Test worker] DEBUG o.s.b.f.s.DefaultListableBeanFactory - Returning cached instance of singleton bean 'org.springframework.transaction.config.internalTransactionAdvisor'
21:57:13.812 [Test worker] DEBUG o.s.b.f.s.DefaultListableBeanFactory - Finished creating instance of bean 'spring.datasource.CONFIGURATION_PROPERTIES'
21:57:13.812 [Test worker] DEBUG o.s.b.f.a.AutowiredAnnotationBeanPostProcessor - Autowiring by type from bean name 'org.springframework.boot.autoconfigure.jdbc.DataSourceAutoConfiguration$NonEmbeddedConfiguration' to bean named 'spring.datasource.CONFIGURATION_PROPERTIES'
21:57:13.812 [Test worker] DEBUG o.s.b.f.s.DefaultListableBeanFactory - Returning cached instance of singleton bean 'org.springframework.transaction.config.internalTransactionAdvisor'
21:57:13.813 [Test worker] DEBUG o.s.b.f.s.DefaultListableBeanFactory - Finished creating instance of bean 'org.springframework.boot.autoconfigure.jdbc.DataSourceAutoConfiguration$NonEmbeddedConfiguration'
21:57:13.848 [Test worker] DEBUG o.s.b.f.s.DefaultListableBeanFactory - Eagerly caching bean 'dataSource' to allow for resolving potential circular references
21:57:13.856 [Test worker] DEBUG o.s.core.env.MutablePropertySources - Adding [systemProperties] PropertySource with lowest search precedence
21:57:13.856 [Test worker] DEBUG o.s.core.env.MutablePropertySources - Adding [systemEnvironment] PropertySource with lowest search precedence
21:57:13.856 [Test worker] DEBUG o.s.core.env.MutablePropertySources - Adding [random] PropertySource with lowest search precedence
21:57:13.856 [Test worker] DEBUG o.s.core.env.MutablePropertySources - Adding [integrationTest] PropertySource with lowest search precedence
21:57:13.856 [Test worker] DEBUG o.s.core.env.MutablePropertySources - Adding [applicationConfig: [classpath:/application.properties]] PropertySource with lowest search precedence
21:57:13.856 [Test worker] DEBUG o.s.core.env.MutablePropertySources - Adding [localProperties] PropertySource with lowest search precedence
21:57:13.903 [Test worker] DEBUG o.s.core.env.MutablePropertySources - Adding [systemProperties] PropertySource with lowest search precedence
21:57:13.903 [Test worker] DEBUG o.s.core.env.MutablePropertySources - Adding [systemEnvironment] PropertySource with lowest search precedence
21:57:13.903 [Test worker] DEBUG o.s.core.env.MutablePropertySources - Adding [random] PropertySource with lowest search precedence
21:57:13.903 [Test worker] DEBUG o.s.core.env.MutablePropertySources - Adding [integrationTest] PropertySource with lowest search precedence
21:57:13.904 [Test worker] DEBUG o.s.core.env.MutablePropertySources - Adding [applicationConfig: [classpath:/application.properties]] PropertySource with lowest search precedence
21:57:13.906 [Test worker] DEBUG o.s.core.env.MutablePropertySources - Adding [localProperties] PropertySource with lowest search precedence
21:57:13.906 [Test worker] DEBUG o.s.c.e.PropertySourcesPropertyResolver - Searching for key 'spring.datasource.username' in [systemProperties]
21:57:13.906 [Test worker] DEBUG o.s.c.e.PropertySourcesPropertyResolver - Searching for key 'spring.datasource.username' in [systemEnvironment]
21:57:13.906 [Test worker] DEBUG o.s.c.e.PropertySourcesPropertyResolver - Searching for key 'spring.datasource.username' in [random]
21:57:13.906 [Test worker] DEBUG o.s.c.e.PropertySourcesPropertyResolver - Searching for key 'spring.datasource.username' in [integrationTest]
21:57:13.906 [Test worker] DEBUG o.s.c.e.PropertySourcesPropertyResolver - Searching for key 'spring.datasource.username' in [applicationConfig: [classpath:/application.properties]]
21:57:13.906 [Test worker] DEBUG o.s.c.e.PropertySourcesPropertyResolver - Found key 'spring.datasource.username' in [applicationConfig: [classpath:/application.properties]] with type [String] and value 'sa'
21:57:13.913 [Test worker] DEBUG o.s.core.env.MutablePropertySources - Adding [systemProperties] PropertySource with lowest search precedence
21:57:13.913 [Test worker] DEBUG o.s.core.env.MutablePropertySources - Adding [systemEnvironment] PropertySource with lowest search precedence
21:57:13.913 [Test worker] DEBUG o.s.core.env.MutablePropertySources - Adding [random] PropertySource with lowest search precedence
21:57:13.913 [Test worker] DEBUG o.s.core.env.MutablePropertySources - Adding [integrationTest] PropertySource with lowest search precedence
21:57:13.913 [Test worker] DEBUG o.s.core.env.MutablePropertySources - Adding [applicationConfig: [classpath:/application.properties]] PropertySource with lowest search precedence
21:57:13.913 [Test worker] DEBUG o.s.core.env.MutablePropertySources - Adding [localProperties] PropertySource with lowest search precedence
21:57:13.913 [Test worker] DEBUG o.s.c.e.PropertySourcesPropertyResolver - Searching for key 'spring.datasource.driverClassName' in [systemProperties]
21:57:13.913 [Test worker] DEBUG o.s.c.e.PropertySourcesPropertyResolver - Searching for key 'spring.datasource.driverClassName' in [systemEnvironment]
21:57:13.913 [Test worker] DEBUG o.s.c.e.PropertySourcesPropertyResolver - Searching for key 'spring.datasource.driverClassName' in [random]
21:57:13.913 [Test worker] DEBUG o.s.c.e.PropertySourcesPropertyResolver - Searching for key 'spring.datasource.driverClassName' in [integrationTest]
21:57:13.913 [Test worker] DEBUG o.s.c.e.PropertySourcesPropertyResolver - Searching for key 'spring.datasource.driverClassName' in [applicationConfig: [classpath:/application.properties]]
21:57:13.913 [Test worker] DEBUG o.s.c.e.PropertySourcesPropertyResolver - Found key 'spring.datasource.driverClassName' in [applicationConfig: [classpath:/application.properties]] with type [String] and value 'org.h2.Driver'
21:57:13.916 [Test worker] DEBUG o.s.core.env.MutablePropertySources - Adding [systemProperties] PropertySource with lowest search precedence
21:57:13.916 [Test worker] DEBUG o.s.core.env.MutablePropertySources - Adding [systemEnvironment] PropertySource with lowest search precedence
21:57:13.916 [Test worker] DEBUG o.s.core.env.MutablePropertySources - Adding [random] PropertySource with lowest search precedence
21:57:13.916 [Test worker] DEBUG o.s.core.env.MutablePropertySources - Adding [integrationTest] PropertySource with lowest search precedence
21:57:13.916 [Test worker] DEBUG o.s.core.env.MutablePropertySources - Adding [applicationConfig: [classpath:/application.properties]] PropertySource with lowest search precedence
21:57:13.916 [Test worker] DEBUG o.s.core.env.MutablePropertySources - Adding [localProperties] PropertySource with lowest search precedence
21:57:13.916 [Test worker] DEBUG o.s.c.e.PropertySourcesPropertyResolver - Searching for key 'spring.datasource.password' in [systemProperties]
21:57:13.916 [Test worker] DEBUG o.s.c.e.PropertySourcesPropertyResolver - Searching for key 'spring.datasource.password' in [systemEnvironment]
21:57:13.916 [Test worker] DEBUG o.s.c.e.PropertySourcesPropertyResolver - Searching for key 'spring.datasource.password' in [random]
21:57:13.916 [Test worker] DEBUG o.s.c.e.PropertySourcesPropertyResolver - Searching for key 'spring.datasource.password' in [integrationTest]
21:57:13.916 [Test worker] DEBUG o.s.c.e.PropertySourcesPropertyResolver - Searching for key 'spring.datasource.password' in [applicationConfig: [classpath:/application.properties]]
21:57:13.916 [Test worker] DEBUG o.s.c.e.PropertySourcesPropertyResolver - Found key 'spring.datasource.password' in [applicationConfig: [classpath:/application.properties]] with type [String] and value ''
21:57:13.917 [Test worker] DEBUG o.s.core.env.MutablePropertySources - Adding [systemProperties] PropertySource with lowest search precedence
21:57:13.917 [Test worker] DEBUG o.s.core.env.MutablePropertySources - Adding [systemEnvironment] PropertySource with lowest search precedence
21:57:13.917 [Test worker] DEBUG o.s.core.env.MutablePropertySources - Adding [random] PropertySource with lowest search precedence
21:57:13.917 [Test worker] DEBUG o.s.core.env.MutablePropertySources - Adding [integrationTest] PropertySource with lowest search precedence
21:57:13.917 [Test worker] DEBUG o.s.core.env.MutablePropertySources - Adding [applicationConfig: [classpath:/application.properties]] PropertySource with lowest search precedence
21:57:13.917 [Test worker] DEBUG o.s.core.env.MutablePropertySources - Adding [localProperties] PropertySource with lowest search precedence
21:57:13.917 [Test worker] DEBUG o.s.c.e.PropertySourcesPropertyResolver - Searching for key 'spring.datasource.url' in [systemProperties]
21:57:13.917 [Test worker] DEBUG o.s.c.e.PropertySourcesPropertyResolver - Searching for key 'spring.datasource.url' in [systemEnvironment]
21:57:13.917 [Test worker] DEBUG o.s.c.e.PropertySourcesPropertyResolver - Searching for key 'spring.datasource.url' in [random]
21:57:13.917 [Test worker] DEBUG o.s.c.e.PropertySourcesPropertyResolver - Searching for key 'spring.datasource.url' in [integrationTest]
21:57:13.917 [Test worker] DEBUG o.s.c.e.PropertySourcesPropertyResolver - Searching for key 'spring.datasource.url' in [applicationConfig: [classpath:/application.properties]]
21:57:13.918 [Test worker] DEBUG o.s.c.e.PropertySourcesPropertyResolver - Found key 'spring.datasource.url' in [applicationConfig: [classpath:/application.properties]] with type [String] and value 'jdbc:h2:file:./Trabalho_desenv_tech_java'
21:57:14.096 [Test worker] DEBUG o.s.b.f.s.DefaultListableBeanFactory - Creating shared instance of singleton bean 'dataSourceInitializer'
21:57:14.096 [Test worker] DEBUG o.s.b.f.s.DefaultListableBeanFactory - Creating instance of bean 'dataSourceInitializer'
21:57:14.096 [Test worker] DEBUG o.s.b.f.s.DefaultListableBeanFactory - Creating shared instance of singleton bean 'org.springframework.boot.autoconfigure.jdbc.DataSourceAutoConfiguration$DataSourceInitializerConfiguration'
21:57:14.096 [Test worker] DEBUG o.s.b.f.s.DefaultListableBeanFactory - Creating instance of bean 'org.springframework.boot.autoconfigure.jdbc.DataSourceAutoConfiguration$DataSourceInitializerConfiguration'
21:57:14.097 [Test worker] DEBUG o.s.b.f.s.DefaultListableBeanFactory - Eagerly caching bean 'org.springframework.boot.autoconfigure.jdbc.DataSourceAutoConfiguration$DataSourceInitializerConfiguration' to allow for resolving potential circular references
21:57:14.100 [Test worker] DEBUG o.s.b.f.s.DefaultListableBeanFactory - Returning cached instance of singleton bean 'org.springframework.transaction.config.internalTransactionAdvisor'
21:57:14.102 [Test worker] DEBUG o.s.b.f.s.DefaultListableBeanFactory - Finished creating instance of bean 'org.springframework.boot.autoconfigure.jdbc.DataSourceAutoConfiguration$DataSourceInitializerConfiguration'
21:57:14.126 [Test worker] DEBUG o.s.c.a.CommonAnnotationBeanPostProcessor - Found init method on class [org.springframework.boot.autoconfigure.jdbc.DataSourceInitializer]: public void org.springframework.boot.autoconfigure.jdbc.DataSourceInitializer.init()
21:57:14.126 [Test worker] DEBUG o.s.c.a.CommonAnnotationBeanPostProcessor - Registered init method on class [org.springframework.boot.autoconfigure.jdbc.DataSourceInitializer]: org.springframework.beans.factory.annotation.InitDestroyAnnotationBeanPostProcessor$LifecycleElement@316510
21:57:14.127 [Test worker] DEBUG o.s.b.f.annotation.InjectionMetadata - Registered injected element on class [org.springframework.boot.autoconfigure.jdbc.DataSourceInitializer]: AutowiredFieldElement for private org.springframework.context.ConfigurableApplicationContext org.springframework.boot.autoconfigure.jdbc.DataSourceInitializer.applicationContext
21:57:14.127 [Test worker] DEBUG o.s.b.f.annotation.InjectionMetadata - Registered injected element on class [org.springframework.boot.autoconfigure.jdbc.DataSourceInitializer]: AutowiredFieldElement for private org.springframework.boot.autoconfigure.jdbc.DataSourceProperties org.springframework.boot.autoconfigure.jdbc.DataSourceInitializer.properties
21:57:14.127 [Test worker] DEBUG o.s.b.f.s.DefaultListableBeanFactory - Eagerly caching bean 'dataSourceInitializer' to allow for resolving potential circular references
21:57:14.133 [Test worker] DEBUG o.s.b.f.annotation.InjectionMetadata - Processing injected element of bean 'dataSourceInitializer': AutowiredFieldElement for private org.springframework.context.ConfigurableApplicationContext org.springframework.boot.autoconfigure.jdbc.DataSourceInitializer.applicationContext
21:57:14.134 [Test worker] DEBUG o.s.b.f.a.AutowiredAnnotationBeanPostProcessor - Autowiring by type from bean name 'dataSourceInitializer' to bean named 'org.springframework.web.context.support.GenericWebApplicationContext@2a88404d'
21:57:14.134 [Test worker] DEBUG o.s.b.f.annotation.InjectionMetadata - Processing injected element of bean 'dataSourceInitializer': AutowiredFieldElement for private org.springframework.boot.autoconfigure.jdbc.DataSourceProperties org.springframework.boot.autoconfigure.jdbc.DataSourceInitializer.properties
21:57:14.135 [Test worker] DEBUG o.s.b.f.s.DefaultListableBeanFactory - Returning cached instance of singleton bean 'spring.datasource.CONFIGURATION_PROPERTIES'
21:57:14.138 [Test worker] DEBUG o.s.b.f.a.AutowiredAnnotationBeanPostProcessor - Autowiring by type from bean name 'dataSourceInitializer' to bean named 'spring.datasource.CONFIGURATION_PROPERTIES'
21:57:14.138 [Test worker] DEBUG o.s.c.a.CommonAnnotationBeanPostProcessor - Invoking init method on bean 'dataSourceInitializer': public void org.springframework.boot.autoconfigure.jdbc.DataSourceInitializer.init()
21:57:14.140 [Test worker] DEBUG o.s.b.f.s.DefaultListableBeanFactory - Returning cached instance of singleton bean 'org.springframework.transaction.config.internalTransactionAdvisor'
21:57:14.147 [Test worker] DEBUG o.s.b.f.s.DefaultListableBeanFactory - Returning eagerly cached instance of singleton bean 'dataSource' that is not fully initialized yet - a consequence of a circular reference
21:57:14.147 [Test worker] DEBUG o.s.c.i.s.PathMatchingResourcePatternResolver - Resolved classpath location [schema-all.sql] to resources []
21:57:14.148 [Test worker] DEBUG o.s.c.i.s.PathMatchingResourcePatternResolver - Resolved classpath location [schema.sql] to resources []
21:57:14.148 [Test worker] DEBUG o.s.b.f.s.DefaultListableBeanFactory - Returning cached instance of singleton bean 'org.springframework.transaction.config.internalTransactionAdvisor'
21:57:14.149 [Test worker] DEBUG o.s.b.f.s.DefaultListableBeanFactory - Finished creating instance of bean 'dataSourceInitializer'
21:57:14.154 [Test worker] DEBUG o.s.b.f.s.DefaultListableBeanFactory - Finished creating instance of bean 'dataSource'
21:57:14.154 [Test worker] DEBUG o.s.b.f.a.AutowiredAnnotationBeanPostProcessor - Autowiring by type from bean name 'org.springframework.boot.autoconfigure.jdbc.DataSourceAutoConfiguration$JdbcTemplateConfiguration' to bean named 'dataSource'
21:57:14.154 [Test worker] DEBUG o.s.b.f.s.DefaultListableBeanFactory - Returning cached instance of singleton bean 'org.springframework.transaction.config.internalTransactionAdvisor'
21:57:14.155 [Test worker] DEBUG o.s.b.f.s.DefaultListableBeanFactory - Finished creating instance of bean 'org.springframework.boot.autoconfigure.jdbc.DataSourceAutoConfiguration$JdbcTemplateConfiguration'
21:57:14.191 [Test worker] DEBUG o.s.b.f.s.DefaultListableBeanFactory - Eagerly caching bean 'jdbcTemplate' to allow for resolving potential circular references
21:57:14.201 [Test worker] DEBUG o.s.b.f.s.DefaultListableBeanFactory - Invoking afterPropertiesSet() on bean with name 'jdbcTemplate'
21:57:14.201 [Test worker] DEBUG o.s.b.f.s.DefaultListableBeanFactory - Returning cached instance of singleton bean 'org.springframework.transaction.config.internalTransactionAdvisor'
21:57:14.205 [Test worker] DEBUG o.s.b.f.s.DefaultListableBeanFactory - Finished creating instance of bean 'jdbcTemplate'
21:57:14.208 [Test worker] DEBUG o.s.b.f.s.DefaultListableBeanFactory - Autowiring by type from bean name 'medicaoDao' via constructor to bean named 'jdbcTemplate'
21:57:14.209 [Test worker] DEBUG o.s.b.f.s.DefaultListableBeanFactory - Eagerly caching bean 'medicaoDao' to allow for resolving potential circular references
21:57:14.211 [Test worker] DEBUG o.s.b.f.s.DefaultListableBeanFactory - Returning cached instance of singleton bean 'org.springframework.transaction.config.internalTransactionAdvisor'
21:57:14.212 [Test worker] DEBUG o.s.b.f.s.DefaultListableBeanFactory - Finished creating instance of bean 'medicaoDao'
21:57:14.212 [Test worker] DEBUG o.s.b.f.a.AutowiredAnnotationBeanPostProcessor - Autowiring by type from bean name 'medicaoRepository' to bean named 'medicaoDao'
21:57:14.212 [Test worker] DEBUG o.s.b.f.s.DefaultListableBeanFactory - Returning cached instance of singleton bean 'org.springframework.transaction.config.internalTransactionAdvisor'
21:57:14.212 [Test worker] DEBUG o.s.b.f.s.DefaultListableBeanFactory - Finished creating instance of bean 'medicaoRepository'
21:57:14.213 [Test worker] DEBUG o.s.b.f.a.AutowiredAnnotationBeanPostProcessor - Autowiring by type from bean name 'medicaoService' to bean named 'medicaoRepository'
21:57:14.213 [Test worker] DEBUG o.s.b.f.s.DefaultListableBeanFactory - Returning cached instance of singleton bean 'org.springframework.transaction.config.internalTransactionAdvisor'
21:57:14.213 [Test worker] DEBUG o.s.b.f.s.DefaultListableBeanFactory - Finished creating instance of bean 'medicaoService'
21:57:14.213 [Test worker] DEBUG o.s.b.f.a.AutowiredAnnotationBeanPostProcessor - Autowiring by type from bean name 'alertaService' to bean named 'medicaoService'
21:57:14.213 [Test worker] DEBUG o.s.b.f.annotation.InjectionMetadata - Processing injected element of bean 'alertaService': AutowiredFieldElement for com.uniritter.monitor.domain.regras.RegraService com.uniritter.monitor.domain.alertas.AlertaService.regService
21:57:14.217 [Test worker] DEBUG o.s.b.f.s.DefaultListableBeanFactory - Creating shared instance of singleton bean 'regraService'
21:57:14.217 [Test worker] DEBUG o.s.b.f.s.DefaultListableBeanFactory - Creating instance of bean 'regraService'
21:57:14.219 [Test worker] DEBUG o.s.b.f.annotation.InjectionMetadata - Registered injected element on class [com.uniritter.monitor.domain.regras.RegraService]: AutowiredFieldElement for com.uniritter.monitor.domain.regras.RegraRepository com.uniritter.monitor.domain.regras.RegraService.regraRep
21:57:14.219 [Test worker] DEBUG o.s.b.f.s.DefaultListableBeanFactory - Eagerly caching bean 'regraService' to allow for resolving potential circular references
21:57:14.221 [Test worker] DEBUG o.s.b.f.annotation.InjectionMetadata - Processing injected element of bean 'regraService': AutowiredFieldElement for com.uniritter.monitor.domain.regras.RegraRepository com.uniritter.monitor.domain.regras.RegraService.regraRep
21:57:14.222 [Test worker] DEBUG o.s.b.f.s.DefaultListableBeanFactory - Creating shared instance of singleton bean 'regraRepository'
21:57:14.222 [Test worker] DEBUG o.s.b.f.s.DefaultListableBeanFactory - Creating instance of bean 'regraRepository'
21:57:14.222 [Test worker] DEBUG o.s.b.f.annotation.InjectionMetadata - Registered injected element on class [com.uniritter.monitor.domain.regras.RegraRepository]: AutowiredFieldElement for com.uniritter.monitor.domain.persistance.RegraDao com.uniritter.monitor.domain.regras.RegraRepository.regraDao
21:57:14.222 [Test worker] DEBUG o.s.b.f.s.DefaultListableBeanFactory - Eagerly caching bean 'regraRepository' to allow for resolving potential circular references
21:57:14.225 [Test worker] DEBUG o.s.b.f.annotation.InjectionMetadata - Processing injected element of bean 'regraRepository': AutowiredFieldElement for com.uniritter.monitor.domain.persistance.RegraDao com.uniritter.monitor.domain.regras.RegraRepository.regraDao
21:57:14.227 [Test worker] DEBUG o.s.b.f.s.DefaultListableBeanFactory - Creating shared instance of singleton bean 'regraDao'
21:57:14.227 [Test worker] DEBUG o.s.b.f.s.DefaultListableBeanFactory - Creating instance of bean 'regraDao'
21:57:14.230 [Test worker] DEBUG o.s.b.f.s.DefaultListableBeanFactory - Returning cached instance of singleton bean 'jdbcTemplate'
21:57:14.230 [Test worker] DEBUG o.s.b.f.s.DefaultListableBeanFactory - Autowiring by type from bean name 'regraDao' via constructor to bean named 'jdbcTemplate'
21:57:14.230 [Test worker] DEBUG o.s.b.f.s.DefaultListableBeanFactory - Eagerly caching bean 'regraDao' to allow for resolving potential circular references
21:57:14.232 [Test worker] DEBUG o.s.b.f.s.DefaultListableBeanFactory - Returning cached instance of singleton bean 'org.springframework.transaction.config.internalTransactionAdvisor'
21:57:14.232 [Test worker] DEBUG o.s.b.f.s.DefaultListableBeanFactory - Finished creating instance of bean 'regraDao'
21:57:14.232 [Test worker] DEBUG o.s.b.f.a.AutowiredAnnotationBeanPostProcessor - Autowiring by type from bean name 'regraRepository' to bean named 'regraDao'
21:57:14.233 [Test worker] DEBUG o.s.b.f.s.DefaultListableBeanFactory - Returning cached instance of singleton bean 'org.springframework.transaction.config.internalTransactionAdvisor'
21:57:14.233 [Test worker] DEBUG o.s.b.f.s.DefaultListableBeanFactory - Finished creating instance of bean 'regraRepository'
21:57:14.233 [Test worker] DEBUG o.s.b.f.a.AutowiredAnnotationBeanPostProcessor - Autowiring by type from bean name 'regraService' to bean named 'regraRepository'
21:57:14.233 [Test worker] DEBUG o.s.b.f.s.DefaultListableBeanFactory - Returning cached instance of singleton bean 'org.springframework.transaction.config.internalTransactionAdvisor'
21:57:14.233 [Test worker] DEBUG o.s.b.f.s.DefaultListableBeanFactory - Finished creating instance of bean 'regraService'
21:57:14.233 [Test worker] DEBUG o.s.b.f.a.AutowiredAnnotationBeanPostProcessor - Autowiring by type from bean name 'alertaService' to bean named 'regraService'
21:57:14.235 [Test worker] DEBUG o.s.b.f.s.DefaultListableBeanFactory - Returning cached instance of singleton bean 'org.springframework.transaction.config.internalTransactionAdvisor'
21:57:14.235 [Test worker] DEBUG o.s.b.f.s.DefaultListableBeanFactory - Finished creating instance of bean 'alertaService'
21:57:14.235 [Test worker] DEBUG o.s.b.f.s.DefaultListableBeanFactory - Returning cached instance of singleton bean 'medicaoRepository'
21:57:14.235 [Test worker] DEBUG o.s.b.f.s.DefaultListableBeanFactory - Returning cached instance of singleton bean 'medicaoService'
21:57:14.235 [Test worker] DEBUG o.s.b.f.s.DefaultListableBeanFactory - Creating shared instance of singleton bean 'metricaRepository'
21:57:14.235 [Test worker] DEBUG o.s.b.f.s.DefaultListableBeanFactory - Creating instance of bean 'metricaRepository'
21:57:14.236 [Test worker] DEBUG o.s.b.f.annotation.InjectionMetadata - Registered injected element on class [com.uniritter.monitor.domain.metricas.MetricaRepository]: AutowiredFieldElement for com.uniritter.monitor.domain.persistance.MetricaDao com.uniritter.monitor.domain.metricas.MetricaRepository.metricaDao
21:57:14.236 [Test worker] DEBUG o.s.b.f.annotation.InjectionMetadata - Registered injected element on class [com.uniritter.monitor.domain.metricas.MetricaRepository]: AutowiredFieldElement for com.uniritter.monitor.domain.metricas.MedicaoService com.uniritter.monitor.domain.metricas.MetricaRepository.medicaoService
21:57:14.236 [Test worker] DEBUG o.s.b.f.s.DefaultListableBeanFactory - Eagerly caching bean 'metricaRepository' to allow for resolving potential circular references
21:57:14.238 [Test worker] DEBUG o.s.b.f.annotation.InjectionMetadata - Processing injected element of bean 'metricaRepository': AutowiredFieldElement for com.uniritter.monitor.domain.persistance.MetricaDao com.uniritter.monitor.domain.metricas.MetricaRepository.metricaDao
21:57:14.251 [Test worker] DEBUG o.s.b.f.s.DefaultListableBeanFactory - Creating shared instance of singleton bean 'metricaDao'
21:57:14.251 [Test worker] DEBUG o.s.b.f.s.DefaultListableBeanFactory - Creating instance of bean 'metricaDao'
21:57:14.255 [Test worker] DEBUG o.s.b.f.s.DefaultListableBeanFactory - Returning cached instance of singleton bean 'jdbcTemplate'
21:57:14.256 [Test worker] DEBUG o.s.b.f.s.DefaultListableBeanFactory - Autowiring by type from bean name 'metricaDao' via constructor to bean named 'jdbcTemplate'
21:57:14.256 [Test worker] DEBUG o.s.b.f.s.DefaultListableBeanFactory - Eagerly caching bean 'metricaDao' to allow for resolving potential circular references
21:57:14.259 [Test worker] DEBUG o.s.b.f.s.DefaultListableBeanFactory - Returning cached instance of singleton bean 'org.springframework.transaction.config.internalTransactionAdvisor'
21:57:14.263 [Test worker] DEBUG o.s.b.f.s.DefaultListableBeanFactory - Finished creating instance of bean 'metricaDao'
21:57:14.263 [Test worker] DEBUG o.s.b.f.a.AutowiredAnnotationBeanPostProcessor - Autowiring by type from bean name 'metricaRepository' to bean named 'metricaDao'
21:57:14.264 [Test worker] DEBUG o.s.b.f.annotation.InjectionMetadata - Processing injected element of bean 'metricaRepository': AutowiredFieldElement for com.uniritter.monitor.domain.metricas.MedicaoService com.uniritter.monitor.domain.metricas.MetricaRepository.medicaoService
21:57:14.265 [Test worker] DEBUG o.s.b.f.s.DefaultListableBeanFactory - Returning cached instance of singleton bean 'medicaoService'
21:57:14.265 [Test worker] DEBUG o.s.b.f.a.AutowiredAnnotationBeanPostProcessor - Autowiring by type from bean name 'metricaRepository' to bean named 'medicaoService'
21:57:14.265 [Test worker] DEBUG o.s.b.f.s.DefaultListableBeanFactory - Returning cached instance of singleton bean 'org.springframework.transaction.config.internalTransactionAdvisor'
21:57:14.267 [Test worker] DEBUG o.s.b.f.s.DefaultListableBeanFactory - Finished creating instance of bean 'metricaRepository'
21:57:14.267 [Test worker] DEBUG o.s.b.f.s.DefaultListableBeanFactory - Creating shared instance of singleton bean 'metricaService'
21:57:14.267 [Test worker] DEBUG o.s.b.f.s.DefaultListableBeanFactory - Creating instance of bean 'metricaService'
21:57:14.268 [Test worker] DEBUG o.s.b.f.annotation.InjectionMetadata - Registered injected element on class [com.uniritter.monitor.domain.metricas.MetricaService]: AutowiredFieldElement for com.uniritter.monitor.domain.metricas.MetricaRepository com.uniritter.monitor.domain.metricas.MetricaService.repository
21:57:14.268 [Test worker] DEBUG o.s.b.f.s.DefaultListableBeanFactory - Eagerly caching bean 'metricaService' to allow for resolving potential circular references
21:57:14.272 [Test worker] DEBUG o.s.b.f.annotation.InjectionMetadata - Processing injected element of bean 'metricaService': AutowiredFieldElement for com.uniritter.monitor.domain.metricas.MetricaRepository com.uniritter.monitor.domain.metricas.MetricaService.repository
21:57:14.273 [Test worker] DEBUG o.s.b.f.s.DefaultListableBeanFactory - Returning cached instance of singleton bean 'metricaRepository'
21:57:14.273 [Test worker] DEBUG o.s.b.f.a.AutowiredAnnotationBeanPostProcessor - Autowiring by type from bean name 'metricaService' to bean named 'metricaRepository'
21:57:14.273 [Test worker] DEBUG o.s.b.f.s.DefaultListableBeanFactory - Returning cached instance of singleton bean 'org.springframework.transaction.config.internalTransactionAdvisor'
21:57:14.274 [Test worker] DEBUG o.s.b.f.s.DefaultListableBeanFactory - Finished creating instance of bean 'metricaService'
21:57:14.274 [Test worker] DEBUG o.s.b.f.s.DefaultListableBeanFactory - Returning cached instance of singleton bean 'medicaoDao'
21:57:14.274 [Test worker] DEBUG o.s.b.f.s.DefaultListableBeanFactory - Returning cached instance of singleton bean 'metricaDao'
21:57:14.274 [Test worker] DEBUG o.s.b.f.s.DefaultListableBeanFactory - Returning cached instance of singleton bean 'regraDao'
21:57:14.274 [Test worker] DEBUG o.s.b.f.s.DefaultListableBeanFactory - Returning cached instance of singleton bean 'regraRepository'
21:57:14.274 [Test worker] DEBUG o.s.b.f.s.DefaultListableBeanFactory - Returning cached instance of singleton bean 'regraService'
21:57:14.274 [Test worker] DEBUG o.s.b.f.s.DefaultListableBeanFactory - Creating shared instance of singleton bean 'jerseyConfig'
21:57:14.274 [Test worker] DEBUG o.s.b.f.s.DefaultListableBeanFactory - Creating instance of bean 'jerseyConfig'
21:57:14.382 [Test worker] DEBUG o.s.b.f.s.DefaultListableBeanFactory - Eagerly caching bean 'jerseyConfig' to allow for resolving potential circular references
21:57:14.392 [Test worker] DEBUG o.s.b.f.s.DefaultListableBeanFactory - Returning cached instance of singleton bean 'org.springframework.transaction.config.internalTransactionAdvisor'
21:57:14.396 [Test worker] DEBUG o.s.b.f.s.DefaultListableBeanFactory - Finished creating instance of bean 'jerseyConfig'
21:57:14.396 [Test worker] DEBUG o.s.b.f.s.DefaultListableBeanFactory - Creating shared instance of singleton bean 'metricaController'
21:57:14.396 [Test worker] DEBUG o.s.b.f.s.DefaultListableBeanFactory - Creating instance of bean 'metricaController'
21:57:14.400 [Test worker] DEBUG o.s.b.f.annotation.InjectionMetadata - Registered injected element on class [com.uniritter.monitor.rest.MetricaController]: AutowiredFieldElement for com.uniritter.monitor.domain.metricas.MetricaService com.uniritter.monitor.rest.MetricaController.metService
21:57:14.401 [Test worker] DEBUG o.s.b.f.annotation.InjectionMetadata - Registered injected element on class [com.uniritter.monitor.rest.MetricaController]: AutowiredFieldElement for com.uniritter.monitor.domain.metricas.MedicaoService com.uniritter.monitor.rest.MetricaController.medicaoService
21:57:14.401 [Test worker] DEBUG o.s.b.f.annotation.InjectionMetadata - Registered injected element on class [com.uniritter.monitor.rest.MetricaController]: AutowiredFieldElement for com.uniritter.monitor.domain.alertas.AlertaService com.uniritter.monitor.rest.MetricaController.alertaServ
21:57:14.401 [Test worker] DEBUG o.s.b.f.s.DefaultListableBeanFactory - Eagerly caching bean 'metricaController' to allow for resolving potential circular references
21:57:14.402 [Test worker] DEBUG o.s.b.f.annotation.InjectionMetadata - Processing injected element of bean 'metricaController': AutowiredFieldElement for com.uniritter.monitor.domain.metricas.MetricaService com.uniritter.monitor.rest.MetricaController.metService
21:57:14.403 [Test worker] DEBUG o.s.b.f.s.DefaultListableBeanFactory - Returning cached instance of singleton bean 'metricaService'
21:57:14.403 [Test worker] DEBUG o.s.b.f.a.AutowiredAnnotationBeanPostProcessor - Autowiring by type from bean name 'metricaController' to bean named 'metricaService'
21:57:14.403 [Test worker] DEBUG o.s.b.f.annotation.InjectionMetadata - Processing injected element of bean 'metricaController': AutowiredFieldElement for com.uniritter.monitor.domain.metricas.MedicaoService com.uniritter.monitor.rest.MetricaController.medicaoService
21:57:14.403 [Test worker] DEBUG o.s.b.f.s.DefaultListableBeanFactory - Returning cached instance of singleton bean 'medicaoService'
21:57:14.403 [Test worker] DEBUG o.s.b.f.a.AutowiredAnnotationBeanPostProcessor - Autowiring by type from bean name 'metricaController' to bean named 'medicaoService'
21:57:14.403 [Test worker] DEBUG o.s.b.f.annotation.InjectionMetadata - Processing injected element of bean 'metricaController': AutowiredFieldElement for com.uniritter.monitor.domain.alertas.AlertaService com.uniritter.monitor.rest.MetricaController.alertaServ
21:57:14.404 [Test worker] DEBUG o.s.b.f.s.DefaultListableBeanFactory - Returning cached instance of singleton bean 'alertaService'
21:57:14.404 [Test worker] DEBUG o.s.b.f.a.AutowiredAnnotationBeanPostProcessor - Autowiring by type from bean name 'metricaController' to bean named 'alertaService'
21:57:14.404 [Test worker] DEBUG o.s.b.f.s.DefaultListableBeanFactory - Returning cached instance of singleton bean 'org.springframework.transaction.config.internalTransactionAdvisor'
21:57:14.406 [Test worker] DEBUG o.s.b.f.s.DefaultListableBeanFactory - Finished creating instance of bean 'metricaController'
21:57:14.406 [Test worker] DEBUG o.s.b.f.s.DefaultListableBeanFactory - Creating shared instance of singleton bean 'regraController'
21:57:14.406 [Test worker] DEBUG o.s.b.f.s.DefaultListableBeanFactory - Creating instance of bean 'regraController'
21:57:14.409 [Test worker] DEBUG o.s.b.f.annotation.InjectionMetadata - Registered injected element on class [com.uniritter.monitor.rest.RegraController]: AutowiredFieldElement for com.uniritter.monitor.domain.regras.RegraService com.uniritter.monitor.rest.RegraController.regraServ
21:57:14.409 [Test worker] DEBUG o.s.b.f.s.DefaultListableBeanFactory - Eagerly caching bean 'regraController' to allow for resolving potential circular references
21:57:14.411 [Test worker] DEBUG o.s.b.f.annotation.InjectionMetadata - Processing injected element of bean 'regraController': AutowiredFieldElement for com.uniritter.monitor.domain.regras.RegraService com.uniritter.monitor.rest.RegraController.regraServ
21:57:14.411 [Test worker] DEBUG o.s.b.f.s.DefaultListableBeanFactory - Returning cached instance of singleton bean 'regraService'
21:57:14.411 [Test worker] DEBUG o.s.b.f.a.AutowiredAnnotationBeanPostProcessor - Autowiring by type from bean name 'regraController' to bean named 'regraService'
21:57:14.411 [Test worker] DEBUG o.s.b.f.s.DefaultListableBeanFactory - Returning cached instance of singleton bean 'org.springframework.transaction.config.internalTransactionAdvisor'
21:57:14.413 [Test worker] DEBUG o.s.b.f.s.DefaultListableBeanFactory - Finished creating instance of bean 'regraController'
21:57:14.413 [Test worker] DEBUG o.s.b.f.s.DefaultListableBeanFactory - Creating shared instance of singleton bean 'org.springframework.boot.autoconfigure.AutoConfigurationPackages'
21:57:14.413 [Test worker] DEBUG o.s.b.f.s.DefaultListableBeanFactory - Creating instance of bean 'org.springframework.boot.autoconfigure.AutoConfigurationPackages'
21:57:14.414 [Test worker] DEBUG o.s.b.f.s.DefaultListableBeanFactory - Eagerly caching bean 'org.springframework.boot.autoconfigure.AutoConfigurationPackages' to allow for resolving potential circular references
21:57:14.416 [Test worker] DEBUG o.s.b.f.s.DefaultListableBeanFactory - Returning cached instance of singleton bean 'org.springframework.transaction.config.internalTransactionAdvisor'
21:57:14.416 [Test worker] DEBUG o.s.b.f.s.DefaultListableBeanFactory - Finished creating instance of bean 'org.springframework.boot.autoconfigure.AutoConfigurationPackages'
21:57:14.416 [Test worker] DEBUG o.s.b.f.s.DefaultListableBeanFactory - Creating shared instance of singleton bean 'org.springframework.boot.autoconfigure.PropertyPlaceholderAutoConfiguration'
21:57:14.416 [Test worker] DEBUG o.s.b.f.s.DefaultListableBeanFactory - Creating instance of bean 'org.springframework.boot.autoconfigure.PropertyPlaceholderAutoConfiguration'
21:57:14.417 [Test worker] DEBUG o.s.b.f.s.DefaultListableBeanFactory - Eagerly caching bean 'org.springframework.boot.autoconfigure.PropertyPlaceholderAutoConfiguration' to allow for resolving potential circular references
21:57:14.420 [Test worker] DEBUG o.s.b.f.s.DefaultListableBeanFactory - Returning cached instance of singleton bean 'org.springframework.transaction.config.internalTransactionAdvisor'
21:57:14.421 [Test worker] DEBUG o.s.b.f.s.DefaultListableBeanFactory - Finished creating instance of bean 'org.springframework.boot.autoconfigure.PropertyPlaceholderAutoConfiguration'
21:57:14.421 [Test worker] DEBUG o.s.b.f.s.DefaultListableBeanFactory - Returning cached instance of singleton bean 'org.springframework.boot.autoconfigure.condition.BeanTypeRegistry'
21:57:14.421 [Test worker] DEBUG o.s.b.f.s.DefaultListableBeanFactory - Returning cached instance of singleton bean 'propertySourcesPlaceholderConfigurer'
21:57:14.421 [Test worker] DEBUG o.s.b.f.s.DefaultListableBeanFactory - Creating shared instance of singleton bean 'org.springframework.boot.autoconfigure.jersey.JerseyAutoConfiguration'
21:57:14.421 [Test worker] DEBUG o.s.b.f.s.DefaultListableBeanFactory - Creating instance of bean 'org.springframework.boot.autoconfigure.jersey.JerseyAutoConfiguration'
21:57:14.421 [Test worker] DEBUG o.s.c.a.CommonAnnotationBeanPostProcessor - Found init method on class [org.springframework.boot.autoconfigure.jersey.JerseyAutoConfiguration$$EnhancerBySpringCGLIB$$a535b435]: public void org.springframework.boot.autoconfigure.jersey.JerseyAutoConfiguration.path()
21:57:14.421 [Test worker] DEBUG o.s.c.a.CommonAnnotationBeanPostProcessor - Registered init method on class [org.springframework.boot.autoconfigure.jersey.JerseyAutoConfiguration$$EnhancerBySpringCGLIB$$a535b435]: org.springframework.beans.factory.annotation.InitDestroyAnnotationBeanPostProcessor$LifecycleElement@346425
21:57:14.422 [Test worker] DEBUG o.s.b.f.annotation.InjectionMetadata - Registered injected element on class [org.springframework.boot.autoconfigure.jersey.JerseyAutoConfiguration$$EnhancerBySpringCGLIB$$a535b435]: AutowiredFieldElement for private org.springframework.boot.autoconfigure.jersey.JerseyProperties org.springframework.boot.autoconfigure.jersey.JerseyAutoConfiguration.jersey
21:57:14.422 [Test worker] DEBUG o.s.b.f.annotation.InjectionMetadata - Registered injected element on class [org.springframework.boot.autoconfigure.jersey.JerseyAutoConfiguration$$EnhancerBySpringCGLIB$$a535b435]: AutowiredFieldElement for private org.glassfish.jersey.server.ResourceConfig org.springframework.boot.autoconfigure.jersey.JerseyAutoConfiguration.config
21:57:14.422 [Test worker] DEBUG o.s.b.f.s.DefaultListableBeanFactory - Eagerly caching bean 'org.springframework.boot.autoconfigure.jersey.JerseyAutoConfiguration' to allow for resolving potential circular references
21:57:14.424 [Test worker] DEBUG o.s.b.f.annotation.InjectionMetadata - Processing injected element of bean 'org.springframework.boot.autoconfigure.jersey.JerseyAutoConfiguration': AutowiredFieldElement for private org.springframework.boot.autoconfigure.jersey.JerseyProperties org.springframework.boot.autoconfigure.jersey.JerseyAutoConfiguration.jersey
21:57:14.425 [Test worker] DEBUG o.s.b.f.s.DefaultListableBeanFactory - Creating shared instance of singleton bean 'spring.jersey.CONFIGURATION_PROPERTIES'
21:57:14.425 [Test worker] DEBUG o.s.b.f.s.DefaultListableBeanFactory - Creating instance of bean 'spring.jersey.CONFIGURATION_PROPERTIES'
21:57:14.426 [Test worker] DEBUG o.s.b.f.s.DefaultListableBeanFactory - Eagerly caching bean 'spring.jersey.CONFIGURATION_PROPERTIES' to allow for resolving potential circular references
21:57:14.430 [Test worker] DEBUG o.s.core.env.MutablePropertySources - Adding [systemProperties] PropertySource with lowest search precedence
21:57:14.430 [Test worker] DEBUG o.s.core.env.MutablePropertySources - Adding [systemEnvironment] PropertySource with lowest search precedence
21:57:14.431 [Test worker] DEBUG o.s.core.env.MutablePropertySources - Adding [random] PropertySource with lowest search precedence
21:57:14.431 [Test worker] DEBUG o.s.core.env.MutablePropertySources - Adding [integrationTest] PropertySource with lowest search precedence
21:57:14.431 [Test worker] DEBUG o.s.core.env.MutablePropertySources - Adding [applicationConfig: [classpath:/application.properties]] PropertySource with lowest search precedence
21:57:14.431 [Test worker] DEBUG o.s.core.env.MutablePropertySources - Adding [localProperties] PropertySource with lowest search precedence
21:57:14.439 [Test worker] DEBUG o.s.b.f.s.DefaultListableBeanFactory - Returning cached instance of singleton bean 'org.springframework.transaction.config.internalTransactionAdvisor'
21:57:14.440 [Test worker] DEBUG o.s.b.f.s.DefaultListableBeanFactory - Finished creating instance of bean 'spring.jersey.CONFIGURATION_PROPERTIES'
21:57:14.440 [Test worker] DEBUG o.s.b.f.a.AutowiredAnnotationBeanPostProcessor - Autowiring by type from bean name 'org.springframework.boot.autoconfigure.jersey.JerseyAutoConfiguration' to bean named 'spring.jersey.CONFIGURATION_PROPERTIES'
21:57:14.441 [Test worker] DEBUG o.s.b.f.annotation.InjectionMetadata - Processing injected element of bean 'org.springframework.boot.autoconfigure.jersey.JerseyAutoConfiguration': AutowiredFieldElement for private org.glassfish.jersey.server.ResourceConfig org.springframework.boot.autoconfigure.jersey.JerseyAutoConfiguration.config
21:57:14.441 [Test worker] DEBUG o.s.b.f.s.DefaultListableBeanFactory - Returning cached instance of singleton bean 'jerseyConfig'
21:57:14.441 [Test worker] DEBUG o.s.b.f.a.AutowiredAnnotationBeanPostProcessor - Autowiring by type from bean name 'org.springframework.boot.autoconfigure.jersey.JerseyAutoConfiguration' to bean named 'jerseyConfig'
21:57:14.449 [Test worker] DEBUG o.s.c.a.CommonAnnotationBeanPostProcessor - Invoking init method on bean 'org.springframework.boot.autoconfigure.jersey.JerseyAutoConfiguration': public void org.springframework.boot.autoconfigure.jersey.JerseyAutoConfiguration.path()
21:57:14.449 [Test worker] DEBUG o.s.b.f.s.DefaultListableBeanFactory - Returning cached instance of singleton bean 'org.springframework.transaction.config.internalTransactionAdvisor'
21:57:14.451 [Test worker] DEBUG o.s.b.f.s.DefaultListableBeanFactory - Finished creating instance of bean 'org.springframework.boot.autoconfigure.jersey.JerseyAutoConfiguration'
21:57:14.452 [Test worker] DEBUG o.s.b.f.s.DefaultListableBeanFactory - Creating shared instance of singleton bean 'requestContextFilter'
21:57:14.452 [Test worker] DEBUG o.s.b.f.s.DefaultListableBeanFactory - Creating instance of bean 'requestContextFilter'
21:57:14.452 [Test worker] DEBUG o.s.b.f.s.DefaultListableBeanFactory - Creating shared instance of singleton bean 'org.springframework.boot.autoconfigure.web.WebMvcAutoConfiguration$WebMvcAutoConfigurationAdapter'
21:57:14.452 [Test worker] DEBUG o.s.b.f.s.DefaultListableBeanFactory - Creating instance of bean 'org.springframework.boot.autoconfigure.web.WebMvcAutoConfiguration$WebMvcAutoConfigurationAdapter'
21:57:14.456 [Test worker] DEBUG o.s.b.f.annotation.InjectionMetadata - Registered injected element on class [org.springframework.boot.autoconfigure.web.WebMvcAutoConfiguration$WebMvcAutoConfigurationAdapter$$EnhancerBySpringCGLIB$$43965387]: AutowiredFieldElement for private org.springframework.boot.autoconfigure.web.ResourceProperties org.springframework.boot.autoconfigure.web.WebMvcAutoConfiguration$WebMvcAutoConfigurationAdapter.resourceProperties
21:57:14.456 [Test worker] DEBUG o.s.b.f.annotation.InjectionMetadata - Registered injected element on class [org.springframework.boot.autoconfigure.web.WebMvcAutoConfiguration$WebMvcAutoConfigurationAdapter$$EnhancerBySpringCGLIB$$43965387]: AutowiredFieldElement for private org.springframework.boot.autoconfigure.web.WebMvcProperties org.springframework.boot.autoconfigure.web.WebMvcAutoConfiguration$WebMvcAutoConfigurationAdapter.mvcProperties
21:57:14.456 [Test worker] DEBUG o.s.b.f.annotation.InjectionMetadata - Registered injected element on class [org.springframework.boot.autoconfigure.web.WebMvcAutoConfiguration$WebMvcAutoConfigurationAdapter$$EnhancerBySpringCGLIB$$43965387]: AutowiredFieldElement for private org.springframework.beans.factory.ListableBeanFactory org.springframework.boot.autoconfigure.web.WebMvcAutoConfiguration$WebMvcAutoConfigurationAdapter.beanFactory
21:57:14.456 [Test worker] DEBUG o.s.b.f.annotation.InjectionMetadata - Registered injected element on class [org.springframework.boot.autoconfigure.web.WebMvcAutoConfiguration$WebMvcAutoConfigurationAdapter$$EnhancerBySpringCGLIB$$43965387]: AutowiredFieldElement for private org.springframework.boot.autoconfigure.web.HttpMessageConverters org.springframework.boot.autoconfigure.web.WebMvcAutoConfiguration$WebMvcAutoConfigurationAdapter.messageConverters
21:57:14.456 [Test worker] DEBUG o.s.b.f.annotation.InjectionMetadata - Registered injected element on class [org.springframework.boot.autoconfigure.web.WebMvcAutoConfiguration$WebMvcAutoConfigurationAdapter$$EnhancerBySpringCGLIB$$43965387]: AutowiredFieldElement for org.springframework.boot.autoconfigure.web.WebMvcAutoConfiguration$ResourceHandlerRegistrationCustomizer org.springframework.boot.autoconfigure.web.WebMvcAutoConfiguration$WebMvcAutoConfigurationAdapter.resourceHandlerRegistrationCustomizer
21:57:14.456 [Test worker] DEBUG o.s.b.f.s.DefaultListableBeanFactory - Eagerly caching bean 'org.springframework.boot.autoconfigure.web.WebMvcAutoConfiguration$WebMvcAutoConfigurationAdapter' to allow for resolving potential circular references
21:57:14.462 [Test worker] DEBUG o.s.b.f.annotation.InjectionMetadata - Processing injected element of bean 'org.springframework.boot.autoconfigure.web.WebMvcAutoConfiguration$WebMvcAutoConfigurationAdapter': AutowiredFieldElement for private org.springframework.boot.autoconfigure.web.ResourceProperties org.springframework.boot.autoconfigure.web.WebMvcAutoConfiguration$WebMvcAutoConfigurationAdapter.resourceProperties
21:57:14.463 [Test worker] DEBUG o.s.b.f.s.DefaultListableBeanFactory - Creating shared instance of singleton bean 'spring.resources.CONFIGURATION_PROPERTIES'
21:57:14.463 [Test worker] DEBUG o.s.b.f.s.DefaultListableBeanFactory - Creating instance of bean 'spring.resources.CONFIGURATION_PROPERTIES'
21:57:14.464 [Test worker] DEBUG o.s.b.f.s.DefaultListableBeanFactory - Eagerly caching bean 'spring.resources.CONFIGURATION_PROPERTIES' to allow for resolving potential circular references
21:57:14.468 [Test worker] DEBUG o.s.core.env.MutablePropertySources - Adding [systemProperties] PropertySource with lowest search precedence
21:57:14.468 [Test worker] DEBUG o.s.core.env.MutablePropertySources - Adding [systemEnvironment] PropertySource with lowest search precedence
21:57:14.468 [Test worker] DEBUG o.s.core.env.MutablePropertySources - Adding [random] PropertySource with lowest search precedence
21:57:14.468 [Test worker] DEBUG o.s.core.env.MutablePropertySources - Adding [integrationTest] PropertySource with lowest search precedence
21:57:14.468 [Test worker] DEBUG o.s.core.env.MutablePropertySources - Adding [applicationConfig: [classpath:/application.properties]] PropertySource with lowest search precedence
21:57:14.468 [Test worker] DEBUG o.s.core.env.MutablePropertySources - Adding [localProperties] PropertySource with lowest search precedence
21:57:14.474 [Test worker] DEBUG o.s.b.f.s.DefaultListableBeanFactory - Returning cached instance of singleton bean 'org.springframework.transaction.config.internalTransactionAdvisor'
21:57:14.475 [Test worker] DEBUG o.s.b.f.s.DefaultListableBeanFactory - Finished creating instance of bean 'spring.resources.CONFIGURATION_PROPERTIES'
21:57:14.475 [Test worker] DEBUG o.s.b.f.a.AutowiredAnnotationBeanPostProcessor - Autowiring by type from bean name 'org.springframework.boot.autoconfigure.web.WebMvcAutoConfiguration$WebMvcAutoConfigurationAdapter' to bean named 'spring.resources.CONFIGURATION_PROPERTIES'
21:57:14.475 [Test worker] DEBUG o.s.b.f.annotation.InjectionMetadata - Processing injected element of bean 'org.springframework.boot.autoconfigure.web.WebMvcAutoConfiguration$WebMvcAutoConfigurationAdapter': AutowiredFieldElement for private org.springframework.boot.autoconfigure.web.WebMvcProperties org.springframework.boot.autoconfigure.web.WebMvcAutoConfiguration$WebMvcAutoConfigurationAdapter.mvcProperties
21:57:14.476 [Test worker] DEBUG o.s.b.f.s.DefaultListableBeanFactory - Creating shared instance of singleton bean 'spring.mvc.CONFIGURATION_PROPERTIES'
21:57:14.476 [Test worker] DEBUG o.s.b.f.s.DefaultListableBeanFactory - Creating instance of bean 'spring.mvc.CONFIGURATION_PROPERTIES'
21:57:14.477 [Test worker] DEBUG o.s.b.f.s.DefaultListableBeanFactory - Eagerly caching bean 'spring.mvc.CONFIGURATION_PROPERTIES' to allow for resolving potential circular references
21:57:14.491 [Test worker] DEBUG o.s.core.env.MutablePropertySources - Adding [systemProperties] PropertySource with lowest search precedence
21:57:14.491 [Test worker] DEBUG o.s.core.env.MutablePropertySources - Adding [systemEnvironment] PropertySource with lowest search precedence
21:57:14.492 [Test worker] DEBUG o.s.core.env.MutablePropertySources - Adding [random] PropertySource with lowest search precedence
21:57:14.492 [Test worker] DEBUG o.s.core.env.MutablePropertySources - Adding [integrationTest] PropertySource with lowest search precedence
21:57:14.492 [Test worker] DEBUG o.s.core.env.MutablePropertySources - Adding [applicationConfig: [classpath:/application.properties]] PropertySource with lowest search precedence
21:57:14.492 [Test worker] DEBUG o.s.core.env.MutablePropertySources - Adding [localProperties] PropertySource with lowest search precedence
21:57:14.504 [Test worker] DEBUG o.s.b.f.s.DefaultListableBeanFactory - Returning cached instance of singleton bean 'org.springframework.transaction.config.internalTransactionAdvisor'
21:57:14.505 [Test worker] DEBUG o.s.b.f.s.DefaultListableBeanFactory - Finished creating instance of bean 'spring.mvc.CONFIGURATION_PROPERTIES'
21:57:14.505 [Test worker] DEBUG o.s.b.f.a.AutowiredAnnotationBeanPostProcessor - Autowiring by type from bean name 'org.springframework.boot.autoconfigure.web.WebMvcAutoConfiguration$WebMvcAutoConfigurationAdapter' to bean named 'spring.mvc.CONFIGURATION_PROPERTIES'
21:57:14.505 [Test worker] DEBUG o.s.b.f.annotation.InjectionMetadata - Processing injected element of bean 'org.springframework.boot.autoconfigure.web.WebMvcAutoConfiguration$WebMvcAutoConfigurationAdapter': AutowiredFieldElement for private org.springframework.beans.factory.ListableBeanFactory org.springframework.boot.autoconfigure.web.WebMvcAutoConfiguration$WebMvcAutoConfigurationAdapter.beanFactory
21:57:14.506 [Test worker] DEBUG o.s.b.f.a.AutowiredAnnotationBeanPostProcessor - Autowiring by type from bean name 'org.springframework.boot.autoconfigure.web.WebMvcAutoConfiguration$WebMvcAutoConfigurationAdapter' to bean named 'org.springframework.beans.factory.support.DefaultListableBeanFactory@5366bc48'
21:57:14.506 [Test worker] DEBUG o.s.b.f.annotation.InjectionMetadata - Processing injected element of bean 'org.springframework.boot.autoconfigure.web.WebMvcAutoConfiguration$WebMvcAutoConfigurationAdapter': AutowiredFieldElement for private org.springframework.boot.autoconfigure.web.HttpMessageConverters org.springframework.boot.autoconfigure.web.WebMvcAutoConfiguration$WebMvcAutoConfigurationAdapter.messageConverters
21:57:14.506 [Test worker] DEBUG o.s.b.f.s.DefaultListableBeanFactory - Creating shared instance of singleton bean 'messageConverters'
21:57:14.506 [Test worker] DEBUG o.s.b.f.s.DefaultListableBeanFactory - Creating instance of bean 'messageConverters'
21:57:14.509 [Test worker] DEBUG o.s.b.f.s.DefaultListableBeanFactory - Creating shared instance of singleton bean 'org.springframework.boot.autoconfigure.web.HttpMessageConvertersAutoConfiguration'
21:57:14.510 [Test worker] DEBUG o.s.b.f.s.DefaultListableBeanFactory - Creating instance of bean 'org.springframework.boot.autoconfigure.web.HttpMessageConvertersAutoConfiguration'
21:57:14.511 [Test worker] DEBUG o.s.b.f.annotation.InjectionMetadata - Registered injected element on class [org.springframework.boot.autoconfigure.web.HttpMessageConvertersAutoConfiguration$$EnhancerBySpringCGLIB$$80c0deb]: AutowiredFieldElement for private final java.util.List org.springframework.boot.autoconfigure.web.HttpMessageConvertersAutoConfiguration.converters
21:57:14.511 [Test worker] DEBUG o.s.b.f.s.DefaultListableBeanFactory - Eagerly caching bean 'org.springframework.boot.autoconfigure.web.HttpMessageConvertersAutoConfiguration' to allow for resolving potential circular references
21:57:14.515 [Test worker] DEBUG o.s.b.f.annotation.InjectionMetadata - Processing injected element of bean 'org.springframework.boot.autoconfigure.web.HttpMessageConvertersAutoConfiguration': AutowiredFieldElement for private final java.util.List org.springframework.boot.autoconfigure.web.HttpMessageConvertersAutoConfiguration.converters
21:57:14.519 [Test worker] DEBUG o.s.b.f.s.DefaultListableBeanFactory - Creating shared instance of singleton bean 'stringHttpMessageConverter'
21:57:14.519 [Test worker] DEBUG o.s.b.f.s.DefaultListableBeanFactory - Creating instance of bean 'stringHttpMessageConverter'
21:57:14.519 [Test worker] DEBUG o.s.b.f.s.DefaultListableBeanFactory - Creating shared instance of singleton bean 'org.springframework.boot.autoconfigure.web.HttpMessageConvertersAutoConfiguration$StringHttpMessageConverterConfiguration'
21:57:14.519 [Test worker] DEBUG o.s.b.f.s.DefaultListableBeanFactory - Creating instance of bean 'org.springframework.boot.autoconfigure.web.HttpMessageConvertersAutoConfiguration$StringHttpMessageConverterConfiguration'
21:57:14.520 [Test worker] DEBUG o.s.b.f.annotation.InjectionMetadata - Registered injected element on class [org.springframework.boot.autoconfigure.web.HttpMessageConvertersAutoConfiguration$StringHttpMessageConverterConfiguration$$EnhancerBySpringCGLIB$$2315448b]: AutowiredFieldElement for private org.springframework.boot.autoconfigure.web.HttpEncodingProperties org.springframework.boot.autoconfigure.web.HttpMessageConvertersAutoConfiguration$StringHttpMessageConverterConfiguration.encodingProperties
21:57:14.520 [Test worker] DEBUG o.s.b.f.s.DefaultListableBeanFactory - Eagerly caching bean 'org.springframework.boot.autoconfigure.web.HttpMessageConvertersAutoConfiguration$StringHttpMessageConverterConfiguration' to allow for resolving potential circular references
21:57:14.528 [Test worker] DEBUG o.s.b.f.annotation.InjectionMetadata - Processing injected element of bean 'org.springframework.boot.autoconfigure.web.HttpMessageConvertersAutoConfiguration$StringHttpMessageConverterConfiguration': AutowiredFieldElement for private org.springframework.boot.autoconfigure.web.HttpEncodingProperties org.springframework.boot.autoconfigure.web.HttpMessageConvertersAutoConfiguration$StringHttpMessageConverterConfiguration.encodingProperties
21:57:14.529 [Test worker] DEBUG o.s.b.f.s.DefaultListableBeanFactory - Creating shared instance of singleton bean 'spring.http.encoding.CONFIGURATION_PROPERTIES'
21:57:14.529 [Test worker] DEBUG o.s.b.f.s.DefaultListableBeanFactory - Creating instance of bean 'spring.http.encoding.CONFIGURATION_PROPERTIES'
21:57:14.530 [Test worker] DEBUG o.s.b.f.s.DefaultListableBeanFactory - Eagerly caching bean 'spring.http.encoding.CONFIGURATION_PROPERTIES' to allow for resolving potential circular references
21:57:14.532 [Test worker] DEBUG o.s.core.env.MutablePropertySources - Adding [systemProperties] PropertySource with lowest search precedence
21:57:14.532 [Test worker] DEBUG o.s.core.env.MutablePropertySources - Adding [systemEnvironment] PropertySource with lowest search precedence
21:57:14.533 [Test worker] DEBUG o.s.core.env.MutablePropertySources - Adding [random] PropertySource with lowest search precedence
21:57:14.533 [Test worker] DEBUG o.s.core.env.MutablePropertySources - Adding [integrationTest] PropertySource with lowest search precedence
21:57:14.533 [Test worker] DEBUG o.s.core.env.MutablePropertySources - Adding [applicationConfig: [classpath:/application.properties]] PropertySource with lowest search precedence
21:57:14.533 [Test worker] DEBUG o.s.core.env.MutablePropertySources - Adding [localProperties] PropertySource with lowest search precedence
21:57:14.549 [Test worker] DEBUG o.s.b.f.s.DefaultListableBeanFactory - Returning cached instance of singleton bean 'org.springframework.transaction.config.internalTransactionAdvisor'
21:57:14.549 [Test worker] DEBUG o.s.b.f.s.DefaultListableBeanFactory - Finished creating instance of bean 'spring.http.encoding.CONFIGURATION_PROPERTIES'
21:57:14.549 [Test worker] DEBUG o.s.b.f.a.AutowiredAnnotationBeanPostProcessor - Autowiring by type from bean name 'org.springframework.boot.autoconfigure.web.HttpMessageConvertersAutoConfiguration$StringHttpMessageConverterConfiguration' to bean named 'spring.http.encoding.CONFIGURATION_PROPERTIES'
21:57:14.550 [Test worker] DEBUG o.s.b.f.s.DefaultListableBeanFactory - Returning cached instance of singleton bean 'org.springframework.transaction.config.internalTransactionAdvisor'
21:57:14.551 [Test worker] DEBUG o.s.b.f.s.DefaultListableBeanFactory - Finished creating instance of bean 'org.springframework.boot.autoconfigure.web.HttpMessageConvertersAutoConfiguration$StringHttpMessageConverterConfiguration'
21:57:14.586 [Test worker] DEBUG o.s.b.f.s.DefaultListableBeanFactory - Eagerly caching bean 'stringHttpMessageConverter' to allow for resolving potential circular references
21:57:14.614 [Test worker] DEBUG o.s.b.f.s.DefaultListableBeanFactory - Returning cached instance of singleton bean 'org.springframework.transaction.config.internalTransactionAdvisor'
21:57:14.615 [Test worker] DEBUG o.s.b.f.s.DefaultListableBeanFactory - Finished creating instance of bean 'stringHttpMessageConverter'
21:57:14.616 [Test worker] DEBUG o.s.b.f.s.DefaultListableBeanFactory - Creating shared instance of singleton bean 'mappingJackson2HttpMessageConverter'
21:57:14.616 [Test worker] DEBUG o.s.b.f.s.DefaultListableBeanFactory - Creating instance of bean 'mappingJackson2HttpMessageConverter'
21:57:14.616 [Test worker] DEBUG o.s.b.f.s.DefaultListableBeanFactory - Creating shared instance of singleton bean 'org.springframework.boot.autoconfigure.web.JacksonHttpMessageConvertersConfiguration$MappingJackson2HttpMessageConverterConfiguration'
21:57:14.616 [Test worker] DEBUG o.s.b.f.s.DefaultListableBeanFactory - Creating instance of bean 'org.springframework.boot.autoconfigure.web.JacksonHttpMessageConvertersConfiguration$MappingJackson2HttpMessageConverterConfiguration'
21:57:14.617 [Test worker] DEBUG o.s.b.f.s.DefaultListableBeanFactory - Eagerly caching bean 'org.springframework.boot.autoconfigure.web.JacksonHttpMessageConvertersConfiguration$MappingJackson2HttpMessageConverterConfiguration' to allow for resolving potential circular references
21:57:14.623 [Test worker] DEBUG o.s.b.f.s.DefaultListableBeanFactory - Returning cached instance of singleton bean 'org.springframework.transaction.config.internalTransactionAdvisor'
21:57:14.624 [Test worker] DEBUG o.s.b.f.s.DefaultListableBeanFactory - Finished creating instance of bean 'org.springframework.boot.autoconfigure.web.JacksonHttpMessageConvertersConfiguration$MappingJackson2HttpMessageConverterConfiguration'
21:57:14.626 [Test worker] DEBUG o.s.b.f.s.DefaultListableBeanFactory - Creating shared instance of singleton bean 'jacksonObjectMapper'
21:57:14.626 [Test worker] DEBUG o.s.b.f.s.DefaultListableBeanFactory - Creating instance of bean 'jacksonObjectMapper'
21:57:14.627 [Test worker] DEBUG o.s.b.f.s.DefaultListableBeanFactory - Creating shared instance of singleton bean 'org.springframework.boot.autoconfigure.jackson.JacksonAutoConfiguration$JacksonObjectMapperConfiguration'
21:57:14.627 [Test worker] DEBUG o.s.b.f.s.DefaultListableBeanFactory - Creating instance of bean 'org.springframework.boot.autoconfigure.jackson.JacksonAutoConfiguration$JacksonObjectMapperConfiguration'
21:57:14.627 [Test worker] DEBUG o.s.b.f.s.DefaultListableBeanFactory - Eagerly caching bean 'org.springframework.boot.autoconfigure.jackson.JacksonAutoConfiguration$JacksonObjectMapperConfiguration' to allow for resolving potential circular references
21:57:14.632 [Test worker] DEBUG o.s.b.f.s.DefaultListableBeanFactory - Returning cached instance of singleton bean 'org.springframework.transaction.config.internalTransactionAdvisor'
21:57:14.634 [Test worker] DEBUG o.s.b.f.s.DefaultListableBeanFactory - Finished creating instance of bean 'org.springframework.boot.autoconfigure.jackson.JacksonAutoConfiguration$JacksonObjectMapperConfiguration'
21:57:14.637 [Test worker] DEBUG o.s.b.f.s.DefaultListableBeanFactory - Creating shared instance of singleton bean 'jacksonObjectMapperBuilder'
21:57:14.637 [Test worker] DEBUG o.s.b.f.s.DefaultListableBeanFactory - Creating instance of bean 'jacksonObjectMapperBuilder'
21:57:14.637 [Test worker] DEBUG o.s.b.f.s.DefaultListableBeanFactory - Creating shared instance of singleton bean 'org.springframework.boot.autoconfigure.jackson.JacksonAutoConfiguration$JacksonObjectMapperBuilderConfiguration'
21:57:14.637 [Test worker] DEBUG o.s.b.f.s.DefaultListableBeanFactory - Creating instance of bean 'org.springframework.boot.autoconfigure.jackson.JacksonAutoConfiguration$JacksonObjectMapperBuilderConfiguration'
21:57:14.647 [Test worker] DEBUG o.s.b.f.annotation.InjectionMetadata - Registered injected element on class [org.springframework.boot.autoconfigure.jackson.JacksonAutoConfiguration$JacksonObjectMapperBuilderConfiguration$$EnhancerBySpringCGLIB$$62b98ff5]: AutowiredFieldElement for private org.springframework.context.ApplicationContext org.springframework.boot.autoconfigure.jackson.JacksonAutoConfiguration$JacksonObjectMapperBuilderConfiguration.applicationContext
21:57:14.647 [Test worker] DEBUG o.s.b.f.annotation.InjectionMetadata - Registered injected element on class [org.springframework.boot.autoconfigure.jackson.JacksonAutoConfiguration$JacksonObjectMapperBuilderConfiguration$$EnhancerBySpringCGLIB$$62b98ff5]: AutowiredFieldElement for private org.springframework.boot.autoconfigure.jackson.JacksonProperties org.springframework.boot.autoconfigure.jackson.JacksonAutoConfiguration$JacksonObjectMapperBuilderConfiguration.jacksonProperties
21:57:14.647 [Test worker] DEBUG o.s.b.f.s.DefaultListableBeanFactory - Eagerly caching bean 'org.springframework.boot.autoconfigure.jackson.JacksonAutoConfiguration$JacksonObjectMapperBuilderConfiguration' to allow for resolving potential circular references
21:57:14.651 [Test worker] DEBUG o.s.b.f.annotation.InjectionMetadata - Processing injected element of bean 'org.springframework.boot.autoconfigure.jackson.JacksonAutoConfiguration$JacksonObjectMapperBuilderConfiguration': AutowiredFieldElement for private org.springframework.context.ApplicationContext org.springframework.boot.autoconfigure.jackson.JacksonAutoConfiguration$JacksonObjectMapperBuilderConfiguration.applicationContext
21:57:14.652 [Test worker] DEBUG o.s.b.f.a.AutowiredAnnotationBeanPostProcessor - Autowiring by type from bean name 'org.springframework.boot.autoconfigure.jackson.JacksonAutoConfiguration$JacksonObjectMapperBuilderConfiguration' to bean named 'org.springframework.web.context.support.GenericWebApplicationContext@2a88404d'
21:57:14.652 [Test worker] DEBUG o.s.b.f.annotation.InjectionMetadata - Processing injected element of bean 'org.springframework.boot.autoconfigure.jackson.JacksonAutoConfiguration$JacksonObjectMapperBuilderConfiguration': AutowiredFieldElement for private org.springframework.boot.autoconfigure.jackson.JacksonProperties org.springframework.boot.autoconfigure.jackson.JacksonAutoConfiguration$JacksonObjectMapperBuilderConfiguration.jacksonProperties
21:57:14.653 [Test worker] DEBUG o.s.b.f.s.DefaultListableBeanFactory - Creating shared instance of singleton bean 'spring.jackson.CONFIGURATION_PROPERTIES'
21:57:14.653 [Test worker] DEBUG o.s.b.f.s.DefaultListableBeanFactory - Creating instance of bean 'spring.jackson.CONFIGURATION_PROPERTIES'
21:57:14.656 [Test worker] DEBUG o.s.b.f.s.DefaultListableBeanFactory - Eagerly caching bean 'spring.jackson.CONFIGURATION_PROPERTIES' to allow for resolving potential circular references
21:57:14.663 [Test worker] DEBUG o.s.core.env.MutablePropertySources - Adding [systemProperties] PropertySource with lowest search precedence
21:57:14.665 [Test worker] DEBUG o.s.core.env.MutablePropertySources - Adding [systemEnvironment] PropertySource with lowest search precedence
21:57:14.665 [Test worker] DEBUG o.s.core.env.MutablePropertySources - Adding [random] PropertySource with lowest search precedence
21:57:14.665 [Test worker] DEBUG o.s.core.env.MutablePropertySources - Adding [integrationTest] PropertySource with lowest search precedence
21:57:14.665 [Test worker] DEBUG o.s.core.env.MutablePropertySources - Adding [applicationConfig: [classpath:/application.properties]] PropertySource with lowest search precedence
21:57:14.665 [Test worker] DEBUG o.s.core.env.MutablePropertySources - Adding [localProperties] PropertySource with lowest search precedence
21:57:14.678 [Test worker] DEBUG o.s.b.f.s.DefaultListableBeanFactory - Returning cached instance of singleton bean 'org.springframework.transaction.config.internalTransactionAdvisor'
21:57:14.679 [Test worker] DEBUG o.s.b.f.s.DefaultListableBeanFactory - Finished creating instance of bean 'spring.jackson.CONFIGURATION_PROPERTIES'
21:57:14.679 [Test worker] DEBUG o.s.b.f.a.AutowiredAnnotationBeanPostProcessor - Autowiring by type from bean name 'org.springframework.boot.autoconfigure.jackson.JacksonAutoConfiguration$JacksonObjectMapperBuilderConfiguration' to bean named 'spring.jackson.CONFIGURATION_PROPERTIES'
21:57:14.680 [Test worker] DEBUG o.s.b.f.s.DefaultListableBeanFactory - Returning cached instance of singleton bean 'org.springframework.transaction.config.internalTransactionAdvisor'
21:57:14.680 [Test worker] DEBUG o.s.b.f.s.DefaultListableBeanFactory - Finished creating instance of bean 'org.springframework.boot.autoconfigure.jackson.JacksonAutoConfiguration$JacksonObjectMapperBuilderConfiguration'
21:57:14.725 [Test worker] DEBUG o.s.b.f.s.DefaultListableBeanFactory - Eagerly caching bean 'jacksonObjectMapperBuilder' to allow for resolving potential circular references
21:57:14.729 [Test worker] DEBUG o.s.b.f.s.DefaultListableBeanFactory - Returning cached instance of singleton bean 'org.springframework.transaction.config.internalTransactionAdvisor'
21:57:14.730 [Test worker] DEBUG o.s.b.f.s.DefaultListableBeanFactory - Finished creating instance of bean 'jacksonObjectMapperBuilder'
21:57:14.730 [Test worker] DEBUG o.s.b.f.s.DefaultListableBeanFactory - Autowiring by type from bean name 'jacksonObjectMapper' via factory method to bean named 'jacksonObjectMapperBuilder'
21:57:14.750 [Test worker] DEBUG o.s.b.f.s.DefaultListableBeanFactory - Eagerly caching bean 'jacksonObjectMapper' to allow for resolving potential circular references
21:57:14.778 [Test worker] DEBUG o.s.b.f.s.DefaultListableBeanFactory - Returning cached instance of singleton bean 'org.springframework.transaction.config.internalTransactionAdvisor'
21:57:14.782 [Test worker] DEBUG o.s.b.f.s.DefaultListableBeanFactory - Finished creating instance of bean 'jacksonObjectMapper'
21:57:14.782 [Test worker] DEBUG o.s.b.f.s.DefaultListableBeanFactory - Autowiring by type from bean name 'mappingJackson2HttpMessageConverter' via factory method to bean named 'jacksonObjectMapper'
21:57:14.798 [Test worker] DEBUG o.s.b.f.s.DefaultListableBeanFactory - Eagerly caching bean 'mappingJackson2HttpMessageConverter' to allow for resolving potential circular references
21:57:14.807 [Test worker] DEBUG o.s.b.f.s.DefaultListableBeanFactory - Returning cached instance of singleton bean 'org.springframework.transaction.config.internalTransactionAdvisor'
21:57:14.807 [Test worker] DEBUG o.s.b.f.s.DefaultListableBeanFactory - Finished creating instance of bean 'mappingJackson2HttpMessageConverter'
21:57:14.820 [Test worker] DEBUG o.s.b.f.a.AutowiredAnnotationBeanPostProcessor - Autowiring by type from bean name 'org.springframework.boot.autoconfigure.web.HttpMessageConvertersAutoConfiguration' to bean named 'stringHttpMessageConverter'
21:57:14.820 [Test worker] DEBUG o.s.b.f.a.AutowiredAnnotationBeanPostProcessor - Autowiring by type from bean name 'org.springframework.boot.autoconfigure.web.HttpMessageConvertersAutoConfiguration' to bean named 'mappingJackson2HttpMessageConverter'
21:57:14.822 [Test worker] DEBUG o.s.b.f.s.DefaultListableBeanFactory - Returning cached instance of singleton bean 'org.springframework.transaction.config.internalTransactionAdvisor'
21:57:14.823 [Test worker] DEBUG o.s.b.f.s.DefaultListableBeanFactory - Finished creating instance of bean 'org.springframework.boot.autoconfigure.web.HttpMessageConvertersAutoConfiguration'
21:57:14.856 [Test worker] DEBUG o.s.b.f.s.DefaultListableBeanFactory - Eagerly caching bean 'messageConverters' to allow for resolving potential circular references
21:57:14.858 [Test worker] DEBUG o.s.b.f.s.DefaultListableBeanFactory - Returning cached instance of singleton bean 'org.springframework.transaction.config.internalTransactionAdvisor'
21:57:14.859 [Test worker] DEBUG o.s.b.f.s.DefaultListableBeanFactory - Finished creating instance of bean 'messageConverters'
21:57:14.859 [Test worker] DEBUG o.s.b.f.a.AutowiredAnnotationBeanPostProcessor - Autowiring by type from bean name 'org.springframework.boot.autoconfigure.web.WebMvcAutoConfiguration$WebMvcAutoConfigurationAdapter' to bean named 'messageConverters'
21:57:14.859 [Test worker] DEBUG o.s.b.f.annotation.InjectionMetadata - Processing injected element of bean 'org.springframework.boot.autoconfigure.web.WebMvcAutoConfiguration$WebMvcAutoConfigurationAdapter': AutowiredFieldElement for org.springframework.boot.autoconfigure.web.WebMvcAutoConfiguration$ResourceHandlerRegistrationCustomizer org.springframework.boot.autoconfigure.web.WebMvcAutoConfiguration$WebMvcAutoConfigurationAdapter.resourceHandlerRegistrationCustomizer
21:57:14.860 [Test worker] DEBUG o.s.b.f.s.DefaultListableBeanFactory - Returning cached instance of singleton bean 'org.springframework.transaction.config.internalTransactionAdvisor'
21:57:14.863 [Test worker] DEBUG o.s.b.f.s.DefaultListableBeanFactory - Finished creating instance of bean 'org.springframework.boot.autoconfigure.web.WebMvcAutoConfiguration$WebMvcAutoConfigurationAdapter'
21:57:14.881 [Test worker] DEBUG o.s.w.c.s.StandardServletEnvironment - Adding [servletConfigInitParams] PropertySource with lowest search precedence
21:57:14.882 [Test worker] DEBUG o.s.w.c.s.StandardServletEnvironment - Adding [servletContextInitParams] PropertySource with lowest search precedence
21:57:14.922 [Test worker] DEBUG o.s.w.c.s.StandardServletEnvironment - Adding [systemProperties] PropertySource with lowest search precedence
21:57:14.923 [Test worker] DEBUG o.s.w.c.s.StandardServletEnvironment - Adding [systemEnvironment] PropertySource with lowest search precedence
21:57:14.923 [Test worker] DEBUG o.s.w.c.s.StandardServletEnvironment - Initialized StandardServletEnvironment with PropertySources [servletConfigInitParams,servletContextInitParams,systemProperties,systemEnvironment]
21:57:14.926 [Test worker] DEBUG o.s.b.f.s.DefaultListableBeanFactory - Eagerly caching bean 'requestContextFilter' to allow for resolving potential circular references
21:57:14.932 [Test worker] DEBUG o.s.b.f.s.DefaultListableBeanFactory - Invoking afterPropertiesSet() on bean with name 'requestContextFilter'
21:57:14.932 [Test worker] DEBUG o.s.b.f.s.DefaultListableBeanFactory - Returning cached instance of singleton bean 'org.springframework.transaction.config.internalTransactionAdvisor'
21:57:14.932 [Test worker] DEBUG o.s.b.f.s.DefaultListableBeanFactory - Finished creating instance of bean 'requestContextFilter'
21:57:14.932 [Test worker] DEBUG o.s.b.f.s.DefaultListableBeanFactory - Creating shared instance of singleton bean 'jerseyServletRegistration'
21:57:14.932 [Test worker] DEBUG o.s.b.f.s.DefaultListableBeanFactory - Creating instance of bean 'jerseyServletRegistration'
21:57:14.932 [Test worker] DEBUG o.s.b.f.s.DefaultListableBeanFactory - Returning cached instance of singleton bean 'org.springframework.boot.autoconfigure.jersey.JerseyAutoConfiguration'
21:57:14.963 [Test worker] DEBUG o.s.b.f.s.DefaultListableBeanFactory - Eagerly caching bean 'jerseyServletRegistration' to allow for resolving potential circular references
21:57:14.969 [Test worker] DEBUG o.s.b.f.s.DefaultListableBeanFactory - Returning cached instance of singleton bean 'org.springframework.transaction.config.internalTransactionAdvisor'
21:57:14.969 [Test worker] DEBUG o.s.b.f.s.DefaultListableBeanFactory - Finished creating instance of bean 'jerseyServletRegistration'
21:57:14.969 [Test worker] DEBUG o.s.b.f.s.DefaultListableBeanFactory - Returning cached instance of singleton bean 'spring.jersey.CONFIGURATION_PROPERTIES'
21:57:14.969 [Test worker] DEBUG o.s.b.f.s.DefaultListableBeanFactory - Returning cached instance of singleton bean 'org.springframework.boot.context.properties.ConfigurationPropertiesBindingPostProcessor'
21:57:14.969 [Test worker] DEBUG o.s.b.f.s.DefaultListableBeanFactory - Returning cached instance of singleton bean 'org.springframework.boot.context.properties.ConfigurationPropertiesBindingPostProcessor.store'
21:57:14.969 [Test worker] DEBUG o.s.b.f.s.DefaultListableBeanFactory - Creating shared instance of singleton bean 'org.springframework.boot.autoconfigure.websocket.WebSocketAutoConfiguration$TomcatWebSocketConfiguration'
21:57:14.969 [Test worker] DEBUG o.s.b.f.s.DefaultListableBeanFactory - Creating instance of bean 'org.springframework.boot.autoconfigure.websocket.WebSocketAutoConfiguration$TomcatWebSocketConfiguration'
21:57:14.971 [Test worker] DEBUG o.s.b.f.s.DefaultListableBeanFactory - Eagerly caching bean 'org.springframework.boot.autoconfigure.websocket.WebSocketAutoConfiguration$TomcatWebSocketConfiguration' to allow for resolving potential circular references
21:57:14.976 [Test worker] DEBUG o.s.b.f.s.DefaultListableBeanFactory - Returning cached instance of singleton bean 'org.springframework.transaction.config.internalTransactionAdvisor'
21:57:14.977 [Test worker] DEBUG o.s.b.f.s.DefaultListableBeanFactory - Finished creating instance of bean 'org.springframework.boot.autoconfigure.websocket.WebSocketAutoConfiguration$TomcatWebSocketConfiguration'
21:57:14.977 [Test worker] DEBUG o.s.b.f.s.DefaultListableBeanFactory - Creating shared instance of singleton bean 'websocketContainerCustomizer'
21:57:14.977 [Test worker] DEBUG o.s.b.f.s.DefaultListableBeanFactory - Creating instance of bean 'websocketContainerCustomizer'
21:57:14.977 [Test worker] DEBUG o.s.b.f.s.DefaultListableBeanFactory - Returning cached instance of singleton bean 'org.springframework.boot.autoconfigure.websocket.WebSocketAutoConfiguration$TomcatWebSocketConfiguration'
21:57:14.987 [Test worker] DEBUG o.s.b.f.s.DefaultListableBeanFactory - Eagerly caching bean 'websocketContainerCustomizer' to allow for resolving potential circular references
21:57:14.991 [Test worker] DEBUG o.s.b.f.s.DefaultListableBeanFactory - Returning cached instance of singleton bean 'org.springframework.transaction.config.internalTransactionAdvisor'
21:57:14.992 [Test worker] DEBUG o.s.b.f.s.DefaultListableBeanFactory - Finished creating instance of bean 'websocketContainerCustomizer'
21:57:14.992 [Test worker] DEBUG o.s.b.f.s.DefaultListableBeanFactory - Creating shared instance of singleton bean 'org.springframework.boot.autoconfigure.websocket.WebSocketAutoConfiguration'
21:57:14.992 [Test worker] DEBUG o.s.b.f.s.DefaultListableBeanFactory - Creating instance of bean 'org.springframework.boot.autoconfigure.websocket.WebSocketAutoConfiguration'
21:57:14.992 [Test worker] DEBUG o.s.b.f.s.DefaultListableBeanFactory - Eagerly caching bean 'org.springframework.boot.autoconfigure.websocket.WebSocketAutoConfiguration' to allow for resolving potential circular references
21:57:14.997 [Test worker] DEBUG o.s.b.f.s.DefaultListableBeanFactory - Returning cached instance of singleton bean 'org.springframework.transaction.config.internalTransactionAdvisor'
21:57:15.003 [Test worker] DEBUG o.s.b.f.s.DefaultListableBeanFactory - Finished creating instance of bean 'org.springframework.boot.autoconfigure.websocket.WebSocketAutoConfiguration'
21:57:15.003 [Test worker] DEBUG o.s.b.f.s.DefaultListableBeanFactory - Creating shared instance of singleton bean 'org.springframework.boot.autoconfigure.web.EmbeddedServletContainerAutoConfiguration$EmbeddedTomcat'
21:57:15.003 [Test worker] DEBUG o.s.b.f.s.DefaultListableBeanFactory - Creating instance of bean 'org.springframework.boot.autoconfigure.web.EmbeddedServletContainerAutoConfiguration$EmbeddedTomcat'
21:57:15.003 [Test worker] DEBUG o.s.b.f.s.DefaultListableBeanFactory - Eagerly caching bean 'org.springframework.boot.autoconfigure.web.EmbeddedServletContainerAutoConfiguration$EmbeddedTomcat' to allow for resolving potential circular references
21:57:15.007 [Test worker] DEBUG o.s.b.f.s.DefaultListableBeanFactory - Returning cached instance of singleton bean 'org.springframework.transaction.config.internalTransactionAdvisor'
21:57:15.012 [Test worker] DEBUG o.s.b.f.s.DefaultListableBeanFactory - Finished creating instance of bean 'org.springframework.boot.autoconfigure.web.EmbeddedServletContainerAutoConfiguration$EmbeddedTomcat'
21:57:15.012 [Test worker] DEBUG o.s.b.f.s.DefaultListableBeanFactory - Creating shared instance of singleton bean 'tomcatEmbeddedServletContainerFactory'
21:57:15.012 [Test worker] DEBUG o.s.b.f.s.DefaultListableBeanFactory - Creating instance of bean 'tomcatEmbeddedServletContainerFactory'
21:57:15.014 [Test worker] DEBUG o.s.b.f.s.DefaultListableBeanFactory - Returning cached instance of singleton bean 'org.springframework.boot.autoconfigure.web.EmbeddedServletContainerAutoConfiguration$EmbeddedTomcat'
21:57:15.048 [Test worker] DEBUG o.s.b.f.s.DefaultListableBeanFactory - Eagerly caching bean 'tomcatEmbeddedServletContainerFactory' to allow for resolving potential circular references
21:57:15.062 [Test worker] DEBUG o.s.b.f.s.DefaultListableBeanFactory - Returning cached instance of singleton bean 'websocketContainerCustomizer'
21:57:15.062 [Test worker] DEBUG o.s.b.f.s.DefaultListableBeanFactory - Creating shared instance of singleton bean 'errorPageCustomizer'
21:57:15.062 [Test worker] DEBUG o.s.b.f.s.DefaultListableBeanFactory - Creating instance of bean 'errorPageCustomizer'
21:57:15.063 [Test worker] DEBUG o.s.b.f.s.DefaultListableBeanFactory - Creating shared instance of singleton bean 'org.springframework.boot.autoconfigure.web.ErrorMvcAutoConfiguration'
21:57:15.063 [Test worker] DEBUG o.s.b.f.s.DefaultListableBeanFactory - Creating instance of bean 'org.springframework.boot.autoconfigure.web.ErrorMvcAutoConfiguration'
21:57:15.065 [Test worker] DEBUG o.s.b.f.annotation.InjectionMetadata - Registered injected element on class [org.springframework.boot.autoconfigure.web.ErrorMvcAutoConfiguration$$EnhancerBySpringCGLIB$$62e916ff]: AutowiredFieldElement for private org.springframework.boot.autoconfigure.web.ServerProperties org.springframework.boot.autoconfigure.web.ErrorMvcAutoConfiguration.properties
21:57:15.065 [Test worker] DEBUG o.s.b.f.s.DefaultListableBeanFactory - Eagerly caching bean 'org.springframework.boot.autoconfigure.web.ErrorMvcAutoConfiguration' to allow for resolving potential circular references
21:57:15.069 [Test worker] DEBUG o.s.b.f.annotation.InjectionMetadata - Processing injected element of bean 'org.springframework.boot.autoconfigure.web.ErrorMvcAutoConfiguration': AutowiredFieldElement for private org.springframework.boot.autoconfigure.web.ServerProperties org.springframework.boot.autoconfigure.web.ErrorMvcAutoConfiguration.properties
21:57:15.070 [Test worker] DEBUG o.s.b.f.s.DefaultListableBeanFactory - Creating shared instance of singleton bean 'serverProperties'
21:57:15.070 [Test worker] DEBUG o.s.b.f.s.DefaultListableBeanFactory - Creating instance of bean 'serverProperties'
21:57:15.071 [Test worker] DEBUG o.s.b.f.s.DefaultListableBeanFactory - Creating shared instance of singleton bean 'org.springframework.boot.autoconfigure.web.ServerPropertiesAutoConfiguration'
21:57:15.071 [Test worker] DEBUG o.s.b.f.s.DefaultListableBeanFactory - Creating instance of bean 'org.springframework.boot.autoconfigure.web.ServerPropertiesAutoConfiguration'
21:57:15.072 [Test worker] DEBUG o.s.b.f.s.DefaultListableBeanFactory - Eagerly caching bean 'org.springframework.boot.autoconfigure.web.ServerPropertiesAutoConfiguration' to allow for resolving potential circular references
21:57:15.080 [Test worker] DEBUG o.s.b.f.s.DefaultListableBeanFactory - Returning cached instance of singleton bean 'org.springframework.transaction.config.internalTransactionAdvisor'
21:57:15.081 [Test worker] DEBUG o.s.b.f.s.DefaultListableBeanFactory - Finished creating instance of bean 'org.springframework.boot.autoconfigure.web.ServerPropertiesAutoConfiguration'
21:57:15.111 [Test worker] DEBUG o.s.b.f.s.DefaultListableBeanFactory - Eagerly caching bean 'serverProperties' to allow for resolving potential circular references
21:57:15.121 [Test worker] DEBUG o.s.core.env.MutablePropertySources - Adding [systemProperties] PropertySource with lowest search precedence
21:57:15.121 [Test worker] DEBUG o.s.core.env.MutablePropertySources - Adding [systemEnvironment] PropertySource with lowest search precedence
21:57:15.121 [Test worker] DEBUG o.s.core.env.MutablePropertySources - Adding [random] PropertySource with lowest search precedence
21:57:15.121 [Test worker] DEBUG o.s.core.env.MutablePropertySources - Adding [integrationTest] PropertySource with lowest search precedence
21:57:15.121 [Test worker] DEBUG o.s.core.env.MutablePropertySources - Adding [applicationConfig: [classpath:/application.properties]] PropertySource with lowest search precedence
21:57:15.121 [Test worker] DEBUG o.s.core.env.MutablePropertySources - Adding [localProperties] PropertySource with lowest search precedence
21:57:15.122 [Test worker] DEBUG o.s.core.env.MutablePropertySources - Adding [systemProperties] PropertySource with lowest search precedence
21:57:15.122 [Test worker] DEBUG o.s.core.env.MutablePropertySources - Adding [systemEnvironment] PropertySource with lowest search precedence
21:57:15.122 [Test worker] DEBUG o.s.core.env.MutablePropertySources - Adding [random] PropertySource with lowest search precedence
21:57:15.122 [Test worker] DEBUG o.s.core.env.MutablePropertySources - Adding [integrationTest] PropertySource with lowest search precedence
21:57:15.122 [Test worker] DEBUG o.s.core.env.MutablePropertySources - Adding [applicationConfig: [classpath:/application.properties]] PropertySource with lowest search precedence
21:57:15.122 [Test worker] DEBUG o.s.core.env.MutablePropertySources - Adding [localProperties] PropertySource with lowest search precedence
21:57:15.122 [Test worker] DEBUG o.s.c.e.PropertySourcesPropertyResolver - Searching for key 'server.port' in [systemProperties]
21:57:15.122 [Test worker] DEBUG o.s.c.e.PropertySourcesPropertyResolver - Searching for key 'server.port' in [systemEnvironment]
21:57:15.122 [Test worker] DEBUG o.s.c.e.PropertySourcesPropertyResolver - Searching for key 'server.port' in [random]
21:57:15.122 [Test worker] DEBUG o.s.c.e.PropertySourcesPropertyResolver - Searching for key 'server.port' in [integrationTest]
21:57:15.122 [Test worker] DEBUG o.s.c.e.PropertySourcesPropertyResolver - Found key 'server.port' in [integrationTest] with type [String] and value '-1'
21:57:15.124 [Test worker] DEBUG o.s.core.env.MutablePropertySources - Adding [systemProperties] PropertySource with lowest search precedence
21:57:15.124 [Test worker] DEBUG o.s.core.env.MutablePropertySources - Adding [systemEnvironment] PropertySource with lowest search precedence
21:57:15.124 [Test worker] DEBUG o.s.core.env.MutablePropertySources - Adding [random] PropertySource with lowest search precedence
21:57:15.124 [Test worker] DEBUG o.s.core.env.MutablePropertySources - Adding [integrationTest] PropertySource with lowest search precedence
21:57:15.124 [Test worker] DEBUG o.s.core.env.MutablePropertySources - Adding [applicationConfig: [classpath:/application.properties]] PropertySource with lowest search precedence
21:57:15.124 [Test worker] DEBUG o.s.core.env.MutablePropertySources - Adding [localProperties] PropertySource with lowest search precedence
21:57:15.124 [Test worker] DEBUG o.s.c.e.PropertySourcesPropertyResolver - Searching for key 'server.port' in [systemProperties]
21:57:15.124 [Test worker] DEBUG o.s.c.e.PropertySourcesPropertyResolver - Searching for key 'server.port' in [systemEnvironment]
21:57:15.124 [Test worker] DEBUG o.s.c.e.PropertySourcesPropertyResolver - Searching for key 'server.port' in [random]
21:57:15.124 [Test worker] DEBUG o.s.c.e.PropertySourcesPropertyResolver - Searching for key 'server.port' in [integrationTest]
21:57:15.124 [Test worker] DEBUG o.s.c.e.PropertySourcesPropertyResolver - Found key 'server.port' in [integrationTest] with type [String] and value '-1'
21:57:15.207 [Test worker] DEBUG o.s.b.f.s.DefaultListableBeanFactory - Creating instance of bean 'org.hibernate.validator.internal.constraintvalidators.bv.NotNullValidator'
21:57:15.209 [Test worker] DEBUG o.s.b.f.s.DefaultListableBeanFactory - Returning cached instance of singleton bean 'org.springframework.transaction.config.internalTransactionAdvisor'
21:57:15.210 [Test worker] DEBUG o.s.b.f.s.DefaultListableBeanFactory - Finished creating instance of bean 'org.hibernate.validator.internal.constraintvalidators.bv.NotNullValidator'
21:57:15.215 [Test worker] DEBUG o.s.b.f.s.DefaultListableBeanFactory - Returning cached instance of singleton bean 'org.springframework.transaction.config.internalTransactionAdvisor'
21:57:15.216 [Test worker] DEBUG o.s.b.f.s.DefaultListableBeanFactory - Finished creating instance of bean 'serverProperties'
21:57:15.216 [Test worker] DEBUG o.s.b.f.a.AutowiredAnnotationBeanPostProcessor - Autowiring by type from bean name 'org.springframework.boot.autoconfigure.web.ErrorMvcAutoConfiguration' to bean named 'serverProperties'
21:57:15.216 [Test worker] DEBUG o.s.b.f.s.DefaultListableBeanFactory - Returning cached instance of singleton bean 'org.springframework.transaction.config.internalTransactionAdvisor'
21:57:15.217 [Test worker] DEBUG o.s.b.f.s.DefaultListableBeanFactory - Finished creating instance of bean 'org.springframework.boot.autoconfigure.web.ErrorMvcAutoConfiguration'
21:57:15.225 [Test worker] DEBUG o.s.b.f.s.DefaultListableBeanFactory - Eagerly caching bean 'errorPageCustomizer' to allow for resolving potential circular references
21:57:15.227 [Test worker] DEBUG o.s.b.f.s.DefaultListableBeanFactory - Returning cached instance of singleton bean 'org.springframework.transaction.config.internalTransactionAdvisor'
21:57:15.228 [Test worker] DEBUG o.s.b.f.s.DefaultListableBeanFactory - Finished creating instance of bean 'errorPageCustomizer'
21:57:15.228 [Test worker] DEBUG o.s.b.f.s.DefaultListableBeanFactory - Returning cached instance of singleton bean 'serverProperties'
21:57:15.228 [Test worker] DEBUG o.s.b.f.s.DefaultListableBeanFactory - Creating shared instance of singleton bean 'duplicateServerPropertiesDetector'
21:57:15.228 [Test worker] DEBUG o.s.b.f.s.DefaultListableBeanFactory - Creating instance of bean 'duplicateServerPropertiesDetector'
21:57:15.228 [Test worker] DEBUG o.s.b.f.s.DefaultListableBeanFactory - Returning cached instance of singleton bean 'org.springframework.boot.autoconfigure.web.ServerPropertiesAutoConfiguration'
21:57:15.229 [Test worker] DEBUG o.s.b.f.s.DefaultListableBeanFactory - Eagerly caching bean 'duplicateServerPropertiesDetector' to allow for resolving potential circular references
21:57:15.231 [Test worker] DEBUG o.s.b.f.s.DefaultListableBeanFactory - Returning cached instance of singleton bean 'org.springframework.transaction.config.internalTransactionAdvisor'
21:57:15.231 [Test worker] DEBUG o.s.b.f.s.DefaultListableBeanFactory - Finished creating instance of bean 'duplicateServerPropertiesDetector'
21:57:15.236 [Test worker] DEBUG o.s.b.f.s.DefaultListableBeanFactory - Returning cached instance of singleton bean 'org.springframework.transaction.config.internalTransactionAdvisor'
21:57:15.237 [Test worker] DEBUG o.s.b.f.s.DefaultListableBeanFactory - Finished creating instance of bean 'tomcatEmbeddedServletContainerFactory'
21:57:15.237 [Test worker] DEBUG o.s.b.f.s.DefaultListableBeanFactory - Creating shared instance of singleton bean 'org.springframework.boot.autoconfigure.web.EmbeddedServletContainerAutoConfiguration'
21:57:15.237 [Test worker] DEBUG o.s.b.f.s.DefaultListableBeanFactory - Creating instance of bean 'org.springframework.boot.autoconfigure.web.EmbeddedServletContainerAutoConfiguration'
21:57:15.238 [Test worker] DEBUG o.s.b.f.s.DefaultListableBeanFactory - Eagerly caching bean 'org.springframework.boot.autoconfigure.web.EmbeddedServletContainerAutoConfiguration' to allow for resolving potential circular references
21:57:15.241 [Test worker] DEBUG o.s.b.f.s.DefaultListableBeanFactory - Returning cached instance of singleton bean 'org.springframework.transaction.config.internalTransactionAdvisor'
21:57:15.241 [Test worker] DEBUG o.s.b.f.s.DefaultListableBeanFactory - Finished creating instance of bean 'org.springframework.boot.autoconfigure.web.EmbeddedServletContainerAutoConfiguration'
21:57:15.242 [Test worker] DEBUG o.s.b.f.s.DefaultListableBeanFactory - Returning cached instance of singleton bean 'embeddedServletContainerCustomizerBeanPostProcessor'
21:57:15.242 [Test worker] DEBUG o.s.b.f.s.DefaultListableBeanFactory - Creating shared instance of singleton bean 'org.springframework.boot.autoconfigure.web.DispatcherServletAutoConfiguration$DispatcherServletConfiguration'
21:57:15.242 [Test worker] DEBUG o.s.b.f.s.DefaultListableBeanFactory - Creating instance of bean 'org.springframework.boot.autoconfigure.web.DispatcherServletAutoConfiguration$DispatcherServletConfiguration'
21:57:15.242 [Test worker] DEBUG o.s.b.f.annotation.InjectionMetadata - Registered injected element on class [org.springframework.boot.autoconfigure.web.DispatcherServletAutoConfiguration$DispatcherServletConfiguration$$EnhancerBySpringCGLIB$$e042689d]: AutowiredFieldElement for private org.springframework.boot.autoconfigure.web.ServerProperties org.springframework.boot.autoconfigure.web.DispatcherServletAutoConfiguration$DispatcherServletConfiguration.server
21:57:15.242 [Test worker] DEBUG o.s.b.f.annotation.InjectionMetadata - Registered injected element on class [org.springframework.boot.autoconfigure.web.DispatcherServletAutoConfiguration$DispatcherServletConfiguration$$EnhancerBySpringCGLIB$$e042689d]: AutowiredFieldElement for private org.springframework.boot.autoconfigure.web.WebMvcProperties org.springframework.boot.autoconfigure.web.DispatcherServletAutoConfiguration$DispatcherServletConfiguration.webMvcProperties
21:57:15.242 [Test worker] DEBUG o.s.b.f.annotation.InjectionMetadata - Registered injected element on class [org.springframework.boot.autoconfigure.web.DispatcherServletAutoConfiguration$DispatcherServletConfiguration$$EnhancerBySpringCGLIB$$e042689d]: AutowiredFieldElement for private javax.servlet.MultipartConfigElement org.springframework.boot.autoconfigure.web.DispatcherServletAutoConfiguration$DispatcherServletConfiguration.multipartConfig
21:57:15.242 [Test worker] DEBUG o.s.b.f.s.DefaultListableBeanFactory - Eagerly caching bean 'org.springframework.boot.autoconfigure.web.DispatcherServletAutoConfiguration$DispatcherServletConfiguration' to allow for resolving potential circular references
21:57:15.246 [Test worker] DEBUG o.s.b.f.annotation.InjectionMetadata - Processing injected element of bean 'org.springframework.boot.autoconfigure.web.DispatcherServletAutoConfiguration$DispatcherServletConfiguration': AutowiredFieldElement for private org.springframework.boot.autoconfigure.web.ServerProperties org.springframework.boot.autoconfigure.web.DispatcherServletAutoConfiguration$DispatcherServletConfiguration.server
21:57:15.246 [Test worker] DEBUG o.s.b.f.s.DefaultListableBeanFactory - Returning cached instance of singleton bean 'serverProperties'
21:57:15.246 [Test worker] DEBUG o.s.b.f.a.AutowiredAnnotationBeanPostProcessor - Autowiring by type from bean name 'org.springframework.boot.autoconfigure.web.DispatcherServletAutoConfiguration$DispatcherServletConfiguration' to bean named 'serverProperties'
21:57:15.247 [Test worker] DEBUG o.s.b.f.annotation.InjectionMetadata - Processing injected element of bean 'org.springframework.boot.autoconfigure.web.DispatcherServletAutoConfiguration$DispatcherServletConfiguration': AutowiredFieldElement for private org.springframework.boot.autoconfigure.web.WebMvcProperties org.springframework.boot.autoconfigure.web.DispatcherServletAutoConfiguration$DispatcherServletConfiguration.webMvcProperties
21:57:15.247 [Test worker] DEBUG o.s.b.f.s.DefaultListableBeanFactory - Returning cached instance of singleton bean 'spring.mvc.CONFIGURATION_PROPERTIES'
21:57:15.248 [Test worker] DEBUG o.s.b.f.a.AutowiredAnnotationBeanPostProcessor - Autowiring by type from bean name 'org.springframework.boot.autoconfigure.web.DispatcherServletAutoConfiguration$DispatcherServletConfiguration' to bean named 'spring.mvc.CONFIGURATION_PROPERTIES'
21:57:15.248 [Test worker] DEBUG o.s.b.f.annotation.InjectionMetadata - Processing injected element of bean 'org.springframework.boot.autoconfigure.web.DispatcherServletAutoConfiguration$DispatcherServletConfiguration': AutowiredFieldElement for private javax.servlet.MultipartConfigElement org.springframework.boot.autoconfigure.web.DispatcherServletAutoConfiguration$DispatcherServletConfiguration.multipartConfig
21:57:15.248 [Test worker] DEBUG o.s.b.f.s.DefaultListableBeanFactory - Creating shared instance of singleton bean 'multipartConfigElement'
21:57:15.248 [Test worker] DEBUG o.s.b.f.s.DefaultListableBeanFactory - Creating instance of bean 'multipartConfigElement'
21:57:15.248 [Test worker] DEBUG o.s.b.f.s.DefaultListableBeanFactory - Creating shared instance of singleton bean 'org.springframework.boot.autoconfigure.web.MultipartAutoConfiguration'
21:57:15.249 [Test worker] DEBUG o.s.b.f.s.DefaultListableBeanFactory - Creating instance of bean 'org.springframework.boot.autoconfigure.web.MultipartAutoConfiguration'
21:57:15.250 [Test worker] DEBUG o.s.b.f.annotation.InjectionMetadata - Registered injected element on class [org.springframework.boot.autoconfigure.web.MultipartAutoConfiguration$$EnhancerBySpringCGLIB$$b6e8fe11]: AutowiredFieldElement for private org.springframework.boot.autoconfigure.web.MultipartProperties org.springframework.boot.autoconfigure.web.MultipartAutoConfiguration.multipartProperties
21:57:15.250 [Test worker] DEBUG o.s.b.f.s.DefaultListableBeanFactory - Eagerly caching bean 'org.springframework.boot.autoconfigure.web.MultipartAutoConfiguration' to allow for resolving potential circular references
21:57:15.255 [Test worker] DEBUG o.s.b.f.annotation.InjectionMetadata - Processing injected element of bean 'org.springframework.boot.autoconfigure.web.MultipartAutoConfiguration': AutowiredFieldElement for private org.springframework.boot.autoconfigure.web.MultipartProperties org.springframework.boot.autoconfigure.web.MultipartAutoConfiguration.multipartProperties
21:57:15.256 [Test worker] DEBUG o.s.b.f.s.DefaultListableBeanFactory - Creating shared instance of singleton bean 'multipart.CONFIGURATION_PROPERTIES'
21:57:15.256 [Test worker] DEBUG o.s.b.f.s.DefaultListableBeanFactory - Creating instance of bean 'multipart.CONFIGURATION_PROPERTIES'
21:57:15.257 [Test worker] DEBUG o.s.b.f.s.DefaultListableBeanFactory - Eagerly caching bean 'multipart.CONFIGURATION_PROPERTIES' to allow for resolving potential circular references
21:57:15.391 [Test worker] DEBUG o.s.core.env.MutablePropertySources - Adding [systemProperties] PropertySource with lowest search precedence
21:57:15.391 [Test worker] DEBUG o.s.core.env.MutablePropertySources - Adding [systemEnvironment] PropertySource with lowest search precedence
21:57:15.391 [Test worker] DEBUG o.s.core.env.MutablePropertySources - Adding [random] PropertySource with lowest search precedence
21:57:15.391 [Test worker] DEBUG o.s.core.env.MutablePropertySources - Adding [integrationTest] PropertySource with lowest search precedence
21:57:15.391 [Test worker] DEBUG o.s.core.env.MutablePropertySources - Adding [applicationConfig: [classpath:/application.properties]] PropertySource with lowest search precedence
21:57:15.391 [Test worker] DEBUG o.s.core.env.MutablePropertySources - Adding [localProperties] PropertySource with lowest search precedence
21:57:15.397 [Test worker] DEBUG o.s.b.f.s.DefaultListableBeanFactory - Returning cached instance of singleton bean 'org.springframework.transaction.config.internalTransactionAdvisor'
21:57:15.397 [Test worker] DEBUG o.s.b.f.s.DefaultListableBeanFactory - Finished creating instance of bean 'multipart.CONFIGURATION_PROPERTIES'
21:57:15.397 [Test worker] DEBUG o.s.b.f.a.AutowiredAnnotationBeanPostProcessor - Autowiring by type from bean name 'org.springframework.boot.autoconfigure.web.MultipartAutoConfiguration' to bean named 'multipart.CONFIGURATION_PROPERTIES'
21:57:15.398 [Test worker] DEBUG o.s.b.f.s.DefaultListableBeanFactory - Returning cached instance of singleton bean 'org.springframework.transaction.config.internalTransactionAdvisor'
21:57:15.401 [Test worker] DEBUG o.s.b.f.s.DefaultListableBeanFactory - Finished creating instance of bean 'org.springframework.boot.autoconfigure.web.MultipartAutoConfiguration'
21:57:15.407 [Test worker] DEBUG o.s.b.f.s.DefaultListableBeanFactory - Eagerly caching bean 'multipartConfigElement' to allow for resolving potential circular references
21:57:15.409 [Test worker] DEBUG o.s.b.f.s.DefaultListableBeanFactory - Returning cached instance of singleton bean 'org.springframework.transaction.config.internalTransactionAdvisor'
21:57:15.410 [Test worker] DEBUG o.s.b.f.s.DefaultListableBeanFactory - Finished creating instance of bean 'multipartConfigElement'
21:57:15.410 [Test worker] DEBUG o.s.b.f.a.AutowiredAnnotationBeanPostProcessor - Autowiring by type from bean name 'org.springframework.boot.autoconfigure.web.DispatcherServletAutoConfiguration$DispatcherServletConfiguration' to bean named 'multipartConfigElement'
21:57:15.410 [Test worker] DEBUG o.s.b.f.s.DefaultListableBeanFactory - Returning cached instance of singleton bean 'org.springframework.transaction.config.internalTransactionAdvisor'
21:57:15.411 [Test worker] DEBUG o.s.b.f.s.DefaultListableBeanFactory - Finished creating instance of bean 'org.springframework.boot.autoconfigure.web.DispatcherServletAutoConfiguration$DispatcherServletConfiguration'
21:57:15.411 [Test worker] DEBUG o.s.b.f.s.DefaultListableBeanFactory - Creating shared instance of singleton bean 'dispatcherServlet'
21:57:15.411 [Test worker] DEBUG o.s.b.f.s.DefaultListableBeanFactory - Creating instance of bean 'dispatcherServlet'
21:57:15.411 [Test worker] DEBUG o.s.b.f.s.DefaultListableBeanFactory - Returning cached instance of singleton bean 'org.springframework.boot.autoconfigure.web.DispatcherServletAutoConfiguration$DispatcherServletConfiguration'
21:57:15.431 [Test worker] DEBUG o.s.b.f.s.DefaultListableBeanFactory - Eagerly caching bean 'dispatcherServlet' to allow for resolving potential circular references
21:57:15.445 [Test worker] DEBUG o.s.b.f.s.DefaultListableBeanFactory - Returning cached instance of singleton bean 'org.springframework.transaction.config.internalTransactionAdvisor'
21:57:15.487 [Test worker] DEBUG o.s.b.f.s.DefaultListableBeanFactory - Finished creating instance of bean 'dispatcherServlet'
21:57:15.487 [Test worker] DEBUG o.s.b.f.s.DefaultListableBeanFactory - Creating shared instance of singleton bean 'dispatcherServletRegistration'
21:57:15.487 [Test worker] DEBUG o.s.b.f.s.DefaultListableBeanFactory - Creating instance of bean 'dispatcherServletRegistration'
21:57:15.488 [Test worker] DEBUG o.s.b.f.s.DefaultListableBeanFactory - Returning cached instance of singleton bean 'org.springframework.boot.autoconfigure.web.DispatcherServletAutoConfiguration$DispatcherServletConfiguration'
21:57:15.488 [Test worker] DEBUG o.s.b.f.s.DefaultListableBeanFactory - Returning cached instance of singleton bean 'dispatcherServlet'
21:57:15.488 [Test worker] DEBUG o.s.b.f.s.DefaultListableBeanFactory - Eagerly caching bean 'dispatcherServletRegistration' to allow for resolving potential circular references
21:57:15.490 [Test worker] DEBUG o.s.b.f.s.DefaultListableBeanFactory - Returning cached instance of singleton bean 'org.springframework.transaction.config.internalTransactionAdvisor'
21:57:15.490 [Test worker] DEBUG o.s.b.f.s.DefaultListableBeanFactory - Finished creating instance of bean 'dispatcherServletRegistration'
21:57:15.490 [Test worker] DEBUG o.s.b.f.s.DefaultListableBeanFactory - Returning cached instance of singleton bean 'spring.mvc.CONFIGURATION_PROPERTIES'
21:57:15.490 [Test worker] DEBUG o.s.b.f.s.DefaultListableBeanFactory - Creating shared instance of singleton bean 'org.springframework.boot.autoconfigure.web.DispatcherServletAutoConfiguration'
21:57:15.490 [Test worker] DEBUG o.s.b.f.s.DefaultListableBeanFactory - Creating instance of bean 'org.springframework.boot.autoconfigure.web.DispatcherServletAutoConfiguration'
21:57:15.491 [Test worker] DEBUG o.s.b.f.s.DefaultListableBeanFactory - Eagerly caching bean 'org.springframework.boot.autoconfigure.web.DispatcherServletAutoConfiguration' to allow for resolving potential circular references
21:57:15.516 [Test worker] DEBUG o.s.b.f.s.DefaultListableBeanFactory - Returning cached instance of singleton bean 'org.springframework.transaction.config.internalTransactionAdvisor'
21:57:15.516 [Test worker] DEBUG o.s.b.f.s.DefaultListableBeanFactory - Finished creating instance of bean 'org.springframework.boot.autoconfigure.web.DispatcherServletAutoConfiguration'
21:57:15.516 [Test worker] DEBUG o.s.b.f.s.DefaultListableBeanFactory - Creating shared instance of singleton bean 'org.springframework.boot.autoconfigure.web.ErrorMvcAutoConfiguration$WhitelabelErrorViewConfiguration'
21:57:15.516 [Test worker] DEBUG o.s.b.f.s.DefaultListableBeanFactory - Creating instance of bean 'org.springframework.boot.autoconfigure.web.ErrorMvcAutoConfiguration$WhitelabelErrorViewConfiguration'
21:57:15.625 [Test worker] DEBUG o.s.b.f.s.DefaultListableBeanFactory - Eagerly caching bean 'org.springframework.boot.autoconfigure.web.ErrorMvcAutoConfiguration$WhitelabelErrorViewConfiguration' to allow for resolving potential circular references
21:57:15.629 [Test worker] DEBUG o.s.b.f.s.DefaultListableBeanFactory - Returning cached instance of singleton bean 'org.springframework.transaction.config.internalTransactionAdvisor'
21:57:15.630 [Test worker] DEBUG o.s.b.f.s.DefaultListableBeanFactory - Finished creating instance of bean 'org.springframework.boot.autoconfigure.web.ErrorMvcAutoConfiguration$WhitelabelErrorViewConfiguration'
21:57:15.630 [Test worker] DEBUG o.s.b.f.s.DefaultListableBeanFactory - Creating shared instance of singleton bean 'error'
21:57:15.630 [Test worker] DEBUG o.s.b.f.s.DefaultListableBeanFactory - Creating instance of bean 'error'
21:57:15.630 [Test worker] DEBUG o.s.b.f.s.DefaultListableBeanFactory - Returning cached instance of singleton bean 'org.springframework.boot.autoconfigure.web.ErrorMvcAutoConfiguration$WhitelabelErrorViewConfiguration'
21:57:15.633 [Test worker] DEBUG o.s.b.f.s.DefaultListableBeanFactory - Eagerly caching bean 'error' to allow for resolving potential circular references
21:57:15.638 [Test worker] DEBUG o.s.b.f.s.DefaultListableBeanFactory - Returning cached instance of singleton bean 'org.springframework.transaction.config.internalTransactionAdvisor'
21:57:15.638 [Test worker] DEBUG o.s.b.f.s.DefaultListableBeanFactory - Finished creating instance of bean 'error'
21:57:15.638 [Test worker] DEBUG o.s.b.f.s.DefaultListableBeanFactory - Creating shared instance of singleton bean 'beanNameViewResolver'
21:57:15.638 [Test worker] DEBUG o.s.b.f.s.DefaultListableBeanFactory - Creating instance of bean 'beanNameViewResolver'
21:57:15.639 [Test worker] DEBUG o.s.b.f.s.DefaultListableBeanFactory - Returning cached instance of singleton bean 'org.springframework.boot.autoconfigure.web.WebMvcAutoConfiguration$WebMvcAutoConfigurationAdapter'
21:57:15.640 [Test worker] DEBUG o.s.b.f.s.DefaultListableBeanFactory - Eagerly caching bean 'beanNameViewResolver' to allow for resolving potential circular references
21:57:15.644 [Test worker] DEBUG o.s.b.f.s.DefaultListableBeanFactory - Returning cached instance of singleton bean 'org.springframework.transaction.config.internalTransactionAdvisor'
21:57:15.645 [Test worker] DEBUG o.s.b.f.s.DefaultListableBeanFactory - Finished creating instance of bean 'beanNameViewResolver'
21:57:15.645 [Test worker] DEBUG o.s.b.f.s.DefaultListableBeanFactory - Returning cached instance of singleton bean 'org.springframework.boot.autoconfigure.web.ErrorMvcAutoConfiguration'
21:57:15.645 [Test worker] DEBUG o.s.b.f.s.DefaultListableBeanFactory - Creating shared instance of singleton bean 'errorAttributes'
21:57:15.645 [Test worker] DEBUG o.s.b.f.s.DefaultListableBeanFactory - Creating instance of bean 'errorAttributes'
21:57:15.645 [Test worker] DEBUG o.s.b.f.s.DefaultListableBeanFactory - Returning cached instance of singleton bean 'org.springframework.boot.autoconfigure.web.ErrorMvcAutoConfiguration'
21:57:15.646 [Test worker] DEBUG o.s.b.f.s.DefaultListableBeanFactory - Eagerly caching bean 'errorAttributes' to allow for resolving potential circular references
21:57:15.647 [Test worker] DEBUG o.s.b.f.s.DefaultListableBeanFactory - Returning cached instance of singleton bean 'org.springframework.transaction.config.internalTransactionAdvisor'
21:57:15.648 [Test worker] DEBUG o.s.b.f.s.DefaultListableBeanFactory - Finished creating instance of bean 'errorAttributes'
21:57:15.648 [Test worker] DEBUG o.s.b.f.s.DefaultListableBeanFactory - Creating shared instance of singleton bean 'basicErrorController'
21:57:15.648 [Test worker] DEBUG o.s.b.f.s.DefaultListableBeanFactory - Creating instance of bean 'basicErrorController'
21:57:15.648 [Test worker] DEBUG o.s.b.f.s.DefaultListableBeanFactory - Returning cached instance of singleton bean 'org.springframework.boot.autoconfigure.web.ErrorMvcAutoConfiguration'
21:57:15.651 [Test worker] DEBUG o.s.b.f.s.DefaultListableBeanFactory - Returning cached instance of singleton bean 'errorAttributes'
21:57:15.651 [Test worker] DEBUG o.s.b.f.s.DefaultListableBeanFactory - Autowiring by type from bean name 'basicErrorController' via factory method to bean named 'errorAttributes'
21:57:15.660 [Test worker] DEBUG o.s.b.f.s.DefaultListableBeanFactory - Eagerly caching bean 'basicErrorController' to allow for resolving potential circular references
21:57:15.665 [Test worker] DEBUG o.s.b.f.s.DefaultListableBeanFactory - Returning cached instance of singleton bean 'org.springframework.transaction.config.internalTransactionAdvisor'
21:57:15.665 [Test worker] DEBUG o.s.b.f.s.DefaultListableBeanFactory - Finished creating instance of bean 'basicErrorController'
21:57:15.665 [Test worker] DEBUG o.s.b.f.s.DefaultListableBeanFactory - Returning cached instance of singleton bean 'errorPageCustomizer'
21:57:15.665 [Test worker] DEBUG o.s.b.f.s.DefaultListableBeanFactory - Returning cached instance of singleton bean 'preserveErrorControllerTargetClassPostProcessor'
21:57:15.665 [Test worker] DEBUG o.s.b.f.s.DefaultListableBeanFactory - Creating shared instance of singleton bean 'org.springframework.boot.autoconfigure.web.WebMvcAutoConfiguration$EnableWebMvcConfiguration'
21:57:15.665 [Test worker] DEBUG o.s.b.f.s.DefaultListableBeanFactory - Creating instance of bean 'org.springframework.boot.autoconfigure.web.WebMvcAutoConfiguration$EnableWebMvcConfiguration'
21:57:15.672 [Test worker] DEBUG o.s.b.f.annotation.InjectionMetadata - Registered injected element on class [org.springframework.boot.autoconfigure.web.WebMvcAutoConfiguration$EnableWebMvcConfiguration$$EnhancerBySpringCGLIB$$d24e5074]: AutowiredMethodElement for public void org.springframework.web.servlet.config.annotation.DelegatingWebMvcConfiguration.setConfigurers(java.util.List)
21:57:15.673 [Test worker] DEBUG o.s.b.f.annotation.InjectionMetadata - Registered injected element on class [org.springframework.boot.autoconfigure.web.WebMvcAutoConfiguration$EnableWebMvcConfiguration$$EnhancerBySpringCGLIB$$d24e5074]: AutowiredFieldElement for private org.springframework.boot.autoconfigure.web.WebMvcProperties org.springframework.boot.autoconfigure.web.WebMvcAutoConfiguration$EnableWebMvcConfiguration.mvcProperties
21:57:15.673 [Test worker] DEBUG o.s.b.f.annotation.InjectionMetadata - Registered injected element on class [org.springframework.boot.autoconfigure.web.WebMvcAutoConfiguration$EnableWebMvcConfiguration$$EnhancerBySpringCGLIB$$d24e5074]: AutowiredFieldElement for private org.springframework.beans.factory.ListableBeanFactory org.springframework.boot.autoconfigure.web.WebMvcAutoConfiguration$EnableWebMvcConfiguration.beanFactory
21:57:15.673 [Test worker] DEBUG o.s.b.f.s.DefaultListableBeanFactory - Eagerly caching bean 'org.springframework.boot.autoconfigure.web.WebMvcAutoConfiguration$EnableWebMvcConfiguration' to allow for resolving potential circular references
21:57:15.673 [Test worker] DEBUG o.s.b.f.annotation.InjectionMetadata - Processing injected element of bean 'org.springframework.boot.autoconfigure.web.WebMvcAutoConfiguration$EnableWebMvcConfiguration': AutowiredMethodElement for public void org.springframework.web.servlet.config.annotation.DelegatingWebMvcConfiguration.setConfigurers(java.util.List)
21:57:15.674 [Test worker] DEBUG o.s.b.f.s.DefaultListableBeanFactory - Returning cached instance of singleton bean 'org.springframework.boot.autoconfigure.web.WebMvcAutoConfiguration$WebMvcAutoConfigurationAdapter'
21:57:15.675 [Test worker] DEBUG o.s.b.f.a.AutowiredAnnotationBeanPostProcessor - Autowiring by type from bean name 'org.springframework.boot.autoconfigure.web.WebMvcAutoConfiguration$EnableWebMvcConfiguration' to bean named 'org.springframework.boot.autoconfigure.web.WebMvcAutoConfiguration$WebMvcAutoConfigurationAdapter'
21:57:15.675 [Test worker] DEBUG o.s.b.f.annotation.InjectionMetadata - Processing injected element of bean 'org.springframework.boot.autoconfigure.web.WebMvcAutoConfiguration$EnableWebMvcConfiguration': AutowiredFieldElement for private org.springframework.boot.autoconfigure.web.WebMvcProperties org.springframework.boot.autoconfigure.web.WebMvcAutoConfiguration$EnableWebMvcConfiguration.mvcProperties
21:57:15.675 [Test worker] DEBUG o.s.b.f.s.DefaultListableBeanFactory - Returning cached instance of singleton bean 'spring.mvc.CONFIGURATION_PROPERTIES'
21:57:15.675 [Test worker] DEBUG o.s.b.f.a.AutowiredAnnotationBeanPostProcessor - Autowiring by type from bean name 'org.springframework.boot.autoconfigure.web.WebMvcAutoConfiguration$EnableWebMvcConfiguration' to bean named 'spring.mvc.CONFIGURATION_PROPERTIES'
21:57:15.675 [Test worker] DEBUG o.s.b.f.annotation.InjectionMetadata - Processing injected element of bean 'org.springframework.boot.autoconfigure.web.WebMvcAutoConfiguration$EnableWebMvcConfiguration': AutowiredFieldElement for private org.springframework.beans.factory.ListableBeanFactory org.springframework.boot.autoconfigure.web.WebMvcAutoConfiguration$EnableWebMvcConfiguration.beanFactory
21:57:15.675 [Test worker] DEBUG o.s.b.f.a.AutowiredAnnotationBeanPostProcessor - Autowiring by type from bean name 'org.springframework.boot.autoconfigure.web.WebMvcAutoConfiguration$EnableWebMvcConfiguration' to bean named 'org.springframework.beans.factory.support.DefaultListableBeanFactory@5366bc48'
21:57:15.676 [Test worker] DEBUG o.s.b.f.s.DefaultListableBeanFactory - Returning cached instance of singleton bean 'org.springframework.transaction.config.internalTransactionAdvisor'
21:57:15.677 [Test worker] DEBUG o.s.b.f.s.DefaultListableBeanFactory - Finished creating instance of bean 'org.springframework.boot.autoconfigure.web.WebMvcAutoConfiguration$EnableWebMvcConfiguration'
21:57:15.677 [Test worker] DEBUG o.s.b.f.s.DefaultListableBeanFactory - Creating shared instance of singleton bean 'requestMappingHandlerAdapter'
21:57:15.677 [Test worker] DEBUG o.s.b.f.s.DefaultListableBeanFactory - Creating instance of bean 'requestMappingHandlerAdapter'
21:57:15.677 [Test worker] DEBUG o.s.b.f.s.DefaultListableBeanFactory - Returning cached instance of singleton bean 'org.springframework.boot.autoconfigure.web.WebMvcAutoConfiguration$EnableWebMvcConfiguration'
21:57:15.777 [Test worker] DEBUG o.s.b.f.s.DefaultListableBeanFactory - Creating shared instance of singleton bean 'mvcContentNegotiationManager'
21:57:15.777 [Test worker] DEBUG o.s.b.f.s.DefaultListableBeanFactory - Creating instance of bean 'mvcContentNegotiationManager'
21:57:15.778 [Test worker] DEBUG o.s.b.f.s.DefaultListableBeanFactory - Returning cached instance of singleton bean 'org.springframework.boot.autoconfigure.web.WebMvcAutoConfiguration$EnableWebMvcConfiguration'
21:57:15.789 [Test worker] DEBUG o.s.b.f.s.DefaultListableBeanFactory - Eagerly caching bean 'mvcContentNegotiationManager' to allow for resolving potential circular references
21:57:15.792 [Test worker] DEBUG o.s.b.f.s.DefaultListableBeanFactory - Returning cached instance of singleton bean 'org.springframework.transaction.config.internalTransactionAdvisor'
21:57:15.793 [Test worker] DEBUG o.s.b.f.s.DefaultListableBeanFactory - Finished creating instance of bean 'mvcContentNegotiationManager'
21:57:15.793 [Test worker] DEBUG o.s.b.f.s.DefaultListableBeanFactory - Creating shared instance of singleton bean 'mvcConversionService'
21:57:15.794 [Test worker] DEBUG o.s.b.f.s.DefaultListableBeanFactory - Creating instance of bean 'mvcConversionService'
21:57:15.794 [Test worker] DEBUG o.s.b.f.s.DefaultListableBeanFactory - Returning cached instance of singleton bean 'org.springframework.boot.autoconfigure.web.WebMvcAutoConfiguration$EnableWebMvcConfiguration'
21:57:15.880 [Test worker] DEBUG o.s.b.f.s.DefaultListableBeanFactory - Eagerly caching bean 'mvcConversionService' to allow for resolving potential circular references
21:57:15.884 [Test worker] DEBUG o.s.b.f.s.DefaultListableBeanFactory - Returning cached instance of singleton bean 'org.springframework.transaction.config.internalTransactionAdvisor'
21:57:15.885 [Test worker] DEBUG o.s.b.f.s.DefaultListableBeanFactory - Finished creating instance of bean 'mvcConversionService'
21:57:15.886 [Test worker] DEBUG o.s.b.f.s.DefaultListableBeanFactory - Creating shared instance of singleton bean 'mvcValidator'
21:57:15.886 [Test worker] DEBUG o.s.b.f.s.DefaultListableBeanFactory - Creating instance of bean 'mvcValidator'
21:57:15.886 [Test worker] DEBUG o.s.b.f.s.DefaultListableBeanFactory - Returning cached instance of singleton bean 'org.springframework.boot.autoconfigure.web.WebMvcAutoConfiguration$EnableWebMvcConfiguration'
21:57:15.895 [Test worker] DEBUG o.s.b.f.s.DefaultListableBeanFactory - Eagerly caching bean 'mvcValidator' to allow for resolving potential circular references
21:57:15.904 [Test worker] DEBUG o.s.b.f.s.DefaultListableBeanFactory - Invoking afterPropertiesSet() on bean with name 'mvcValidator'
21:57:15.906 [Test worker] DEBUG o.h.v.i.e.r.DefaultTraversableResolver - Cannot find javax.persistence.Persistence on classpath. Assuming non JPA 2 environment. All properties will per default be traversable.
21:57:15.907 [Test worker] DEBUG o.h.v.i.engine.ConfigurationImpl - Setting custom MessageInterpolator of type org.springframework.validation.beanvalidation.LocaleContextMessageInterpolator
21:57:15.907 [Test worker] DEBUG o.h.v.i.engine.ConfigurationImpl - Setting custom ConstraintValidatorFactory of type org.springframework.validation.beanvalidation.SpringConstraintValidatorFactory
21:57:15.908 [Test worker] DEBUG o.h.v.i.engine.ConfigurationImpl - Setting custom ParameterNameProvider of type com.sun.proxy.$Proxy52
21:57:15.908 [Test worker] DEBUG o.h.v.i.xml.ValidationXmlParser - Trying to load META-INF/validation.xml for XML based Validator configuration.
21:57:15.908 [Test worker] DEBUG o.h.v.i.xml.ResourceLoaderHelper - Trying to load META-INF/validation.xml via user class loader
21:57:15.909 [Test worker] DEBUG o.h.v.i.xml.ResourceLoaderHelper - Trying to load META-INF/validation.xml via TCCL
21:57:15.909 [Test worker] DEBUG o.h.v.i.xml.ResourceLoaderHelper - Trying to load META-INF/validation.xml via Hibernate Validator's class loader
21:57:15.909 [Test worker] DEBUG o.h.v.i.xml.ValidationXmlParser - No META-INF/validation.xml found. Using annotation based configuration only.
21:57:15.913 [Test worker] DEBUG o.s.b.f.s.DefaultListableBeanFactory - Returning cached instance of singleton bean 'org.springframework.transaction.config.internalTransactionAdvisor'
21:57:15.914 [Test worker] DEBUG o.s.b.f.s.DefaultListableBeanFactory - Finished creating instance of bean 'mvcValidator'
21:57:15.922 [Test worker] DEBUG o.s.b.f.s.DefaultListableBeanFactory - Eagerly caching bean 'requestMappingHandlerAdapter' to allow for resolving potential circular references
21:57:15.933 [Test worker] DEBUG o.s.b.f.s.DefaultListableBeanFactory - Invoking afterPropertiesSet() on bean with name 'requestMappingHandlerAdapter'
21:57:15.933 [Test worker] INFO  o.s.w.s.m.m.a.RequestMappingHandlerAdapter - Looking for @ControllerAdvice: org.springframework.web.context.support.GenericWebApplicationContext@2a88404d: startup date [Wed Jun 29 21:57:11 BRT 2016]; root of context hierarchy
21:57:15.999 [Test worker] DEBUG o.s.b.f.s.DefaultListableBeanFactory - Returning cached instance of singleton bean 'org.springframework.transaction.config.internalTransactionAdvisor'
21:57:16.001 [Test worker] DEBUG o.s.b.f.s.DefaultListableBeanFactory - Finished creating instance of bean 'requestMappingHandlerAdapter'
21:57:16.001 [Test worker] DEBUG o.s.b.f.s.DefaultListableBeanFactory - Creating shared instance of singleton bean 'requestMappingHandlerMapping'
21:57:16.001 [Test worker] DEBUG o.s.b.f.s.DefaultListableBeanFactory - Creating instance of bean 'requestMappingHandlerMapping'
21:57:16.001 [Test worker] DEBUG o.s.b.f.s.DefaultListableBeanFactory - Returning cached instance of singleton bean 'org.springframework.boot.autoconfigure.web.WebMvcAutoConfiguration$EnableWebMvcConfiguration'
21:57:16.016 [Test worker] DEBUG o.s.b.f.s.DefaultListableBeanFactory - Returning cached instance of singleton bean 'mvcConversionService'
21:57:16.017 [Test worker] DEBUG o.s.b.f.s.DefaultListableBeanFactory - Creating shared instance of singleton bean 'mvcResourceUrlProvider'
21:57:16.018 [Test worker] DEBUG o.s.b.f.s.DefaultListableBeanFactory - Creating instance of bean 'mvcResourceUrlProvider'
21:57:16.018 [Test worker] DEBUG o.s.b.f.s.DefaultListableBeanFactory - Returning cached instance of singleton bean 'org.springframework.boot.autoconfigure.web.WebMvcAutoConfiguration$EnableWebMvcConfiguration'
21:57:16.019 [Test worker] DEBUG o.s.b.f.s.DefaultListableBeanFactory - Eagerly caching bean 'mvcResourceUrlProvider' to allow for resolving potential circular references
21:57:16.022 [Test worker] DEBUG o.s.b.f.s.DefaultListableBeanFactory - Returning cached instance of singleton bean 'org.springframework.transaction.config.internalTransactionAdvisor'
21:57:16.022 [Test worker] DEBUG o.s.b.f.s.DefaultListableBeanFactory - Finished creating instance of bean 'mvcResourceUrlProvider'
21:57:16.022 [Test worker] DEBUG o.s.b.f.s.DefaultListableBeanFactory - Returning cached instance of singleton bean 'mvcContentNegotiationManager'
21:57:16.035 [Test worker] DEBUG o.s.b.f.s.DefaultListableBeanFactory - Eagerly caching bean 'requestMappingHandlerMapping' to allow for resolving potential circular references
21:57:16.067 [Test worker] DEBUG o.s.b.f.s.DefaultListableBeanFactory - Invoking afterPropertiesSet() on bean with name 'requestMappingHandlerMapping'
21:57:16.068 [Test worker] DEBUG o.s.w.s.m.m.a.RequestMappingHandlerMapping - Looking for request mappings in application context: org.springframework.web.context.support.GenericWebApplicationContext@2a88404d: startup date [Wed Jun 29 21:57:11 BRT 2016]; root of context hierarchy
21:57:16.095 [Test worker] DEBUG o.s.c.e.PropertySourcesPropertyResolver - Searching for key 'error.path:/error' in [environmentProperties]
21:57:16.095 [Test worker] DEBUG o.s.c.e.PropertySourcesPropertyResolver - Searching for key 'error.path:/error' in [systemProperties]
21:57:16.095 [Test worker] DEBUG o.s.c.e.PropertySourcesPropertyResolver - Searching for key 'error.path:/error' in [systemEnvironment]
21:57:16.095 [Test worker] DEBUG o.s.c.e.PropertySourcesPropertyResolver - Searching for key 'error.path:/error' in [random]
21:57:16.095 [Test worker] DEBUG o.s.c.e.PropertySourcesPropertyResolver - Searching for key 'error.path:/error' in [integrationTest]
21:57:16.095 [Test worker] DEBUG o.s.c.e.PropertySourcesPropertyResolver - Searching for key 'error.path:/error' in [applicationConfig: [classpath:/application.properties]]
21:57:16.095 [Test worker] DEBUG o.s.c.e.PropertySourcesPropertyResolver - Could not find key 'error.path:/error' in any property source. Returning [null]
21:57:16.095 [Test worker] DEBUG o.s.c.e.PropertySourcesPropertyResolver - Searching for key 'error.path:/error' in [localProperties]
21:57:16.095 [Test worker] DEBUG o.s.c.e.PropertySourcesPropertyResolver - Could not find key 'error.path:/error' in any property source. Returning [null]
21:57:16.096 [Test worker] DEBUG o.s.c.e.PropertySourcesPropertyResolver - Searching for key 'error.path' in [environmentProperties]
21:57:16.096 [Test worker] DEBUG o.s.c.e.PropertySourcesPropertyResolver - Searching for key 'error.path' in [systemProperties]
21:57:16.096 [Test worker] DEBUG o.s.c.e.PropertySourcesPropertyResolver - Searching for key 'error.path' in [systemEnvironment]
21:57:16.096 [Test worker] DEBUG o.s.c.e.PropertySourcesPropertyResolver - Searching for key 'error.path' in [random]
21:57:16.096 [Test worker] DEBUG o.s.c.e.PropertySourcesPropertyResolver - Searching for key 'error.path' in [integrationTest]
21:57:16.096 [Test worker] DEBUG o.s.c.e.PropertySourcesPropertyResolver - Searching for key 'error.path' in [applicationConfig: [classpath:/application.properties]]
21:57:16.096 [Test worker] DEBUG o.s.c.e.PropertySourcesPropertyResolver - Could not find key 'error.path' in any property source. Returning [null]
21:57:16.096 [Test worker] DEBUG o.s.c.e.PropertySourcesPropertyResolver - Searching for key 'error.path' in [localProperties]
21:57:16.096 [Test worker] DEBUG o.s.c.e.PropertySourcesPropertyResolver - Could not find key 'error.path' in any property source. Returning [null]
21:57:16.096 [Test worker] DEBUG o.s.c.e.PropertySourcesPropertyResolver - Searching for key 'server.error.path:/error' in [environmentProperties]
21:57:16.096 [Test worker] DEBUG o.s.c.e.PropertySourcesPropertyResolver - Searching for key 'server.error.path:/error' in [systemProperties]
21:57:16.096 [Test worker] DEBUG o.s.c.e.PropertySourcesPropertyResolver - Searching for key 'server.error.path:/error' in [systemEnvironment]
21:57:16.096 [Test worker] DEBUG o.s.c.e.PropertySourcesPropertyResolver - Searching for key 'server.error.path:/error' in [random]
21:57:16.096 [Test worker] DEBUG o.s.c.e.PropertySourcesPropertyResolver - Searching for key 'server.error.path:/error' in [integrationTest]
21:57:16.096 [Test worker] DEBUG o.s.c.e.PropertySourcesPropertyResolver - Searching for key 'server.error.path:/error' in [applicationConfig: [classpath:/application.properties]]
21:57:16.096 [Test worker] DEBUG o.s.c.e.PropertySourcesPropertyResolver - Could not find key 'server.error.path:/error' in any property source. Returning [null]
21:57:16.096 [Test worker] DEBUG o.s.c.e.PropertySourcesPropertyResolver - Searching for key 'server.error.path:/error' in [localProperties]
21:57:16.096 [Test worker] DEBUG o.s.c.e.PropertySourcesPropertyResolver - Could not find key 'server.error.path:/error' in any property source. Returning [null]
21:57:16.096 [Test worker] DEBUG o.s.c.e.PropertySourcesPropertyResolver - Searching for key 'server.error.path' in [environmentProperties]
21:57:16.096 [Test worker] DEBUG o.s.c.e.PropertySourcesPropertyResolver - Searching for key 'server.error.path' in [systemProperties]
21:57:16.096 [Test worker] DEBUG o.s.c.e.PropertySourcesPropertyResolver - Searching for key 'server.error.path' in [systemEnvironment]
21:57:16.096 [Test worker] DEBUG o.s.c.e.PropertySourcesPropertyResolver - Searching for key 'server.error.path' in [random]
21:57:16.096 [Test worker] DEBUG o.s.c.e.PropertySourcesPropertyResolver - Searching for key 'server.error.path' in [integrationTest]
21:57:16.096 [Test worker] DEBUG o.s.c.e.PropertySourcesPropertyResolver - Searching for key 'server.error.path' in [applicationConfig: [classpath:/application.properties]]
21:57:16.096 [Test worker] DEBUG o.s.c.e.PropertySourcesPropertyResolver - Could not find key 'server.error.path' in any property source. Returning [null]
21:57:16.096 [Test worker] DEBUG o.s.c.e.PropertySourcesPropertyResolver - Searching for key 'server.error.path' in [localProperties]
21:57:16.096 [Test worker] DEBUG o.s.c.e.PropertySourcesPropertyResolver - Could not find key 'server.error.path' in any property source. Returning [null]
21:57:16.097 [Test worker] DEBUG o.s.c.e.PropertySourcesPropertyResolver - Searching for key 'error.path:/error' in [environmentProperties]
21:57:16.097 [Test worker] DEBUG o.s.c.e.PropertySourcesPropertyResolver - Searching for key 'error.path:/error' in [systemProperties]
21:57:16.097 [Test worker] DEBUG o.s.c.e.PropertySourcesPropertyResolver - Searching for key 'error.path:/error' in [systemEnvironment]
21:57:16.097 [Test worker] DEBUG o.s.c.e.PropertySourcesPropertyResolver - Searching for key 'error.path:/error' in [random]
21:57:16.097 [Test worker] DEBUG o.s.c.e.PropertySourcesPropertyResolver - Searching for key 'error.path:/error' in [integrationTest]
21:57:16.097 [Test worker] DEBUG o.s.c.e.PropertySourcesPropertyResolver - Searching for key 'error.path:/error' in [applicationConfig: [classpath:/application.properties]]
21:57:16.097 [Test worker] DEBUG o.s.c.e.PropertySourcesPropertyResolver - Could not find key 'error.path:/error' in any property source. Returning [null]
21:57:16.097 [Test worker] DEBUG o.s.c.e.PropertySourcesPropertyResolver - Searching for key 'error.path:/error' in [localProperties]
21:57:16.097 [Test worker] DEBUG o.s.c.e.PropertySourcesPropertyResolver - Could not find key 'error.path:/error' in any property source. Returning [null]
21:57:16.097 [Test worker] DEBUG o.s.c.e.PropertySourcesPropertyResolver - Searching for key 'error.path' in [environmentProperties]
21:57:16.097 [Test worker] DEBUG o.s.c.e.PropertySourcesPropertyResolver - Searching for key 'error.path' in [systemProperties]
21:57:16.097 [Test worker] DEBUG o.s.c.e.PropertySourcesPropertyResolver - Searching for key 'error.path' in [systemEnvironment]
21:57:16.097 [Test worker] DEBUG o.s.c.e.PropertySourcesPropertyResolver - Searching for key 'error.path' in [random]
21:57:16.097 [Test worker] DEBUG o.s.c.e.PropertySourcesPropertyResolver - Searching for key 'error.path' in [integrationTest]
21:57:16.097 [Test worker] DEBUG o.s.c.e.PropertySourcesPropertyResolver - Searching for key 'error.path' in [applicationConfig: [classpath:/application.properties]]
21:57:16.097 [Test worker] DEBUG o.s.c.e.PropertySourcesPropertyResolver - Could not find key 'error.path' in any property source. Returning [null]
21:57:16.097 [Test worker] DEBUG o.s.c.e.PropertySourcesPropertyResolver - Searching for key 'error.path' in [localProperties]
21:57:16.097 [Test worker] DEBUG o.s.c.e.PropertySourcesPropertyResolver - Could not find key 'error.path' in any property source. Returning [null]
21:57:16.097 [Test worker] DEBUG o.s.c.e.PropertySourcesPropertyResolver - Searching for key 'server.error.path:/error' in [environmentProperties]
21:57:16.097 [Test worker] DEBUG o.s.c.e.PropertySourcesPropertyResolver - Searching for key 'server.error.path:/error' in [systemProperties]
21:57:16.097 [Test worker] DEBUG o.s.c.e.PropertySourcesPropertyResolver - Searching for key 'server.error.path:/error' in [systemEnvironment]
21:57:16.097 [Test worker] DEBUG o.s.c.e.PropertySourcesPropertyResolver - Searching for key 'server.error.path:/error' in [random]
21:57:16.097 [Test worker] DEBUG o.s.c.e.PropertySourcesPropertyResolver - Searching for key 'server.error.path:/error' in [integrationTest]
21:57:16.097 [Test worker] DEBUG o.s.c.e.PropertySourcesPropertyResolver - Searching for key 'server.error.path:/error' in [applicationConfig: [classpath:/application.properties]]
21:57:16.097 [Test worker] DEBUG o.s.c.e.PropertySourcesPropertyResolver - Could not find key 'server.error.path:/error' in any property source. Returning [null]
21:57:16.097 [Test worker] DEBUG o.s.c.e.PropertySourcesPropertyResolver - Searching for key 'server.error.path:/error' in [localProperties]
21:57:16.097 [Test worker] DEBUG o.s.c.e.PropertySourcesPropertyResolver - Could not find key 'server.error.path:/error' in any property source. Returning [null]
21:57:16.097 [Test worker] DEBUG o.s.c.e.PropertySourcesPropertyResolver - Searching for key 'server.error.path' in [environmentProperties]
21:57:16.097 [Test worker] DEBUG o.s.c.e.PropertySourcesPropertyResolver - Searching for key 'server.error.path' in [systemProperties]
21:57:16.097 [Test worker] DEBUG o.s.c.e.PropertySourcesPropertyResolver - Searching for key 'server.error.path' in [systemEnvironment]
21:57:16.097 [Test worker] DEBUG o.s.c.e.PropertySourcesPropertyResolver - Searching for key 'server.error.path' in [random]
21:57:16.097 [Test worker] DEBUG o.s.c.e.PropertySourcesPropertyResolver - Searching for key 'server.error.path' in [integrationTest]
21:57:16.097 [Test worker] DEBUG o.s.c.e.PropertySourcesPropertyResolver - Searching for key 'server.error.path' in [applicationConfig: [classpath:/application.properties]]
21:57:16.097 [Test worker] DEBUG o.s.c.e.PropertySourcesPropertyResolver - Could not find key 'server.error.path' in any property source. Returning [null]
21:57:16.097 [Test worker] DEBUG o.s.c.e.PropertySourcesPropertyResolver - Searching for key 'server.error.path' in [localProperties]
21:57:16.098 [Test worker] DEBUG o.s.c.e.PropertySourcesPropertyResolver - Could not find key 'server.error.path' in any property source. Returning [null]
21:57:16.098 [Test worker] DEBUG o.s.w.s.m.m.a.RequestMappingHandlerMapping - 2 request handler methods found on class org.springframework.boot.autoconfigure.web.BasicErrorController: {public org.springframework.http.ResponseEntity org.springframework.boot.autoconfigure.web.BasicErrorController.error(javax.servlet.http.HttpServletRequest)={[/error]}, public org.springframework.web.servlet.ModelAndView org.springframework.boot.autoconfigure.web.BasicErrorController.errorHtml(javax.servlet.http.HttpServletRequest,javax.servlet.http.HttpServletResponse)={[/error],produces=[text/html]}}
21:57:16.100 [Test worker] INFO  o.s.w.s.m.m.a.RequestMappingHandlerMapping - Mapped "{[/error]}" onto public org.springframework.http.ResponseEntity<java.util.Map<java.lang.String, java.lang.Object>> org.springframework.boot.autoconfigure.web.BasicErrorController.error(javax.servlet.http.HttpServletRequest)
21:57:16.101 [Test worker] INFO  o.s.w.s.m.m.a.RequestMappingHandlerMapping - Mapped "{[/error],produces=[text/html]}" onto public org.springframework.web.servlet.ModelAndView org.springframework.boot.autoconfigure.web.BasicErrorController.errorHtml(javax.servlet.http.HttpServletRequest,javax.servlet.http.HttpServletResponse)
21:57:16.106 [Test worker] DEBUG o.s.b.f.s.DefaultListableBeanFactory - Returning cached instance of singleton bean 'org.springframework.transaction.config.internalTransactionAdvisor'
21:57:16.109 [Test worker] DEBUG o.s.b.f.s.DefaultListableBeanFactory - Finished creating instance of bean 'requestMappingHandlerMapping'
21:57:16.109 [Test worker] DEBUG o.s.b.f.s.DefaultListableBeanFactory - Returning cached instance of singleton bean 'mvcContentNegotiationManager'
21:57:16.109 [Test worker] DEBUG o.s.b.f.s.DefaultListableBeanFactory - Creating shared instance of singleton bean 'viewControllerHandlerMapping'
21:57:16.109 [Test worker] DEBUG o.s.b.f.s.DefaultListableBeanFactory - Creating instance of bean 'viewControllerHandlerMapping'
21:57:16.109 [Test worker] DEBUG o.s.b.f.s.DefaultListableBeanFactory - Returning cached instance of singleton bean 'org.springframework.boot.autoconfigure.web.WebMvcAutoConfiguration$EnableWebMvcConfiguration'
21:57:16.119 [Test worker] DEBUG o.s.b.f.s.DefaultListableBeanFactory - Creating shared instance of singleton bean 'mvcPathMatcher'
21:57:16.119 [Test worker] DEBUG o.s.b.f.s.DefaultListableBeanFactory - Creating instance of bean 'mvcPathMatcher'
21:57:16.120 [Test worker] DEBUG o.s.b.f.s.DefaultListableBeanFactory - Returning cached instance of singleton bean 'org.springframework.boot.autoconfigure.web.WebMvcAutoConfiguration$EnableWebMvcConfiguration'
21:57:16.120 [Test worker] DEBUG o.s.b.f.s.DefaultListableBeanFactory - Eagerly caching bean 'mvcPathMatcher' to allow for resolving potential circular references
21:57:16.128 [Test worker] DEBUG o.s.b.f.s.DefaultListableBeanFactory - Returning cached instance of singleton bean 'org.springframework.transaction.config.internalTransactionAdvisor'
21:57:16.129 [Test worker] DEBUG o.s.b.f.s.DefaultListableBeanFactory - Finished creating instance of bean 'mvcPathMatcher'
21:57:16.129 [Test worker] DEBUG o.s.b.f.s.DefaultListableBeanFactory - Creating shared instance of singleton bean 'mvcUrlPathHelper'
21:57:16.129 [Test worker] DEBUG o.s.b.f.s.DefaultListableBeanFactory - Creating instance of bean 'mvcUrlPathHelper'
21:57:16.130 [Test worker] DEBUG o.s.b.f.s.DefaultListableBeanFactory - Returning cached instance of singleton bean 'org.springframework.boot.autoconfigure.web.WebMvcAutoConfiguration$EnableWebMvcConfiguration'
21:57:16.131 [Test worker] DEBUG o.s.b.f.s.DefaultListableBeanFactory - Eagerly caching bean 'mvcUrlPathHelper' to allow for resolving potential circular references
21:57:16.133 [Test worker] DEBUG o.s.b.f.s.DefaultListableBeanFactory - Returning cached instance of singleton bean 'org.springframework.transaction.config.internalTransactionAdvisor'
21:57:16.133 [Test worker] DEBUG o.s.b.f.s.DefaultListableBeanFactory - Finished creating instance of bean 'mvcUrlPathHelper'
21:57:16.134 [Test worker] DEBUG o.s.b.f.s.DefaultListableBeanFactory - Eagerly caching bean 'viewControllerHandlerMapping' to allow for resolving potential circular references
21:57:16.141 [Test worker] DEBUG o.s.b.f.s.DefaultListableBeanFactory - Returning cached instance of singleton bean 'org.springframework.transaction.config.internalTransactionAdvisor'
21:57:16.142 [Test worker] DEBUG o.s.b.f.s.DefaultListableBeanFactory - Finished creating instance of bean 'viewControllerHandlerMapping'
21:57:16.142 [Test worker] DEBUG o.s.b.f.s.DefaultListableBeanFactory - Creating shared instance of singleton bean 'beanNameHandlerMapping'
21:57:16.142 [Test worker] DEBUG o.s.b.f.s.DefaultListableBeanFactory - Creating instance of bean 'beanNameHandlerMapping'
21:57:16.142 [Test worker] DEBUG o.s.b.f.s.DefaultListableBeanFactory - Returning cached instance of singleton bean 'org.springframework.boot.autoconfigure.web.WebMvcAutoConfiguration$EnableWebMvcConfiguration'
21:57:16.144 [Test worker] DEBUG o.s.b.f.s.DefaultListableBeanFactory - Eagerly caching bean 'beanNameHandlerMapping' to allow for resolving potential circular references
21:57:16.152 [Test worker] DEBUG o.s.w.s.h.BeanNameUrlHandlerMapping - Looking for URL mappings in application context: org.springframework.web.context.support.GenericWebApplicationContext@2a88404d: startup date [Wed Jun 29 21:57:11 BRT 2016]; root of context hierarchy
21:57:16.152 [Test worker] DEBUG o.s.w.s.h.BeanNameUrlHandlerMapping - Rejected bean name 'org.springframework.context.annotation.internalConfigurationAnnotationProcessor': no URL paths identified
21:57:16.152 [Test worker] DEBUG o.s.w.s.h.BeanNameUrlHandlerMapping - Rejected bean name 'org.springframework.context.annotation.internalAutowiredAnnotationProcessor': no URL paths identified
21:57:16.152 [Test worker] DEBUG o.s.w.s.h.BeanNameUrlHandlerMapping - Rejected bean name 'org.springframework.context.annotation.internalRequiredAnnotationProcessor': no URL paths identified
21:57:16.152 [Test worker] DEBUG o.s.w.s.h.BeanNameUrlHandlerMapping - Rejected bean name 'org.springframework.context.annotation.internalCommonAnnotationProcessor': no URL paths identified
21:57:16.152 [Test worker] DEBUG o.s.w.s.h.BeanNameUrlHandlerMapping - Rejected bean name 'org.springframework.context.event.internalEventListenerProcessor': no URL paths identified
21:57:16.153 [Test worker] DEBUG o.s.w.s.h.BeanNameUrlHandlerMapping - Rejected bean name 'org.springframework.context.event.internalEventListenerFactory': no URL paths identified
21:57:16.153 [Test worker] DEBUG o.s.w.s.h.BeanNameUrlHandlerMapping - Rejected bean name 'monitorApplication': no URL paths identified
21:57:16.153 [Test worker] DEBUG o.s.w.s.h.BeanNameUrlHandlerMapping - Rejected bean name 'org.springframework.context.annotation.ConfigurationClassPostProcessor.importAwareProcessor': no URL paths identified
21:57:16.153 [Test worker] DEBUG o.s.w.s.h.BeanNameUrlHandlerMapping - Rejected bean name 'org.springframework.context.annotation.ConfigurationClassPostProcessor.enhancedConfigurationProcessor': no URL paths identified
21:57:16.153 [Test worker] DEBUG o.s.w.s.h.BeanNameUrlHandlerMapping - Rejected bean name 'alertaService': no URL paths identified
21:57:16.153 [Test worker] DEBUG o.s.w.s.h.BeanNameUrlHandlerMapping - Rejected bean name 'medicaoRepository': no URL paths identified
21:57:16.153 [Test worker] DEBUG o.s.w.s.h.BeanNameUrlHandlerMapping - Rejected bean name 'medicaoService': no URL paths identified
21:57:16.153 [Test worker] DEBUG o.s.w.s.h.BeanNameUrlHandlerMapping - Rejected bean name 'metricaRepository': no URL paths identified
21:57:16.153 [Test worker] DEBUG o.s.w.s.h.BeanNameUrlHandlerMapping - Rejected bean name 'metricaService': no URL paths identified
21:57:16.154 [Test worker] DEBUG o.s.w.s.h.BeanNameUrlHandlerMapping - Rejected bean name 'medicaoDao': no URL paths identified
21:57:16.154 [Test worker] DEBUG o.s.w.s.h.BeanNameUrlHandlerMapping - Rejected bean name 'metricaDao': no URL paths identified
21:57:16.154 [Test worker] DEBUG o.s.w.s.h.BeanNameUrlHandlerMapping - Rejected bean name 'regraDao': no URL paths identified
21:57:16.154 [Test worker] DEBUG o.s.w.s.h.BeanNameUrlHandlerMapping - Rejected bean name 'regraRepository': no URL paths identified
21:57:16.154 [Test worker] DEBUG o.s.w.s.h.BeanNameUrlHandlerMapping - Rejected bean name 'regraService': no URL paths identified
21:57:16.154 [Test worker] DEBUG o.s.w.s.h.BeanNameUrlHandlerMapping - Rejected bean name 'jerseyConfig': no URL paths identified
21:57:16.154 [Test worker] DEBUG o.s.w.s.h.BeanNameUrlHandlerMapping - Rejected bean name 'metricaController': no URL paths identified
21:57:16.154 [Test worker] DEBUG o.s.w.s.h.BeanNameUrlHandlerMapping - Rejected bean name 'regraController': no URL paths identified
21:57:16.154 [Test worker] DEBUG o.s.w.s.h.BeanNameUrlHandlerMapping - Rejected bean name 'org.springframework.boot.autoconfigure.AutoConfigurationPackages': no URL paths identified
21:57:16.154 [Test worker] DEBUG o.s.w.s.h.BeanNameUrlHandlerMapping - Rejected bean name 'org.springframework.boot.autoconfigure.PropertyPlaceholderAutoConfiguration': no URL paths identified
21:57:16.154 [Test worker] DEBUG o.s.w.s.h.BeanNameUrlHandlerMapping - Rejected bean name 'org.springframework.boot.autoconfigure.condition.BeanTypeRegistry': no URL paths identified
21:57:16.154 [Test worker] DEBUG o.s.w.s.h.BeanNameUrlHandlerMapping - Rejected bean name 'propertySourcesPlaceholderConfigurer': no URL paths identified
21:57:16.155 [Test worker] DEBUG o.s.w.s.h.BeanNameUrlHandlerMapping - Rejected bean name 'org.springframework.boot.autoconfigure.jersey.JerseyAutoConfiguration': no URL paths identified
21:57:16.155 [Test worker] DEBUG o.s.w.s.h.BeanNameUrlHandlerMapping - Rejected bean name 'requestContextFilter': no URL paths identified
21:57:16.155 [Test worker] DEBUG o.s.w.s.h.BeanNameUrlHandlerMapping - Rejected bean name 'jerseyServletRegistration': no URL paths identified
21:57:16.155 [Test worker] DEBUG o.s.w.s.h.BeanNameUrlHandlerMapping - Rejected bean name 'spring.jersey.CONFIGURATION_PROPERTIES': no URL paths identified
21:57:16.155 [Test worker] DEBUG o.s.w.s.h.BeanNameUrlHandlerMapping - Rejected bean name 'org.springframework.boot.context.properties.ConfigurationPropertiesBindingPostProcessor': no URL paths identified
21:57:16.155 [Test worker] DEBUG o.s.w.s.h.BeanNameUrlHandlerMapping - Rejected bean name 'org.springframework.boot.context.properties.ConfigurationPropertiesBindingPostProcessor.store': no URL paths identified
21:57:16.155 [Test worker] DEBUG o.s.w.s.h.BeanNameUrlHandlerMapping - Rejected bean name 'org.springframework.boot.autoconfigure.websocket.WebSocketAutoConfiguration$TomcatWebSocketConfiguration': no URL paths identified
21:57:16.155 [Test worker] DEBUG o.s.w.s.h.BeanNameUrlHandlerMapping - Rejected bean name 'websocketContainerCustomizer': no URL paths identified
21:57:16.155 [Test worker] DEBUG o.s.w.s.h.BeanNameUrlHandlerMapping - Rejected bean name 'org.springframework.boot.autoconfigure.websocket.WebSocketAutoConfiguration': no URL paths identified
21:57:16.155 [Test worker] DEBUG o.s.w.s.h.BeanNameUrlHandlerMapping - Rejected bean name 'org.springframework.boot.autoconfigure.web.EmbeddedServletContainerAutoConfiguration$EmbeddedTomcat': no URL paths identified
21:57:16.155 [Test worker] DEBUG o.s.w.s.h.BeanNameUrlHandlerMapping - Rejected bean name 'tomcatEmbeddedServletContainerFactory': no URL paths identified
21:57:16.155 [Test worker] DEBUG o.s.w.s.h.BeanNameUrlHandlerMapping - Rejected bean name 'org.springframework.boot.autoconfigure.web.EmbeddedServletContainerAutoConfiguration': no URL paths identified
21:57:16.156 [Test worker] DEBUG o.s.w.s.h.BeanNameUrlHandlerMapping - Rejected bean name 'embeddedServletContainerCustomizerBeanPostProcessor': no URL paths identified
21:57:16.156 [Test worker] DEBUG o.s.w.s.h.BeanNameUrlHandlerMapping - Rejected bean name 'org.springframework.boot.autoconfigure.web.DispatcherServletAutoConfiguration$DispatcherServletConfiguration': no URL paths identified
21:57:16.156 [Test worker] DEBUG o.s.w.s.h.BeanNameUrlHandlerMapping - Rejected bean name 'dispatcherServlet': no URL paths identified
21:57:16.156 [Test worker] DEBUG o.s.w.s.h.BeanNameUrlHandlerMapping - Rejected bean name 'dispatcherServletRegistration': no URL paths identified
21:57:16.156 [Test worker] DEBUG o.s.w.s.h.BeanNameUrlHandlerMapping - Rejected bean name 'spring.mvc.CONFIGURATION_PROPERTIES': no URL paths identified
21:57:16.156 [Test worker] DEBUG o.s.w.s.h.BeanNameUrlHandlerMapping - Rejected bean name 'org.springframework.boot.autoconfigure.web.DispatcherServletAutoConfiguration': no URL paths identified
21:57:16.156 [Test worker] DEBUG o.s.w.s.h.BeanNameUrlHandlerMapping - Rejected bean name 'org.springframework.boot.autoconfigure.web.ErrorMvcAutoConfiguration$WhitelabelErrorViewConfiguration': no URL paths identified
21:57:16.156 [Test worker] DEBUG o.s.w.s.h.BeanNameUrlHandlerMapping - Rejected bean name 'error': no URL paths identified
21:57:16.156 [Test worker] DEBUG o.s.w.s.h.BeanNameUrlHandlerMapping - Rejected bean name 'beanNameViewResolver': no URL paths identified
21:57:16.156 [Test worker] DEBUG o.s.w.s.h.BeanNameUrlHandlerMapping - Rejected bean name 'org.springframework.boot.autoconfigure.web.ErrorMvcAutoConfiguration': no URL paths identified
21:57:16.156 [Test worker] DEBUG o.s.w.s.h.BeanNameUrlHandlerMapping - Rejected bean name 'errorAttributes': no URL paths identified
21:57:16.156 [Test worker] DEBUG o.s.w.s.h.BeanNameUrlHandlerMapping - Rejected bean name 'basicErrorController': no URL paths identified
21:57:16.157 [Test worker] DEBUG o.s.w.s.h.BeanNameUrlHandlerMapping - Rejected bean name 'errorPageCustomizer': no URL paths identified
21:57:16.157 [Test worker] DEBUG o.s.w.s.h.BeanNameUrlHandlerMapping - Rejected bean name 'preserveErrorControllerTargetClassPostProcessor': no URL paths identified
21:57:16.157 [Test worker] DEBUG o.s.w.s.h.BeanNameUrlHandlerMapping - Rejected bean name 'org.springframework.boot.autoconfigure.web.WebMvcAutoConfiguration$EnableWebMvcConfiguration': no URL paths identified
21:57:16.157 [Test worker] DEBUG o.s.w.s.h.BeanNameUrlHandlerMapping - Rejected bean name 'requestMappingHandlerAdapter': no URL paths identified
21:57:16.157 [Test worker] DEBUG o.s.w.s.h.BeanNameUrlHandlerMapping - Rejected bean name 'requestMappingHandlerMapping': no URL paths identified
21:57:16.157 [Test worker] DEBUG o.s.w.s.h.BeanNameUrlHandlerMapping - Rejected bean name 'mvcContentNegotiationManager': no URL paths identified
21:57:16.157 [Test worker] DEBUG o.s.w.s.h.BeanNameUrlHandlerMapping - Rejected bean name 'viewControllerHandlerMapping': no URL paths identified
21:57:16.158 [Test worker] DEBUG o.s.w.s.h.BeanNameUrlHandlerMapping - Rejected bean name 'beanNameHandlerMapping': no URL paths identified
21:57:16.158 [Test worker] DEBUG o.s.w.s.h.BeanNameUrlHandlerMapping - Rejected bean name 'resourceHandlerMapping': no URL paths identified
21:57:16.174 [Test worker] DEBUG o.s.w.s.h.BeanNameUrlHandlerMapping - Rejected bean name 'mvcResourceUrlProvider': no URL paths identified
21:57:16.175 [Test worker] DEBUG o.s.w.s.h.BeanNameUrlHandlerMapping - Rejected bean name 'defaultServletHandlerMapping': no URL paths identified
21:57:16.175 [Test worker] DEBUG o.s.w.s.h.BeanNameUrlHandlerMapping - Rejected bean name 'mvcConversionService': no URL paths identified
21:57:16.175 [Test worker] DEBUG o.s.w.s.h.BeanNameUrlHandlerMapping - Rejected bean name 'mvcValidator': no URL paths identified
21:57:16.175 [Test worker] DEBUG o.s.w.s.h.BeanNameUrlHandlerMapping - Rejected bean name 'mvcPathMatcher': no URL paths identified
21:57:16.175 [Test worker] DEBUG o.s.w.s.h.BeanNameUrlHandlerMapping - Rejected bean name 'mvcUrlPathHelper': no URL paths identified
21:57:16.175 [Test worker] DEBUG o.s.w.s.h.BeanNameUrlHandlerMapping - Rejected bean name 'mvcUriComponentsContributor': no URL paths identified
21:57:16.175 [Test worker] DEBUG o.s.w.s.h.BeanNameUrlHandlerMapping - Rejected bean name 'httpRequestHandlerAdapter': no URL paths identified
21:57:16.176 [Test worker] DEBUG o.s.w.s.h.BeanNameUrlHandlerMapping - Rejected bean name 'simpleControllerHandlerAdapter': no URL paths identified
21:57:16.176 [Test worker] DEBUG o.s.w.s.h.BeanNameUrlHandlerMapping - Rejected bean name 'handlerExceptionResolver': no URL paths identified
21:57:16.176 [Test worker] DEBUG o.s.w.s.h.BeanNameUrlHandlerMapping - Rejected bean name 'mvcViewResolver': no URL paths identified
21:57:16.176 [Test worker] DEBUG o.s.w.s.h.BeanNameUrlHandlerMapping - Rejected bean name 'org.springframework.boot.autoconfigure.web.WebMvcAutoConfiguration$WebMvcAutoConfigurationAdapter$FaviconConfiguration': no URL paths identified
21:57:16.176 [Test worker] DEBUG o.s.w.s.h.BeanNameUrlHandlerMapping - Rejected bean name 'faviconHandlerMapping': no URL paths identified
21:57:16.176 [Test worker] DEBUG o.s.w.s.h.BeanNameUrlHandlerMapping - Rejected bean name 'faviconRequestHandler': no URL paths identified
21:57:16.176 [Test worker] DEBUG o.s.w.s.h.BeanNameUrlHandlerMapping - Rejected bean name 'org.springframework.boot.autoconfigure.web.WebMvcAutoConfiguration$WebMvcAutoConfigurationAdapter': no URL paths identified
21:57:16.176 [Test worker] DEBUG o.s.w.s.h.BeanNameUrlHandlerMapping - Rejected bean name 'defaultViewResolver': no URL paths identified
21:57:16.176 [Test worker] DEBUG o.s.w.s.h.BeanNameUrlHandlerMapping - Rejected bean name 'viewResolver': no URL paths identified
21:57:16.176 [Test worker] DEBUG o.s.w.s.h.BeanNameUrlHandlerMapping - Rejected bean name 'spring.resources.CONFIGURATION_PROPERTIES': no URL paths identified
21:57:16.176 [Test worker] DEBUG o.s.w.s.h.BeanNameUrlHandlerMapping - Rejected bean name 'org.springframework.boot.autoconfigure.web.WebMvcAutoConfiguration': no URL paths identified
21:57:16.176 [Test worker] DEBUG o.s.w.s.h.BeanNameUrlHandlerMapping - Rejected bean name 'hiddenHttpMethodFilter': no URL paths identified
21:57:16.177 [Test worker] DEBUG o.s.w.s.h.BeanNameUrlHandlerMapping - Rejected bean name 'httpPutFormContentFilter': no URL paths identified
21:57:16.180 [Test worker] DEBUG o.s.w.s.h.BeanNameUrlHandlerMapping - Rejected bean name 'org.springframework.boot.actuate.autoconfigure.AuditAutoConfiguration$AuditEventRepositoryConfiguration': no URL paths identified
21:57:16.181 [Test worker] DEBUG o.s.w.s.h.BeanNameUrlHandlerMapping - Rejected bean name 'auditEventRepository': no URL paths identified
21:57:16.181 [Test worker] DEBUG o.s.w.s.h.BeanNameUrlHandlerMapping - Rejected bean name 'org.springframework.boot.actuate.autoconfigure.AuditAutoConfiguration': no URL paths identified
21:57:16.181 [Test worker] DEBUG o.s.w.s.h.BeanNameUrlHandlerMapping - Rejected bean name 'auditListener': no URL paths identified
21:57:16.181 [Test worker] DEBUG o.s.w.s.h.BeanNameUrlHandlerMapping - Rejected bean name 'org.springframework.boot.autoconfigure.jdbc.DataSourceAutoConfiguration$JdbcTemplateConfiguration': no URL paths identified
21:57:16.181 [Test worker] DEBUG o.s.w.s.h.BeanNameUrlHandlerMapping - Rejected bean name 'jdbcTemplate': no URL paths identified
21:57:16.181 [Test worker] DEBUG o.s.w.s.h.BeanNameUrlHandlerMapping - Rejected bean name 'namedParameterJdbcTemplate': no URL paths identified
21:57:16.181 [Test worker] DEBUG o.s.w.s.h.BeanNameUrlHandlerMapping - Rejected bean name 'org.springframework.boot.autoconfigure.jdbc.DataSourceAutoConfiguration$NonEmbeddedConfiguration': no URL paths identified
21:57:16.181 [Test worker] DEBUG o.s.w.s.h.BeanNameUrlHandlerMapping - Rejected bean name 'dataSource': no URL paths identified
21:57:16.182 [Test worker] DEBUG o.s.w.s.h.BeanNameUrlHandlerMapping - Rejected bean name 'org.springframework.boot.autoconfigure.jdbc.DataSourceAutoConfiguration$DataSourceInitializerConfiguration': no URL paths identified
21:57:16.182 [Test worker] DEBUG o.s.w.s.h.BeanNameUrlHandlerMapping - Rejected bean name 'dataSourceInitializer': no URL paths identified
21:57:16.182 [Test worker] DEBUG o.s.w.s.h.BeanNameUrlHandlerMapping - Rejected bean name 'org.springframework.boot.autoconfigure.jdbc.metadata.DataSourcePoolMetadataProvidersConfiguration$TomcatDataSourcePoolMetadataProviderConfiguration': no URL paths identified
21:57:16.182 [Test worker] DEBUG o.s.w.s.h.BeanNameUrlHandlerMapping - Rejected bean name 'tomcatPoolDataSourceMetadataProvider': no URL paths identified
21:57:16.182 [Test worker] DEBUG o.s.w.s.h.BeanNameUrlHandlerMapping - Rejected bean name 'org.springframework.boot.autoconfigure.jdbc.metadata.DataSourcePoolMetadataProvidersConfiguration': no URL paths identified
21:57:16.182 [Test worker] DEBUG o.s.w.s.h.BeanNameUrlHandlerMapping - Rejected bean name 'org.springframework.boot.autoconfigure.jdbc.DataSourceAutoConfiguration': no URL paths identified
21:57:16.182 [Test worker] DEBUG o.s.w.s.h.BeanNameUrlHandlerMapping - Rejected bean name 'spring.datasource.CONFIGURATION_PROPERTIES': no URL paths identified
21:57:16.182 [Test worker] DEBUG o.s.w.s.h.BeanNameUrlHandlerMapping - Rejected bean name 'dataSourceInitializerPostProcessor': no URL paths identified
21:57:16.182 [Test worker] DEBUG o.s.w.s.h.BeanNameUrlHandlerMapping - Rejected bean name 'org.springframework.boot.actuate.autoconfigure.HealthIndicatorAutoConfiguration$DiskSpaceHealthIndicatorConfiguration': no URL paths identified
21:57:16.182 [Test worker] DEBUG o.s.w.s.h.BeanNameUrlHandlerMapping - Rejected bean name 'diskSpaceHealthIndicator': no URL paths identified
21:57:16.183 [Test worker] DEBUG o.s.w.s.h.BeanNameUrlHandlerMapping - Rejected bean name 'diskSpaceHealthIndicatorProperties': no URL paths identified
21:57:16.183 [Test worker] DEBUG o.s.w.s.h.BeanNameUrlHandlerMapping - Rejected bean name 'org.springframework.boot.actuate.autoconfigure.HealthIndicatorAutoConfiguration$DataSourcesHealthIndicatorConfiguration': no URL paths identified
21:57:16.183 [Test worker] DEBUG o.s.w.s.h.BeanNameUrlHandlerMapping - Rejected bean name 'dbHealthIndicator': no URL paths identified
21:57:16.183 [Test worker] DEBUG o.s.w.s.h.BeanNameUrlHandlerMapping - Rejected bean name 'org.springframework.boot.actuate.autoconfigure.HealthIndicatorAutoConfiguration': no URL paths identified
21:57:16.183 [Test worker] DEBUG o.s.w.s.h.BeanNameUrlHandlerMapping - Rejected bean name 'healthAggregator': no URL paths identified
21:57:16.183 [Test worker] DEBUG o.s.w.s.h.BeanNameUrlHandlerMapping - Rejected bean name 'management.health.status.CONFIGURATION_PROPERTIES': no URL paths identified
21:57:16.183 [Test worker] DEBUG o.s.w.s.h.BeanNameUrlHandlerMapping - Rejected bean name 'org.springframework.boot.actuate.autoconfigure.MetricRepositoryAutoConfiguration$FastMetricServicesConfiguration': no URL paths identified
21:57:16.183 [Test worker] DEBUG o.s.w.s.h.BeanNameUrlHandlerMapping - Rejected bean name 'counterBuffers': no URL paths identified
21:57:16.183 [Test worker] DEBUG o.s.w.s.h.BeanNameUrlHandlerMapping - Rejected bean name 'gaugeBuffers': no URL paths identified
21:57:16.183 [Test worker] DEBUG o.s.w.s.h.BeanNameUrlHandlerMapping - Rejected bean name 'actuatorMetricReader': no URL paths identified
21:57:16.183 [Test worker] DEBUG o.s.w.s.h.BeanNameUrlHandlerMapping - Rejected bean name 'counterService': no URL paths identified
21:57:16.184 [Test worker] DEBUG o.s.w.s.h.BeanNameUrlHandlerMapping - Rejected bean name 'gaugeService': no URL paths identified
21:57:16.184 [Test worker] DEBUG o.s.w.s.h.BeanNameUrlHandlerMapping - Rejected bean name 'org.springframework.boot.actuate.autoconfigure.MetricRepositoryAutoConfiguration': no URL paths identified
21:57:16.184 [Test worker] DEBUG o.s.w.s.h.BeanNameUrlHandlerMapping - Rejected bean name 'org.springframework.boot.actuate.autoconfigure.PublicMetricsAutoConfiguration$TomcatMetricsConfiguration': no URL paths identified
21:57:16.184 [Test worker] DEBUG o.s.w.s.h.BeanNameUrlHandlerMapping - Rejected bean name 'tomcatPublicMetrics': no URL paths identified
21:57:16.184 [Test worker] DEBUG o.s.w.s.h.BeanNameUrlHandlerMapping - Rejected bean name 'org.springframework.boot.actuate.autoconfigure.PublicMetricsAutoConfiguration$DataSourceMetricsConfiguration': no URL paths identified
21:57:16.184 [Test worker] DEBUG o.s.w.s.h.BeanNameUrlHandlerMapping - Rejected bean name 'dataSourcePublicMetrics': no URL paths identified
21:57:16.184 [Test worker] DEBUG o.s.w.s.h.BeanNameUrlHandlerMapping - Rejected bean name 'org.springframework.boot.actuate.autoconfigure.PublicMetricsAutoConfiguration': no URL paths identified
21:57:16.184 [Test worker] DEBUG o.s.w.s.h.BeanNameUrlHandlerMapping - Rejected bean name 'systemPublicMetrics': no URL paths identified
21:57:16.184 [Test worker] DEBUG o.s.w.s.h.BeanNameUrlHandlerMapping - Rejected bean name 'metricReaderPublicMetrics': no URL paths identified
21:57:16.184 [Test worker] DEBUG o.s.w.s.h.BeanNameUrlHandlerMapping - Rejected bean name 'org.springframework.boot.actuate.autoconfigure.EndpointAutoConfiguration$InfoPropertiesConfiguration': no URL paths identified
21:57:16.185 [Test worker] DEBUG o.s.w.s.h.BeanNameUrlHandlerMapping - Rejected bean name 'org.springframework.boot.actuate.autoconfigure.EndpointAutoConfiguration$RequestMappingEndpointConfiguration': no URL paths identified
21:57:16.185 [Test worker] DEBUG o.s.w.s.h.BeanNameUrlHandlerMapping - Rejected bean name 'requestMappingEndpoint': no URL paths identified
21:57:16.185 [Test worker] DEBUG o.s.w.s.h.BeanNameUrlHandlerMapping - Rejected bean name 'org.springframework.boot.actuate.autoconfigure.EndpointAutoConfiguration': no URL paths identified
21:57:16.185 [Test worker] DEBUG o.s.w.s.h.BeanNameUrlHandlerMapping - Rejected bean name 'environmentEndpoint': no URL paths identified
21:57:16.185 [Test worker] DEBUG o.s.w.s.h.BeanNameUrlHandlerMapping - Rejected bean name 'healthEndpoint': no URL paths identified
21:57:16.185 [Test worker] DEBUG o.s.w.s.h.BeanNameUrlHandlerMapping - Rejected bean name 'beansEndpoint': no URL paths identified
21:57:16.185 [Test worker] DEBUG o.s.w.s.h.BeanNameUrlHandlerMapping - Rejected bean name 'infoEndpoint': no URL paths identified
21:57:16.185 [Test worker] DEBUG o.s.w.s.h.BeanNameUrlHandlerMapping - Rejected bean name 'metricsEndpoint': no URL paths identified
21:57:16.185 [Test worker] DEBUG o.s.w.s.h.BeanNameUrlHandlerMapping - Rejected bean name 'traceEndpoint': no URL paths identified
21:57:16.185 [Test worker] DEBUG o.s.w.s.h.BeanNameUrlHandlerMapping - Rejected bean name 'dumpEndpoint': no URL paths identified
21:57:16.185 [Test worker] DEBUG o.s.w.s.h.BeanNameUrlHandlerMapping - Rejected bean name 'autoConfigurationReportEndpoint': no URL paths identified
21:57:16.186 [Test worker] DEBUG o.s.w.s.h.BeanNameUrlHandlerMapping - Rejected bean name 'shutdownEndpoint': no URL paths identified
21:57:16.186 [Test worker] DEBUG o.s.w.s.h.BeanNameUrlHandlerMapping - Rejected bean name 'configurationPropertiesReportEndpoint': no URL paths identified
21:57:16.186 [Test worker] DEBUG o.s.w.s.h.BeanNameUrlHandlerMapping - Rejected bean name 'endpoints.CONFIGURATION_PROPERTIES': no URL paths identified
21:57:16.186 [Test worker] DEBUG o.s.w.s.h.BeanNameUrlHandlerMapping - Rejected bean name 'org.springframework.boot.autoconfigure.web.ServerPropertiesAutoConfiguration': no URL paths identified
21:57:16.186 [Test worker] DEBUG o.s.w.s.h.BeanNameUrlHandlerMapping - Rejected bean name 'serverProperties': no URL paths identified
21:57:16.186 [Test worker] DEBUG o.s.w.s.h.BeanNameUrlHandlerMapping - Rejected bean name 'duplicateServerPropertiesDetector': no URL paths identified
21:57:16.186 [Test worker] DEBUG o.s.w.s.h.BeanNameUrlHandlerMapping - Rejected bean name 'org.springframework.boot.actuate.autoconfigure.ManagementServerPropertiesAutoConfiguration': no URL paths identified
21:57:16.186 [Test worker] DEBUG o.s.w.s.h.BeanNameUrlHandlerMapping - Rejected bean name 'managementServerProperties': no URL paths identified
21:57:16.186 [Test worker] DEBUG o.s.w.s.h.BeanNameUrlHandlerMapping - Rejected bean name 'org.springframework.boot.autoconfigure.jackson.JacksonAutoConfiguration$JacksonObjectMapperBuilderConfiguration': no URL paths identified
21:57:16.186 [Test worker] DEBUG o.s.w.s.h.BeanNameUrlHandlerMapping - Rejected bean name 'jacksonObjectMapperBuilder': no URL paths identified
21:57:16.186 [Test worker] DEBUG o.s.w.s.h.BeanNameUrlHandlerMapping - Rejected bean name 'spring.jackson.CONFIGURATION_PROPERTIES': no URL paths identified
21:57:16.186 [Test worker] DEBUG o.s.w.s.h.BeanNameUrlHandlerMapping - Rejected bean name 'org.springframework.boot.autoconfigure.jackson.JacksonAutoConfiguration$JacksonObjectMapperConfiguration': no URL paths identified
21:57:16.187 [Test worker] DEBUG o.s.w.s.h.BeanNameUrlHandlerMapping - Rejected bean name 'jacksonObjectMapper': no URL paths identified
21:57:16.187 [Test worker] DEBUG o.s.w.s.h.BeanNameUrlHandlerMapping - Rejected bean name 'org.springframework.boot.autoconfigure.jackson.JacksonAutoConfiguration': no URL paths identified
21:57:16.187 [Test worker] DEBUG o.s.w.s.h.BeanNameUrlHandlerMapping - Rejected bean name 'org.springframework.boot.autoconfigure.web.HttpMessageConvertersAutoConfiguration$StringHttpMessageConverterConfiguration': no URL paths identified
21:57:16.187 [Test worker] DEBUG o.s.w.s.h.BeanNameUrlHandlerMapping - Rejected bean name 'stringHttpMessageConverter': no URL paths identified
21:57:16.187 [Test worker] DEBUG o.s.w.s.h.BeanNameUrlHandlerMapping - Rejected bean name 'spring.http.encoding.CONFIGURATION_PROPERTIES': no URL paths identified
21:57:16.187 [Test worker] DEBUG o.s.w.s.h.BeanNameUrlHandlerMapping - Rejected bean name 'org.springframework.boot.autoconfigure.web.JacksonHttpMessageConvertersConfiguration$MappingJackson2HttpMessageConverterConfiguration': no URL paths identified
21:57:16.188 [Test worker] DEBUG o.s.w.s.h.BeanNameUrlHandlerMapping - Rejected bean name 'mappingJackson2HttpMessageConverter': no URL paths identified
21:57:16.188 [Test worker] DEBUG o.s.w.s.h.BeanNameUrlHandlerMapping - Rejected bean name 'org.springframework.boot.autoconfigure.web.JacksonHttpMessageConvertersConfiguration': no URL paths identified
21:57:16.188 [Test worker] DEBUG o.s.w.s.h.BeanNameUrlHandlerMapping - Rejected bean name 'org.springframework.boot.autoconfigure.web.HttpMessageConvertersAutoConfiguration': no URL paths identified
21:57:16.188 [Test worker] DEBUG o.s.w.s.h.BeanNameUrlHandlerMapping - Rejected bean name 'messageConverters': no URL paths identified
21:57:16.188 [Test worker] DEBUG o.s.w.s.h.BeanNameUrlHandlerMapping - Rejected bean name 'org.springframework.boot.actuate.autoconfigure.EndpointWebMvcAutoConfiguration$ApplicationContextFilterConfiguration': no URL paths identified
21:57:16.188 [Test worker] DEBUG o.s.w.s.h.BeanNameUrlHandlerMapping - Rejected bean name 'applicationContextIdFilter': no URL paths identified
21:57:16.188 [Test worker] DEBUG o.s.w.s.h.BeanNameUrlHandlerMapping - Rejected bean name 'org.springframework.boot.actuate.autoconfigure.EndpointWebMvcAutoConfiguration': no URL paths identified
21:57:16.188 [Test worker] DEBUG o.s.w.s.h.BeanNameUrlHandlerMapping - Rejected bean name 'managementContextResolver': no URL paths identified
21:57:16.188 [Test worker] DEBUG o.s.w.s.h.BeanNameUrlHandlerMapping - Rejected bean name 'managementServletContext': no URL paths identified
21:57:16.188 [Test worker] DEBUG o.s.w.s.h.BeanNameUrlHandlerMapping - Rejected bean name 'org.springframework.boot.actuate.autoconfigure.MetricExportAutoConfiguration$MetricExportPropertiesConfiguration': no URL paths identified
21:57:16.189 [Test worker] DEBUG o.s.w.s.h.BeanNameUrlHandlerMapping - Rejected bean name 'spring.metrics.export.CONFIGURATION_PROPERTIES': no URL paths identified
21:57:16.189 [Test worker] DEBUG o.s.w.s.h.BeanNameUrlHandlerMapping - Rejected bean name 'org.springframework.scheduling.annotation.SchedulingConfiguration': no URL paths identified
21:57:16.189 [Test worker] DEBUG o.s.w.s.h.BeanNameUrlHandlerMapping - Rejected bean name 'org.springframework.context.annotation.internalScheduledAnnotationProcessor': no URL paths identified
21:57:16.189 [Test worker] DEBUG o.s.w.s.h.BeanNameUrlHandlerMapping - Rejected bean name 'org.springframework.boot.actuate.autoconfigure.MetricExportAutoConfiguration': no URL paths identified
21:57:16.189 [Test worker] DEBUG o.s.w.s.h.BeanNameUrlHandlerMapping - Rejected bean name 'metricWritersMetricExporter': no URL paths identified
21:57:16.189 [Test worker] DEBUG o.s.w.s.h.BeanNameUrlHandlerMapping - Rejected bean name 'org.springframework.boot.actuate.autoconfigure.MetricFilterAutoConfiguration': no URL paths identified
21:57:16.190 [Test worker] DEBUG o.s.w.s.h.BeanNameUrlHandlerMapping - Rejected bean name 'metricFilter': no URL paths identified
21:57:16.190 [Test worker] DEBUG o.s.w.s.h.BeanNameUrlHandlerMapping - Rejected bean name 'org.springframework.boot.actuate.autoconfigure.TraceRepositoryAutoConfiguration': no URL paths identified
21:57:16.190 [Test worker] DEBUG o.s.w.s.h.BeanNameUrlHandlerMapping - Rejected bean name 'traceRepository': no URL paths identified
21:57:16.190 [Test worker] DEBUG o.s.w.s.h.BeanNameUrlHandlerMapping - Rejected bean name 'org.springframework.boot.actuate.autoconfigure.TraceWebFilterAutoConfiguration': no URL paths identified
21:57:16.190 [Test worker] DEBUG o.s.w.s.h.BeanNameUrlHandlerMapping - Rejected bean name 'webRequestLoggingFilter': no URL paths identified
21:57:16.190 [Test worker] DEBUG o.s.w.s.h.BeanNameUrlHandlerMapping - Rejected bean name 'management.trace.CONFIGURATION_PROPERTIES': no URL paths identified
21:57:16.190 [Test worker] DEBUG o.s.w.s.h.BeanNameUrlHandlerMapping - Rejected bean name 'org.springframework.boot.autoconfigure.context.ConfigurationPropertiesAutoConfiguration': no URL paths identified
21:57:16.190 [Test worker] DEBUG o.s.w.s.h.BeanNameUrlHandlerMapping - Rejected bean name 'org.springframework.boot.autoconfigure.dao.PersistenceExceptionTranslationAutoConfiguration': no URL paths identified
21:57:16.190 [Test worker] DEBUG o.s.w.s.h.BeanNameUrlHandlerMapping - Rejected bean name 'persistenceExceptionTranslationPostProcessor': no URL paths identified
21:57:16.191 [Test worker] DEBUG o.s.w.s.h.BeanNameUrlHandlerMapping - Rejected bean name 'org.springframework.boot.autoconfigure.h2.H2ConsoleAutoConfiguration': no URL paths identified
21:57:16.191 [Test worker] DEBUG o.s.w.s.h.BeanNameUrlHandlerMapping - Rejected bean name 'h2Console': no URL paths identified
21:57:16.191 [Test worker] DEBUG o.s.w.s.h.BeanNameUrlHandlerMapping - Rejected bean name 'spring.h2.console.CONFIGURATION_PROPERTIES': no URL paths identified
21:57:16.191 [Test worker] DEBUG o.s.w.s.h.BeanNameUrlHandlerMapping - Rejected bean name 'org.springframework.transaction.annotation.ProxyTransactionManagementConfiguration': no URL paths identified
21:57:16.191 [Test worker] DEBUG o.s.w.s.h.BeanNameUrlHandlerMapping - Rejected bean name 'org.springframework.transaction.config.internalTransactionAdvisor': no URL paths identified
21:57:16.191 [Test worker] DEBUG o.s.w.s.h.BeanNameUrlHandlerMapping - Rejected bean name 'transactionAttributeSource': no URL paths identified
21:57:16.191 [Test worker] DEBUG o.s.w.s.h.BeanNameUrlHandlerMapping - Rejected bean name 'transactionInterceptor': no URL paths identified
21:57:16.191 [Test worker] DEBUG o.s.w.s.h.BeanNameUrlHandlerMapping - Rejected bean name 'org.springframework.transaction.config.internalTransactionalEventListenerFactory': no URL paths identified
21:57:16.192 [Test worker] DEBUG o.s.w.s.h.BeanNameUrlHandlerMapping - Rejected bean name 'org.springframework.boot.autoconfigure.jdbc.DataSourceTransactionManagerAutoConfiguration$TransactionManagementConfiguration': no URL paths identified
21:57:16.192 [Test worker] DEBUG o.s.w.s.h.BeanNameUrlHandlerMapping - Rejected bean name 'org.springframework.aop.config.internalAutoProxyCreator': no URL paths identified
21:57:16.192 [Test worker] DEBUG o.s.w.s.h.BeanNameUrlHandlerMapping - Rejected bean name 'org.springframework.boot.autoconfigure.jdbc.DataSourceTransactionManagerAutoConfiguration': no URL paths identified
21:57:16.192 [Test worker] DEBUG o.s.w.s.h.BeanNameUrlHandlerMapping - Rejected bean name 'transactionManager': no URL paths identified
21:57:16.193 [Test worker] DEBUG o.s.w.s.h.BeanNameUrlHandlerMapping - Rejected bean name 'org.springframework.boot.autoconfigure.transaction.TransactionAutoConfiguration': no URL paths identified
21:57:16.193 [Test worker] DEBUG o.s.w.s.h.BeanNameUrlHandlerMapping - Rejected bean name 'transactionTemplate': no URL paths identified
21:57:16.193 [Test worker] DEBUG o.s.w.s.h.BeanNameUrlHandlerMapping - Rejected bean name 'org.springframework.boot.autoconfigure.web.HttpEncodingAutoConfiguration': no URL paths identified
21:57:16.193 [Test worker] DEBUG o.s.w.s.h.BeanNameUrlHandlerMapping - Rejected bean name 'characterEncodingFilter': no URL paths identified
21:57:16.193 [Test worker] DEBUG o.s.w.s.h.BeanNameUrlHandlerMapping - Rejected bean name 'org.springframework.boot.autoconfigure.web.MultipartAutoConfiguration': no URL paths identified
21:57:16.193 [Test worker] DEBUG o.s.w.s.h.BeanNameUrlHandlerMapping - Rejected bean name 'multipartConfigElement': no URL paths identified
21:57:16.193 [Test worker] DEBUG o.s.w.s.h.BeanNameUrlHandlerMapping - Rejected bean name 'multipartResolver': no URL paths identified
21:57:16.194 [Test worker] DEBUG o.s.w.s.h.BeanNameUrlHandlerMapping - Rejected bean name 'multipart.CONFIGURATION_PROPERTIES': no URL paths identified
21:57:16.194 [Test worker] DEBUG o.s.w.s.h.BeanNameUrlHandlerMapping - Rejected bean name 'autoConfigurationReport': no URL paths identified
21:57:16.194 [Test worker] DEBUG o.s.w.s.h.BeanNameUrlHandlerMapping - Rejected bean name 'applicationEventMulticaster': no URL paths identified
21:57:16.194 [Test worker] DEBUG o.s.w.s.h.BeanNameUrlHandlerMapping - Rejected bean name 'springApplicationArguments': no URL paths identified
21:57:16.194 [Test worker] DEBUG o.s.w.s.h.BeanNameUrlHandlerMapping - Rejected bean name 'springBootLoggingSystem': no URL paths identified
21:57:16.194 [Test worker] DEBUG o.s.w.s.h.BeanNameUrlHandlerMapping - Rejected bean name 'environment': no URL paths identified
21:57:16.194 [Test worker] DEBUG o.s.w.s.h.BeanNameUrlHandlerMapping - Rejected bean name 'systemProperties': no URL paths identified
21:57:16.194 [Test worker] DEBUG o.s.w.s.h.BeanNameUrlHandlerMapping - Rejected bean name 'systemEnvironment': no URL paths identified
21:57:16.194 [Test worker] DEBUG o.s.w.s.h.BeanNameUrlHandlerMapping - Rejected bean name 'servletContext': no URL paths identified
21:57:16.194 [Test worker] DEBUG o.s.w.s.h.BeanNameUrlHandlerMapping - Rejected bean name 'contextParameters': no URL paths identified
21:57:16.194 [Test worker] DEBUG o.s.w.s.h.BeanNameUrlHandlerMapping - Rejected bean name 'contextAttributes': no URL paths identified
21:57:16.195 [Test worker] DEBUG o.s.w.s.h.BeanNameUrlHandlerMapping - Rejected bean name 'org.springframework.context.annotation.ConfigurationClassPostProcessor.importRegistry': no URL paths identified
21:57:16.195 [Test worker] DEBUG o.s.w.s.h.BeanNameUrlHandlerMapping - Rejected bean name 'messageSource': no URL paths identified
21:57:16.195 [Test worker] DEBUG o.s.b.f.s.DefaultListableBeanFactory - Returning cached instance of singleton bean 'org.springframework.transaction.config.internalTransactionAdvisor'
21:57:16.196 [Test worker] DEBUG o.s.b.f.s.DefaultListableBeanFactory - Finished creating instance of bean 'beanNameHandlerMapping'
21:57:16.196 [Test worker] DEBUG o.s.b.f.s.DefaultListableBeanFactory - Creating shared instance of singleton bean 'resourceHandlerMapping'
21:57:16.196 [Test worker] DEBUG o.s.b.f.s.DefaultListableBeanFactory - Creating instance of bean 'resourceHandlerMapping'
21:57:16.196 [Test worker] DEBUG o.s.b.f.s.DefaultListableBeanFactory - Returning cached instance of singleton bean 'org.springframework.boot.autoconfigure.web.WebMvcAutoConfiguration$EnableWebMvcConfiguration'
21:57:16.238 [Test worker] DEBUG o.s.b.f.s.DefaultListableBeanFactory - Returning cached instance of singleton bean 'mvcPathMatcher'
21:57:16.245 [Test worker] DEBUG o.s.b.f.s.DefaultListableBeanFactory - Returning cached instance of singleton bean 'mvcUrlPathHelper'
21:57:16.245 [Test worker] DEBUG o.s.b.f.s.DefaultListableBeanFactory - Returning cached instance of singleton bean 'mvcResourceUrlProvider'
21:57:16.246 [Test worker] DEBUG o.s.b.f.s.DefaultListableBeanFactory - Eagerly caching bean 'resourceHandlerMapping' to allow for resolving potential circular references
21:57:16.252 [Test worker] INFO  o.s.w.s.h.SimpleUrlHandlerMapping - Mapped URL path [/webjars/**] onto handler of type [class org.springframework.web.servlet.resource.ResourceHttpRequestHandler]
21:57:16.253 [Test worker] INFO  o.s.w.s.h.SimpleUrlHandlerMapping - Mapped URL path [/**] onto handler of type [class org.springframework.web.servlet.resource.ResourceHttpRequestHandler]
21:57:16.253 [Test worker] DEBUG o.s.b.f.s.DefaultListableBeanFactory - Returning cached instance of singleton bean 'org.springframework.transaction.config.internalTransactionAdvisor'
21:57:16.254 [Test worker] DEBUG o.s.b.f.s.DefaultListableBeanFactory - Finished creating instance of bean 'resourceHandlerMapping'
21:57:16.254 [Test worker] DEBUG o.s.b.f.s.DefaultListableBeanFactory - Returning cached instance of singleton bean 'mvcResourceUrlProvider'
21:57:16.254 [Test worker] DEBUG o.s.b.f.s.DefaultListableBeanFactory - Creating shared instance of singleton bean 'defaultServletHandlerMapping'
21:57:16.254 [Test worker] DEBUG o.s.b.f.s.DefaultListableBeanFactory - Creating instance of bean 'defaultServletHandlerMapping'
21:57:16.255 [Test worker] DEBUG o.s.b.f.s.DefaultListableBeanFactory - Returning cached instance of singleton bean 'org.springframework.boot.autoconfigure.web.WebMvcAutoConfiguration$EnableWebMvcConfiguration'
21:57:16.256 [Test worker] DEBUG o.s.b.f.s.DefaultListableBeanFactory - Eagerly caching bean 'defaultServletHandlerMapping' to allow for resolving potential circular references
21:57:16.258 [Test worker] DEBUG o.s.b.f.s.DefaultListableBeanFactory - Returning cached instance of singleton bean 'org.springframework.transaction.config.internalTransactionAdvisor'
21:57:16.258 [Test worker] DEBUG o.s.b.f.s.DefaultListableBeanFactory - Finished creating instance of bean 'defaultServletHandlerMapping'
21:57:16.258 [Test worker] DEBUG o.s.b.f.s.DefaultListableBeanFactory - Returning cached instance of singleton bean 'mvcConversionService'
21:57:16.258 [Test worker] DEBUG o.s.b.f.s.DefaultListableBeanFactory - Returning cached instance of singleton bean 'mvcValidator'
21:57:16.258 [Test worker] DEBUG o.s.b.f.s.DefaultListableBeanFactory - Returning cached instance of singleton bean 'mvcPathMatcher'
21:57:16.258 [Test worker] DEBUG o.s.b.f.s.DefaultListableBeanFactory - Returning cached instance of singleton bean 'mvcUrlPathHelper'
21:57:16.258 [Test worker] DEBUG o.s.b.f.s.DefaultListableBeanFactory - Creating shared instance of singleton bean 'mvcUriComponentsContributor'
21:57:16.258 [Test worker] DEBUG o.s.b.f.s.DefaultListableBeanFactory - Creating instance of bean 'mvcUriComponentsContributor'
21:57:16.258 [Test worker] DEBUG o.s.b.f.s.DefaultListableBeanFactory - Returning cached instance of singleton bean 'org.springframework.boot.autoconfigure.web.WebMvcAutoConfiguration$EnableWebMvcConfiguration'
21:57:16.260 [Test worker] DEBUG o.s.b.f.s.DefaultListableBeanFactory - Returning cached instance of singleton bean 'requestMappingHandlerAdapter'
21:57:16.262 [Test worker] DEBUG o.s.b.f.s.DefaultListableBeanFactory - Returning cached instance of singleton bean 'mvcConversionService'
21:57:16.264 [Test worker] DEBUG o.s.b.f.s.DefaultListableBeanFactory - Eagerly caching bean 'mvcUriComponentsContributor' to allow for resolving potential circular references
21:57:16.267 [Test worker] DEBUG o.s.b.f.s.DefaultListableBeanFactory - Returning cached instance of singleton bean 'org.springframework.transaction.config.internalTransactionAdvisor'
21:57:16.267 [Test worker] DEBUG o.s.b.f.s.DefaultListableBeanFactory - Finished creating instance of bean 'mvcUriComponentsContributor'
21:57:16.267 [Test worker] DEBUG o.s.b.f.s.DefaultListableBeanFactory - Creating shared instance of singleton bean 'httpRequestHandlerAdapter'
21:57:16.267 [Test worker] DEBUG o.s.b.f.s.DefaultListableBeanFactory - Creating instance of bean 'httpRequestHandlerAdapter'
21:57:16.267 [Test worker] DEBUG o.s.b.f.s.DefaultListableBeanFactory - Returning cached instance of singleton bean 'org.springframework.boot.autoconfigure.web.WebMvcAutoConfiguration$EnableWebMvcConfiguration'
21:57:16.268 [Test worker] DEBUG o.s.b.f.s.DefaultListableBeanFactory - Eagerly caching bean 'httpRequestHandlerAdapter' to allow for resolving potential circular references
21:57:16.270 [Test worker] DEBUG o.s.b.f.s.DefaultListableBeanFactory - Returning cached instance of singleton bean 'org.springframework.transaction.config.internalTransactionAdvisor'
21:57:16.270 [Test worker] DEBUG o.s.b.f.s.DefaultListableBeanFactory - Finished creating instance of bean 'httpRequestHandlerAdapter'
21:57:16.270 [Test worker] DEBUG o.s.b.f.s.DefaultListableBeanFactory - Creating shared instance of singleton bean 'simpleControllerHandlerAdapter'
21:57:16.270 [Test worker] DEBUG o.s.b.f.s.DefaultListableBeanFactory - Creating instance of bean 'simpleControllerHandlerAdapter'
21:57:16.271 [Test worker] DEBUG o.s.b.f.s.DefaultListableBeanFactory - Returning cached instance of singleton bean 'org.springframework.boot.autoconfigure.web.WebMvcAutoConfiguration$EnableWebMvcConfiguration'
21:57:16.271 [Test worker] DEBUG o.s.b.f.s.DefaultListableBeanFactory - Eagerly caching bean 'simpleControllerHandlerAdapter' to allow for resolving potential circular references
21:57:16.274 [Test worker] DEBUG o.s.b.f.s.DefaultListableBeanFactory - Returning cached instance of singleton bean 'org.springframework.transaction.config.internalTransactionAdvisor'
21:57:16.274 [Test worker] DEBUG o.s.b.f.s.DefaultListableBeanFactory - Finished creating instance of bean 'simpleControllerHandlerAdapter'
21:57:16.274 [Test worker] DEBUG o.s.b.f.s.DefaultListableBeanFactory - Creating shared instance of singleton bean 'handlerExceptionResolver'
21:57:16.274 [Test worker] DEBUG o.s.b.f.s.DefaultListableBeanFactory - Creating instance of bean 'handlerExceptionResolver'
21:57:16.274 [Test worker] DEBUG o.s.b.f.s.DefaultListableBeanFactory - Returning cached instance of singleton bean 'org.springframework.boot.autoconfigure.web.WebMvcAutoConfiguration$EnableWebMvcConfiguration'
21:57:16.287 [Test worker] DEBUG o.s.b.f.s.DefaultListableBeanFactory - Returning cached instance of singleton bean 'mvcContentNegotiationManager'
21:57:16.287 [Test worker] DEBUG o.s.w.s.m.m.a.ExceptionHandlerExceptionResolver - Looking for exception mappings: org.springframework.web.context.support.GenericWebApplicationContext@2a88404d: startup date [Wed Jun 29 21:57:11 BRT 2016]; root of context hierarchy
21:57:16.305 [Test worker] DEBUG o.s.b.f.s.DefaultListableBeanFactory - Eagerly caching bean 'handlerExceptionResolver' to allow for resolving potential circular references
21:57:16.307 [Test worker] DEBUG o.s.b.f.s.DefaultListableBeanFactory - Returning cached instance of singleton bean 'org.springframework.transaction.config.internalTransactionAdvisor'
21:57:16.307 [Test worker] DEBUG o.s.b.f.s.DefaultListableBeanFactory - Finished creating instance of bean 'handlerExceptionResolver'
21:57:16.307 [Test worker] DEBUG o.s.b.f.s.DefaultListableBeanFactory - Creating shared instance of singleton bean 'mvcViewResolver'
21:57:16.307 [Test worker] DEBUG o.s.b.f.s.DefaultListableBeanFactory - Creating instance of bean 'mvcViewResolver'
21:57:16.307 [Test worker] DEBUG o.s.b.f.s.DefaultListableBeanFactory - Returning cached instance of singleton bean 'org.springframework.boot.autoconfigure.web.WebMvcAutoConfiguration$EnableWebMvcConfiguration'
21:57:16.310 [Test worker] DEBUG o.s.b.f.s.DefaultListableBeanFactory - Returning cached instance of singleton bean 'mvcContentNegotiationManager'
21:57:16.311 [Test worker] DEBUG o.s.b.f.s.DefaultListableBeanFactory - Eagerly caching bean 'mvcViewResolver' to allow for resolving potential circular references
21:57:16.314 [Test worker] DEBUG o.s.b.f.s.DefaultListableBeanFactory - Invoking afterPropertiesSet() on bean with name 'mvcViewResolver'
21:57:16.314 [Test worker] DEBUG o.s.b.f.s.DefaultListableBeanFactory - Returning cached instance of singleton bean 'org.springframework.transaction.config.internalTransactionAdvisor'
21:57:16.314 [Test worker] DEBUG o.s.b.f.s.DefaultListableBeanFactory - Finished creating instance of bean 'mvcViewResolver'
21:57:16.314 [Test worker] DEBUG o.s.b.f.s.DefaultListableBeanFactory - Creating shared instance of singleton bean 'org.springframework.boot.autoconfigure.web.WebMvcAutoConfiguration$WebMvcAutoConfigurationAdapter$FaviconConfiguration'
21:57:16.314 [Test worker] DEBUG o.s.b.f.s.DefaultListableBeanFactory - Creating instance of bean 'org.springframework.boot.autoconfigure.web.WebMvcAutoConfiguration$WebMvcAutoConfigurationAdapter$FaviconConfiguration'
21:57:16.315 [Test worker] DEBUG o.s.b.f.annotation.InjectionMetadata - Registered injected element on class [org.springframework.boot.autoconfigure.web.WebMvcAutoConfiguration$WebMvcAutoConfigurationAdapter$FaviconConfiguration$$EnhancerBySpringCGLIB$$f36ef8ff]: AutowiredFieldElement for private org.springframework.boot.autoconfigure.web.ResourceProperties org.springframework.boot.autoconfigure.web.WebMvcAutoConfiguration$WebMvcAutoConfigurationAdapter$FaviconConfiguration.resourceProperties
21:57:16.315 [Test worker] DEBUG o.s.b.f.s.DefaultListableBeanFactory - Eagerly caching bean 'org.springframework.boot.autoconfigure.web.WebMvcAutoConfiguration$WebMvcAutoConfigurationAdapter$FaviconConfiguration' to allow for resolving potential circular references
21:57:16.318 [Test worker] DEBUG o.s.b.f.annotation.InjectionMetadata - Processing injected element of bean 'org.springframework.boot.autoconfigure.web.WebMvcAutoConfiguration$WebMvcAutoConfigurationAdapter$FaviconConfiguration': AutowiredFieldElement for private org.springframework.boot.autoconfigure.web.ResourceProperties org.springframework.boot.autoconfigure.web.WebMvcAutoConfiguration$WebMvcAutoConfigurationAdapter$FaviconConfiguration.resourceProperties
21:57:16.318 [Test worker] DEBUG o.s.b.f.s.DefaultListableBeanFactory - Returning cached instance of singleton bean 'spring.resources.CONFIGURATION_PROPERTIES'
21:57:16.318 [Test worker] DEBUG o.s.b.f.a.AutowiredAnnotationBeanPostProcessor - Autowiring by type from bean name 'org.springframework.boot.autoconfigure.web.WebMvcAutoConfiguration$WebMvcAutoConfigurationAdapter$FaviconConfiguration' to bean named 'spring.resources.CONFIGURATION_PROPERTIES'
21:57:16.318 [Test worker] DEBUG o.s.b.f.s.DefaultListableBeanFactory - Returning cached instance of singleton bean 'org.springframework.transaction.config.internalTransactionAdvisor'
21:57:16.319 [Test worker] DEBUG o.s.b.f.s.DefaultListableBeanFactory - Finished creating instance of bean 'org.springframework.boot.autoconfigure.web.WebMvcAutoConfiguration$WebMvcAutoConfigurationAdapter$FaviconConfiguration'
21:57:16.319 [Test worker] DEBUG o.s.b.f.s.DefaultListableBeanFactory - Creating shared instance of singleton bean 'faviconHandlerMapping'
21:57:16.319 [Test worker] DEBUG o.s.b.f.s.DefaultListableBeanFactory - Creating instance of bean 'faviconHandlerMapping'
21:57:16.319 [Test worker] DEBUG o.s.b.f.s.DefaultListableBeanFactory - Returning cached instance of singleton bean 'org.springframework.boot.autoconfigure.web.WebMvcAutoConfiguration$WebMvcAutoConfigurationAdapter$FaviconConfiguration'
21:57:16.322 [Test worker] DEBUG o.s.b.f.s.DefaultListableBeanFactory - Creating shared instance of singleton bean 'faviconRequestHandler'
21:57:16.322 [Test worker] DEBUG o.s.b.f.s.DefaultListableBeanFactory - Creating instance of bean 'faviconRequestHandler'
21:57:16.322 [Test worker] DEBUG o.s.b.f.s.DefaultListableBeanFactory - Returning cached instance of singleton bean 'org.springframework.boot.autoconfigure.web.WebMvcAutoConfiguration$WebMvcAutoConfigurationAdapter$FaviconConfiguration'
21:57:16.323 [Test worker] DEBUG o.s.b.f.s.DefaultListableBeanFactory - Eagerly caching bean 'faviconRequestHandler' to allow for resolving potential circular references
21:57:16.329 [Test worker] DEBUG o.s.b.f.s.DefaultListableBeanFactory - Invoking afterPropertiesSet() on bean with name 'faviconRequestHandler'
21:57:16.329 [Test worker] DEBUG o.s.b.f.s.DefaultListableBeanFactory - Returning cached instance of singleton bean 'org.springframework.transaction.config.internalTransactionAdvisor'
21:57:16.330 [Test worker] DEBUG o.s.b.f.s.DefaultListableBeanFactory - Finished creating instance of bean 'faviconRequestHandler'
21:57:16.330 [Test worker] DEBUG o.s.b.f.s.DefaultListableBeanFactory - Eagerly caching bean 'faviconHandlerMapping' to allow for resolving potential circular references
21:57:16.331 [Test worker] INFO  o.s.w.s.h.SimpleUrlHandlerMapping - Mapped URL path [/**/favicon.ico] onto handler of type [class org.springframework.web.servlet.resource.ResourceHttpRequestHandler]
21:57:16.331 [Test worker] DEBUG o.s.b.f.s.DefaultListableBeanFactory - Returning cached instance of singleton bean 'org.springframework.transaction.config.internalTransactionAdvisor'
21:57:16.331 [Test worker] DEBUG o.s.b.f.s.DefaultListableBeanFactory - Finished creating instance of bean 'faviconHandlerMapping'
21:57:16.331 [Test worker] DEBUG o.s.b.f.s.DefaultListableBeanFactory - Returning cached instance of singleton bean 'faviconRequestHandler'
21:57:16.331 [Test worker] DEBUG o.s.b.f.s.DefaultListableBeanFactory - Returning cached instance of singleton bean 'org.springframework.boot.autoconfigure.web.WebMvcAutoConfiguration$WebMvcAutoConfigurationAdapter'
21:57:16.331 [Test worker] DEBUG o.s.b.f.s.DefaultListableBeanFactory - Creating shared instance of singleton bean 'defaultViewResolver'
21:57:16.331 [Test worker] DEBUG o.s.b.f.s.DefaultListableBeanFactory - Creating instance of bean 'defaultViewResolver'
21:57:16.332 [Test worker] DEBUG o.s.b.f.s.DefaultListableBeanFactory - Returning cached instance of singleton bean 'org.springframework.boot.autoconfigure.web.WebMvcAutoConfiguration$WebMvcAutoConfigurationAdapter'
21:57:16.339 [Test worker] DEBUG o.s.b.f.s.DefaultListableBeanFactory - Eagerly caching bean 'defaultViewResolver' to allow for resolving potential circular references
21:57:16.349 [Test worker] DEBUG o.s.b.f.s.DefaultListableBeanFactory - Returning cached instance of singleton bean 'org.springframework.transaction.config.internalTransactionAdvisor'
21:57:16.350 [Test worker] DEBUG o.s.b.f.s.DefaultListableBeanFactory - Finished creating instance of bean 'defaultViewResolver'
21:57:16.350 [Test worker] DEBUG o.s.b.f.s.DefaultListableBeanFactory - Creating shared instance of singleton bean 'viewResolver'
21:57:16.350 [Test worker] DEBUG o.s.b.f.s.DefaultListableBeanFactory - Creating instance of bean 'viewResolver'
21:57:16.350 [Test worker] DEBUG o.s.b.f.s.DefaultListableBeanFactory - Returning cached instance of singleton bean 'org.springframework.boot.autoconfigure.web.WebMvcAutoConfiguration$WebMvcAutoConfigurationAdapter'
21:57:16.352 [Test worker] DEBUG o.s.b.f.s.DefaultListableBeanFactory - Autowiring by type from bean name 'viewResolver' via factory method to bean named 'org.springframework.beans.factory.support.DefaultListableBeanFactory@5366bc48'
21:57:16.359 [Test worker] DEBUG o.s.b.f.s.DefaultListableBeanFactory - Returning cached instance of singleton bean 'mvcContentNegotiationManager'
21:57:16.360 [Test worker] DEBUG o.s.b.f.s.DefaultListableBeanFactory - Eagerly caching bean 'viewResolver' to allow for resolving potential circular references
21:57:16.366 [Test worker] DEBUG o.s.b.f.s.DefaultListableBeanFactory - Returning cached instance of singleton bean 'beanNameViewResolver'
21:57:16.366 [Test worker] DEBUG o.s.b.f.s.DefaultListableBeanFactory - Returning cached instance of singleton bean 'mvcViewResolver'
21:57:16.366 [Test worker] DEBUG o.s.b.f.s.DefaultListableBeanFactory - Returning cached instance of singleton bean 'defaultViewResolver'
21:57:16.366 [Test worker] DEBUG o.s.b.f.s.DefaultListableBeanFactory - Returning cached instance of singleton bean 'org.springframework.transaction.config.internalTransactionAdvisor'
21:57:16.366 [Test worker] DEBUG o.s.b.f.s.DefaultListableBeanFactory - Returning eagerly cached instance of singleton bean 'viewResolver' that is not fully initialized yet - a consequence of a circular reference
21:57:16.368 [Test worker] DEBUG o.s.b.f.s.DefaultListableBeanFactory - Invoking afterPropertiesSet() on bean with name 'viewResolver'
21:57:16.368 [Test worker] DEBUG o.s.b.f.s.DefaultListableBeanFactory - Finished creating instance of bean 'viewResolver'
21:57:16.368 [Test worker] DEBUG o.s.b.f.s.DefaultListableBeanFactory - Returning cached instance of singleton bean 'spring.resources.CONFIGURATION_PROPERTIES'
21:57:16.368 [Test worker] DEBUG o.s.b.f.s.DefaultListableBeanFactory - Creating shared instance of singleton bean 'org.springframework.boot.autoconfigure.web.WebMvcAutoConfiguration'
21:57:16.368 [Test worker] DEBUG o.s.b.f.s.DefaultListableBeanFactory - Creating instance of bean 'org.springframework.boot.autoconfigure.web.WebMvcAutoConfiguration'
21:57:16.369 [Test worker] DEBUG o.s.b.f.s.DefaultListableBeanFactory - Eagerly caching bean 'org.springframework.boot.autoconfigure.web.WebMvcAutoConfiguration' to allow for resolving potential circular references
21:57:16.372 [Test worker] DEBUG o.s.b.f.s.DefaultListableBeanFactory - Returning cached instance of singleton bean 'org.springframework.transaction.config.internalTransactionAdvisor'
21:57:16.373 [Test worker] DEBUG o.s.b.f.s.DefaultListableBeanFactory - Finished creating instance of bean 'org.springframework.boot.autoconfigure.web.WebMvcAutoConfiguration'
21:57:16.373 [Test worker] DEBUG o.s.b.f.s.DefaultListableBeanFactory - Creating shared instance of singleton bean 'hiddenHttpMethodFilter'
21:57:16.373 [Test worker] DEBUG o.s.b.f.s.DefaultListableBeanFactory - Creating instance of bean 'hiddenHttpMethodFilter'
21:57:16.373 [Test worker] DEBUG o.s.b.f.s.DefaultListableBeanFactory - Returning cached instance of singleton bean 'org.springframework.boot.autoconfigure.web.WebMvcAutoConfiguration'
21:57:16.376 [Test worker] DEBUG o.s.w.c.s.StandardServletEnvironment - Adding [servletConfigInitParams] PropertySource with lowest search precedence
21:57:16.376 [Test worker] DEBUG o.s.w.c.s.StandardServletEnvironment - Adding [servletContextInitParams] PropertySource with lowest search precedence
21:57:16.377 [Test worker] DEBUG o.s.w.c.s.StandardServletEnvironment - Adding [systemProperties] PropertySource with lowest search precedence
21:57:16.377 [Test worker] DEBUG o.s.w.c.s.StandardServletEnvironment - Adding [systemEnvironment] PropertySource with lowest search precedence
21:57:16.377 [Test worker] DEBUG o.s.w.c.s.StandardServletEnvironment - Initialized StandardServletEnvironment with PropertySources [servletConfigInitParams,servletContextInitParams,systemProperties,systemEnvironment]
21:57:16.377 [Test worker] DEBUG o.s.b.f.s.DefaultListableBeanFactory - Eagerly caching bean 'hiddenHttpMethodFilter' to allow for resolving potential circular references
21:57:16.387 [Test worker] DEBUG o.s.b.f.s.DefaultListableBeanFactory - Invoking afterPropertiesSet() on bean with name 'hiddenHttpMethodFilter'
21:57:16.387 [Test worker] DEBUG o.s.b.f.s.DefaultListableBeanFactory - Returning cached instance of singleton bean 'org.springframework.transaction.config.internalTransactionAdvisor'
21:57:16.387 [Test worker] DEBUG o.s.b.f.s.DefaultListableBeanFactory - Finished creating instance of bean 'hiddenHttpMethodFilter'
21:57:16.387 [Test worker] DEBUG o.s.b.f.s.DefaultListableBeanFactory - Creating shared instance of singleton bean 'httpPutFormContentFilter'
21:57:16.387 [Test worker] DEBUG o.s.b.f.s.DefaultListableBeanFactory - Creating instance of bean 'httpPutFormContentFilter'
21:57:16.387 [Test worker] DEBUG o.s.b.f.s.DefaultListableBeanFactory - Returning cached instance of singleton bean 'org.springframework.boot.autoconfigure.web.WebMvcAutoConfiguration'
21:57:16.390 [Test worker] DEBUG o.s.w.c.s.StandardServletEnvironment - Adding [servletConfigInitParams] PropertySource with lowest search precedence
21:57:16.390 [Test worker] DEBUG o.s.w.c.s.StandardServletEnvironment - Adding [servletContextInitParams] PropertySource with lowest search precedence
21:57:16.390 [Test worker] DEBUG o.s.w.c.s.StandardServletEnvironment - Adding [systemProperties] PropertySource with lowest search precedence
21:57:16.390 [Test worker] DEBUG o.s.w.c.s.StandardServletEnvironment - Adding [systemEnvironment] PropertySource with lowest search precedence
21:57:16.390 [Test worker] DEBUG o.s.w.c.s.StandardServletEnvironment - Initialized StandardServletEnvironment with PropertySources [servletConfigInitParams,servletContextInitParams,systemProperties,systemEnvironment]
21:57:16.397 [Test worker] DEBUG o.s.b.f.s.DefaultListableBeanFactory - Eagerly caching bean 'httpPutFormContentFilter' to allow for resolving potential circular references
21:57:16.402 [Test worker] DEBUG o.s.b.f.s.DefaultListableBeanFactory - Invoking afterPropertiesSet() on bean with name 'httpPutFormContentFilter'
21:57:16.402 [Test worker] DEBUG o.s.b.f.s.DefaultListableBeanFactory - Returning cached instance of singleton bean 'org.springframework.transaction.config.internalTransactionAdvisor'
21:57:16.405 [Test worker] DEBUG o.s.b.f.s.DefaultListableBeanFactory - Finished creating instance of bean 'httpPutFormContentFilter'
21:57:16.405 [Test worker] DEBUG o.s.b.f.s.DefaultListableBeanFactory - Creating shared instance of singleton bean 'org.springframework.boot.actuate.autoconfigure.AuditAutoConfiguration$AuditEventRepositoryConfiguration'
21:57:16.405 [Test worker] DEBUG o.s.b.f.s.DefaultListableBeanFactory - Creating instance of bean 'org.springframework.boot.actuate.autoconfigure.AuditAutoConfiguration$AuditEventRepositoryConfiguration'
21:57:16.406 [Test worker] DEBUG o.s.b.f.s.DefaultListableBeanFactory - Eagerly caching bean 'org.springframework.boot.actuate.autoconfigure.AuditAutoConfiguration$AuditEventRepositoryConfiguration' to allow for resolving potential circular references
21:57:16.411 [Test worker] DEBUG o.s.b.f.s.DefaultListableBeanFactory - Returning cached instance of singleton bean 'org.springframework.transaction.config.internalTransactionAdvisor'
21:57:16.411 [Test worker] DEBUG o.s.b.f.s.DefaultListableBeanFactory - Finished creating instance of bean 'org.springframework.boot.actuate.autoconfigure.AuditAutoConfiguration$AuditEventRepositoryConfiguration'
21:57:16.411 [Test worker] DEBUG o.s.b.f.s.DefaultListableBeanFactory - Creating shared instance of singleton bean 'auditEventRepository'
21:57:16.411 [Test worker] DEBUG o.s.b.f.s.DefaultListableBeanFactory - Creating instance of bean 'auditEventRepository'
21:57:16.412 [Test worker] DEBUG o.s.b.f.s.DefaultListableBeanFactory - Returning cached instance of singleton bean 'org.springframework.boot.actuate.autoconfigure.AuditAutoConfiguration$AuditEventRepositoryConfiguration'
21:57:16.413 [Test worker] DEBUG o.s.b.f.s.DefaultListableBeanFactory - Eagerly caching bean 'auditEventRepository' to allow for resolving potential circular references
21:57:16.415 [Test worker] DEBUG o.s.b.f.s.DefaultListableBeanFactory - Returning cached instance of singleton bean 'org.springframework.transaction.config.internalTransactionAdvisor'
21:57:16.415 [Test worker] DEBUG o.s.b.f.s.DefaultListableBeanFactory - Finished creating instance of bean 'auditEventRepository'
21:57:16.415 [Test worker] DEBUG o.s.b.f.s.DefaultListableBeanFactory - Creating shared instance of singleton bean 'org.springframework.boot.actuate.autoconfigure.AuditAutoConfiguration'
21:57:16.415 [Test worker] DEBUG o.s.b.f.s.DefaultListableBeanFactory - Creating instance of bean 'org.springframework.boot.actuate.autoconfigure.AuditAutoConfiguration'
21:57:16.416 [Test worker] DEBUG o.s.b.f.annotation.InjectionMetadata - Registered injected element on class [org.springframework.boot.actuate.autoconfigure.AuditAutoConfiguration$$EnhancerBySpringCGLIB$$ac9a5e7]: AutowiredFieldElement for private final org.springframework.boot.actuate.audit.AuditEventRepository org.springframework.boot.actuate.autoconfigure.AuditAutoConfiguration.auditEventRepository
21:57:16.416 [Test worker] DEBUG o.s.b.f.s.DefaultListableBeanFactory - Eagerly caching bean 'org.springframework.boot.actuate.autoconfigure.AuditAutoConfiguration' to allow for resolving potential circular references
21:57:16.418 [Test worker] DEBUG o.s.b.f.annotation.InjectionMetadata - Processing injected element of bean 'org.springframework.boot.actuate.autoconfigure.AuditAutoConfiguration': AutowiredFieldElement for private final org.springframework.boot.actuate.audit.AuditEventRepository org.springframework.boot.actuate.autoconfigure.AuditAutoConfiguration.auditEventRepository
21:57:16.420 [Test worker] DEBUG o.s.b.f.s.DefaultListableBeanFactory - Returning cached instance of singleton bean 'auditEventRepository'
21:57:16.420 [Test worker] DEBUG o.s.b.f.a.AutowiredAnnotationBeanPostProcessor - Autowiring by type from bean name 'org.springframework.boot.actuate.autoconfigure.AuditAutoConfiguration' to bean named 'auditEventRepository'
21:57:16.421 [Test worker] DEBUG o.s.b.f.s.DefaultListableBeanFactory - Returning cached instance of singleton bean 'org.springframework.transaction.config.internalTransactionAdvisor'
21:57:16.421 [Test worker] DEBUG o.s.b.f.s.DefaultListableBeanFactory - Finished creating instance of bean 'org.springframework.boot.actuate.autoconfigure.AuditAutoConfiguration'
21:57:16.421 [Test worker] DEBUG o.s.b.f.s.DefaultListableBeanFactory - Creating shared instance of singleton bean 'auditListener'
21:57:16.421 [Test worker] DEBUG o.s.b.f.s.DefaultListableBeanFactory - Creating instance of bean 'auditListener'
21:57:16.421 [Test worker] DEBUG o.s.b.f.s.DefaultListableBeanFactory - Returning cached instance of singleton bean 'org.springframework.boot.actuate.autoconfigure.AuditAutoConfiguration'
21:57:16.426 [Test worker] DEBUG o.s.b.f.s.DefaultListableBeanFactory - Eagerly caching bean 'auditListener' to allow for resolving potential circular references
21:57:16.428 [Test worker] DEBUG o.s.b.f.s.DefaultListableBeanFactory - Returning cached instance of singleton bean 'org.springframework.transaction.config.internalTransactionAdvisor'
21:57:16.428 [Test worker] DEBUG o.s.b.f.s.DefaultListableBeanFactory - Finished creating instance of bean 'auditListener'
21:57:16.428 [Test worker] DEBUG o.s.b.f.s.DefaultListableBeanFactory - Returning cached instance of singleton bean 'org.springframework.boot.autoconfigure.jdbc.DataSourceAutoConfiguration$JdbcTemplateConfiguration'
21:57:16.428 [Test worker] DEBUG o.s.b.f.s.DefaultListableBeanFactory - Returning cached instance of singleton bean 'jdbcTemplate'
21:57:16.428 [Test worker] DEBUG o.s.b.f.s.DefaultListableBeanFactory - Creating shared instance of singleton bean 'namedParameterJdbcTemplate'
21:57:16.428 [Test worker] DEBUG o.s.b.f.s.DefaultListableBeanFactory - Creating instance of bean 'namedParameterJdbcTemplate'
21:57:16.428 [Test worker] DEBUG o.s.b.f.s.DefaultListableBeanFactory - Returning cached instance of singleton bean 'org.springframework.boot.autoconfigure.jdbc.DataSourceAutoConfiguration$JdbcTemplateConfiguration'
21:57:16.431 [Test worker] DEBUG o.s.b.f.s.DefaultListableBeanFactory - Eagerly caching bean 'namedParameterJdbcTemplate' to allow for resolving potential circular references
21:57:16.434 [Test worker] DEBUG o.s.b.f.s.DefaultListableBeanFactory - Returning cached instance of singleton bean 'org.springframework.transaction.config.internalTransactionAdvisor'
21:57:16.435 [Test worker] DEBUG o.s.b.f.s.DefaultListableBeanFactory - Finished creating instance of bean 'namedParameterJdbcTemplate'
21:57:16.435 [Test worker] DEBUG o.s.b.f.s.DefaultListableBeanFactory - Returning cached instance of singleton bean 'org.springframework.boot.autoconfigure.jdbc.DataSourceAutoConfiguration$NonEmbeddedConfiguration'
21:57:16.435 [Test worker] DEBUG o.s.b.f.s.DefaultListableBeanFactory - Returning cached instance of singleton bean 'dataSource'
21:57:16.435 [Test worker] DEBUG o.s.b.f.s.DefaultListableBeanFactory - Returning cached instance of singleton bean 'org.springframework.boot.autoconfigure.jdbc.DataSourceAutoConfiguration$DataSourceInitializerConfiguration'
21:57:16.435 [Test worker] DEBUG o.s.b.f.s.DefaultListableBeanFactory - Returning cached instance of singleton bean 'dataSourceInitializer'
21:57:16.435 [Test worker] DEBUG o.s.b.f.s.DefaultListableBeanFactory - Creating shared instance of singleton bean 'org.springframework.boot.autoconfigure.jdbc.metadata.DataSourcePoolMetadataProvidersConfiguration$TomcatDataSourcePoolMetadataProviderConfiguration'
21:57:16.435 [Test worker] DEBUG o.s.b.f.s.DefaultListableBeanFactory - Creating instance of bean 'org.springframework.boot.autoconfigure.jdbc.metadata.DataSourcePoolMetadataProvidersConfiguration$TomcatDataSourcePoolMetadataProviderConfiguration'
21:57:16.436 [Test worker] DEBUG o.s.b.f.s.DefaultListableBeanFactory - Eagerly caching bean 'org.springframework.boot.autoconfigure.jdbc.metadata.DataSourcePoolMetadataProvidersConfiguration$TomcatDataSourcePoolMetadataProviderConfiguration' to allow for resolving potential circular references
21:57:16.439 [Test worker] DEBUG o.s.b.f.s.DefaultListableBeanFactory - Returning cached instance of singleton bean 'org.springframework.transaction.config.internalTransactionAdvisor'
21:57:16.439 [Test worker] DEBUG o.s.b.f.s.DefaultListableBeanFactory - Finished creating instance of bean 'org.springframework.boot.autoconfigure.jdbc.metadata.DataSourcePoolMetadataProvidersConfiguration$TomcatDataSourcePoolMetadataProviderConfiguration'
21:57:16.439 [Test worker] DEBUG o.s.b.f.s.DefaultListableBeanFactory - Creating shared instance of singleton bean 'tomcatPoolDataSourceMetadataProvider'
21:57:16.439 [Test worker] DEBUG o.s.b.f.s.DefaultListableBeanFactory - Creating instance of bean 'tomcatPoolDataSourceMetadataProvider'
21:57:16.439 [Test worker] DEBUG o.s.b.f.s.DefaultListableBeanFactory - Returning cached instance of singleton bean 'org.springframework.boot.autoconfigure.jdbc.metadata.DataSourcePoolMetadataProvidersConfiguration$TomcatDataSourcePoolMetadataProviderConfiguration'
21:57:16.443 [Test worker] DEBUG o.s.b.f.s.DefaultListableBeanFactory - Eagerly caching bean 'tomcatPoolDataSourceMetadataProvider' to allow for resolving potential circular references
21:57:16.446 [Test worker] DEBUG o.s.b.f.s.DefaultListableBeanFactory - Returning cached instance of singleton bean 'org.springframework.transaction.config.internalTransactionAdvisor'
21:57:16.447 [Test worker] DEBUG o.s.b.f.s.DefaultListableBeanFactory - Finished creating instance of bean 'tomcatPoolDataSourceMetadataProvider'
21:57:16.447 [Test worker] DEBUG o.s.b.f.s.DefaultListableBeanFactory - Creating shared instance of singleton bean 'org.springframework.boot.autoconfigure.jdbc.metadata.DataSourcePoolMetadataProvidersConfiguration'
21:57:16.447 [Test worker] DEBUG o.s.b.f.s.DefaultListableBeanFactory - Creating instance of bean 'org.springframework.boot.autoconfigure.jdbc.metadata.DataSourcePoolMetadataProvidersConfiguration'
21:57:16.447 [Test worker] DEBUG o.s.b.f.s.DefaultListableBeanFactory - Eagerly caching bean 'org.springframework.boot.autoconfigure.jdbc.metadata.DataSourcePoolMetadataProvidersConfiguration' to allow for resolving potential circular references
21:57:16.449 [Test worker] DEBUG o.s.b.f.s.DefaultListableBeanFactory - Returning cached instance of singleton bean 'org.springframework.transaction.config.internalTransactionAdvisor'
21:57:16.450 [Test worker] DEBUG o.s.b.f.s.DefaultListableBeanFactory - Finished creating instance of bean 'org.springframework.boot.autoconfigure.jdbc.metadata.DataSourcePoolMetadataProvidersConfiguration'
21:57:16.450 [Test worker] DEBUG o.s.b.f.s.DefaultListableBeanFactory - Creating shared instance of singleton bean 'org.springframework.boot.autoconfigure.jdbc.DataSourceAutoConfiguration'
21:57:16.450 [Test worker] DEBUG o.s.b.f.s.DefaultListableBeanFactory - Creating instance of bean 'org.springframework.boot.autoconfigure.jdbc.DataSourceAutoConfiguration'
21:57:16.450 [Test worker] DEBUG o.s.b.f.s.DefaultListableBeanFactory - Eagerly caching bean 'org.springframework.boot.autoconfigure.jdbc.DataSourceAutoConfiguration' to allow for resolving potential circular references
21:57:16.452 [Test worker] DEBUG o.s.b.f.s.DefaultListableBeanFactory - Returning cached instance of singleton bean 'org.springframework.transaction.config.internalTransactionAdvisor'
21:57:16.453 [Test worker] DEBUG o.s.b.f.s.DefaultListableBeanFactory - Finished creating instance of bean 'org.springframework.boot.autoconfigure.jdbc.DataSourceAutoConfiguration'
21:57:16.453 [Test worker] DEBUG o.s.b.f.s.DefaultListableBeanFactory - Returning cached instance of singleton bean 'spring.datasource.CONFIGURATION_PROPERTIES'
21:57:16.453 [Test worker] DEBUG o.s.b.f.s.DefaultListableBeanFactory - Returning cached instance of singleton bean 'dataSourceInitializerPostProcessor'
21:57:16.453 [Test worker] DEBUG o.s.b.f.s.DefaultListableBeanFactory - Creating shared instance of singleton bean 'org.springframework.boot.actuate.autoconfigure.HealthIndicatorAutoConfiguration$DiskSpaceHealthIndicatorConfiguration'
21:57:16.453 [Test worker] DEBUG o.s.b.f.s.DefaultListableBeanFactory - Creating instance of bean 'org.springframework.boot.actuate.autoconfigure.HealthIndicatorAutoConfiguration$DiskSpaceHealthIndicatorConfiguration'
21:57:16.453 [Test worker] DEBUG o.s.b.f.s.DefaultListableBeanFactory - Eagerly caching bean 'org.springframework.boot.actuate.autoconfigure.HealthIndicatorAutoConfiguration$DiskSpaceHealthIndicatorConfiguration' to allow for resolving potential circular references
21:57:16.455 [Test worker] DEBUG o.s.b.f.s.DefaultListableBeanFactory - Returning cached instance of singleton bean 'org.springframework.transaction.config.internalTransactionAdvisor'
21:57:16.456 [Test worker] DEBUG o.s.b.f.s.DefaultListableBeanFactory - Finished creating instance of bean 'org.springframework.boot.actuate.autoconfigure.HealthIndicatorAutoConfiguration$DiskSpaceHealthIndicatorConfiguration'
21:57:16.456 [Test worker] DEBUG o.s.b.f.s.DefaultListableBeanFactory - Creating shared instance of singleton bean 'diskSpaceHealthIndicator'
21:57:16.456 [Test worker] DEBUG o.s.b.f.s.DefaultListableBeanFactory - Creating instance of bean 'diskSpaceHealthIndicator'
21:57:16.456 [Test worker] DEBUG o.s.b.f.s.DefaultListableBeanFactory - Returning cached instance of singleton bean 'org.springframework.boot.actuate.autoconfigure.HealthIndicatorAutoConfiguration$DiskSpaceHealthIndicatorConfiguration'
21:57:16.457 [Test worker] DEBUG o.s.b.f.s.DefaultListableBeanFactory - Creating shared instance of singleton bean 'diskSpaceHealthIndicatorProperties'
21:57:16.457 [Test worker] DEBUG o.s.b.f.s.DefaultListableBeanFactory - Creating instance of bean 'diskSpaceHealthIndicatorProperties'
21:57:16.457 [Test worker] DEBUG o.s.b.f.s.DefaultListableBeanFactory - Returning cached instance of singleton bean 'org.springframework.boot.actuate.autoconfigure.HealthIndicatorAutoConfiguration$DiskSpaceHealthIndicatorConfiguration'
21:57:16.460 [Test worker] DEBUG o.s.b.f.s.DefaultListableBeanFactory - Eagerly caching bean 'diskSpaceHealthIndicatorProperties' to allow for resolving potential circular references
21:57:16.463 [Test worker] DEBUG o.s.core.env.MutablePropertySources - Adding [systemProperties] PropertySource with lowest search precedence
21:57:16.463 [Test worker] DEBUG o.s.core.env.MutablePropertySources - Adding [systemEnvironment] PropertySource with lowest search precedence
21:57:16.463 [Test worker] DEBUG o.s.core.env.MutablePropertySources - Adding [random] PropertySource with lowest search precedence
21:57:16.463 [Test worker] DEBUG o.s.core.env.MutablePropertySources - Adding [integrationTest] PropertySource with lowest search precedence
21:57:16.463 [Test worker] DEBUG o.s.core.env.MutablePropertySources - Adding [applicationConfig: [classpath:/application.properties]] PropertySource with lowest search precedence
21:57:16.463 [Test worker] DEBUG o.s.core.env.MutablePropertySources - Adding [localProperties] PropertySource with lowest search precedence
21:57:16.465 [Test worker] DEBUG o.s.b.f.s.DefaultListableBeanFactory - Returning cached instance of singleton bean 'org.springframework.transaction.config.internalTransactionAdvisor'
21:57:16.465 [Test worker] DEBUG o.s.b.f.s.DefaultListableBeanFactory - Finished creating instance of bean 'diskSpaceHealthIndicatorProperties'
21:57:16.465 [Test worker] DEBUG o.s.b.f.s.DefaultListableBeanFactory - Autowiring by type from bean name 'diskSpaceHealthIndicator' via factory method to bean named 'diskSpaceHealthIndicatorProperties'
21:57:16.468 [Test worker] DEBUG o.s.b.f.s.DefaultListableBeanFactory - Eagerly caching bean 'diskSpaceHealthIndicator' to allow for resolving potential circular references
21:57:16.471 [Test worker] DEBUG o.s.b.f.s.DefaultListableBeanFactory - Returning cached instance of singleton bean 'org.springframework.transaction.config.internalTransactionAdvisor'
21:57:16.471 [Test worker] DEBUG o.s.b.f.s.DefaultListableBeanFactory - Finished creating instance of bean 'diskSpaceHealthIndicator'
21:57:16.472 [Test worker] DEBUG o.s.b.f.s.DefaultListableBeanFactory - Returning cached instance of singleton bean 'diskSpaceHealthIndicatorProperties'
21:57:16.472 [Test worker] DEBUG o.s.b.f.s.DefaultListableBeanFactory - Creating shared instance of singleton bean 'org.springframework.boot.actuate.autoconfigure.HealthIndicatorAutoConfiguration$DataSourcesHealthIndicatorConfiguration'
21:57:16.472 [Test worker] DEBUG o.s.b.f.s.DefaultListableBeanFactory - Creating instance of bean 'org.springframework.boot.actuate.autoconfigure.HealthIndicatorAutoConfiguration$DataSourcesHealthIndicatorConfiguration'
21:57:16.473 [Test worker] DEBUG o.s.b.f.annotation.InjectionMetadata - Registered injected element on class [org.springframework.boot.actuate.autoconfigure.HealthIndicatorAutoConfiguration$DataSourcesHealthIndicatorConfiguration$$EnhancerBySpringCGLIB$$3db9239c]: AutowiredFieldElement for private org.springframework.boot.actuate.health.HealthAggregator org.springframework.boot.actuate.autoconfigure.HealthIndicatorAutoConfiguration$CompositeHealthIndicatorConfiguration.healthAggregator
21:57:16.473 [Test worker] DEBUG o.s.b.f.annotation.InjectionMetadata - Registered injected element on class [org.springframework.boot.actuate.autoconfigure.HealthIndicatorAutoConfiguration$DataSourcesHealthIndicatorConfiguration$$EnhancerBySpringCGLIB$$3db9239c]: AutowiredFieldElement for private java.util.Map org.springframework.boot.actuate.autoconfigure.HealthIndicatorAutoConfiguration$DataSourcesHealthIndicatorConfiguration.dataSources
21:57:16.473 [Test worker] DEBUG o.s.b.f.annotation.InjectionMetadata - Registered injected element on class [org.springframework.boot.actuate.autoconfigure.HealthIndicatorAutoConfiguration$DataSourcesHealthIndicatorConfiguration$$EnhancerBySpringCGLIB$$3db9239c]: AutowiredFieldElement for private java.util.Collection org.springframework.boot.actuate.autoconfigure.HealthIndicatorAutoConfiguration$DataSourcesHealthIndicatorConfiguration.metadataProviders
21:57:16.473 [Test worker] DEBUG o.s.b.f.s.DefaultListableBeanFactory - Eagerly caching bean 'org.springframework.boot.actuate.autoconfigure.HealthIndicatorAutoConfiguration$DataSourcesHealthIndicatorConfiguration' to allow for resolving potential circular references
21:57:16.476 [Test worker] DEBUG o.s.b.f.annotation.InjectionMetadata - Processing injected element of bean 'org.springframework.boot.actuate.autoconfigure.HealthIndicatorAutoConfiguration$DataSourcesHealthIndicatorConfiguration': AutowiredFieldElement for private org.springframework.boot.actuate.health.HealthAggregator org.springframework.boot.actuate.autoconfigure.HealthIndicatorAutoConfiguration$CompositeHealthIndicatorConfiguration.healthAggregator
21:57:16.477 [Test worker] DEBUG o.s.b.f.s.DefaultListableBeanFactory - Creating shared instance of singleton bean 'healthAggregator'
21:57:16.477 [Test worker] DEBUG o.s.b.f.s.DefaultListableBeanFactory - Creating instance of bean 'healthAggregator'
21:57:16.477 [Test worker] DEBUG o.s.b.f.s.DefaultListableBeanFactory - Creating shared instance of singleton bean 'org.springframework.boot.actuate.autoconfigure.HealthIndicatorAutoConfiguration'
21:57:16.477 [Test worker] DEBUG o.s.b.f.s.DefaultListableBeanFactory - Creating instance of bean 'org.springframework.boot.actuate.autoconfigure.HealthIndicatorAutoConfiguration'
21:57:16.478 [Test worker] DEBUG o.s.b.f.annotation.InjectionMetadata - Registered injected element on class [org.springframework.boot.actuate.autoconfigure.HealthIndicatorAutoConfiguration$$EnhancerBySpringCGLIB$$7c2393ef]: AutowiredFieldElement for private org.springframework.boot.actuate.autoconfigure.HealthIndicatorAutoConfigurationProperties org.springframework.boot.actuate.autoconfigure.HealthIndicatorAutoConfiguration.configurationProperties
21:57:16.478 [Test worker] DEBUG o.s.b.f.s.DefaultListableBeanFactory - Eagerly caching bean 'org.springframework.boot.actuate.autoconfigure.HealthIndicatorAutoConfiguration' to allow for resolving potential circular references
21:57:16.480 [Test worker] DEBUG o.s.b.f.annotation.InjectionMetadata - Processing injected element of bean 'org.springframework.boot.actuate.autoconfigure.HealthIndicatorAutoConfiguration': AutowiredFieldElement for private org.springframework.boot.actuate.autoconfigure.HealthIndicatorAutoConfigurationProperties org.springframework.boot.actuate.autoconfigure.HealthIndicatorAutoConfiguration.configurationProperties
21:57:16.481 [Test worker] DEBUG o.s.b.f.s.DefaultListableBeanFactory - Creating shared instance of singleton bean 'management.health.status.CONFIGURATION_PROPERTIES'
21:57:16.481 [Test worker] DEBUG o.s.b.f.s.DefaultListableBeanFactory - Creating instance of bean 'management.health.status.CONFIGURATION_PROPERTIES'
21:57:16.481 [Test worker] DEBUG o.s.b.f.s.DefaultListableBeanFactory - Eagerly caching bean 'management.health.status.CONFIGURATION_PROPERTIES' to allow for resolving potential circular references
21:57:16.484 [Test worker] DEBUG o.s.core.env.MutablePropertySources - Adding [systemProperties] PropertySource with lowest search precedence
21:57:16.484 [Test worker] DEBUG o.s.core.env.MutablePropertySources - Adding [systemEnvironment] PropertySource with lowest search precedence
21:57:16.484 [Test worker] DEBUG o.s.core.env.MutablePropertySources - Adding [random] PropertySource with lowest search precedence
21:57:16.484 [Test worker] DEBUG o.s.core.env.MutablePropertySources - Adding [integrationTest] PropertySource with lowest search precedence
21:57:16.484 [Test worker] DEBUG o.s.core.env.MutablePropertySources - Adding [applicationConfig: [classpath:/application.properties]] PropertySource with lowest search precedence
21:57:16.484 [Test worker] DEBUG o.s.core.env.MutablePropertySources - Adding [localProperties] PropertySource with lowest search precedence
21:57:16.492 [Test worker] DEBUG o.s.b.f.s.DefaultListableBeanFactory - Returning cached instance of singleton bean 'org.springframework.transaction.config.internalTransactionAdvisor'
21:57:16.492 [Test worker] DEBUG o.s.b.f.s.DefaultListableBeanFactory - Finished creating instance of bean 'management.health.status.CONFIGURATION_PROPERTIES'
21:57:16.492 [Test worker] DEBUG o.s.b.f.a.AutowiredAnnotationBeanPostProcessor - Autowiring by type from bean name 'org.springframework.boot.actuate.autoconfigure.HealthIndicatorAutoConfiguration' to bean named 'management.health.status.CONFIGURATION_PROPERTIES'
21:57:16.493 [Test worker] DEBUG o.s.b.f.s.DefaultListableBeanFactory - Returning cached instance of singleton bean 'org.springframework.transaction.config.internalTransactionAdvisor'
21:57:16.494 [Test worker] DEBUG o.s.b.f.s.DefaultListableBeanFactory - Finished creating instance of bean 'org.springframework.boot.actuate.autoconfigure.HealthIndicatorAutoConfiguration'
21:57:16.519 [Test worker] DEBUG o.s.b.f.s.DefaultListableBeanFactory - Eagerly caching bean 'healthAggregator' to allow for resolving potential circular references
21:57:16.521 [Test worker] DEBUG o.s.b.f.s.DefaultListableBeanFactory - Returning cached instance of singleton bean 'org.springframework.transaction.config.internalTransactionAdvisor'
21:57:16.522 [Test worker] DEBUG o.s.b.f.s.DefaultListableBeanFactory - Finished creating instance of bean 'healthAggregator'
21:57:16.522 [Test worker] DEBUG o.s.b.f.a.AutowiredAnnotationBeanPostProcessor - Autowiring by type from bean name 'org.springframework.boot.actuate.autoconfigure.HealthIndicatorAutoConfiguration$DataSourcesHealthIndicatorConfiguration' to bean named 'healthAggregator'
21:57:16.522 [Test worker] DEBUG o.s.b.f.annotation.InjectionMetadata - Processing injected element of bean 'org.springframework.boot.actuate.autoconfigure.HealthIndicatorAutoConfiguration$DataSourcesHealthIndicatorConfiguration': AutowiredFieldElement for private java.util.Map org.springframework.boot.actuate.autoconfigure.HealthIndicatorAutoConfiguration$DataSourcesHealthIndicatorConfiguration.dataSources
21:57:16.522 [Test worker] DEBUG o.s.b.f.s.DefaultListableBeanFactory - Returning cached instance of singleton bean 'dataSource'
21:57:16.522 [Test worker] DEBUG o.s.b.f.a.AutowiredAnnotationBeanPostProcessor - Autowiring by type from bean name 'org.springframework.boot.actuate.autoconfigure.HealthIndicatorAutoConfiguration$DataSourcesHealthIndicatorConfiguration' to bean named 'dataSource'
21:57:16.522 [Test worker] DEBUG o.s.b.f.annotation.InjectionMetadata - Processing injected element of bean 'org.springframework.boot.actuate.autoconfigure.HealthIndicatorAutoConfiguration$DataSourcesHealthIndicatorConfiguration': AutowiredFieldElement for private java.util.Collection org.springframework.boot.actuate.autoconfigure.HealthIndicatorAutoConfiguration$DataSourcesHealthIndicatorConfiguration.metadataProviders
21:57:16.523 [Test worker] DEBUG o.s.b.f.s.DefaultListableBeanFactory - Returning cached instance of singleton bean 'tomcatPoolDataSourceMetadataProvider'
21:57:16.523 [Test worker] DEBUG o.s.b.f.a.AutowiredAnnotationBeanPostProcessor - Autowiring by type from bean name 'org.springframework.boot.actuate.autoconfigure.HealthIndicatorAutoConfiguration$DataSourcesHealthIndicatorConfiguration' to bean named 'tomcatPoolDataSourceMetadataProvider'
21:57:16.524 [Test worker] DEBUG o.s.b.f.s.DefaultListableBeanFactory - Invoking afterPropertiesSet() on bean with name 'org.springframework.boot.actuate.autoconfigure.HealthIndicatorAutoConfiguration$DataSourcesHealthIndicatorConfiguration'
21:57:16.524 [Test worker] DEBUG o.s.b.f.s.DefaultListableBeanFactory - Returning cached instance of singleton bean 'org.springframework.transaction.config.internalTransactionAdvisor'
21:57:16.525 [Test worker] DEBUG o.s.b.f.s.DefaultListableBeanFactory - Finished creating instance of bean 'org.springframework.boot.actuate.autoconfigure.HealthIndicatorAutoConfiguration$DataSourcesHealthIndicatorConfiguration'
21:57:16.525 [Test worker] DEBUG o.s.b.f.s.DefaultListableBeanFactory - Creating shared instance of singleton bean 'dbHealthIndicator'
21:57:16.525 [Test worker] DEBUG o.s.b.f.s.DefaultListableBeanFactory - Creating instance of bean 'dbHealthIndicator'
21:57:16.525 [Test worker] DEBUG o.s.b.f.s.DefaultListableBeanFactory - Returning cached instance of singleton bean 'org.springframework.boot.actuate.autoconfigure.HealthIndicatorAutoConfiguration$DataSourcesHealthIndicatorConfiguration'
21:57:16.535 [Test worker] DEBUG o.s.b.f.s.DefaultListableBeanFactory - Eagerly caching bean 'dbHealthIndicator' to allow for resolving potential circular references
21:57:16.537 [Test worker] DEBUG o.s.b.f.s.DefaultListableBeanFactory - Invoking afterPropertiesSet() on bean with name 'dbHealthIndicator'
21:57:16.537 [Test worker] DEBUG o.s.b.f.s.DefaultListableBeanFactory - Returning cached instance of singleton bean 'org.springframework.transaction.config.internalTransactionAdvisor'
21:57:16.538 [Test worker] DEBUG o.s.b.f.s.DefaultListableBeanFactory - Finished creating instance of bean 'dbHealthIndicator'
21:57:16.538 [Test worker] DEBUG o.s.b.f.s.DefaultListableBeanFactory - Returning cached instance of singleton bean 'org.springframework.boot.actuate.autoconfigure.HealthIndicatorAutoConfiguration'
21:57:16.538 [Test worker] DEBUG o.s.b.f.s.DefaultListableBeanFactory - Returning cached instance of singleton bean 'healthAggregator'
21:57:16.538 [Test worker] DEBUG o.s.b.f.s.DefaultListableBeanFactory - Returning cached instance of singleton bean 'management.health.status.CONFIGURATION_PROPERTIES'
21:57:16.538 [Test worker] DEBUG o.s.b.f.s.DefaultListableBeanFactory - Creating shared instance of singleton bean 'org.springframework.boot.actuate.autoconfigure.MetricRepositoryAutoConfiguration$FastMetricServicesConfiguration'
21:57:16.538 [Test worker] DEBUG o.s.b.f.s.DefaultListableBeanFactory - Creating instance of bean 'org.springframework.boot.actuate.autoconfigure.MetricRepositoryAutoConfiguration$FastMetricServicesConfiguration'
21:57:16.539 [Test worker] DEBUG o.s.b.f.s.DefaultListableBeanFactory - Eagerly caching bean 'org.springframework.boot.actuate.autoconfigure.MetricRepositoryAutoConfiguration$FastMetricServicesConfiguration' to allow for resolving potential circular references
21:57:16.542 [Test worker] DEBUG o.s.b.f.s.DefaultListableBeanFactory - Returning cached instance of singleton bean 'org.springframework.transaction.config.internalTransactionAdvisor'
21:57:16.543 [Test worker] DEBUG o.s.b.f.s.DefaultListableBeanFactory - Finished creating instance of bean 'org.springframework.boot.actuate.autoconfigure.MetricRepositoryAutoConfiguration$FastMetricServicesConfiguration'
21:57:16.543 [Test worker] DEBUG o.s.b.f.s.DefaultListableBeanFactory - Creating shared instance of singleton bean 'counterBuffers'
21:57:16.543 [Test worker] DEBUG o.s.b.f.s.DefaultListableBeanFactory - Creating instance of bean 'counterBuffers'
21:57:16.543 [Test worker] DEBUG o.s.b.f.s.DefaultListableBeanFactory - Returning cached instance of singleton bean 'org.springframework.boot.actuate.autoconfigure.MetricRepositoryAutoConfiguration$FastMetricServicesConfiguration'
21:57:16.548 [Test worker] DEBUG o.s.b.f.s.DefaultListableBeanFactory - Eagerly caching bean 'counterBuffers' to allow for resolving potential circular references
21:57:16.550 [Test worker] DEBUG o.s.b.f.s.DefaultListableBeanFactory - Returning cached instance of singleton bean 'org.springframework.transaction.config.internalTransactionAdvisor'
21:57:16.573 [Test worker] DEBUG o.s.b.f.s.DefaultListableBeanFactory - Finished creating instance of bean 'counterBuffers'
21:57:16.574 [Test worker] DEBUG o.s.b.f.s.DefaultListableBeanFactory - Creating shared instance of singleton bean 'gaugeBuffers'
21:57:16.574 [Test worker] DEBUG o.s.b.f.s.DefaultListableBeanFactory - Creating instance of bean 'gaugeBuffers'
21:57:16.574 [Test worker] DEBUG o.s.b.f.s.DefaultListableBeanFactory - Returning cached instance of singleton bean 'org.springframework.boot.actuate.autoconfigure.MetricRepositoryAutoConfiguration$FastMetricServicesConfiguration'
21:57:16.575 [Test worker] DEBUG o.s.b.f.s.DefaultListableBeanFactory - Eagerly caching bean 'gaugeBuffers' to allow for resolving potential circular references
21:57:16.578 [Test worker] DEBUG o.s.b.f.s.DefaultListableBeanFactory - Returning cached instance of singleton bean 'org.springframework.transaction.config.internalTransactionAdvisor'
21:57:16.579 [Test worker] DEBUG o.s.b.f.s.DefaultListableBeanFactory - Finished creating instance of bean 'gaugeBuffers'
21:57:16.579 [Test worker] DEBUG o.s.b.f.s.DefaultListableBeanFactory - Creating shared instance of singleton bean 'actuatorMetricReader'
21:57:16.579 [Test worker] DEBUG o.s.b.f.s.DefaultListableBeanFactory - Creating instance of bean 'actuatorMetricReader'
21:57:16.580 [Test worker] DEBUG o.s.b.f.s.DefaultListableBeanFactory - Returning cached instance of singleton bean 'org.springframework.boot.actuate.autoconfigure.MetricRepositoryAutoConfiguration$FastMetricServicesConfiguration'
21:57:16.583 [Test worker] DEBUG o.s.b.f.s.DefaultListableBeanFactory - Returning cached instance of singleton bean 'counterBuffers'
21:57:16.583 [Test worker] DEBUG o.s.b.f.s.DefaultListableBeanFactory - Returning cached instance of singleton bean 'gaugeBuffers'
21:57:16.583 [Test worker] DEBUG o.s.b.f.s.DefaultListableBeanFactory - Autowiring by type from bean name 'actuatorMetricReader' via factory method to bean named 'counterBuffers'
21:57:16.583 [Test worker] DEBUG o.s.b.f.s.DefaultListableBeanFactory - Autowiring by type from bean name 'actuatorMetricReader' via factory method to bean named 'gaugeBuffers'
21:57:16.603 [Test worker] DEBUG o.s.b.f.s.DefaultListableBeanFactory - Eagerly caching bean 'actuatorMetricReader' to allow for resolving potential circular references
21:57:16.606 [Test worker] DEBUG o.s.b.f.s.DefaultListableBeanFactory - Returning cached instance of singleton bean 'org.springframework.transaction.config.internalTransactionAdvisor'
21:57:16.610 [Test worker] DEBUG o.s.b.f.s.DefaultListableBeanFactory - Finished creating instance of bean 'actuatorMetricReader'
21:57:16.610 [Test worker] DEBUG o.s.b.f.s.DefaultListableBeanFactory - Creating shared instance of singleton bean 'counterService'
21:57:16.610 [Test worker] DEBUG o.s.b.f.s.DefaultListableBeanFactory - Creating instance of bean 'counterService'
21:57:16.610 [Test worker] DEBUG o.s.b.f.s.DefaultListableBeanFactory - Returning cached instance of singleton bean 'org.springframework.boot.actuate.autoconfigure.MetricRepositoryAutoConfiguration$FastMetricServicesConfiguration'
21:57:16.611 [Test worker] DEBUG o.s.b.f.s.DefaultListableBeanFactory - Returning cached instance of singleton bean 'counterBuffers'
21:57:16.611 [Test worker] DEBUG o.s.b.f.s.DefaultListableBeanFactory - Autowiring by type from bean name 'counterService' via factory method to bean named 'counterBuffers'
21:57:16.614 [Test worker] DEBUG o.s.b.f.s.DefaultListableBeanFactory - Eagerly caching bean 'counterService' to allow for resolving potential circular references
21:57:16.620 [Test worker] DEBUG o.s.b.f.s.DefaultListableBeanFactory - Returning cached instance of singleton bean 'org.springframework.transaction.config.internalTransactionAdvisor'
21:57:16.620 [Test worker] DEBUG o.s.b.f.s.DefaultListableBeanFactory - Finished creating instance of bean 'counterService'
21:57:16.620 [Test worker] DEBUG o.s.b.f.s.DefaultListableBeanFactory - Creating shared instance of singleton bean 'gaugeService'
21:57:16.620 [Test worker] DEBUG o.s.b.f.s.DefaultListableBeanFactory - Creating instance of bean 'gaugeService'
21:57:16.622 [Test worker] DEBUG o.s.b.f.s.DefaultListableBeanFactory - Returning cached instance of singleton bean 'org.springframework.boot.actuate.autoconfigure.MetricRepositoryAutoConfiguration$FastMetricServicesConfiguration'
21:57:16.622 [Test worker] DEBUG o.s.b.f.s.DefaultListableBeanFactory - Returning cached instance of singleton bean 'gaugeBuffers'
21:57:16.622 [Test worker] DEBUG o.s.b.f.s.DefaultListableBeanFactory - Autowiring by type from bean name 'gaugeService' via factory method to bean named 'gaugeBuffers'
21:57:16.629 [Test worker] DEBUG o.s.b.f.s.DefaultListableBeanFactory - Eagerly caching bean 'gaugeService' to allow for resolving potential circular references
21:57:16.631 [Test worker] DEBUG o.s.b.f.s.DefaultListableBeanFactory - Returning cached instance of singleton bean 'org.springframework.transaction.config.internalTransactionAdvisor'
21:57:16.631 [Test worker] DEBUG o.s.b.f.s.DefaultListableBeanFactory - Finished creating instance of bean 'gaugeService'
21:57:16.631 [Test worker] DEBUG o.s.b.f.s.DefaultListableBeanFactory - Creating shared instance of singleton bean 'org.springframework.boot.actuate.autoconfigure.MetricRepositoryAutoConfiguration'
21:57:16.631 [Test worker] DEBUG o.s.b.f.s.DefaultListableBeanFactory - Creating instance of bean 'org.springframework.boot.actuate.autoconfigure.MetricRepositoryAutoConfiguration'
21:57:16.632 [Test worker] DEBUG o.s.b.f.s.DefaultListableBeanFactory - Eagerly caching bean 'org.springframework.boot.actuate.autoconfigure.MetricRepositoryAutoConfiguration' to allow for resolving potential circular references
21:57:16.634 [Test worker] DEBUG o.s.b.f.s.DefaultListableBeanFactory - Returning cached instance of singleton bean 'org.springframework.transaction.config.internalTransactionAdvisor'
21:57:16.634 [Test worker] DEBUG o.s.b.f.s.DefaultListableBeanFactory - Finished creating instance of bean 'org.springframework.boot.actuate.autoconfigure.MetricRepositoryAutoConfiguration'
21:57:16.634 [Test worker] DEBUG o.s.b.f.s.DefaultListableBeanFactory - Creating shared instance of singleton bean 'org.springframework.boot.actuate.autoconfigure.PublicMetricsAutoConfiguration$TomcatMetricsConfiguration'
21:57:16.634 [Test worker] DEBUG o.s.b.f.s.DefaultListableBeanFactory - Creating instance of bean 'org.springframework.boot.actuate.autoconfigure.PublicMetricsAutoConfiguration$TomcatMetricsConfiguration'
21:57:16.635 [Test worker] DEBUG o.s.b.f.s.DefaultListableBeanFactory - Eagerly caching bean 'org.springframework.boot.actuate.autoconfigure.PublicMetricsAutoConfiguration$TomcatMetricsConfiguration' to allow for resolving potential circular references
21:57:16.637 [Test worker] DEBUG o.s.b.f.s.DefaultListableBeanFactory - Returning cached instance of singleton bean 'org.springframework.transaction.config.internalTransactionAdvisor'
21:57:16.638 [Test worker] DEBUG o.s.b.f.s.DefaultListableBeanFactory - Finished creating instance of bean 'org.springframework.boot.actuate.autoconfigure.PublicMetricsAutoConfiguration$TomcatMetricsConfiguration'
21:57:16.638 [Test worker] DEBUG o.s.b.f.s.DefaultListableBeanFactory - Creating shared instance of singleton bean 'tomcatPublicMetrics'
21:57:16.638 [Test worker] DEBUG o.s.b.f.s.DefaultListableBeanFactory - Creating instance of bean 'tomcatPublicMetrics'
21:57:16.638 [Test worker] DEBUG o.s.b.f.s.DefaultListableBeanFactory - Returning cached instance of singleton bean 'org.springframework.boot.actuate.autoconfigure.PublicMetricsAutoConfiguration$TomcatMetricsConfiguration'
21:57:16.643 [Test worker] DEBUG o.s.b.f.s.DefaultListableBeanFactory - Eagerly caching bean 'tomcatPublicMetrics' to allow for resolving potential circular references
21:57:16.644 [Test worker] DEBUG o.s.b.f.s.DefaultListableBeanFactory - Returning cached instance of singleton bean 'org.springframework.transaction.config.internalTransactionAdvisor'
21:57:16.645 [Test worker] DEBUG o.s.b.f.s.DefaultListableBeanFactory - Finished creating instance of bean 'tomcatPublicMetrics'
21:57:16.645 [Test worker] DEBUG o.s.b.f.s.DefaultListableBeanFactory - Creating shared instance of singleton bean 'org.springframework.boot.actuate.autoconfigure.PublicMetricsAutoConfiguration$DataSourceMetricsConfiguration'
21:57:16.645 [Test worker] DEBUG o.s.b.f.s.DefaultListableBeanFactory - Creating instance of bean 'org.springframework.boot.actuate.autoconfigure.PublicMetricsAutoConfiguration$DataSourceMetricsConfiguration'
21:57:16.645 [Test worker] DEBUG o.s.b.f.s.DefaultListableBeanFactory - Eagerly caching bean 'org.springframework.boot.actuate.autoconfigure.PublicMetricsAutoConfiguration$DataSourceMetricsConfiguration' to allow for resolving potential circular references
21:57:16.648 [Test worker] DEBUG o.s.b.f.s.DefaultListableBeanFactory - Returning cached instance of singleton bean 'org.springframework.transaction.config.internalTransactionAdvisor'
21:57:16.649 [Test worker] DEBUG o.s.b.f.s.DefaultListableBeanFactory - Finished creating instance of bean 'org.springframework.boot.actuate.autoconfigure.PublicMetricsAutoConfiguration$DataSourceMetricsConfiguration'
21:57:16.649 [Test worker] DEBUG o.s.b.f.s.DefaultListableBeanFactory - Creating shared instance of singleton bean 'dataSourcePublicMetrics'
21:57:16.649 [Test worker] DEBUG o.s.b.f.s.DefaultListableBeanFactory - Creating instance of bean 'dataSourcePublicMetrics'
21:57:16.649 [Test worker] DEBUG o.s.b.f.s.DefaultListableBeanFactory - Returning cached instance of singleton bean 'org.springframework.boot.actuate.autoconfigure.PublicMetricsAutoConfiguration$DataSourceMetricsConfiguration'
21:57:16.652 [Test worker] DEBUG o.s.c.a.CommonAnnotationBeanPostProcessor - Found init method on class [org.springframework.boot.actuate.endpoint.DataSourcePublicMetrics]: public void org.springframework.boot.actuate.endpoint.DataSourcePublicMetrics.initialize()
21:57:16.652 [Test worker] DEBUG o.s.c.a.CommonAnnotationBeanPostProcessor - Registered init method on class [org.springframework.boot.actuate.endpoint.DataSourcePublicMetrics]: org.springframework.beans.factory.annotation.InitDestroyAnnotationBeanPostProcessor$LifecycleElement@33ebcb90
21:57:16.652 [Test worker] DEBUG o.s.b.f.annotation.InjectionMetadata - Registered injected element on class [org.springframework.boot.actuate.endpoint.DataSourcePublicMetrics]: AutowiredFieldElement for private org.springframework.context.ApplicationContext org.springframework.boot.actuate.endpoint.DataSourcePublicMetrics.applicationContext
21:57:16.652 [Test worker] DEBUG o.s.b.f.annotation.InjectionMetadata - Registered injected element on class [org.springframework.boot.actuate.endpoint.DataSourcePublicMetrics]: AutowiredFieldElement for private java.util.Collection org.springframework.boot.actuate.endpoint.DataSourcePublicMetrics.providers
21:57:16.652 [Test worker] DEBUG o.s.b.f.s.DefaultListableBeanFactory - Eagerly caching bean 'dataSourcePublicMetrics' to allow for resolving potential circular references
21:57:16.653 [Test worker] DEBUG o.s.b.f.annotation.InjectionMetadata - Processing injected element of bean 'dataSourcePublicMetrics': AutowiredFieldElement for private org.springframework.context.ApplicationContext org.springframework.boot.actuate.endpoint.DataSourcePublicMetrics.applicationContext
21:57:16.654 [Test worker] DEBUG o.s.b.f.a.AutowiredAnnotationBeanPostProcessor - Autowiring by type from bean name 'dataSourcePublicMetrics' to bean named 'org.springframework.web.context.support.GenericWebApplicationContext@2a88404d'
21:57:16.654 [Test worker] DEBUG o.s.b.f.annotation.InjectionMetadata - Processing injected element of bean 'dataSourcePublicMetrics': AutowiredFieldElement for private java.util.Collection org.springframework.boot.actuate.endpoint.DataSourcePublicMetrics.providers
21:57:16.654 [Test worker] DEBUG o.s.b.f.s.DefaultListableBeanFactory - Returning cached instance of singleton bean 'tomcatPoolDataSourceMetadataProvider'
21:57:16.654 [Test worker] DEBUG o.s.b.f.a.AutowiredAnnotationBeanPostProcessor - Autowiring by type from bean name 'dataSourcePublicMetrics' to bean named 'tomcatPoolDataSourceMetadataProvider'
21:57:16.654 [Test worker] DEBUG o.s.c.a.CommonAnnotationBeanPostProcessor - Invoking init method on bean 'dataSourcePublicMetrics': public void org.springframework.boot.actuate.endpoint.DataSourcePublicMetrics.initialize()
21:57:16.654 [Test worker] DEBUG o.s.b.f.s.DefaultListableBeanFactory - Returning cached instance of singleton bean 'dataSource'
21:57:16.654 [Test worker] DEBUG o.s.b.f.s.DefaultListableBeanFactory - Returning cached instance of singleton bean 'dataSource'
21:57:16.654 [Test worker] DEBUG o.s.b.f.s.DefaultListableBeanFactory - Returning cached instance of singleton bean 'org.springframework.transaction.config.internalTransactionAdvisor'
21:57:16.655 [Test worker] DEBUG o.s.b.f.s.DefaultListableBeanFactory - Finished creating instance of bean 'dataSourcePublicMetrics'
21:57:16.655 [Test worker] DEBUG o.s.b.f.s.DefaultListableBeanFactory - Creating shared instance of singleton bean 'org.springframework.boot.actuate.autoconfigure.PublicMetricsAutoConfiguration'
21:57:16.655 [Test worker] DEBUG o.s.b.f.s.DefaultListableBeanFactory - Creating instance of bean 'org.springframework.boot.actuate.autoconfigure.PublicMetricsAutoConfiguration'
21:57:16.655 [Test worker] DEBUG o.s.b.f.annotation.InjectionMetadata - Registered injected element on class [org.springframework.boot.actuate.autoconfigure.PublicMetricsAutoConfiguration$$EnhancerBySpringCGLIB$$7a3b3188]: AutowiredFieldElement for private java.util.List org.springframework.boot.actuate.autoconfigure.PublicMetricsAutoConfiguration.metricReaders
21:57:16.655 [Test worker] DEBUG o.s.b.f.s.DefaultListableBeanFactory - Eagerly caching bean 'org.springframework.boot.actuate.autoconfigure.PublicMetricsAutoConfiguration' to allow for resolving potential circular references
21:57:16.660 [Test worker] DEBUG o.s.b.f.annotation.InjectionMetadata - Processing injected element of bean 'org.springframework.boot.actuate.autoconfigure.PublicMetricsAutoConfiguration': AutowiredFieldElement for private java.util.List org.springframework.boot.actuate.autoconfigure.PublicMetricsAutoConfiguration.metricReaders
21:57:16.661 [Test worker] DEBUG o.s.b.f.s.DefaultListableBeanFactory - Returning cached instance of singleton bean 'actuatorMetricReader'
21:57:16.661 [Test worker] DEBUG o.s.b.f.a.AutowiredAnnotationBeanPostProcessor - Autowiring by type from bean name 'org.springframework.boot.actuate.autoconfigure.PublicMetricsAutoConfiguration' to bean named 'actuatorMetricReader'
21:57:16.661 [Test worker] DEBUG o.s.b.f.s.DefaultListableBeanFactory - Returning cached instance of singleton bean 'org.springframework.transaction.config.internalTransactionAdvisor'
21:57:16.662 [Test worker] DEBUG o.s.b.f.s.DefaultListableBeanFactory - Finished creating instance of bean 'org.springframework.boot.actuate.autoconfigure.PublicMetricsAutoConfiguration'
21:57:16.662 [Test worker] DEBUG o.s.b.f.s.DefaultListableBeanFactory - Creating shared instance of singleton bean 'systemPublicMetrics'
21:57:16.663 [Test worker] DEBUG o.s.b.f.s.DefaultListableBeanFactory - Creating instance of bean 'systemPublicMetrics'
21:57:16.663 [Test worker] DEBUG o.s.b.f.s.DefaultListableBeanFactory - Returning cached instance of singleton bean 'org.springframework.boot.actuate.autoconfigure.PublicMetricsAutoConfiguration'
21:57:16.666 [Test worker] DEBUG o.s.b.f.s.DefaultListableBeanFactory - Eagerly caching bean 'systemPublicMetrics' to allow for resolving potential circular references
21:57:16.668 [Test worker] DEBUG o.s.b.f.s.DefaultListableBeanFactory - Returning cached instance of singleton bean 'org.springframework.transaction.config.internalTransactionAdvisor'
21:57:16.669 [Test worker] DEBUG o.s.b.f.s.DefaultListableBeanFactory - Finished creating instance of bean 'systemPublicMetrics'
21:57:16.669 [Test worker] DEBUG o.s.b.f.s.DefaultListableBeanFactory - Creating shared instance of singleton bean 'metricReaderPublicMetrics'
21:57:16.669 [Test worker] DEBUG o.s.b.f.s.DefaultListableBeanFactory - Creating instance of bean 'metricReaderPublicMetrics'
21:57:16.669 [Test worker] DEBUG o.s.b.f.s.DefaultListableBeanFactory - Returning cached instance of singleton bean 'org.springframework.boot.actuate.autoconfigure.PublicMetricsAutoConfiguration'
21:57:16.670 [Test worker] DEBUG o.s.b.f.s.DefaultListableBeanFactory - Eagerly caching bean 'metricReaderPublicMetrics' to allow for resolving potential circular references
21:57:16.673 [Test worker] DEBUG o.s.b.f.s.DefaultListableBeanFactory - Returning cached instance of singleton bean 'org.springframework.transaction.config.internalTransactionAdvisor'
21:57:16.673 [Test worker] DEBUG o.s.b.f.s.DefaultListableBeanFactory - Finished creating instance of bean 'metricReaderPublicMetrics'
21:57:16.674 [Test worker] DEBUG o.s.b.f.s.DefaultListableBeanFactory - Creating shared instance of singleton bean 'org.springframework.boot.actuate.autoconfigure.EndpointAutoConfiguration$InfoPropertiesConfiguration'
21:57:16.674 [Test worker] DEBUG o.s.b.f.s.DefaultListableBeanFactory - Creating instance of bean 'org.springframework.boot.actuate.autoconfigure.EndpointAutoConfiguration$InfoPropertiesConfiguration'
21:57:16.674 [Test worker] DEBUG o.s.core.env.StandardEnvironment - Adding [systemProperties] PropertySource with lowest search precedence
21:57:16.674 [Test worker] DEBUG o.s.core.env.StandardEnvironment - Adding [systemEnvironment] PropertySource with lowest search precedence
21:57:16.675 [Test worker] DEBUG o.s.core.env.StandardEnvironment - Initialized StandardEnvironment with PropertySources [systemProperties,systemEnvironment]
21:57:16.676 [Test worker] DEBUG o.s.b.f.annotation.InjectionMetadata - Registered injected element on class [org.springframework.boot.actuate.autoconfigure.EndpointAutoConfiguration$InfoPropertiesConfiguration$$EnhancerBySpringCGLIB$$b40f15e8]: AutowiredFieldElement for private final org.springframework.core.env.ConfigurableEnvironment org.springframework.boot.actuate.autoconfigure.EndpointAutoConfiguration$InfoPropertiesConfiguration.environment
21:57:16.676 [Test worker] DEBUG o.s.b.f.annotation.InjectionMetadata - Registered injected element on class [org.springframework.boot.actuate.autoconfigure.EndpointAutoConfiguration$InfoPropertiesConfiguration$$EnhancerBySpringCGLIB$$b40f15e8]: AutowiredFieldElement for private org.springframework.core.io.Resource org.springframework.boot.actuate.autoconfigure.EndpointAutoConfiguration$InfoPropertiesConfiguration.gitProperties
21:57:16.676 [Test worker] DEBUG o.s.b.f.s.DefaultListableBeanFactory - Eagerly caching bean 'org.springframework.boot.actuate.autoconfigure.EndpointAutoConfiguration$InfoPropertiesConfiguration' to allow for resolving potential circular references
21:57:16.679 [Test worker] DEBUG o.s.b.f.annotation.InjectionMetadata - Processing injected element of bean 'org.springframework.boot.actuate.autoconfigure.EndpointAutoConfiguration$InfoPropertiesConfiguration': AutowiredFieldElement for private final org.springframework.core.env.ConfigurableEnvironment org.springframework.boot.actuate.autoconfigure.EndpointAutoConfiguration$InfoPropertiesConfiguration.environment
21:57:16.682 [Test worker] DEBUG o.s.b.f.s.DefaultListableBeanFactory - Returning cached instance of singleton bean 'environment'
21:57:16.682 [Test worker] DEBUG o.s.b.f.a.AutowiredAnnotationBeanPostProcessor - Autowiring by type from bean name 'org.springframework.boot.actuate.autoconfigure.EndpointAutoConfiguration$InfoPropertiesConfiguration' to bean named 'environment'
21:57:16.683 [Test worker] DEBUG o.s.b.f.annotation.InjectionMetadata - Processing injected element of bean 'org.springframework.boot.actuate.autoconfigure.EndpointAutoConfiguration$InfoPropertiesConfiguration': AutowiredFieldElement for private org.springframework.core.io.Resource org.springframework.boot.actuate.autoconfigure.EndpointAutoConfiguration$InfoPropertiesConfiguration.gitProperties
21:57:16.683 [Test worker] DEBUG o.s.c.e.PropertySourcesPropertyResolver - Searching for key 'spring.git.properties:classpath:git.properties' in [environmentProperties]
21:57:16.683 [Test worker] DEBUG o.s.c.e.PropertySourcesPropertyResolver - Searching for key 'spring.git.properties:classpath:git.properties' in [systemProperties]
21:57:16.683 [Test worker] DEBUG o.s.c.e.PropertySourcesPropertyResolver - Searching for key 'spring.git.properties:classpath:git.properties' in [systemEnvironment]
21:57:16.683 [Test worker] DEBUG o.s.c.e.PropertySourcesPropertyResolver - Searching for key 'spring.git.properties:classpath:git.properties' in [random]
21:57:16.683 [Test worker] DEBUG o.s.c.e.PropertySourcesPropertyResolver - Searching for key 'spring.git.properties:classpath:git.properties' in [integrationTest]
21:57:16.684 [Test worker] DEBUG o.s.c.e.PropertySourcesPropertyResolver - Searching for key 'spring.git.properties:classpath:git.properties' in [applicationConfig: [classpath:/application.properties]]
21:57:16.684 [Test worker] DEBUG o.s.c.e.PropertySourcesPropertyResolver - Could not find key 'spring.git.properties:classpath:git.properties' in any property source. Returning [null]
21:57:16.684 [Test worker] DEBUG o.s.c.e.PropertySourcesPropertyResolver - Searching for key 'spring.git.properties:classpath:git.properties' in [localProperties]
21:57:16.684 [Test worker] DEBUG o.s.c.e.PropertySourcesPropertyResolver - Could not find key 'spring.git.properties:classpath:git.properties' in any property source. Returning [null]
21:57:16.684 [Test worker] DEBUG o.s.c.e.PropertySourcesPropertyResolver - Searching for key 'spring.git.properties' in [environmentProperties]
21:57:16.686 [Test worker] DEBUG o.s.c.e.PropertySourcesPropertyResolver - Searching for key 'spring.git.properties' in [systemProperties]
21:57:16.686 [Test worker] DEBUG o.s.c.e.PropertySourcesPropertyResolver - Searching for key 'spring.git.properties' in [systemEnvironment]
21:57:16.686 [Test worker] DEBUG o.s.c.e.PropertySourcesPropertyResolver - Searching for key 'spring.git.properties' in [random]
21:57:16.686 [Test worker] DEBUG o.s.c.e.PropertySourcesPropertyResolver - Searching for key 'spring.git.properties' in [integrationTest]
21:57:16.686 [Test worker] DEBUG o.s.c.e.PropertySourcesPropertyResolver - Searching for key 'spring.git.properties' in [applicationConfig: [classpath:/application.properties]]
21:57:16.686 [Test worker] DEBUG o.s.c.e.PropertySourcesPropertyResolver - Could not find key 'spring.git.properties' in any property source. Returning [null]
21:57:16.686 [Test worker] DEBUG o.s.c.e.PropertySourcesPropertyResolver - Searching for key 'spring.git.properties' in [localProperties]
21:57:16.686 [Test worker] DEBUG o.s.c.e.PropertySourcesPropertyResolver - Could not find key 'spring.git.properties' in any property source. Returning [null]
21:57:16.687 [Test worker] DEBUG o.s.b.f.s.DefaultListableBeanFactory - Returning cached instance of singleton bean 'org.springframework.transaction.config.internalTransactionAdvisor'
21:57:16.687 [Test worker] DEBUG o.s.b.f.s.DefaultListableBeanFactory - Finished creating instance of bean 'org.springframework.boot.actuate.autoconfigure.EndpointAutoConfiguration$InfoPropertiesConfiguration'
21:57:16.687 [Test worker] DEBUG o.s.b.f.s.DefaultListableBeanFactory - Creating shared instance of singleton bean 'org.springframework.boot.actuate.autoconfigure.EndpointAutoConfiguration$RequestMappingEndpointConfiguration'
21:57:16.687 [Test worker] DEBUG o.s.b.f.s.DefaultListableBeanFactory - Creating instance of bean 'org.springframework.boot.actuate.autoconfigure.EndpointAutoConfiguration$RequestMappingEndpointConfiguration'
21:57:16.688 [Test worker] DEBUG o.s.b.f.s.DefaultListableBeanFactory - Eagerly caching bean 'org.springframework.boot.actuate.autoconfigure.EndpointAutoConfiguration$RequestMappingEndpointConfiguration' to allow for resolving potential circular references
21:57:16.690 [Test worker] DEBUG o.s.b.f.s.DefaultListableBeanFactory - Returning cached instance of singleton bean 'org.springframework.transaction.config.internalTransactionAdvisor'
21:57:16.691 [Test worker] DEBUG o.s.b.f.s.DefaultListableBeanFactory - Finished creating instance of bean 'org.springframework.boot.actuate.autoconfigure.EndpointAutoConfiguration$RequestMappingEndpointConfiguration'
21:57:16.691 [Test worker] DEBUG o.s.b.f.s.DefaultListableBeanFactory - Creating shared instance of singleton bean 'requestMappingEndpoint'
21:57:16.692 [Test worker] DEBUG o.s.b.f.s.DefaultListableBeanFactory - Creating instance of bean 'requestMappingEndpoint'
21:57:16.692 [Test worker] DEBUG o.s.b.f.s.DefaultListableBeanFactory - Returning cached instance of singleton bean 'org.springframework.boot.actuate.autoconfigure.EndpointAutoConfiguration$RequestMappingEndpointConfiguration'
21:57:16.703 [Test worker] DEBUG o.s.b.f.s.DefaultListableBeanFactory - Eagerly caching bean 'requestMappingEndpoint' to allow for resolving potential circular references
21:57:16.707 [Test worker] DEBUG o.s.core.env.MutablePropertySources - Adding [systemProperties] PropertySource with lowest search precedence
21:57:16.707 [Test worker] DEBUG o.s.core.env.MutablePropertySources - Adding [systemEnvironment] PropertySource with lowest search precedence
21:57:16.707 [Test worker] DEBUG o.s.core.env.MutablePropertySources - Adding [random] PropertySource with lowest search precedence
21:57:16.707 [Test worker] DEBUG o.s.core.env.MutablePropertySources - Adding [integrationTest] PropertySource with lowest search precedence
21:57:16.707 [Test worker] DEBUG o.s.core.env.MutablePropertySources - Adding [applicationConfig: [classpath:/application.properties]] PropertySource with lowest search precedence
21:57:16.707 [Test worker] DEBUG o.s.core.env.MutablePropertySources - Adding [localProperties] PropertySource with lowest search precedence
21:57:16.718 [Test worker] DEBUG o.s.b.f.s.DefaultListableBeanFactory - Creating instance of bean 'org.hibernate.validator.internal.constraintvalidators.bv.PatternValidator'
21:57:16.721 [Test worker] DEBUG o.s.b.f.s.DefaultListableBeanFactory - Returning cached instance of singleton bean 'org.springframework.transaction.config.internalTransactionAdvisor'
21:57:16.722 [Test worker] DEBUG o.s.b.f.s.DefaultListableBeanFactory - Finished creating instance of bean 'org.hibernate.validator.internal.constraintvalidators.bv.PatternValidator'
21:57:16.723 [Test worker] DEBUG o.s.b.f.s.DefaultListableBeanFactory - Returning cached instance of singleton bean 'org.springframework.transaction.config.internalTransactionAdvisor'
21:57:16.723 [Test worker] DEBUG o.s.b.f.s.DefaultListableBeanFactory - Finished creating instance of bean 'requestMappingEndpoint'
21:57:16.723 [Test worker] DEBUG o.s.b.f.s.DefaultListableBeanFactory - Creating shared instance of singleton bean 'org.springframework.boot.actuate.autoconfigure.EndpointAutoConfiguration'
21:57:16.723 [Test worker] DEBUG o.s.b.f.s.DefaultListableBeanFactory - Creating instance of bean 'org.springframework.boot.actuate.autoconfigure.EndpointAutoConfiguration'
21:57:16.725 [Test worker] DEBUG o.s.b.f.annotation.InjectionMetadata - Registered injected element on class [org.springframework.boot.actuate.autoconfigure.EndpointAutoConfiguration$$EnhancerBySpringCGLIB$$4155a037]: AutowiredFieldElement for private org.springframework.boot.actuate.autoconfigure.EndpointAutoConfiguration$InfoPropertiesConfiguration org.springframework.boot.actuate.autoconfigure.EndpointAutoConfiguration.properties
21:57:16.725 [Test worker] DEBUG o.s.b.f.annotation.InjectionMetadata - Registered injected element on class [org.springframework.boot.actuate.autoconfigure.EndpointAutoConfiguration$$EnhancerBySpringCGLIB$$4155a037]: AutowiredFieldElement for private org.springframework.boot.actuate.health.HealthAggregator org.springframework.boot.actuate.autoconfigure.EndpointAutoConfiguration.healthAggregator
21:57:16.725 [Test worker] DEBUG o.s.b.f.annotation.InjectionMetadata - Registered injected element on class [org.springframework.boot.actuate.autoconfigure.EndpointAutoConfiguration$$EnhancerBySpringCGLIB$$4155a037]: AutowiredFieldElement for private java.util.Map org.springframework.boot.actuate.autoconfigure.EndpointAutoConfiguration.healthIndicators
21:57:16.726 [Test worker] DEBUG o.s.b.f.annotation.InjectionMetadata - Registered injected element on class [org.springframework.boot.actuate.autoconfigure.EndpointAutoConfiguration$$EnhancerBySpringCGLIB$$4155a037]: AutowiredFieldElement for private java.util.Collection org.springframework.boot.actuate.autoconfigure.EndpointAutoConfiguration.publicMetrics
21:57:16.726 [Test worker] DEBUG o.s.b.f.annotation.InjectionMetadata - Registered injected element on class [org.springframework.boot.actuate.autoconfigure.EndpointAutoConfiguration$$EnhancerBySpringCGLIB$$4155a037]: AutowiredFieldElement for private org.springframework.boot.actuate.trace.TraceRepository org.springframework.boot.actuate.autoconfigure.EndpointAutoConfiguration.traceRepository
21:57:16.726 [Test worker] DEBUG o.s.b.f.s.DefaultListableBeanFactory - Eagerly caching bean 'org.springframework.boot.actuate.autoconfigure.EndpointAutoConfiguration' to allow for resolving potential circular references
21:57:16.728 [Test worker] DEBUG o.s.b.f.annotation.InjectionMetadata - Processing injected element of bean 'org.springframework.boot.actuate.autoconfigure.EndpointAutoConfiguration': AutowiredFieldElement for private org.springframework.boot.actuate.autoconfigure.EndpointAutoConfiguration$InfoPropertiesConfiguration org.springframework.boot.actuate.autoconfigure.EndpointAutoConfiguration.properties
21:57:16.730 [Test worker] DEBUG o.s.b.f.s.DefaultListableBeanFactory - Returning cached instance of singleton bean 'org.springframework.boot.actuate.autoconfigure.EndpointAutoConfiguration$InfoPropertiesConfiguration'
21:57:16.730 [Test worker] DEBUG o.s.b.f.a.AutowiredAnnotationBeanPostProcessor - Autowiring by type from bean name 'org.springframework.boot.actuate.autoconfigure.EndpointAutoConfiguration' to bean named 'org.springframework.boot.actuate.autoconfigure.EndpointAutoConfiguration$InfoPropertiesConfiguration'
21:57:16.730 [Test worker] DEBUG o.s.b.f.annotation.InjectionMetadata - Processing injected element of bean 'org.springframework.boot.actuate.autoconfigure.EndpointAutoConfiguration': AutowiredFieldElement for private org.springframework.boot.actuate.health.HealthAggregator org.springframework.boot.actuate.autoconfigure.EndpointAutoConfiguration.healthAggregator
21:57:16.730 [Test worker] DEBUG o.s.b.f.s.DefaultListableBeanFactory - Returning cached instance of singleton bean 'healthAggregator'
21:57:16.730 [Test worker] DEBUG o.s.b.f.a.AutowiredAnnotationBeanPostProcessor - Autowiring by type from bean name 'org.springframework.boot.actuate.autoconfigure.EndpointAutoConfiguration' to bean named 'healthAggregator'
21:57:16.730 [Test worker] DEBUG o.s.b.f.annotation.InjectionMetadata - Processing injected element of bean 'org.springframework.boot.actuate.autoconfigure.EndpointAutoConfiguration': AutowiredFieldElement for private java.util.Map org.springframework.boot.actuate.autoconfigure.EndpointAutoConfiguration.healthIndicators
21:57:16.730 [Test worker] DEBUG o.s.b.f.s.DefaultListableBeanFactory - Returning cached instance of singleton bean 'diskSpaceHealthIndicator'
21:57:16.730 [Test worker] DEBUG o.s.b.f.s.DefaultListableBeanFactory - Returning cached instance of singleton bean 'dbHealthIndicator'
21:57:16.730 [Test worker] DEBUG o.s.b.f.a.AutowiredAnnotationBeanPostProcessor - Autowiring by type from bean name 'org.springframework.boot.actuate.autoconfigure.EndpointAutoConfiguration' to bean named 'diskSpaceHealthIndicator'
21:57:16.730 [Test worker] DEBUG o.s.b.f.a.AutowiredAnnotationBeanPostProcessor - Autowiring by type from bean name 'org.springframework.boot.actuate.autoconfigure.EndpointAutoConfiguration' to bean named 'dbHealthIndicator'
21:57:16.730 [Test worker] DEBUG o.s.b.f.annotation.InjectionMetadata - Processing injected element of bean 'org.springframework.boot.actuate.autoconfigure.EndpointAutoConfiguration': AutowiredFieldElement for private java.util.Collection org.springframework.boot.actuate.autoconfigure.EndpointAutoConfiguration.publicMetrics
21:57:16.731 [Test worker] DEBUG o.s.b.f.s.DefaultListableBeanFactory - Returning cached instance of singleton bean 'tomcatPublicMetrics'
21:57:16.731 [Test worker] DEBUG o.s.b.f.s.DefaultListableBeanFactory - Returning cached instance of singleton bean 'dataSourcePublicMetrics'
21:57:16.731 [Test worker] DEBUG o.s.b.f.s.DefaultListableBeanFactory - Returning cached instance of singleton bean 'systemPublicMetrics'
21:57:16.731 [Test worker] DEBUG o.s.b.f.s.DefaultListableBeanFactory - Returning cached instance of singleton bean 'metricReaderPublicMetrics'
21:57:16.731 [Test worker] DEBUG o.s.b.f.a.AutowiredAnnotationBeanPostProcessor - Autowiring by type from bean name 'org.springframework.boot.actuate.autoconfigure.EndpointAutoConfiguration' to bean named 'tomcatPublicMetrics'
21:57:16.731 [Test worker] DEBUG o.s.b.f.a.AutowiredAnnotationBeanPostProcessor - Autowiring by type from bean name 'org.springframework.boot.actuate.autoconfigure.EndpointAutoConfiguration' to bean named 'dataSourcePublicMetrics'
21:57:16.731 [Test worker] DEBUG o.s.b.f.a.AutowiredAnnotationBeanPostProcessor - Autowiring by type from bean name 'org.springframework.boot.actuate.autoconfigure.EndpointAutoConfiguration' to bean named 'systemPublicMetrics'
21:57:16.731 [Test worker] DEBUG o.s.b.f.a.AutowiredAnnotationBeanPostProcessor - Autowiring by type from bean name 'org.springframework.boot.actuate.autoconfigure.EndpointAutoConfiguration' to bean named 'metricReaderPublicMetrics'
21:57:16.731 [Test worker] DEBUG o.s.b.f.annotation.InjectionMetadata - Processing injected element of bean 'org.springframework.boot.actuate.autoconfigure.EndpointAutoConfiguration': AutowiredFieldElement for private org.springframework.boot.actuate.trace.TraceRepository org.springframework.boot.actuate.autoconfigure.EndpointAutoConfiguration.traceRepository
21:57:16.731 [Test worker] DEBUG o.s.b.f.s.DefaultListableBeanFactory - Creating shared instance of singleton bean 'traceRepository'
21:57:16.732 [Test worker] DEBUG o.s.b.f.s.DefaultListableBeanFactory - Creating instance of bean 'traceRepository'
21:57:16.732 [Test worker] DEBUG o.s.b.f.s.DefaultListableBeanFactory - Creating shared instance of singleton bean 'org.springframework.boot.actuate.autoconfigure.TraceRepositoryAutoConfiguration'
21:57:16.732 [Test worker] DEBUG o.s.b.f.s.DefaultListableBeanFactory - Creating instance of bean 'org.springframework.boot.actuate.autoconfigure.TraceRepositoryAutoConfiguration'
21:57:16.733 [Test worker] DEBUG o.s.b.f.s.DefaultListableBeanFactory - Eagerly caching bean 'org.springframework.boot.actuate.autoconfigure.TraceRepositoryAutoConfiguration' to allow for resolving potential circular references
21:57:16.736 [Test worker] DEBUG o.s.b.f.s.DefaultListableBeanFactory - Returning cached instance of singleton bean 'org.springframework.transaction.config.internalTransactionAdvisor'
21:57:16.736 [Test worker] DEBUG o.s.b.f.s.DefaultListableBeanFactory - Finished creating instance of bean 'org.springframework.boot.actuate.autoconfigure.TraceRepositoryAutoConfiguration'
21:57:16.739 [Test worker] DEBUG o.s.b.f.s.DefaultListableBeanFactory - Eagerly caching bean 'traceRepository' to allow for resolving potential circular references
21:57:16.742 [Test worker] DEBUG o.s.b.f.s.DefaultListableBeanFactory - Returning cached instance of singleton bean 'org.springframework.transaction.config.internalTransactionAdvisor'
21:57:16.742 [Test worker] DEBUG o.s.b.f.s.DefaultListableBeanFactory - Finished creating instance of bean 'traceRepository'
21:57:16.742 [Test worker] DEBUG o.s.b.f.a.AutowiredAnnotationBeanPostProcessor - Autowiring by type from bean name 'org.springframework.boot.actuate.autoconfigure.EndpointAutoConfiguration' to bean named 'traceRepository'
21:57:16.743 [Test worker] DEBUG o.s.b.f.s.DefaultListableBeanFactory - Returning cached instance of singleton bean 'org.springframework.transaction.config.internalTransactionAdvisor'
21:57:16.744 [Test worker] DEBUG o.s.b.f.s.DefaultListableBeanFactory - Finished creating instance of bean 'org.springframework.boot.actuate.autoconfigure.EndpointAutoConfiguration'
21:57:16.744 [Test worker] DEBUG o.s.b.f.s.DefaultListableBeanFactory - Creating shared instance of singleton bean 'environmentEndpoint'
21:57:16.744 [Test worker] DEBUG o.s.b.f.s.DefaultListableBeanFactory - Creating instance of bean 'environmentEndpoint'
21:57:16.744 [Test worker] DEBUG o.s.b.f.s.DefaultListableBeanFactory - Returning cached instance of singleton bean 'org.springframework.boot.actuate.autoconfigure.EndpointAutoConfiguration'
21:57:16.749 [Test worker] DEBUG o.s.b.f.s.DefaultListableBeanFactory - Eagerly caching bean 'environmentEndpoint' to allow for resolving potential circular references
21:57:16.753 [Test worker] DEBUG o.s.core.env.MutablePropertySources - Adding [systemProperties] PropertySource with lowest search precedence
21:57:16.753 [Test worker] DEBUG o.s.core.env.MutablePropertySources - Adding [systemEnvironment] PropertySource with lowest search precedence
21:57:16.753 [Test worker] DEBUG o.s.core.env.MutablePropertySources - Adding [random] PropertySource with lowest search precedence
21:57:16.753 [Test worker] DEBUG o.s.core.env.MutablePropertySources - Adding [integrationTest] PropertySource with lowest search precedence
21:57:16.753 [Test worker] DEBUG o.s.core.env.MutablePropertySources - Adding [applicationConfig: [classpath:/application.properties]] PropertySource with lowest search precedence
21:57:16.753 [Test worker] DEBUG o.s.core.env.MutablePropertySources - Adding [localProperties] PropertySource with lowest search precedence
21:57:16.762 [Test worker] DEBUG o.s.b.f.s.DefaultListableBeanFactory - Returning cached instance of singleton bean 'org.springframework.transaction.config.internalTransactionAdvisor'
21:57:16.764 [Test worker] DEBUG o.s.b.f.s.DefaultListableBeanFactory - Finished creating instance of bean 'environmentEndpoint'
21:57:16.764 [Test worker] DEBUG o.s.b.f.s.DefaultListableBeanFactory - Creating shared instance of singleton bean 'healthEndpoint'
21:57:16.765 [Test worker] DEBUG o.s.b.f.s.DefaultListableBeanFactory - Creating instance of bean 'healthEndpoint'
21:57:16.765 [Test worker] DEBUG o.s.b.f.s.DefaultListableBeanFactory - Returning cached instance of singleton bean 'org.springframework.boot.actuate.autoconfigure.EndpointAutoConfiguration'
21:57:16.768 [Test worker] DEBUG o.s.b.f.s.DefaultListableBeanFactory - Eagerly caching bean 'healthEndpoint' to allow for resolving potential circular references
21:57:16.772 [Test worker] DEBUG o.s.core.env.MutablePropertySources - Adding [systemProperties] PropertySource with lowest search precedence
21:57:16.772 [Test worker] DEBUG o.s.core.env.MutablePropertySources - Adding [systemEnvironment] PropertySource with lowest search precedence
21:57:16.772 [Test worker] DEBUG o.s.core.env.MutablePropertySources - Adding [random] PropertySource with lowest search precedence
21:57:16.772 [Test worker] DEBUG o.s.core.env.MutablePropertySources - Adding [integrationTest] PropertySource with lowest search precedence
21:57:16.772 [Test worker] DEBUG o.s.core.env.MutablePropertySources - Adding [applicationConfig: [classpath:/application.properties]] PropertySource with lowest search precedence
21:57:16.772 [Test worker] DEBUG o.s.core.env.MutablePropertySources - Adding [localProperties] PropertySource with lowest search precedence
21:57:16.779 [Test worker] DEBUG o.s.b.f.s.DefaultListableBeanFactory - Returning cached instance of singleton bean 'org.springframework.transaction.config.internalTransactionAdvisor'
21:57:16.780 [Test worker] DEBUG o.s.b.f.s.DefaultListableBeanFactory - Finished creating instance of bean 'healthEndpoint'
21:57:16.780 [Test worker] DEBUG o.s.b.f.s.DefaultListableBeanFactory - Creating shared instance of singleton bean 'beansEndpoint'
21:57:16.780 [Test worker] DEBUG o.s.b.f.s.DefaultListableBeanFactory - Creating instance of bean 'beansEndpoint'
21:57:16.780 [Test worker] DEBUG o.s.b.f.s.DefaultListableBeanFactory - Returning cached instance of singleton bean 'org.springframework.boot.actuate.autoconfigure.EndpointAutoConfiguration'
21:57:16.782 [Test worker] DEBUG o.s.b.f.s.DefaultListableBeanFactory - Eagerly caching bean 'beansEndpoint' to allow for resolving potential circular references
21:57:16.785 [Test worker] DEBUG o.s.c.e.PropertySourcesPropertyResolver - Searching for key 'spring.liveBeansView.mbeanDomain' in [systemProperties]
21:57:16.785 [Test worker] DEBUG o.s.c.e.PropertySourcesPropertyResolver - Searching for key 'spring.liveBeansView.mbeanDomain' in [systemEnvironment]
21:57:16.785 [Test worker] DEBUG o.s.c.e.PropertySourcesPropertyResolver - Searching for key 'spring.liveBeansView.mbeanDomain' in [random]
21:57:16.785 [Test worker] DEBUG o.s.c.e.PropertySourcesPropertyResolver - Searching for key 'spring.liveBeansView.mbeanDomain' in [integrationTest]
21:57:16.785 [Test worker] DEBUG o.s.c.e.PropertySourcesPropertyResolver - Searching for key 'spring.liveBeansView.mbeanDomain' in [applicationConfig: [classpath:/application.properties]]
21:57:16.785 [Test worker] DEBUG o.s.c.e.PropertySourcesPropertyResolver - Could not find key 'spring.liveBeansView.mbeanDomain' in any property source. Returning [null]
21:57:16.785 [Test worker] DEBUG o.s.core.env.MutablePropertySources - Adding [systemProperties] PropertySource with lowest search precedence
21:57:16.785 [Test worker] DEBUG o.s.core.env.MutablePropertySources - Adding [systemEnvironment] PropertySource with lowest search precedence
21:57:16.785 [Test worker] DEBUG o.s.core.env.MutablePropertySources - Adding [random] PropertySource with lowest search precedence
21:57:16.785 [Test worker] DEBUG o.s.core.env.MutablePropertySources - Adding [integrationTest] PropertySource with lowest search precedence
21:57:16.785 [Test worker] DEBUG o.s.core.env.MutablePropertySources - Adding [applicationConfig: [classpath:/application.properties]] PropertySource with lowest search precedence
21:57:16.785 [Test worker] DEBUG o.s.core.env.MutablePropertySources - Adding [localProperties] PropertySource with lowest search precedence
21:57:16.789 [Test worker] DEBUG o.s.b.f.s.DefaultListableBeanFactory - Returning cached instance of singleton bean 'org.springframework.transaction.config.internalTransactionAdvisor'
21:57:16.789 [Test worker] DEBUG o.s.b.f.s.DefaultListableBeanFactory - Finished creating instance of bean 'beansEndpoint'
21:57:16.789 [Test worker] DEBUG o.s.b.f.s.DefaultListableBeanFactory - Creating shared instance of singleton bean 'infoEndpoint'
21:57:16.789 [Test worker] DEBUG o.s.b.f.s.DefaultListableBeanFactory - Creating instance of bean 'infoEndpoint'
21:57:16.789 [Test worker] DEBUG o.s.b.f.s.DefaultListableBeanFactory - Returning cached instance of singleton bean 'org.springframework.boot.actuate.autoconfigure.EndpointAutoConfiguration'
21:57:16.798 [Test worker] DEBUG o.s.b.f.s.DefaultListableBeanFactory - Eagerly caching bean 'infoEndpoint' to allow for resolving potential circular references
21:57:16.801 [Test worker] DEBUG o.s.core.env.MutablePropertySources - Adding [systemProperties] PropertySource with lowest search precedence
21:57:16.801 [Test worker] DEBUG o.s.core.env.MutablePropertySources - Adding [systemEnvironment] PropertySource with lowest search precedence
21:57:16.801 [Test worker] DEBUG o.s.core.env.MutablePropertySources - Adding [random] PropertySource with lowest search precedence
21:57:16.801 [Test worker] DEBUG o.s.core.env.MutablePropertySources - Adding [integrationTest] PropertySource with lowest search precedence
21:57:16.801 [Test worker] DEBUG o.s.core.env.MutablePropertySources - Adding [applicationConfig: [classpath:/application.properties]] PropertySource with lowest search precedence
21:57:16.802 [Test worker] DEBUG o.s.core.env.MutablePropertySources - Adding [localProperties] PropertySource with lowest search precedence
21:57:16.807 [Test worker] DEBUG o.s.b.f.s.DefaultListableBeanFactory - Returning cached instance of singleton bean 'org.springframework.transaction.config.internalTransactionAdvisor'
21:57:16.808 [Test worker] DEBUG o.s.b.f.s.DefaultListableBeanFactory - Finished creating instance of bean 'infoEndpoint'
21:57:16.808 [Test worker] DEBUG o.s.b.f.s.DefaultListableBeanFactory - Creating shared instance of singleton bean 'metricsEndpoint'
21:57:16.808 [Test worker] DEBUG o.s.b.f.s.DefaultListableBeanFactory - Creating instance of bean 'metricsEndpoint'
21:57:16.809 [Test worker] DEBUG o.s.b.f.s.DefaultListableBeanFactory - Returning cached instance of singleton bean 'org.springframework.boot.actuate.autoconfigure.EndpointAutoConfiguration'
21:57:16.809 [Test worker] DEBUG o.s.b.f.s.DefaultListableBeanFactory - Eagerly caching bean 'metricsEndpoint' to allow for resolving potential circular references
21:57:16.812 [Test worker] DEBUG o.s.core.env.MutablePropertySources - Adding [systemProperties] PropertySource with lowest search precedence
21:57:16.813 [Test worker] DEBUG o.s.core.env.MutablePropertySources - Adding [systemEnvironment] PropertySource with lowest search precedence
21:57:16.813 [Test worker] DEBUG o.s.core.env.MutablePropertySources - Adding [random] PropertySource with lowest search precedence
21:57:16.813 [Test worker] DEBUG o.s.core.env.MutablePropertySources - Adding [integrationTest] PropertySource with lowest search precedence
21:57:16.813 [Test worker] DEBUG o.s.core.env.MutablePropertySources - Adding [applicationConfig: [classpath:/application.properties]] PropertySource with lowest search precedence
21:57:16.814 [Test worker] DEBUG o.s.core.env.MutablePropertySources - Adding [localProperties] PropertySource with lowest search precedence
21:57:16.818 [Test worker] DEBUG o.s.b.f.s.DefaultListableBeanFactory - Returning cached instance of singleton bean 'org.springframework.transaction.config.internalTransactionAdvisor'
21:57:16.819 [Test worker] DEBUG o.s.b.f.s.DefaultListableBeanFactory - Finished creating instance of bean 'metricsEndpoint'
21:57:16.819 [Test worker] DEBUG o.s.b.f.s.DefaultListableBeanFactory - Creating shared instance of singleton bean 'traceEndpoint'
21:57:16.819 [Test worker] DEBUG o.s.b.f.s.DefaultListableBeanFactory - Creating instance of bean 'traceEndpoint'
21:57:16.827 [Test worker] DEBUG o.s.b.f.s.DefaultListableBeanFactory - Returning cached instance of singleton bean 'org.springframework.boot.actuate.autoconfigure.EndpointAutoConfiguration'
21:57:16.828 [Test worker] DEBUG o.s.b.f.s.DefaultListableBeanFactory - Eagerly caching bean 'traceEndpoint' to allow for resolving potential circular references
21:57:16.831 [Test worker] DEBUG o.s.core.env.MutablePropertySources - Adding [systemProperties] PropertySource with lowest search precedence
21:57:16.831 [Test worker] DEBUG o.s.core.env.MutablePropertySources - Adding [systemEnvironment] PropertySource with lowest search precedence
21:57:16.831 [Test worker] DEBUG o.s.core.env.MutablePropertySources - Adding [random] PropertySource with lowest search precedence
21:57:16.832 [Test worker] DEBUG o.s.core.env.MutablePropertySources - Adding [integrationTest] PropertySource with lowest search precedence
21:57:16.832 [Test worker] DEBUG o.s.core.env.MutablePropertySources - Adding [applicationConfig: [classpath:/application.properties]] PropertySource with lowest search precedence
21:57:16.832 [Test worker] DEBUG o.s.core.env.MutablePropertySources - Adding [localProperties] PropertySource with lowest search precedence
21:57:16.837 [Test worker] DEBUG o.s.b.f.s.DefaultListableBeanFactory - Returning cached instance of singleton bean 'org.springframework.transaction.config.internalTransactionAdvisor'
21:57:16.838 [Test worker] DEBUG o.s.b.f.s.DefaultListableBeanFactory - Finished creating instance of bean 'traceEndpoint'
21:57:16.838 [Test worker] DEBUG o.s.b.f.s.DefaultListableBeanFactory - Creating shared instance of singleton bean 'dumpEndpoint'
21:57:16.838 [Test worker] DEBUG o.s.b.f.s.DefaultListableBeanFactory - Creating instance of bean 'dumpEndpoint'
21:57:16.838 [Test worker] DEBUG o.s.b.f.s.DefaultListableBeanFactory - Returning cached instance of singleton bean 'org.springframework.boot.actuate.autoconfigure.EndpointAutoConfiguration'
21:57:16.839 [Test worker] DEBUG o.s.b.f.s.DefaultListableBeanFactory - Eagerly caching bean 'dumpEndpoint' to allow for resolving potential circular references
21:57:16.842 [Test worker] DEBUG o.s.core.env.MutablePropertySources - Adding [systemProperties] PropertySource with lowest search precedence
21:57:16.842 [Test worker] DEBUG o.s.core.env.MutablePropertySources - Adding [systemEnvironment] PropertySource with lowest search precedence
21:57:16.842 [Test worker] DEBUG o.s.core.env.MutablePropertySources - Adding [random] PropertySource with lowest search precedence
21:57:16.842 [Test worker] DEBUG o.s.core.env.MutablePropertySources - Adding [integrationTest] PropertySource with lowest search precedence
21:57:16.842 [Test worker] DEBUG o.s.core.env.MutablePropertySources - Adding [applicationConfig: [classpath:/application.properties]] PropertySource with lowest search precedence
21:57:16.842 [Test worker] DEBUG o.s.core.env.MutablePropertySources - Adding [localProperties] PropertySource with lowest search precedence
21:57:16.845 [Test worker] DEBUG o.s.b.f.s.DefaultListableBeanFactory - Returning cached instance of singleton bean 'org.springframework.transaction.config.internalTransactionAdvisor'
21:57:16.846 [Test worker] DEBUG o.s.b.f.s.DefaultListableBeanFactory - Finished creating instance of bean 'dumpEndpoint'
21:57:16.846 [Test worker] DEBUG o.s.b.f.s.DefaultListableBeanFactory - Creating shared instance of singleton bean 'autoConfigurationReportEndpoint'
21:57:16.846 [Test worker] DEBUG o.s.b.f.s.DefaultListableBeanFactory - Creating instance of bean 'autoConfigurationReportEndpoint'
21:57:16.847 [Test worker] DEBUG o.s.b.f.s.DefaultListableBeanFactory - Returning cached instance of singleton bean 'org.springframework.boot.actuate.autoconfigure.EndpointAutoConfiguration'
21:57:16.849 [Test worker] DEBUG o.s.b.f.annotation.InjectionMetadata - Registered injected element on class [org.springframework.boot.actuate.endpoint.AutoConfigurationReportEndpoint]: AutowiredFieldElement for private org.springframework.boot.autoconfigure.condition.ConditionEvaluationReport org.springframework.boot.actuate.endpoint.AutoConfigurationReportEndpoint.autoConfigurationReport
21:57:16.849 [Test worker] DEBUG o.s.b.f.s.DefaultListableBeanFactory - Eagerly caching bean 'autoConfigurationReportEndpoint' to allow for resolving potential circular references
21:57:16.853 [Test worker] DEBUG o.s.b.f.annotation.InjectionMetadata - Processing injected element of bean 'autoConfigurationReportEndpoint': AutowiredFieldElement for private org.springframework.boot.autoconfigure.condition.ConditionEvaluationReport org.springframework.boot.actuate.endpoint.AutoConfigurationReportEndpoint.autoConfigurationReport
21:57:16.857 [Test worker] DEBUG o.s.b.f.s.DefaultListableBeanFactory - Returning cached instance of singleton bean 'autoConfigurationReport'
21:57:16.857 [Test worker] DEBUG o.s.b.f.a.AutowiredAnnotationBeanPostProcessor - Autowiring by type from bean name 'autoConfigurationReportEndpoint' to bean named 'autoConfigurationReport'
21:57:16.859 [Test worker] DEBUG o.s.core.env.MutablePropertySources - Adding [systemProperties] PropertySource with lowest search precedence
21:57:16.859 [Test worker] DEBUG o.s.core.env.MutablePropertySources - Adding [systemEnvironment] PropertySource with lowest search precedence
21:57:16.859 [Test worker] DEBUG o.s.core.env.MutablePropertySources - Adding [random] PropertySource with lowest search precedence
21:57:16.859 [Test worker] DEBUG o.s.core.env.MutablePropertySources - Adding [integrationTest] PropertySource with lowest search precedence
21:57:16.859 [Test worker] DEBUG o.s.core.env.MutablePropertySources - Adding [applicationConfig: [classpath:/application.properties]] PropertySource with lowest search precedence
21:57:16.859 [Test worker] DEBUG o.s.core.env.MutablePropertySources - Adding [localProperties] PropertySource with lowest search precedence
21:57:16.863 [Test worker] DEBUG o.s.b.f.s.DefaultListableBeanFactory - Returning cached instance of singleton bean 'org.springframework.transaction.config.internalTransactionAdvisor'
21:57:16.863 [Test worker] DEBUG o.s.b.f.s.DefaultListableBeanFactory - Finished creating instance of bean 'autoConfigurationReportEndpoint'
21:57:16.863 [Test worker] DEBUG o.s.b.f.s.DefaultListableBeanFactory - Creating shared instance of singleton bean 'shutdownEndpoint'
21:57:16.863 [Test worker] DEBUG o.s.b.f.s.DefaultListableBeanFactory - Creating instance of bean 'shutdownEndpoint'
21:57:16.863 [Test worker] DEBUG o.s.b.f.s.DefaultListableBeanFactory - Returning cached instance of singleton bean 'org.springframework.boot.actuate.autoconfigure.EndpointAutoConfiguration'
21:57:16.864 [Test worker] DEBUG o.s.b.f.s.DefaultListableBeanFactory - Eagerly caching bean 'shutdownEndpoint' to allow for resolving potential circular references
21:57:16.870 [Test worker] DEBUG o.s.core.env.MutablePropertySources - Adding [systemProperties] PropertySource with lowest search precedence
21:57:16.870 [Test worker] DEBUG o.s.core.env.MutablePropertySources - Adding [systemEnvironment] PropertySource with lowest search precedence
21:57:16.870 [Test worker] DEBUG o.s.core.env.MutablePropertySources - Adding [random] PropertySource with lowest search precedence
21:57:16.870 [Test worker] DEBUG o.s.core.env.MutablePropertySources - Adding [integrationTest] PropertySource with lowest search precedence
21:57:16.870 [Test worker] DEBUG o.s.core.env.MutablePropertySources - Adding [applicationConfig: [classpath:/application.properties]] PropertySource with lowest search precedence
21:57:16.870 [Test worker] DEBUG o.s.core.env.MutablePropertySources - Adding [localProperties] PropertySource with lowest search precedence
21:57:16.888 [Test worker] DEBUG o.s.b.f.s.DefaultListableBeanFactory - Returning cached instance of singleton bean 'org.springframework.transaction.config.internalTransactionAdvisor'
21:57:16.888 [Test worker] DEBUG o.s.b.f.s.DefaultListableBeanFactory - Finished creating instance of bean 'shutdownEndpoint'
21:57:16.889 [Test worker] DEBUG o.s.b.f.s.DefaultListableBeanFactory - Creating shared instance of singleton bean 'configurationPropertiesReportEndpoint'
21:57:16.889 [Test worker] DEBUG o.s.b.f.s.DefaultListableBeanFactory - Creating instance of bean 'configurationPropertiesReportEndpoint'
21:57:16.889 [Test worker] DEBUG o.s.b.f.s.DefaultListableBeanFactory - Returning cached instance of singleton bean 'org.springframework.boot.actuate.autoconfigure.EndpointAutoConfiguration'
21:57:16.902 [Test worker] DEBUG o.s.b.f.s.DefaultListableBeanFactory - Eagerly caching bean 'configurationPropertiesReportEndpoint' to allow for resolving potential circular references
21:57:16.907 [Test worker] DEBUG o.s.core.env.MutablePropertySources - Adding [systemProperties] PropertySource with lowest search precedence
21:57:16.907 [Test worker] DEBUG o.s.core.env.MutablePropertySources - Adding [systemEnvironment] PropertySource with lowest search precedence
21:57:16.908 [Test worker] DEBUG o.s.core.env.MutablePropertySources - Adding [random] PropertySource with lowest search precedence
21:57:16.908 [Test worker] DEBUG o.s.core.env.MutablePropertySources - Adding [integrationTest] PropertySource with lowest search precedence
21:57:16.909 [Test worker] DEBUG o.s.core.env.MutablePropertySources - Adding [applicationConfig: [classpath:/application.properties]] PropertySource with lowest search precedence
21:57:16.912 [Test worker] DEBUG o.s.core.env.MutablePropertySources - Adding [localProperties] PropertySource with lowest search precedence
21:57:16.917 [Test worker] DEBUG o.s.b.f.s.DefaultListableBeanFactory - Returning cached instance of singleton bean 'org.springframework.transaction.config.internalTransactionAdvisor'
21:57:16.918 [Test worker] DEBUG o.s.b.f.s.DefaultListableBeanFactory - Finished creating instance of bean 'configurationPropertiesReportEndpoint'
21:57:16.918 [Test worker] DEBUG o.s.b.f.s.DefaultListableBeanFactory - Creating shared instance of singleton bean 'endpoints.CONFIGURATION_PROPERTIES'
21:57:16.918 [Test worker] DEBUG o.s.b.f.s.DefaultListableBeanFactory - Creating instance of bean 'endpoints.CONFIGURATION_PROPERTIES'
21:57:16.919 [Test worker] DEBUG o.s.b.f.s.DefaultListableBeanFactory - Eagerly caching bean 'endpoints.CONFIGURATION_PROPERTIES' to allow for resolving potential circular references
21:57:16.921 [Test worker] DEBUG o.s.core.env.MutablePropertySources - Adding [systemProperties] PropertySource with lowest search precedence
21:57:16.921 [Test worker] DEBUG o.s.core.env.MutablePropertySources - Adding [systemEnvironment] PropertySource with lowest search precedence
21:57:16.921 [Test worker] DEBUG o.s.core.env.MutablePropertySources - Adding [random] PropertySource with lowest search precedence
21:57:16.921 [Test worker] DEBUG o.s.core.env.MutablePropertySources - Adding [integrationTest] PropertySource with lowest search precedence
21:57:16.922 [Test worker] DEBUG o.s.core.env.MutablePropertySources - Adding [applicationConfig: [classpath:/application.properties]] PropertySource with lowest search precedence
21:57:16.922 [Test worker] DEBUG o.s.core.env.MutablePropertySources - Adding [localProperties] PropertySource with lowest search precedence
21:57:16.924 [Test worker] DEBUG o.s.b.f.s.DefaultListableBeanFactory - Returning cached instance of singleton bean 'org.springframework.transaction.config.internalTransactionAdvisor'
21:57:16.924 [Test worker] DEBUG o.s.b.f.s.DefaultListableBeanFactory - Finished creating instance of bean 'endpoints.CONFIGURATION_PROPERTIES'
21:57:16.924 [Test worker] DEBUG o.s.b.f.s.DefaultListableBeanFactory - Returning cached instance of singleton bean 'org.springframework.boot.autoconfigure.web.ServerPropertiesAutoConfiguration'
21:57:16.924 [Test worker] DEBUG o.s.b.f.s.DefaultListableBeanFactory - Returning cached instance of singleton bean 'serverProperties'
21:57:16.924 [Test worker] DEBUG o.s.b.f.s.DefaultListableBeanFactory - Returning cached instance of singleton bean 'duplicateServerPropertiesDetector'
21:57:16.924 [Test worker] DEBUG o.s.b.f.s.DefaultListableBeanFactory - Creating shared instance of singleton bean 'org.springframework.boot.actuate.autoconfigure.ManagementServerPropertiesAutoConfiguration'
21:57:16.925 [Test worker] DEBUG o.s.b.f.s.DefaultListableBeanFactory - Creating instance of bean 'org.springframework.boot.actuate.autoconfigure.ManagementServerPropertiesAutoConfiguration'
21:57:16.925 [Test worker] DEBUG o.s.b.f.s.DefaultListableBeanFactory - Eagerly caching bean 'org.springframework.boot.actuate.autoconfigure.ManagementServerPropertiesAutoConfiguration' to allow for resolving potential circular references
21:57:16.928 [Test worker] DEBUG o.s.b.f.s.DefaultListableBeanFactory - Returning cached instance of singleton bean 'org.springframework.transaction.config.internalTransactionAdvisor'
21:57:16.929 [Test worker] DEBUG o.s.b.f.s.DefaultListableBeanFactory - Finished creating instance of bean 'org.springframework.boot.actuate.autoconfigure.ManagementServerPropertiesAutoConfiguration'
21:57:16.929 [Test worker] DEBUG o.s.b.f.s.DefaultListableBeanFactory - Creating shared instance of singleton bean 'managementServerProperties'
21:57:16.929 [Test worker] DEBUG o.s.b.f.s.DefaultListableBeanFactory - Creating instance of bean 'managementServerProperties'
21:57:16.929 [Test worker] DEBUG o.s.b.f.s.DefaultListableBeanFactory - Returning cached instance of singleton bean 'org.springframework.boot.actuate.autoconfigure.ManagementServerPropertiesAutoConfiguration'
21:57:16.933 [Test worker] DEBUG o.s.b.f.s.DefaultListableBeanFactory - Eagerly caching bean 'managementServerProperties' to allow for resolving potential circular references
21:57:16.936 [Test worker] DEBUG o.s.core.env.MutablePropertySources - Adding [systemProperties] PropertySource with lowest search precedence
21:57:16.936 [Test worker] DEBUG o.s.core.env.MutablePropertySources - Adding [systemEnvironment] PropertySource with lowest search precedence
21:57:16.936 [Test worker] DEBUG o.s.core.env.MutablePropertySources - Adding [random] PropertySource with lowest search precedence
21:57:16.936 [Test worker] DEBUG o.s.core.env.MutablePropertySources - Adding [integrationTest] PropertySource with lowest search precedence
21:57:16.936 [Test worker] DEBUG o.s.core.env.MutablePropertySources - Adding [applicationConfig: [classpath:/application.properties]] PropertySource with lowest search precedence
21:57:16.936 [Test worker] DEBUG o.s.core.env.MutablePropertySources - Adding [localProperties] PropertySource with lowest search precedence
21:57:16.937 [Test worker] DEBUG o.s.core.env.MutablePropertySources - Adding [systemProperties] PropertySource with lowest search precedence
21:57:16.938 [Test worker] DEBUG o.s.core.env.MutablePropertySources - Adding [systemEnvironment] PropertySource with lowest search precedence
21:57:16.938 [Test worker] DEBUG o.s.core.env.MutablePropertySources - Adding [random] PropertySource with lowest search precedence
21:57:16.938 [Test worker] DEBUG o.s.core.env.MutablePropertySources - Adding [integrationTest] PropertySource with lowest search precedence
21:57:16.938 [Test worker] DEBUG o.s.core.env.MutablePropertySources - Adding [applicationConfig: [classpath:/application.properties]] PropertySource with lowest search precedence
21:57:16.938 [Test worker] DEBUG o.s.core.env.MutablePropertySources - Adding [localProperties] PropertySource with lowest search precedence
21:57:16.938 [Test worker] DEBUG o.s.c.e.PropertySourcesPropertyResolver - Searching for key 'management.port' in [systemProperties]
21:57:16.938 [Test worker] DEBUG o.s.c.e.PropertySourcesPropertyResolver - Searching for key 'management.port' in [systemEnvironment]
21:57:16.939 [Test worker] DEBUG o.s.c.e.PropertySourcesPropertyResolver - Searching for key 'management.port' in [random]
21:57:16.939 [Test worker] DEBUG o.s.c.e.PropertySourcesPropertyResolver - Searching for key 'management.port' in [integrationTest]
21:57:16.939 [Test worker] DEBUG o.s.c.e.PropertySourcesPropertyResolver - Searching for key 'management.port' in [applicationConfig: [classpath:/application.properties]]
21:57:16.939 [Test worker] DEBUG o.s.c.e.PropertySourcesPropertyResolver - Found key 'management.port' in [applicationConfig: [classpath:/application.properties]] with type [String] and value '9001'
21:57:16.945 [Test worker] DEBUG o.s.b.f.s.DefaultListableBeanFactory - Returning cached instance of singleton bean 'org.springframework.transaction.config.internalTransactionAdvisor'
21:57:16.945 [Test worker] DEBUG o.s.b.f.s.DefaultListableBeanFactory - Finished creating instance of bean 'managementServerProperties'
21:57:16.945 [Test worker] DEBUG o.s.b.f.s.DefaultListableBeanFactory - Returning cached instance of singleton bean 'org.springframework.boot.autoconfigure.jackson.JacksonAutoConfiguration$JacksonObjectMapperBuilderConfiguration'
21:57:16.946 [Test worker] DEBUG o.s.b.f.s.DefaultListableBeanFactory - Returning cached instance of singleton bean 'jacksonObjectMapperBuilder'
21:57:16.946 [Test worker] DEBUG o.s.b.f.s.DefaultListableBeanFactory - Returning cached instance of singleton bean 'spring.jackson.CONFIGURATION_PROPERTIES'
21:57:16.946 [Test worker] DEBUG o.s.b.f.s.DefaultListableBeanFactory - Returning cached instance of singleton bean 'org.springframework.boot.autoconfigure.jackson.JacksonAutoConfiguration$JacksonObjectMapperConfiguration'
21:57:16.947 [Test worker] DEBUG o.s.b.f.s.DefaultListableBeanFactory - Returning cached instance of singleton bean 'jacksonObjectMapper'
21:57:16.947 [Test worker] DEBUG o.s.b.f.s.DefaultListableBeanFactory - Creating shared instance of singleton bean 'org.springframework.boot.autoconfigure.jackson.JacksonAutoConfiguration'
21:57:16.947 [Test worker] DEBUG o.s.b.f.s.DefaultListableBeanFactory - Creating instance of bean 'org.springframework.boot.autoconfigure.jackson.JacksonAutoConfiguration'
21:57:16.947 [Test worker] DEBUG o.s.b.f.s.DefaultListableBeanFactory - Eagerly caching bean 'org.springframework.boot.autoconfigure.jackson.JacksonAutoConfiguration' to allow for resolving potential circular references
21:57:16.951 [Test worker] DEBUG o.s.b.f.s.DefaultListableBeanFactory - Returning cached instance of singleton bean 'org.springframework.transaction.config.internalTransactionAdvisor'
21:57:16.951 [Test worker] DEBUG o.s.b.f.s.DefaultListableBeanFactory - Finished creating instance of bean 'org.springframework.boot.autoconfigure.jackson.JacksonAutoConfiguration'
21:57:16.951 [Test worker] DEBUG o.s.b.f.s.DefaultListableBeanFactory - Returning cached instance of singleton bean 'org.springframework.boot.autoconfigure.web.HttpMessageConvertersAutoConfiguration$StringHttpMessageConverterConfiguration'
21:57:16.951 [Test worker] DEBUG o.s.b.f.s.DefaultListableBeanFactory - Returning cached instance of singleton bean 'stringHttpMessageConverter'
21:57:16.951 [Test worker] DEBUG o.s.b.f.s.DefaultListableBeanFactory - Returning cached instance of singleton bean 'spring.http.encoding.CONFIGURATION_PROPERTIES'
21:57:16.951 [Test worker] DEBUG o.s.b.f.s.DefaultListableBeanFactory - Returning cached instance of singleton bean 'org.springframework.boot.autoconfigure.web.JacksonHttpMessageConvertersConfiguration$MappingJackson2HttpMessageConverterConfiguration'
21:57:16.951 [Test worker] DEBUG o.s.b.f.s.DefaultListableBeanFactory - Returning cached instance of singleton bean 'mappingJackson2HttpMessageConverter'
21:57:16.952 [Test worker] DEBUG o.s.b.f.s.DefaultListableBeanFactory - Creating shared instance of singleton bean 'org.springframework.boot.autoconfigure.web.JacksonHttpMessageConvertersConfiguration'
21:57:16.952 [Test worker] DEBUG o.s.b.f.s.DefaultListableBeanFactory - Creating instance of bean 'org.springframework.boot.autoconfigure.web.JacksonHttpMessageConvertersConfiguration'
21:57:16.952 [Test worker] DEBUG o.s.b.f.s.DefaultListableBeanFactory - Eagerly caching bean 'org.springframework.boot.autoconfigure.web.JacksonHttpMessageConvertersConfiguration' to allow for resolving potential circular references
21:57:16.955 [Test worker] DEBUG o.s.b.f.s.DefaultListableBeanFactory - Returning cached instance of singleton bean 'org.springframework.transaction.config.internalTransactionAdvisor'
21:57:16.956 [Test worker] DEBUG o.s.b.f.s.DefaultListableBeanFactory - Finished creating instance of bean 'org.springframework.boot.autoconfigure.web.JacksonHttpMessageConvertersConfiguration'
21:57:16.956 [Test worker] DEBUG o.s.b.f.s.DefaultListableBeanFactory - Returning cached instance of singleton bean 'org.springframework.boot.autoconfigure.web.HttpMessageConvertersAutoConfiguration'
21:57:16.956 [Test worker] DEBUG o.s.b.f.s.DefaultListableBeanFactory - Returning cached instance of singleton bean 'messageConverters'
21:57:16.956 [Test worker] DEBUG o.s.b.f.s.DefaultListableBeanFactory - Creating shared instance of singleton bean 'org.springframework.boot.actuate.autoconfigure.EndpointWebMvcAutoConfiguration$ApplicationContextFilterConfiguration'
21:57:16.956 [Test worker] DEBUG o.s.b.f.s.DefaultListableBeanFactory - Creating instance of bean 'org.springframework.boot.actuate.autoconfigure.EndpointWebMvcAutoConfiguration$ApplicationContextFilterConfiguration'
21:57:16.957 [Test worker] DEBUG o.s.b.f.s.DefaultListableBeanFactory - Eagerly caching bean 'org.springframework.boot.actuate.autoconfigure.EndpointWebMvcAutoConfiguration$ApplicationContextFilterConfiguration' to allow for resolving potential circular references
21:57:16.959 [Test worker] DEBUG o.s.b.f.s.DefaultListableBeanFactory - Returning cached instance of singleton bean 'org.springframework.transaction.config.internalTransactionAdvisor'
21:57:16.960 [Test worker] DEBUG o.s.b.f.s.DefaultListableBeanFactory - Finished creating instance of bean 'org.springframework.boot.actuate.autoconfigure.EndpointWebMvcAutoConfiguration$ApplicationContextFilterConfiguration'
21:57:16.960 [Test worker] DEBUG o.s.b.f.s.DefaultListableBeanFactory - Creating shared instance of singleton bean 'applicationContextIdFilter'
21:57:16.960 [Test worker] DEBUG o.s.b.f.s.DefaultListableBeanFactory - Creating instance of bean 'applicationContextIdFilter'
21:57:16.960 [Test worker] DEBUG o.s.b.f.s.DefaultListableBeanFactory - Returning cached instance of singleton bean 'org.springframework.boot.actuate.autoconfigure.EndpointWebMvcAutoConfiguration$ApplicationContextFilterConfiguration'
21:57:16.961 [Test worker] DEBUG o.s.b.f.s.DefaultListableBeanFactory - Autowiring by type from bean name 'applicationContextIdFilter' via factory method to bean named 'org.springframework.web.context.support.GenericWebApplicationContext@2a88404d'
21:57:16.964 [Test worker] DEBUG o.s.w.c.s.StandardServletEnvironment - Adding [servletConfigInitParams] PropertySource with lowest search precedence
21:57:16.964 [Test worker] DEBUG o.s.w.c.s.StandardServletEnvironment - Adding [servletContextInitParams] PropertySource with lowest search precedence
21:57:16.964 [Test worker] DEBUG o.s.w.c.s.StandardServletEnvironment - Adding [systemProperties] PropertySource with lowest search precedence
21:57:16.964 [Test worker] DEBUG o.s.w.c.s.StandardServletEnvironment - Adding [systemEnvironment] PropertySource with lowest search precedence
21:57:16.964 [Test worker] DEBUG o.s.w.c.s.StandardServletEnvironment - Initialized StandardServletEnvironment with PropertySources [servletConfigInitParams,servletContextInitParams,systemProperties,systemEnvironment]
21:57:16.965 [Test worker] DEBUG o.s.b.f.s.DefaultListableBeanFactory - Eagerly caching bean 'applicationContextIdFilter' to allow for resolving potential circular references
21:57:16.982 [Test worker] DEBUG o.s.b.f.s.DefaultListableBeanFactory - Invoking afterPropertiesSet() on bean with name 'applicationContextIdFilter'
21:57:16.983 [Test worker] DEBUG o.s.b.f.s.DefaultListableBeanFactory - Returning cached instance of singleton bean 'org.springframework.transaction.config.internalTransactionAdvisor'
21:57:16.983 [Test worker] DEBUG o.s.b.f.s.DefaultListableBeanFactory - Finished creating instance of bean 'applicationContextIdFilter'
21:57:16.997 [Test worker] DEBUG o.s.b.f.s.DefaultListableBeanFactory - Creating shared instance of singleton bean 'org.springframework.boot.actuate.autoconfigure.EndpointWebMvcAutoConfiguration'
21:57:16.999 [Test worker] DEBUG o.s.b.f.s.DefaultListableBeanFactory - Creating instance of bean 'org.springframework.boot.actuate.autoconfigure.EndpointWebMvcAutoConfiguration'
21:57:17.000 [Test worker] DEBUG o.s.b.f.s.DefaultListableBeanFactory - Eagerly caching bean 'org.springframework.boot.actuate.autoconfigure.EndpointWebMvcAutoConfiguration' to allow for resolving potential circular references
21:57:17.007 [Test worker] DEBUG o.s.b.f.s.DefaultListableBeanFactory - Returning cached instance of singleton bean 'org.springframework.transaction.config.internalTransactionAdvisor'
21:57:17.008 [Test worker] DEBUG o.s.b.f.s.DefaultListableBeanFactory - Finished creating instance of bean 'org.springframework.boot.actuate.autoconfigure.EndpointWebMvcAutoConfiguration'
21:57:17.008 [Test worker] DEBUG o.s.b.f.s.DefaultListableBeanFactory - Creating shared instance of singleton bean 'managementContextResolver'
21:57:17.008 [Test worker] DEBUG o.s.b.f.s.DefaultListableBeanFactory - Creating instance of bean 'managementContextResolver'
21:57:17.008 [Test worker] DEBUG o.s.b.f.s.DefaultListableBeanFactory - Returning cached instance of singleton bean 'org.springframework.boot.actuate.autoconfigure.EndpointWebMvcAutoConfiguration'
21:57:17.009 [Test worker] DEBUG o.s.b.f.s.DefaultListableBeanFactory - Eagerly caching bean 'managementContextResolver' to allow for resolving potential circular references
21:57:17.011 [Test worker] DEBUG o.s.b.f.s.DefaultListableBeanFactory - Returning cached instance of singleton bean 'org.springframework.transaction.config.internalTransactionAdvisor'
21:57:17.012 [Test worker] DEBUG o.s.b.f.s.DefaultListableBeanFactory - Finished creating instance of bean 'managementContextResolver'
21:57:17.012 [Test worker] DEBUG o.s.b.f.s.DefaultListableBeanFactory - Creating shared instance of singleton bean 'managementServletContext'
21:57:17.012 [Test worker] DEBUG o.s.b.f.s.DefaultListableBeanFactory - Creating instance of bean 'managementServletContext'
21:57:17.012 [Test worker] DEBUG o.s.b.f.s.DefaultListableBeanFactory - Returning cached instance of singleton bean 'org.springframework.boot.actuate.autoconfigure.EndpointWebMvcAutoConfiguration'
21:57:17.013 [Test worker] DEBUG o.s.b.f.s.DefaultListableBeanFactory - Returning cached instance of singleton bean 'managementServerProperties'
21:57:17.013 [Test worker] DEBUG o.s.b.f.s.DefaultListableBeanFactory - Autowiring by type from bean name 'managementServletContext' via factory method to bean named 'managementServerProperties'
21:57:17.015 [Test worker] DEBUG o.s.b.f.s.DefaultListableBeanFactory - Eagerly caching bean 'managementServletContext' to allow for resolving potential circular references
21:57:17.016 [Test worker] DEBUG o.s.b.f.s.DefaultListableBeanFactory - Returning cached instance of singleton bean 'org.springframework.transaction.config.internalTransactionAdvisor'
21:57:17.017 [Test worker] DEBUG o.s.b.f.s.DefaultListableBeanFactory - Finished creating instance of bean 'managementServletContext'
21:57:17.017 [Test worker] DEBUG o.s.b.f.s.DefaultListableBeanFactory - Creating shared instance of singleton bean 'org.springframework.boot.actuate.autoconfigure.MetricExportAutoConfiguration$MetricExportPropertiesConfiguration'
21:57:17.017 [Test worker] DEBUG o.s.b.f.s.DefaultListableBeanFactory - Creating instance of bean 'org.springframework.boot.actuate.autoconfigure.MetricExportAutoConfiguration$MetricExportPropertiesConfiguration'
21:57:17.017 [Test worker] DEBUG o.s.b.f.annotation.InjectionMetadata - Registered injected element on class [org.springframework.boot.actuate.autoconfigure.MetricExportAutoConfiguration$MetricExportPropertiesConfiguration$$EnhancerBySpringCGLIB$$6446743]: AutowiredFieldElement for private java.lang.String org.springframework.boot.actuate.autoconfigure.MetricExportAutoConfiguration$MetricExportPropertiesConfiguration.prefix
21:57:17.017 [Test worker] DEBUG o.s.b.f.s.DefaultListableBeanFactory - Eagerly caching bean 'org.springframework.boot.actuate.autoconfigure.MetricExportAutoConfiguration$MetricExportPropertiesConfiguration' to allow for resolving potential circular references
21:57:17.020 [Test worker] DEBUG o.s.b.f.annotation.InjectionMetadata - Processing injected element of bean 'org.springframework.boot.actuate.autoconfigure.MetricExportAutoConfiguration$MetricExportPropertiesConfiguration': AutowiredFieldElement for private java.lang.String org.springframework.boot.actuate.autoconfigure.MetricExportAutoConfiguration$MetricExportPropertiesConfiguration.prefix
21:57:17.020 [Test worker] DEBUG o.s.c.e.PropertySourcesPropertyResolver - Searching for key 'spring.application.name:application' in [environmentProperties]
21:57:17.021 [Test worker] DEBUG o.s.c.e.PropertySourcesPropertyResolver - Searching for key 'spring.application.name:application' in [systemProperties]
21:57:17.021 [Test worker] DEBUG o.s.c.e.PropertySourcesPropertyResolver - Searching for key 'spring.application.name:application' in [systemEnvironment]
21:57:17.021 [Test worker] DEBUG o.s.c.e.PropertySourcesPropertyResolver - Searching for key 'spring.application.name:application' in [random]
21:57:17.022 [Test worker] DEBUG o.s.c.e.PropertySourcesPropertyResolver - Searching for key 'spring.application.name:application' in [integrationTest]
21:57:17.022 [Test worker] DEBUG o.s.c.e.PropertySourcesPropertyResolver - Searching for key 'spring.application.name:application' in [applicationConfig: [classpath:/application.properties]]
21:57:17.022 [Test worker] DEBUG o.s.c.e.PropertySourcesPropertyResolver - Could not find key 'spring.application.name:application' in any property source. Returning [null]
21:57:17.022 [Test worker] DEBUG o.s.c.e.PropertySourcesPropertyResolver - Searching for key 'spring.application.name:application' in [localProperties]
21:57:17.022 [Test worker] DEBUG o.s.c.e.PropertySourcesPropertyResolver - Could not find key 'spring.application.name:application' in any property source. Returning [null]
21:57:17.025 [Test worker] DEBUG o.s.c.e.PropertySourcesPropertyResolver - Searching for key 'spring.application.name' in [environmentProperties]
21:57:17.025 [Test worker] DEBUG o.s.c.e.PropertySourcesPropertyResolver - Searching for key 'spring.application.name' in [systemProperties]
21:57:17.026 [Test worker] DEBUG o.s.c.e.PropertySourcesPropertyResolver - Searching for key 'spring.application.name' in [systemEnvironment]
21:57:17.026 [Test worker] DEBUG o.s.c.e.PropertySourcesPropertyResolver - Searching for key 'spring.application.name' in [random]
21:57:17.026 [Test worker] DEBUG o.s.c.e.PropertySourcesPropertyResolver - Searching for key 'spring.application.name' in [integrationTest]
21:57:17.026 [Test worker] DEBUG o.s.c.e.PropertySourcesPropertyResolver - Searching for key 'spring.application.name' in [applicationConfig: [classpath:/application.properties]]
21:57:17.026 [Test worker] DEBUG o.s.c.e.PropertySourcesPropertyResolver - Could not find key 'spring.application.name' in any property source. Returning [null]
21:57:17.026 [Test worker] DEBUG o.s.c.e.PropertySourcesPropertyResolver - Searching for key 'spring.application.name' in [localProperties]
21:57:17.026 [Test worker] DEBUG o.s.c.e.PropertySourcesPropertyResolver - Could not find key 'spring.application.name' in any property source. Returning [null]
21:57:17.026 [Test worker] DEBUG o.s.c.e.PropertySourcesPropertyResolver - Searching for key 'random.value:0000' in [environmentProperties]
21:57:17.027 [Test worker] DEBUG o.s.c.e.PropertySourcesPropertyResolver - Searching for key 'random.value:0000' in [systemProperties]
21:57:17.027 [Test worker] DEBUG o.s.c.e.PropertySourcesPropertyResolver - Searching for key 'random.value:0000' in [systemEnvironment]
21:57:17.027 [Test worker] DEBUG o.s.c.e.PropertySourcesPropertyResolver - Searching for key 'random.value:0000' in [random]
21:57:17.028 [Test worker] DEBUG o.s.c.e.PropertySourcesPropertyResolver - Found key 'random.value:0000' in [random] with type [String] and value 'c9b40ca5ad07f0abb9be36fb90e1adf1'
21:57:17.029 [Test worker] DEBUG o.s.c.e.PropertySourcesPropertyResolver - Found key 'random.value:0000' in [environmentProperties] with type [String] and value 'c9b40ca5ad07f0abb9be36fb90e1adf1'
21:57:17.029 [Test worker] DEBUG o.s.b.f.s.DefaultListableBeanFactory - Returning cached instance of singleton bean 'org.springframework.transaction.config.internalTransactionAdvisor'
21:57:17.030 [Test worker] DEBUG o.s.b.f.s.DefaultListableBeanFactory - Finished creating instance of bean 'org.springframework.boot.actuate.autoconfigure.MetricExportAutoConfiguration$MetricExportPropertiesConfiguration'
21:57:17.030 [Test worker] DEBUG o.s.b.f.s.DefaultListableBeanFactory - Creating shared instance of singleton bean 'spring.metrics.export.CONFIGURATION_PROPERTIES'
21:57:17.030 [Test worker] DEBUG o.s.b.f.s.DefaultListableBeanFactory - Creating instance of bean 'spring.metrics.export.CONFIGURATION_PROPERTIES'
21:57:17.030 [Test worker] DEBUG o.s.b.f.s.DefaultListableBeanFactory - Returning cached instance of singleton bean 'org.springframework.boot.actuate.autoconfigure.MetricExportAutoConfiguration$MetricExportPropertiesConfiguration'
21:57:17.064 [Test worker] DEBUG o.s.c.a.CommonAnnotationBeanPostProcessor - Found init method on class [org.springframework.boot.actuate.metrics.export.MetricExportProperties]: public void org.springframework.boot.actuate.metrics.export.MetricExportProperties.setUpDefaults()
21:57:17.065 [Test worker] DEBUG o.s.c.a.CommonAnnotationBeanPostProcessor - Registered init method on class [org.springframework.boot.actuate.metrics.export.MetricExportProperties]: org.springframework.beans.factory.annotation.InitDestroyAnnotationBeanPostProcessor$LifecycleElement@ca27a00f
21:57:17.065 [Test worker] DEBUG o.s.b.f.s.DefaultListableBeanFactory - Eagerly caching bean 'spring.metrics.export.CONFIGURATION_PROPERTIES' to allow for resolving potential circular references
21:57:17.068 [Test worker] DEBUG o.s.core.env.MutablePropertySources - Adding [systemProperties] PropertySource with lowest search precedence
21:57:17.069 [Test worker] DEBUG o.s.core.env.MutablePropertySources - Adding [systemEnvironment] PropertySource with lowest search precedence
21:57:17.069 [Test worker] DEBUG o.s.core.env.MutablePropertySources - Adding [random] PropertySource with lowest search precedence
21:57:17.069 [Test worker] DEBUG o.s.core.env.MutablePropertySources - Adding [integrationTest] PropertySource with lowest search precedence
21:57:17.069 [Test worker] DEBUG o.s.core.env.MutablePropertySources - Adding [applicationConfig: [classpath:/application.properties]] PropertySource with lowest search precedence
21:57:17.069 [Test worker] DEBUG o.s.core.env.MutablePropertySources - Adding [localProperties] PropertySource with lowest search precedence
21:57:17.080 [Test worker] DEBUG o.s.c.a.CommonAnnotationBeanPostProcessor - Invoking init method on bean 'spring.metrics.export.CONFIGURATION_PROPERTIES': public void org.springframework.boot.actuate.metrics.export.MetricExportProperties.setUpDefaults()
21:57:17.081 [Test worker] DEBUG o.s.b.f.s.DefaultListableBeanFactory - Returning cached instance of singleton bean 'org.springframework.transaction.config.internalTransactionAdvisor'
21:57:17.081 [Test worker] DEBUG o.s.b.f.s.DefaultListableBeanFactory - Finished creating instance of bean 'spring.metrics.export.CONFIGURATION_PROPERTIES'
21:57:17.081 [Test worker] DEBUG o.s.b.f.s.DefaultListableBeanFactory - Returning cached instance of singleton bean 'org.springframework.scheduling.annotation.SchedulingConfiguration'
21:57:17.081 [Test worker] DEBUG o.s.b.f.s.DefaultListableBeanFactory - Returning cached instance of singleton bean 'org.springframework.context.annotation.internalScheduledAnnotationProcessor'
21:57:17.081 [Test worker] DEBUG o.s.b.f.s.DefaultListableBeanFactory - Creating shared instance of singleton bean 'org.springframework.boot.actuate.autoconfigure.MetricExportAutoConfiguration'
21:57:17.081 [Test worker] DEBUG o.s.b.f.s.DefaultListableBeanFactory - Creating instance of bean 'org.springframework.boot.actuate.autoconfigure.MetricExportAutoConfiguration'
21:57:17.082 [Test worker] DEBUG o.s.b.f.annotation.InjectionMetadata - Registered injected element on class [org.springframework.boot.actuate.autoconfigure.MetricExportAutoConfiguration$$EnhancerBySpringCGLIB$$560c28a8]: AutowiredFieldElement for private org.springframework.boot.actuate.metrics.export.MetricExportProperties org.springframework.boot.actuate.autoconfigure.MetricExportAutoConfiguration.properties
21:57:17.082 [Test worker] DEBUG o.s.b.f.annotation.InjectionMetadata - Registered injected element on class [org.springframework.boot.actuate.autoconfigure.MetricExportAutoConfiguration$$EnhancerBySpringCGLIB$$560c28a8]: AutowiredFieldElement for private org.springframework.boot.actuate.endpoint.MetricsEndpointMetricReader org.springframework.boot.actuate.autoconfigure.MetricExportAutoConfiguration.endpointReader
21:57:17.082 [Test worker] DEBUG o.s.b.f.annotation.InjectionMetadata - Registered injected element on class [org.springframework.boot.actuate.autoconfigure.MetricExportAutoConfiguration$$EnhancerBySpringCGLIB$$560c28a8]: AutowiredFieldElement for private java.util.List org.springframework.boot.actuate.autoconfigure.MetricExportAutoConfiguration.readers
21:57:17.082 [Test worker] DEBUG o.s.b.f.annotation.InjectionMetadata - Registered injected element on class [org.springframework.boot.actuate.autoconfigure.MetricExportAutoConfiguration$$EnhancerBySpringCGLIB$$560c28a8]: AutowiredFieldElement for private java.util.Map org.springframework.boot.actuate.autoconfigure.MetricExportAutoConfiguration.writers
21:57:17.083 [Test worker] DEBUG o.s.b.f.annotation.InjectionMetadata - Registered injected element on class [org.springframework.boot.actuate.autoconfigure.MetricExportAutoConfiguration$$EnhancerBySpringCGLIB$$560c28a8]: AutowiredFieldElement for private java.util.Map org.springframework.boot.actuate.autoconfigure.MetricExportAutoConfiguration.exporters
21:57:17.083 [Test worker] DEBUG o.s.b.f.s.DefaultListableBeanFactory - Eagerly caching bean 'org.springframework.boot.actuate.autoconfigure.MetricExportAutoConfiguration' to allow for resolving potential circular references
21:57:17.085 [Test worker] DEBUG o.s.b.f.annotation.InjectionMetadata - Processing injected element of bean 'org.springframework.boot.actuate.autoconfigure.MetricExportAutoConfiguration': AutowiredFieldElement for private org.springframework.boot.actuate.metrics.export.MetricExportProperties org.springframework.boot.actuate.autoconfigure.MetricExportAutoConfiguration.properties
21:57:17.085 [Test worker] DEBUG o.s.b.f.s.DefaultListableBeanFactory - Returning cached instance of singleton bean 'spring.metrics.export.CONFIGURATION_PROPERTIES'
21:57:17.085 [Test worker] DEBUG o.s.b.f.a.AutowiredAnnotationBeanPostProcessor - Autowiring by type from bean name 'org.springframework.boot.actuate.autoconfigure.MetricExportAutoConfiguration' to bean named 'spring.metrics.export.CONFIGURATION_PROPERTIES'
21:57:17.085 [Test worker] DEBUG o.s.b.f.annotation.InjectionMetadata - Processing injected element of bean 'org.springframework.boot.actuate.autoconfigure.MetricExportAutoConfiguration': AutowiredFieldElement for private org.springframework.boot.actuate.endpoint.MetricsEndpointMetricReader org.springframework.boot.actuate.autoconfigure.MetricExportAutoConfiguration.endpointReader
21:57:17.086 [Test worker] DEBUG o.s.b.f.annotation.InjectionMetadata - Processing injected element of bean 'org.springframework.boot.actuate.autoconfigure.MetricExportAutoConfiguration': AutowiredFieldElement for private java.util.List org.springframework.boot.actuate.autoconfigure.MetricExportAutoConfiguration.readers
21:57:17.086 [Test worker] DEBUG o.s.b.f.s.DefaultListableBeanFactory - Returning cached instance of singleton bean 'actuatorMetricReader'
21:57:17.086 [Test worker] DEBUG o.s.b.f.a.AutowiredAnnotationBeanPostProcessor - Autowiring by type from bean name 'org.springframework.boot.actuate.autoconfigure.MetricExportAutoConfiguration' to bean named 'actuatorMetricReader'
21:57:17.086 [Test worker] DEBUG o.s.b.f.annotation.InjectionMetadata - Processing injected element of bean 'org.springframework.boot.actuate.autoconfigure.MetricExportAutoConfiguration': AutowiredFieldElement for private java.util.Map org.springframework.boot.actuate.autoconfigure.MetricExportAutoConfiguration.writers
21:57:17.086 [Test worker] DEBUG o.s.b.f.annotation.InjectionMetadata - Processing injected element of bean 'org.springframework.boot.actuate.autoconfigure.MetricExportAutoConfiguration': AutowiredFieldElement for private java.util.Map org.springframework.boot.actuate.autoconfigure.MetricExportAutoConfiguration.exporters
21:57:17.087 [Test worker] DEBUG o.s.b.f.s.DefaultListableBeanFactory - Returning cached instance of singleton bean 'org.springframework.transaction.config.internalTransactionAdvisor'
21:57:17.089 [Test worker] DEBUG o.s.b.f.s.DefaultListableBeanFactory - Finished creating instance of bean 'org.springframework.boot.actuate.autoconfigure.MetricExportAutoConfiguration'
21:57:17.089 [Test worker] DEBUG o.s.b.f.s.DefaultListableBeanFactory - Creating shared instance of singleton bean 'metricWritersMetricExporter'
21:57:17.089 [Test worker] DEBUG o.s.b.f.s.DefaultListableBeanFactory - Creating instance of bean 'metricWritersMetricExporter'
21:57:17.089 [Test worker] DEBUG o.s.b.f.s.DefaultListableBeanFactory - Returning cached instance of singleton bean 'org.springframework.boot.actuate.autoconfigure.MetricExportAutoConfiguration'
21:57:17.094 [Test worker] DEBUG o.s.b.f.s.DefaultListableBeanFactory - Eagerly caching bean 'metricWritersMetricExporter' to allow for resolving potential circular references
21:57:17.098 [Test worker] DEBUG o.s.b.f.s.DefaultListableBeanFactory - Returning cached instance of singleton bean 'org.springframework.transaction.config.internalTransactionAdvisor'
21:57:17.098 [Test worker] DEBUG o.s.b.f.s.DefaultListableBeanFactory - Finished creating instance of bean 'metricWritersMetricExporter'
21:57:17.099 [Test worker] DEBUG o.s.b.f.s.DefaultListableBeanFactory - Creating shared instance of singleton bean 'org.springframework.boot.actuate.autoconfigure.MetricFilterAutoConfiguration'
21:57:17.099 [Test worker] DEBUG o.s.b.f.s.DefaultListableBeanFactory - Creating instance of bean 'org.springframework.boot.actuate.autoconfigure.MetricFilterAutoConfiguration'
21:57:17.099 [Test worker] DEBUG o.s.b.f.annotation.InjectionMetadata - Registered injected element on class [org.springframework.boot.actuate.autoconfigure.MetricFilterAutoConfiguration$$EnhancerBySpringCGLIB$$73d56564]: AutowiredFieldElement for private org.springframework.boot.actuate.metrics.CounterService org.springframework.boot.actuate.autoconfigure.MetricFilterAutoConfiguration.counterService
21:57:17.100 [Test worker] DEBUG o.s.b.f.annotation.InjectionMetadata - Registered injected element on class [org.springframework.boot.actuate.autoconfigure.MetricFilterAutoConfiguration$$EnhancerBySpringCGLIB$$73d56564]: AutowiredFieldElement for private org.springframework.boot.actuate.metrics.GaugeService org.springframework.boot.actuate.autoconfigure.MetricFilterAutoConfiguration.gaugeService
21:57:17.100 [Test worker] DEBUG o.s.b.f.s.DefaultListableBeanFactory - Eagerly caching bean 'org.springframework.boot.actuate.autoconfigure.MetricFilterAutoConfiguration' to allow for resolving potential circular references
21:57:17.102 [Test worker] DEBUG o.s.b.f.annotation.InjectionMetadata - Processing injected element of bean 'org.springframework.boot.actuate.autoconfigure.MetricFilterAutoConfiguration': AutowiredFieldElement for private org.springframework.boot.actuate.metrics.CounterService org.springframework.boot.actuate.autoconfigure.MetricFilterAutoConfiguration.counterService
21:57:17.103 [Test worker] DEBUG o.s.b.f.s.DefaultListableBeanFactory - Returning cached instance of singleton bean 'counterService'
21:57:17.103 [Test worker] DEBUG o.s.b.f.a.AutowiredAnnotationBeanPostProcessor - Autowiring by type from bean name 'org.springframework.boot.actuate.autoconfigure.MetricFilterAutoConfiguration' to bean named 'counterService'
21:57:17.103 [Test worker] DEBUG o.s.b.f.annotation.InjectionMetadata - Processing injected element of bean 'org.springframework.boot.actuate.autoconfigure.MetricFilterAutoConfiguration': AutowiredFieldElement for private org.springframework.boot.actuate.metrics.GaugeService org.springframework.boot.actuate.autoconfigure.MetricFilterAutoConfiguration.gaugeService
21:57:17.103 [Test worker] DEBUG o.s.b.f.s.DefaultListableBeanFactory - Returning cached instance of singleton bean 'gaugeService'
21:57:17.103 [Test worker] DEBUG o.s.b.f.a.AutowiredAnnotationBeanPostProcessor - Autowiring by type from bean name 'org.springframework.boot.actuate.autoconfigure.MetricFilterAutoConfiguration' to bean named 'gaugeService'
21:57:17.108 [Test worker] DEBUG o.s.b.f.s.DefaultListableBeanFactory - Returning cached instance of singleton bean 'org.springframework.transaction.config.internalTransactionAdvisor'
21:57:17.109 [Test worker] DEBUG o.s.b.f.s.DefaultListableBeanFactory - Finished creating instance of bean 'org.springframework.boot.actuate.autoconfigure.MetricFilterAutoConfiguration'
21:57:17.110 [Test worker] DEBUG o.s.b.f.s.DefaultListableBeanFactory - Creating shared instance of singleton bean 'metricFilter'
21:57:17.110 [Test worker] DEBUG o.s.b.f.s.DefaultListableBeanFactory - Creating instance of bean 'metricFilter'
21:57:17.110 [Test worker] DEBUG o.s.b.f.s.DefaultListableBeanFactory - Returning cached instance of singleton bean 'org.springframework.boot.actuate.autoconfigure.MetricFilterAutoConfiguration'
21:57:17.119 [Test worker] DEBUG o.s.w.c.s.StandardServletEnvironment - Adding [servletConfigInitParams] PropertySource with lowest search precedence
21:57:17.119 [Test worker] DEBUG o.s.w.c.s.StandardServletEnvironment - Adding [servletContextInitParams] PropertySource with lowest search precedence
21:57:17.119 [Test worker] DEBUG o.s.w.c.s.StandardServletEnvironment - Adding [systemProperties] PropertySource with lowest search precedence
21:57:17.119 [Test worker] DEBUG o.s.w.c.s.StandardServletEnvironment - Adding [systemEnvironment] PropertySource with lowest search precedence
21:57:17.119 [Test worker] DEBUG o.s.w.c.s.StandardServletEnvironment - Initialized StandardServletEnvironment with PropertySources [servletConfigInitParams,servletContextInitParams,systemProperties,systemEnvironment]
21:57:17.120 [Test worker] DEBUG o.s.b.f.s.DefaultListableBeanFactory - Eagerly caching bean 'metricFilter' to allow for resolving potential circular references
21:57:17.123 [Test worker] DEBUG o.s.b.f.s.DefaultListableBeanFactory - Invoking afterPropertiesSet() on bean with name 'metricFilter'
21:57:17.123 [Test worker] DEBUG o.s.b.f.s.DefaultListableBeanFactory - Returning cached instance of singleton bean 'org.springframework.transaction.config.internalTransactionAdvisor'
21:57:17.124 [Test worker] DEBUG o.s.b.f.s.DefaultListableBeanFactory - Finished creating instance of bean 'metricFilter'
21:57:17.124 [Test worker] DEBUG o.s.b.f.s.DefaultListableBeanFactory - Returning cached instance of singleton bean 'org.springframework.boot.actuate.autoconfigure.TraceRepositoryAutoConfiguration'
21:57:17.124 [Test worker] DEBUG o.s.b.f.s.DefaultListableBeanFactory - Returning cached instance of singleton bean 'traceRepository'
21:57:17.124 [Test worker] DEBUG o.s.b.f.s.DefaultListableBeanFactory - Creating shared instance of singleton bean 'org.springframework.boot.actuate.autoconfigure.TraceWebFilterAutoConfiguration'
21:57:17.124 [Test worker] DEBUG o.s.b.f.s.DefaultListableBeanFactory - Creating instance of bean 'org.springframework.boot.actuate.autoconfigure.TraceWebFilterAutoConfiguration'
21:57:17.126 [Test worker] DEBUG o.s.b.f.annotation.InjectionMetadata - Registered injected element on class [org.springframework.boot.actuate.autoconfigure.TraceWebFilterAutoConfiguration]: AutowiredFieldElement for private org.springframework.boot.actuate.trace.TraceRepository org.springframework.boot.actuate.autoconfigure.TraceWebFilterAutoConfiguration.traceRepository
21:57:17.126 [Test worker] DEBUG o.s.b.f.annotation.InjectionMetadata - Registered injected element on class [org.springframework.boot.actuate.autoconfigure.TraceWebFilterAutoConfiguration]: AutowiredFieldElement for private org.springframework.boot.autoconfigure.web.ErrorAttributes org.springframework.boot.actuate.autoconfigure.TraceWebFilterAutoConfiguration.errorAttributes
21:57:17.126 [Test worker] DEBUG o.s.b.f.annotation.InjectionMetadata - Registered injected element on class [org.springframework.boot.actuate.autoconfigure.TraceWebFilterAutoConfiguration]: AutowiredFieldElement for private boolean org.springframework.boot.actuate.autoconfigure.TraceWebFilterAutoConfiguration.dumpRequests
21:57:17.126 [Test worker] DEBUG o.s.b.f.annotation.InjectionMetadata - Registered injected element on class [org.springframework.boot.actuate.autoconfigure.TraceWebFilterAutoConfiguration]: AutowiredFieldElement for org.springframework.boot.actuate.trace.TraceProperties org.springframework.boot.actuate.autoconfigure.TraceWebFilterAutoConfiguration.traceProperties
21:57:17.126 [Test worker] DEBUG o.s.b.f.s.DefaultListableBeanFactory - Eagerly caching bean 'org.springframework.boot.actuate.autoconfigure.TraceWebFilterAutoConfiguration' to allow for resolving potential circular references
21:57:17.130 [Test worker] DEBUG o.s.b.f.annotation.InjectionMetadata - Processing injected element of bean 'org.springframework.boot.actuate.autoconfigure.TraceWebFilterAutoConfiguration': AutowiredFieldElement for private org.springframework.boot.actuate.trace.TraceRepository org.springframework.boot.actuate.autoconfigure.TraceWebFilterAutoConfiguration.traceRepository
21:57:17.130 [Test worker] DEBUG o.s.b.f.s.DefaultListableBeanFactory - Returning cached instance of singleton bean 'traceRepository'
21:57:17.130 [Test worker] DEBUG o.s.b.f.a.AutowiredAnnotationBeanPostProcessor - Autowiring by type from bean name 'org.springframework.boot.actuate.autoconfigure.TraceWebFilterAutoConfiguration' to bean named 'traceRepository'
21:57:17.130 [Test worker] DEBUG o.s.b.f.annotation.InjectionMetadata - Processing injected element of bean 'org.springframework.boot.actuate.autoconfigure.TraceWebFilterAutoConfiguration': AutowiredFieldElement for private org.springframework.boot.autoconfigure.web.ErrorAttributes org.springframework.boot.actuate.autoconfigure.TraceWebFilterAutoConfiguration.errorAttributes
21:57:17.130 [Test worker] DEBUG o.s.b.f.s.DefaultListableBeanFactory - Returning cached instance of singleton bean 'errorAttributes'
21:57:17.130 [Test worker] DEBUG o.s.b.f.a.AutowiredAnnotationBeanPostProcessor - Autowiring by type from bean name 'org.springframework.boot.actuate.autoconfigure.TraceWebFilterAutoConfiguration' to bean named 'errorAttributes'
21:57:17.130 [Test worker] DEBUG o.s.b.f.annotation.InjectionMetadata - Processing injected element of bean 'org.springframework.boot.actuate.autoconfigure.TraceWebFilterAutoConfiguration': AutowiredFieldElement for private boolean org.springframework.boot.actuate.autoconfigure.TraceWebFilterAutoConfiguration.dumpRequests
21:57:17.131 [Test worker] DEBUG o.s.c.e.PropertySourcesPropertyResolver - Searching for key 'management.dump_requests:false' in [environmentProperties]
21:57:17.131 [Test worker] DEBUG o.s.c.e.PropertySourcesPropertyResolver - Searching for key 'management.dump_requests:false' in [systemProperties]
21:57:17.131 [Test worker] DEBUG o.s.c.e.PropertySourcesPropertyResolver - Searching for key 'management.dump_requests:false' in [systemEnvironment]
21:57:17.131 [Test worker] DEBUG o.s.c.e.PropertySourcesPropertyResolver - Searching for key 'management.dump_requests:false' in [random]
21:57:17.131 [Test worker] DEBUG o.s.c.e.PropertySourcesPropertyResolver - Searching for key 'management.dump_requests:false' in [integrationTest]
21:57:17.131 [Test worker] DEBUG o.s.c.e.PropertySourcesPropertyResolver - Searching for key 'management.dump_requests:false' in [applicationConfig: [classpath:/application.properties]]
21:57:17.131 [Test worker] DEBUG o.s.c.e.PropertySourcesPropertyResolver - Could not find key 'management.dump_requests:false' in any property source. Returning [null]
21:57:17.131 [Test worker] DEBUG o.s.c.e.PropertySourcesPropertyResolver - Searching for key 'management.dump_requests:false' in [localProperties]
21:57:17.131 [Test worker] DEBUG o.s.c.e.PropertySourcesPropertyResolver - Could not find key 'management.dump_requests:false' in any property source. Returning [null]
21:57:17.131 [Test worker] DEBUG o.s.c.e.PropertySourcesPropertyResolver - Searching for key 'management.dump_requests' in [environmentProperties]
21:57:17.131 [Test worker] DEBUG o.s.c.e.PropertySourcesPropertyResolver - Searching for key 'management.dump_requests' in [systemProperties]
21:57:17.131 [Test worker] DEBUG o.s.c.e.PropertySourcesPropertyResolver - Searching for key 'management.dump_requests' in [systemEnvironment]
21:57:17.131 [Test worker] DEBUG o.s.c.e.PropertySourcesPropertyResolver - Searching for key 'management.dump_requests' in [random]
21:57:17.131 [Test worker] DEBUG o.s.c.e.PropertySourcesPropertyResolver - Searching for key 'management.dump_requests' in [integrationTest]
21:57:17.131 [Test worker] DEBUG o.s.c.e.PropertySourcesPropertyResolver - Searching for key 'management.dump_requests' in [applicationConfig: [classpath:/application.properties]]
21:57:17.131 [Test worker] DEBUG o.s.c.e.PropertySourcesPropertyResolver - Could not find key 'management.dump_requests' in any property source. Returning [null]
21:57:17.131 [Test worker] DEBUG o.s.c.e.PropertySourcesPropertyResolver - Searching for key 'management.dump_requests' in [localProperties]
21:57:17.131 [Test worker] DEBUG o.s.c.e.PropertySourcesPropertyResolver - Could not find key 'management.dump_requests' in any property source. Returning [null]
21:57:17.131 [Test worker] DEBUG o.s.b.f.annotation.InjectionMetadata - Processing injected element of bean 'org.springframework.boot.actuate.autoconfigure.TraceWebFilterAutoConfiguration': AutowiredFieldElement for org.springframework.boot.actuate.trace.TraceProperties org.springframework.boot.actuate.autoconfigure.TraceWebFilterAutoConfiguration.traceProperties
21:57:17.133 [Test worker] DEBUG o.s.b.f.s.DefaultListableBeanFactory - Creating shared instance of singleton bean 'management.trace.CONFIGURATION_PROPERTIES'
21:57:17.133 [Test worker] DEBUG o.s.b.f.s.DefaultListableBeanFactory - Creating instance of bean 'management.trace.CONFIGURATION_PROPERTIES'
21:57:17.133 [Test worker] DEBUG o.s.b.f.s.DefaultListableBeanFactory - Eagerly caching bean 'management.trace.CONFIGURATION_PROPERTIES' to allow for resolving potential circular references
21:57:17.138 [Test worker] DEBUG o.s.core.env.MutablePropertySources - Adding [systemProperties] PropertySource with lowest search precedence
21:57:17.138 [Test worker] DEBUG o.s.core.env.MutablePropertySources - Adding [systemEnvironment] PropertySource with lowest search precedence
21:57:17.138 [Test worker] DEBUG o.s.core.env.MutablePropertySources - Adding [random] PropertySource with lowest search precedence
21:57:17.138 [Test worker] DEBUG o.s.core.env.MutablePropertySources - Adding [integrationTest] PropertySource with lowest search precedence
21:57:17.138 [Test worker] DEBUG o.s.core.env.MutablePropertySources - Adding [applicationConfig: [classpath:/application.properties]] PropertySource with lowest search precedence
21:57:17.138 [Test worker] DEBUG o.s.core.env.MutablePropertySources - Adding [localProperties] PropertySource with lowest search precedence
21:57:17.143 [Test worker] DEBUG o.s.b.f.s.DefaultListableBeanFactory - Returning cached instance of singleton bean 'org.springframework.transaction.config.internalTransactionAdvisor'
21:57:17.144 [Test worker] DEBUG o.s.b.f.s.DefaultListableBeanFactory - Finished creating instance of bean 'management.trace.CONFIGURATION_PROPERTIES'
21:57:17.144 [Test worker] DEBUG o.s.b.f.a.AutowiredAnnotationBeanPostProcessor - Autowiring by type from bean name 'org.springframework.boot.actuate.autoconfigure.TraceWebFilterAutoConfiguration' to bean named 'management.trace.CONFIGURATION_PROPERTIES'
21:57:17.144 [Test worker] DEBUG o.s.b.f.s.DefaultListableBeanFactory - Returning cached instance of singleton bean 'org.springframework.transaction.config.internalTransactionAdvisor'
21:57:17.144 [Test worker] DEBUG o.s.b.f.s.DefaultListableBeanFactory - Finished creating instance of bean 'org.springframework.boot.actuate.autoconfigure.TraceWebFilterAutoConfiguration'
21:57:17.144 [Test worker] DEBUG o.s.b.f.s.DefaultListableBeanFactory - Creating shared instance of singleton bean 'webRequestLoggingFilter'
21:57:17.144 [Test worker] DEBUG o.s.b.f.s.DefaultListableBeanFactory - Creating instance of bean 'webRequestLoggingFilter'
21:57:17.144 [Test worker] DEBUG o.s.b.f.s.DefaultListableBeanFactory - Returning cached instance of singleton bean 'org.springframework.boot.actuate.autoconfigure.TraceWebFilterAutoConfiguration'
21:57:17.148 [Test worker] DEBUG o.s.b.f.s.DefaultListableBeanFactory - Autowiring by type from bean name 'webRequestLoggingFilter' via factory method to bean named 'org.springframework.beans.factory.support.DefaultListableBeanFactory@5366bc48'
21:57:17.149 [Test worker] DEBUG o.s.w.c.s.StandardServletEnvironment - Adding [servletConfigInitParams] PropertySource with lowest search precedence
21:57:17.149 [Test worker] DEBUG o.s.w.c.s.StandardServletEnvironment - Adding [servletContextInitParams] PropertySource with lowest search precedence
21:57:17.149 [Test worker] DEBUG o.s.w.c.s.StandardServletEnvironment - Adding [systemProperties] PropertySource with lowest search precedence
21:57:17.149 [Test worker] DEBUG o.s.w.c.s.StandardServletEnvironment - Adding [systemEnvironment] PropertySource with lowest search precedence
21:57:17.149 [Test worker] DEBUG o.s.w.c.s.StandardServletEnvironment - Initialized StandardServletEnvironment with PropertySources [servletConfigInitParams,servletContextInitParams,systemProperties,systemEnvironment]
21:57:17.150 [Test worker] DEBUG o.s.b.f.s.DefaultListableBeanFactory - Eagerly caching bean 'webRequestLoggingFilter' to allow for resolving potential circular references
21:57:17.155 [Test worker] DEBUG o.s.b.f.s.DefaultListableBeanFactory - Invoking afterPropertiesSet() on bean with name 'webRequestLoggingFilter'
21:57:17.155 [Test worker] DEBUG o.s.b.f.s.DefaultListableBeanFactory - Returning cached instance of singleton bean 'org.springframework.transaction.config.internalTransactionAdvisor'
21:57:17.158 [Test worker] DEBUG o.s.b.f.s.DefaultListableBeanFactory - Finished creating instance of bean 'webRequestLoggingFilter'
21:57:17.158 [Test worker] DEBUG o.s.b.f.s.DefaultListableBeanFactory - Returning cached instance of singleton bean 'management.trace.CONFIGURATION_PROPERTIES'
21:57:17.158 [Test worker] DEBUG o.s.b.f.s.DefaultListableBeanFactory - Creating shared instance of singleton bean 'org.springframework.boot.autoconfigure.context.ConfigurationPropertiesAutoConfiguration'
21:57:17.158 [Test worker] DEBUG o.s.b.f.s.DefaultListableBeanFactory - Creating instance of bean 'org.springframework.boot.autoconfigure.context.ConfigurationPropertiesAutoConfiguration'
21:57:17.158 [Test worker] DEBUG o.s.b.f.s.DefaultListableBeanFactory - Eagerly caching bean 'org.springframework.boot.autoconfigure.context.ConfigurationPropertiesAutoConfiguration' to allow for resolving potential circular references
21:57:17.163 [Test worker] DEBUG o.s.b.f.s.DefaultListableBeanFactory - Returning cached instance of singleton bean 'org.springframework.transaction.config.internalTransactionAdvisor'
21:57:17.165 [Test worker] DEBUG o.s.b.f.s.DefaultListableBeanFactory - Finished creating instance of bean 'org.springframework.boot.autoconfigure.context.ConfigurationPropertiesAutoConfiguration'
21:57:17.165 [Test worker] DEBUG o.s.b.f.s.DefaultListableBeanFactory - Creating shared instance of singleton bean 'org.springframework.boot.autoconfigure.dao.PersistenceExceptionTranslationAutoConfiguration'
21:57:17.165 [Test worker] DEBUG o.s.b.f.s.DefaultListableBeanFactory - Creating instance of bean 'org.springframework.boot.autoconfigure.dao.PersistenceExceptionTranslationAutoConfiguration'
21:57:17.165 [Test worker] DEBUG o.s.b.f.s.DefaultListableBeanFactory - Eagerly caching bean 'org.springframework.boot.autoconfigure.dao.PersistenceExceptionTranslationAutoConfiguration' to allow for resolving potential circular references
21:57:17.167 [Test worker] DEBUG o.s.b.f.s.DefaultListableBeanFactory - Returning cached instance of singleton bean 'org.springframework.transaction.config.internalTransactionAdvisor'
21:57:17.167 [Test worker] DEBUG o.s.b.f.s.DefaultListableBeanFactory - Finished creating instance of bean 'org.springframework.boot.autoconfigure.dao.PersistenceExceptionTranslationAutoConfiguration'
21:57:17.167 [Test worker] DEBUG o.s.b.f.s.DefaultListableBeanFactory - Returning cached instance of singleton bean 'persistenceExceptionTranslationPostProcessor'
21:57:17.167 [Test worker] DEBUG o.s.b.f.s.DefaultListableBeanFactory - Creating shared instance of singleton bean 'org.springframework.boot.autoconfigure.h2.H2ConsoleAutoConfiguration'
21:57:17.167 [Test worker] DEBUG o.s.b.f.s.DefaultListableBeanFactory - Creating instance of bean 'org.springframework.boot.autoconfigure.h2.H2ConsoleAutoConfiguration'
21:57:17.167 [Test worker] DEBUG o.s.b.f.annotation.InjectionMetadata - Registered injected element on class [org.springframework.boot.autoconfigure.h2.H2ConsoleAutoConfiguration$$EnhancerBySpringCGLIB$$34c846e2]: AutowiredFieldElement for private org.springframework.boot.autoconfigure.h2.H2ConsoleProperties org.springframework.boot.autoconfigure.h2.H2ConsoleAutoConfiguration.properties
21:57:17.167 [Test worker] DEBUG o.s.b.f.s.DefaultListableBeanFactory - Eagerly caching bean 'org.springframework.boot.autoconfigure.h2.H2ConsoleAutoConfiguration' to allow for resolving potential circular references
21:57:17.170 [Test worker] DEBUG o.s.b.f.annotation.InjectionMetadata - Processing injected element of bean 'org.springframework.boot.autoconfigure.h2.H2ConsoleAutoConfiguration': AutowiredFieldElement for private org.springframework.boot.autoconfigure.h2.H2ConsoleProperties org.springframework.boot.autoconfigure.h2.H2ConsoleAutoConfiguration.properties
21:57:17.172 [Test worker] DEBUG o.s.b.f.s.DefaultListableBeanFactory - Creating shared instance of singleton bean 'spring.h2.console.CONFIGURATION_PROPERTIES'
21:57:17.172 [Test worker] DEBUG o.s.b.f.s.DefaultListableBeanFactory - Creating instance of bean 'spring.h2.console.CONFIGURATION_PROPERTIES'
21:57:17.172 [Test worker] DEBUG o.s.b.f.s.DefaultListableBeanFactory - Eagerly caching bean 'spring.h2.console.CONFIGURATION_PROPERTIES' to allow for resolving potential circular references
21:57:17.176 [Test worker] DEBUG o.s.core.env.MutablePropertySources - Adding [systemProperties] PropertySource with lowest search precedence
21:57:17.176 [Test worker] DEBUG o.s.core.env.MutablePropertySources - Adding [systemEnvironment] PropertySource with lowest search precedence
21:57:17.176 [Test worker] DEBUG o.s.core.env.MutablePropertySources - Adding [random] PropertySource with lowest search precedence
21:57:17.176 [Test worker] DEBUG o.s.core.env.MutablePropertySources - Adding [integrationTest] PropertySource with lowest search precedence
21:57:17.176 [Test worker] DEBUG o.s.core.env.MutablePropertySources - Adding [applicationConfig: [classpath:/application.properties]] PropertySource with lowest search precedence
21:57:17.176 [Test worker] DEBUG o.s.core.env.MutablePropertySources - Adding [localProperties] PropertySource with lowest search precedence
21:57:17.177 [Test worker] DEBUG o.s.core.env.MutablePropertySources - Adding [systemProperties] PropertySource with lowest search precedence
21:57:17.177 [Test worker] DEBUG o.s.core.env.MutablePropertySources - Adding [systemEnvironment] PropertySource with lowest search precedence
21:57:17.177 [Test worker] DEBUG o.s.core.env.MutablePropertySources - Adding [random] PropertySource with lowest search precedence
21:57:17.177 [Test worker] DEBUG o.s.core.env.MutablePropertySources - Adding [integrationTest] PropertySource with lowest search precedence
21:57:17.177 [Test worker] DEBUG o.s.core.env.MutablePropertySources - Adding [applicationConfig: [classpath:/application.properties]] PropertySource with lowest search precedence
21:57:17.177 [Test worker] DEBUG o.s.core.env.MutablePropertySources - Adding [localProperties] PropertySource with lowest search precedence
21:57:17.177 [Test worker] DEBUG o.s.c.e.PropertySourcesPropertyResolver - Searching for key 'spring.h2.console.enabled' in [systemProperties]
21:57:17.177 [Test worker] DEBUG o.s.c.e.PropertySourcesPropertyResolver - Searching for key 'spring.h2.console.enabled' in [systemEnvironment]
21:57:17.177 [Test worker] DEBUG o.s.c.e.PropertySourcesPropertyResolver - Searching for key 'spring.h2.console.enabled' in [random]
21:57:17.177 [Test worker] DEBUG o.s.c.e.PropertySourcesPropertyResolver - Searching for key 'spring.h2.console.enabled' in [integrationTest]
21:57:17.177 [Test worker] DEBUG o.s.c.e.PropertySourcesPropertyResolver - Searching for key 'spring.h2.console.enabled' in [applicationConfig: [classpath:/application.properties]]
21:57:17.177 [Test worker] DEBUG o.s.c.e.PropertySourcesPropertyResolver - Found key 'spring.h2.console.enabled' in [applicationConfig: [classpath:/application.properties]] with type [String] and value 'true'
21:57:17.185 [Test worker] DEBUG o.s.b.f.s.DefaultListableBeanFactory - Creating instance of bean 'org.hibernate.validator.internal.constraintvalidators.bv.PatternValidator'
21:57:17.185 [Test worker] DEBUG o.s.b.f.s.DefaultListableBeanFactory - Finished creating instance of bean 'org.hibernate.validator.internal.constraintvalidators.bv.PatternValidator'
21:57:17.186 [Test worker] DEBUG o.s.b.f.s.DefaultListableBeanFactory - Returning cached instance of singleton bean 'org.springframework.transaction.config.internalTransactionAdvisor'
21:57:17.186 [Test worker] DEBUG o.s.b.f.s.DefaultListableBeanFactory - Finished creating instance of bean 'spring.h2.console.CONFIGURATION_PROPERTIES'
21:57:17.187 [Test worker] DEBUG o.s.b.f.a.AutowiredAnnotationBeanPostProcessor - Autowiring by type from bean name 'org.springframework.boot.autoconfigure.h2.H2ConsoleAutoConfiguration' to bean named 'spring.h2.console.CONFIGURATION_PROPERTIES'
21:57:17.187 [Test worker] DEBUG o.s.b.f.s.DefaultListableBeanFactory - Returning cached instance of singleton bean 'org.springframework.transaction.config.internalTransactionAdvisor'
21:57:17.188 [Test worker] DEBUG o.s.b.f.s.DefaultListableBeanFactory - Finished creating instance of bean 'org.springframework.boot.autoconfigure.h2.H2ConsoleAutoConfiguration'
21:57:17.188 [Test worker] DEBUG o.s.b.f.s.DefaultListableBeanFactory - Creating shared instance of singleton bean 'h2Console'
21:57:17.188 [Test worker] DEBUG o.s.b.f.s.DefaultListableBeanFactory - Creating instance of bean 'h2Console'
21:57:17.188 [Test worker] DEBUG o.s.b.f.s.DefaultListableBeanFactory - Returning cached instance of singleton bean 'org.springframework.boot.autoconfigure.h2.H2ConsoleAutoConfiguration'
21:57:17.192 [Test worker] DEBUG o.s.b.f.s.DefaultListableBeanFactory - Eagerly caching bean 'h2Console' to allow for resolving potential circular references
21:57:17.192 [Test worker] DEBUG o.s.b.f.s.DefaultListableBeanFactory - Returning cached instance of singleton bean 'org.springframework.transaction.config.internalTransactionAdvisor'
21:57:17.193 [Test worker] DEBUG o.s.b.f.s.DefaultListableBeanFactory - Finished creating instance of bean 'h2Console'
21:57:17.193 [Test worker] DEBUG o.s.b.f.s.DefaultListableBeanFactory - Returning cached instance of singleton bean 'spring.h2.console.CONFIGURATION_PROPERTIES'
21:57:17.193 [Test worker] DEBUG o.s.b.f.s.DefaultListableBeanFactory - Returning cached instance of singleton bean 'org.springframework.transaction.annotation.ProxyTransactionManagementConfiguration'
21:57:17.193 [Test worker] DEBUG o.s.b.f.s.DefaultListableBeanFactory - Returning cached instance of singleton bean 'org.springframework.transaction.config.internalTransactionAdvisor'
21:57:17.193 [Test worker] DEBUG o.s.b.f.s.DefaultListableBeanFactory - Returning cached instance of singleton bean 'transactionAttributeSource'
21:57:17.193 [Test worker] DEBUG o.s.b.f.s.DefaultListableBeanFactory - Returning cached instance of singleton bean 'transactionInterceptor'
21:57:17.193 [Test worker] DEBUG o.s.b.f.s.DefaultListableBeanFactory - Creating shared instance of singleton bean 'org.springframework.transaction.config.internalTransactionalEventListenerFactory'
21:57:17.193 [Test worker] DEBUG o.s.b.f.s.DefaultListableBeanFactory - Creating instance of bean 'org.springframework.transaction.config.internalTransactionalEventListenerFactory'
21:57:17.193 [Test worker] DEBUG o.s.b.f.s.DefaultListableBeanFactory - Returning cached instance of singleton bean 'org.springframework.transaction.annotation.ProxyTransactionManagementConfiguration'
21:57:17.198 [Test worker] DEBUG o.s.b.f.s.DefaultListableBeanFactory - Eagerly caching bean 'org.springframework.transaction.config.internalTransactionalEventListenerFactory' to allow for resolving potential circular references
21:57:17.201 [Test worker] DEBUG o.s.b.f.s.DefaultListableBeanFactory - Returning cached instance of singleton bean 'org.springframework.transaction.config.internalTransactionAdvisor'
21:57:17.201 [Test worker] DEBUG o.s.b.f.s.DefaultListableBeanFactory - Finished creating instance of bean 'org.springframework.transaction.config.internalTransactionalEventListenerFactory'
21:57:17.201 [Test worker] DEBUG o.s.b.f.s.DefaultListableBeanFactory - Creating shared instance of singleton bean 'org.springframework.boot.autoconfigure.jdbc.DataSourceTransactionManagerAutoConfiguration$TransactionManagementConfiguration'
21:57:17.201 [Test worker] DEBUG o.s.b.f.s.DefaultListableBeanFactory - Creating instance of bean 'org.springframework.boot.autoconfigure.jdbc.DataSourceTransactionManagerAutoConfiguration$TransactionManagementConfiguration'
21:57:17.201 [Test worker] DEBUG o.s.b.f.s.DefaultListableBeanFactory - Eagerly caching bean 'org.springframework.boot.autoconfigure.jdbc.DataSourceTransactionManagerAutoConfiguration$TransactionManagementConfiguration' to allow for resolving potential circular references
21:57:17.204 [Test worker] DEBUG o.s.b.f.s.DefaultListableBeanFactory - Returning cached instance of singleton bean 'org.springframework.transaction.config.internalTransactionAdvisor'
21:57:17.204 [Test worker] DEBUG o.s.b.f.s.DefaultListableBeanFactory - Finished creating instance of bean 'org.springframework.boot.autoconfigure.jdbc.DataSourceTransactionManagerAutoConfiguration$TransactionManagementConfiguration'
21:57:17.204 [Test worker] DEBUG o.s.b.f.s.DefaultListableBeanFactory - Returning cached instance of singleton bean 'org.springframework.aop.config.internalAutoProxyCreator'
21:57:17.204 [Test worker] DEBUG o.s.b.f.s.DefaultListableBeanFactory - Creating shared instance of singleton bean 'org.springframework.boot.autoconfigure.jdbc.DataSourceTransactionManagerAutoConfiguration'
21:57:17.204 [Test worker] DEBUG o.s.b.f.s.DefaultListableBeanFactory - Creating instance of bean 'org.springframework.boot.autoconfigure.jdbc.DataSourceTransactionManagerAutoConfiguration'
21:57:17.205 [Test worker] DEBUG o.s.b.f.annotation.InjectionMetadata - Registered injected element on class [org.springframework.boot.autoconfigure.jdbc.DataSourceTransactionManagerAutoConfiguration$$EnhancerBySpringCGLIB$$868b75bc]: AutowiredFieldElement for private javax.sql.DataSource org.springframework.boot.autoconfigure.jdbc.DataSourceTransactionManagerAutoConfiguration.dataSource
21:57:17.205 [Test worker] DEBUG o.s.b.f.s.DefaultListableBeanFactory - Eagerly caching bean 'org.springframework.boot.autoconfigure.jdbc.DataSourceTransactionManagerAutoConfiguration' to allow for resolving potential circular references
21:57:17.207 [Test worker] DEBUG o.s.b.f.annotation.InjectionMetadata - Processing injected element of bean 'org.springframework.boot.autoconfigure.jdbc.DataSourceTransactionManagerAutoConfiguration': AutowiredFieldElement for private javax.sql.DataSource org.springframework.boot.autoconfigure.jdbc.DataSourceTransactionManagerAutoConfiguration.dataSource
21:57:17.208 [Test worker] DEBUG o.s.b.f.s.DefaultListableBeanFactory - Returning cached instance of singleton bean 'dataSource'
21:57:17.208 [Test worker] DEBUG o.s.b.f.a.AutowiredAnnotationBeanPostProcessor - Autowiring by type from bean name 'org.springframework.boot.autoconfigure.jdbc.DataSourceTransactionManagerAutoConfiguration' to bean named 'dataSource'
21:57:17.208 [Test worker] DEBUG o.s.b.f.s.DefaultListableBeanFactory - Returning cached instance of singleton bean 'org.springframework.transaction.config.internalTransactionAdvisor'
21:57:17.241 [Test worker] DEBUG o.s.b.f.s.DefaultListableBeanFactory - Finished creating instance of bean 'org.springframework.boot.autoconfigure.jdbc.DataSourceTransactionManagerAutoConfiguration'
21:57:17.243 [Test worker] DEBUG o.s.b.f.s.DefaultListableBeanFactory - Creating shared instance of singleton bean 'transactionManager'
21:57:17.243 [Test worker] DEBUG o.s.b.f.s.DefaultListableBeanFactory - Creating instance of bean 'transactionManager'
21:57:17.243 [Test worker] DEBUG o.s.b.f.s.DefaultListableBeanFactory - Returning cached instance of singleton bean 'org.springframework.boot.autoconfigure.jdbc.DataSourceTransactionManagerAutoConfiguration'
21:57:17.257 [Test worker] DEBUG o.s.b.f.s.DefaultListableBeanFactory - Eagerly caching bean 'transactionManager' to allow for resolving potential circular references
21:57:17.259 [Test worker] DEBUG o.s.b.f.s.DefaultListableBeanFactory - Invoking afterPropertiesSet() on bean with name 'transactionManager'
21:57:17.259 [Test worker] DEBUG o.s.b.f.s.DefaultListableBeanFactory - Returning cached instance of singleton bean 'org.springframework.transaction.config.internalTransactionAdvisor'
21:57:17.260 [Test worker] DEBUG o.s.b.f.s.DefaultListableBeanFactory - Finished creating instance of bean 'transactionManager'
21:57:17.260 [Test worker] DEBUG o.s.b.f.s.DefaultListableBeanFactory - Creating shared instance of singleton bean 'org.springframework.boot.autoconfigure.transaction.TransactionAutoConfiguration'
21:57:17.260 [Test worker] DEBUG o.s.b.f.s.DefaultListableBeanFactory - Creating instance of bean 'org.springframework.boot.autoconfigure.transaction.TransactionAutoConfiguration'
21:57:17.260 [Test worker] DEBUG o.s.b.f.annotation.InjectionMetadata - Registered injected element on class [org.springframework.boot.autoconfigure.transaction.TransactionAutoConfiguration$$EnhancerBySpringCGLIB$$3cd19d55]: AutowiredFieldElement for private org.springframework.transaction.PlatformTransactionManager org.springframework.boot.autoconfigure.transaction.TransactionAutoConfiguration.transactionManager
21:57:17.260 [Test worker] DEBUG o.s.b.f.s.DefaultListableBeanFactory - Eagerly caching bean 'org.springframework.boot.autoconfigure.transaction.TransactionAutoConfiguration' to allow for resolving potential circular references
21:57:17.262 [Test worker] DEBUG o.s.b.f.annotation.InjectionMetadata - Processing injected element of bean 'org.springframework.boot.autoconfigure.transaction.TransactionAutoConfiguration': AutowiredFieldElement for private org.springframework.transaction.PlatformTransactionManager org.springframework.boot.autoconfigure.transaction.TransactionAutoConfiguration.transactionManager
21:57:17.263 [Test worker] DEBUG o.s.b.f.s.DefaultListableBeanFactory - Returning cached instance of singleton bean 'transactionManager'
21:57:17.263 [Test worker] DEBUG o.s.b.f.a.AutowiredAnnotationBeanPostProcessor - Autowiring by type from bean name 'org.springframework.boot.autoconfigure.transaction.TransactionAutoConfiguration' to bean named 'transactionManager'
21:57:17.264 [Test worker] DEBUG o.s.b.f.s.DefaultListableBeanFactory - Returning cached instance of singleton bean 'org.springframework.transaction.config.internalTransactionAdvisor'
21:57:17.264 [Test worker] DEBUG o.s.b.f.s.DefaultListableBeanFactory - Finished creating instance of bean 'org.springframework.boot.autoconfigure.transaction.TransactionAutoConfiguration'
21:57:17.264 [Test worker] DEBUG o.s.b.f.s.DefaultListableBeanFactory - Creating shared instance of singleton bean 'transactionTemplate'
21:57:17.264 [Test worker] DEBUG o.s.b.f.s.DefaultListableBeanFactory - Creating instance of bean 'transactionTemplate'
21:57:17.264 [Test worker] DEBUG o.s.b.f.s.DefaultListableBeanFactory - Returning cached instance of singleton bean 'org.springframework.boot.autoconfigure.transaction.TransactionAutoConfiguration'
21:57:17.268 [Test worker] DEBUG o.s.b.f.s.DefaultListableBeanFactory - Eagerly caching bean 'transactionTemplate' to allow for resolving potential circular references
21:57:17.270 [Test worker] DEBUG o.s.b.f.s.DefaultListableBeanFactory - Invoking afterPropertiesSet() on bean with name 'transactionTemplate'
21:57:17.271 [Test worker] DEBUG o.s.b.f.s.DefaultListableBeanFactory - Returning cached instance of singleton bean 'org.springframework.transaction.config.internalTransactionAdvisor'
21:57:17.271 [Test worker] DEBUG o.s.b.f.s.DefaultListableBeanFactory - Finished creating instance of bean 'transactionTemplate'
21:57:17.271 [Test worker] DEBUG o.s.b.f.s.DefaultListableBeanFactory - Creating shared instance of singleton bean 'org.springframework.boot.autoconfigure.web.HttpEncodingAutoConfiguration'
21:57:17.271 [Test worker] DEBUG o.s.b.f.s.DefaultListableBeanFactory - Creating instance of bean 'org.springframework.boot.autoconfigure.web.HttpEncodingAutoConfiguration'
21:57:17.272 [Test worker] DEBUG o.s.b.f.annotation.InjectionMetadata - Registered injected element on class [org.springframework.boot.autoconfigure.web.HttpEncodingAutoConfiguration$$EnhancerBySpringCGLIB$$443928d6]: AutowiredFieldElement for private org.springframework.boot.autoconfigure.web.HttpEncodingProperties org.springframework.boot.autoconfigure.web.HttpEncodingAutoConfiguration.httpEncodingProperties
21:57:17.272 [Test worker] DEBUG o.s.b.f.s.DefaultListableBeanFactory - Eagerly caching bean 'org.springframework.boot.autoconfigure.web.HttpEncodingAutoConfiguration' to allow for resolving potential circular references
21:57:17.275 [Test worker] DEBUG o.s.b.f.annotation.InjectionMetadata - Processing injected element of bean 'org.springframework.boot.autoconfigure.web.HttpEncodingAutoConfiguration': AutowiredFieldElement for private org.springframework.boot.autoconfigure.web.HttpEncodingProperties org.springframework.boot.autoconfigure.web.HttpEncodingAutoConfiguration.httpEncodingProperties
21:57:17.275 [Test worker] DEBUG o.s.b.f.s.DefaultListableBeanFactory - Returning cached instance of singleton bean 'spring.http.encoding.CONFIGURATION_PROPERTIES'
21:57:17.276 [Test worker] DEBUG o.s.b.f.a.AutowiredAnnotationBeanPostProcessor - Autowiring by type from bean name 'org.springframework.boot.autoconfigure.web.HttpEncodingAutoConfiguration' to bean named 'spring.http.encoding.CONFIGURATION_PROPERTIES'
21:57:17.276 [Test worker] DEBUG o.s.b.f.s.DefaultListableBeanFactory - Returning cached instance of singleton bean 'org.springframework.transaction.config.internalTransactionAdvisor'
21:57:17.276 [Test worker] DEBUG o.s.b.f.s.DefaultListableBeanFactory - Finished creating instance of bean 'org.springframework.boot.autoconfigure.web.HttpEncodingAutoConfiguration'
21:57:17.276 [Test worker] DEBUG o.s.b.f.s.DefaultListableBeanFactory - Creating shared instance of singleton bean 'characterEncodingFilter'
21:57:17.276 [Test worker] DEBUG o.s.b.f.s.DefaultListableBeanFactory - Creating instance of bean 'characterEncodingFilter'
21:57:17.277 [Test worker] DEBUG o.s.b.f.s.DefaultListableBeanFactory - Returning cached instance of singleton bean 'org.springframework.boot.autoconfigure.web.HttpEncodingAutoConfiguration'
21:57:17.279 [Test worker] DEBUG o.s.w.c.s.StandardServletEnvironment - Adding [servletConfigInitParams] PropertySource with lowest search precedence
21:57:17.279 [Test worker] DEBUG o.s.w.c.s.StandardServletEnvironment - Adding [servletContextInitParams] PropertySource with lowest search precedence
21:57:17.280 [Test worker] DEBUG o.s.w.c.s.StandardServletEnvironment - Adding [systemProperties] PropertySource with lowest search precedence
21:57:17.280 [Test worker] DEBUG o.s.w.c.s.StandardServletEnvironment - Adding [systemEnvironment] PropertySource with lowest search precedence
21:57:17.280 [Test worker] DEBUG o.s.w.c.s.StandardServletEnvironment - Initialized StandardServletEnvironment with PropertySources [servletConfigInitParams,servletContextInitParams,systemProperties,systemEnvironment]
21:57:17.280 [Test worker] DEBUG o.s.b.f.s.DefaultListableBeanFactory - Eagerly caching bean 'characterEncodingFilter' to allow for resolving potential circular references
21:57:17.285 [Test worker] DEBUG o.s.b.f.s.DefaultListableBeanFactory - Invoking afterPropertiesSet() on bean with name 'characterEncodingFilter'
21:57:17.285 [Test worker] DEBUG o.s.b.f.s.DefaultListableBeanFactory - Returning cached instance of singleton bean 'org.springframework.transaction.config.internalTransactionAdvisor'
21:57:17.285 [Test worker] DEBUG o.s.b.f.s.DefaultListableBeanFactory - Finished creating instance of bean 'characterEncodingFilter'
21:57:17.285 [Test worker] DEBUG o.s.b.f.s.DefaultListableBeanFactory - Returning cached instance of singleton bean 'org.springframework.boot.autoconfigure.web.MultipartAutoConfiguration'
21:57:17.285 [Test worker] DEBUG o.s.b.f.s.DefaultListableBeanFactory - Returning cached instance of singleton bean 'multipartConfigElement'
21:57:17.285 [Test worker] DEBUG o.s.b.f.s.DefaultListableBeanFactory - Creating shared instance of singleton bean 'multipartResolver'
21:57:17.285 [Test worker] DEBUG o.s.b.f.s.DefaultListableBeanFactory - Creating instance of bean 'multipartResolver'
21:57:17.285 [Test worker] DEBUG o.s.b.f.s.DefaultListableBeanFactory - Returning cached instance of singleton bean 'org.springframework.boot.autoconfigure.web.MultipartAutoConfiguration'
21:57:17.287 [Test worker] DEBUG o.s.b.f.s.DefaultListableBeanFactory - Eagerly caching bean 'multipartResolver' to allow for resolving potential circular references
21:57:17.289 [Test worker] DEBUG o.s.b.f.s.DefaultListableBeanFactory - Returning cached instance of singleton bean 'org.springframework.transaction.config.internalTransactionAdvisor'
21:57:17.289 [Test worker] DEBUG o.s.b.f.s.DefaultListableBeanFactory - Finished creating instance of bean 'multipartResolver'
21:57:17.289 [Test worker] DEBUG o.s.b.f.s.DefaultListableBeanFactory - Returning cached instance of singleton bean 'multipart.CONFIGURATION_PROPERTIES'
21:57:17.290 [Test worker] DEBUG o.s.b.f.s.DefaultListableBeanFactory - Returning cached instance of singleton bean 'org.springframework.context.event.internalEventListenerFactory'
21:57:17.290 [Test worker] DEBUG o.s.b.f.s.DefaultListableBeanFactory - Returning cached instance of singleton bean 'org.springframework.transaction.config.internalTransactionalEventListenerFactory'
21:57:17.381 [Test worker] DEBUG o.s.c.e.PropertySourcesPropertyResolver - Searching for key 'server.port' in [systemProperties]
21:57:17.381 [Test worker] DEBUG o.s.c.e.PropertySourcesPropertyResolver - Searching for key 'server.port' in [systemEnvironment]
21:57:17.381 [Test worker] DEBUG o.s.c.e.PropertySourcesPropertyResolver - Searching for key 'server.port' in [random]
21:57:17.381 [Test worker] DEBUG o.s.c.e.PropertySourcesPropertyResolver - Searching for key 'server.port' in [integrationTest]
21:57:17.381 [Test worker] DEBUG o.s.c.e.PropertySourcesPropertyResolver - Found key 'server.port' in [integrationTest] with type [String] and value '-1'
21:57:17.382 [Test worker] DEBUG o.s.c.e.PropertySourcesPropertyResolver - Searching for key 'management.port' in [systemProperties]
21:57:17.382 [Test worker] DEBUG o.s.c.e.PropertySourcesPropertyResolver - Searching for key 'management.port' in [systemEnvironment]
21:57:17.382 [Test worker] DEBUG o.s.c.e.PropertySourcesPropertyResolver - Searching for key 'management.port' in [random]
21:57:17.382 [Test worker] DEBUG o.s.c.e.PropertySourcesPropertyResolver - Searching for key 'management.port' in [integrationTest]
21:57:17.383 [Test worker] DEBUG o.s.c.e.PropertySourcesPropertyResolver - Searching for key 'management.port' in [applicationConfig: [classpath:/application.properties]]
21:57:17.383 [Test worker] DEBUG o.s.c.e.PropertySourcesPropertyResolver - Found key 'management.port' in [applicationConfig: [classpath:/application.properties]] with type [String] and value '9001'
21:57:17.383 [Test worker] WARN  o.s.b.a.a.EndpointWebMvcAutoConfiguration - Could not start embedded management container on different port (management endpoints are still available through JMX)
21:57:17.384 [Test worker] DEBUG o.s.w.c.s.GenericWebApplicationContext - Unable to locate LifecycleProcessor with name 'lifecycleProcessor': using default [org.springframework.context.support.DefaultLifecycleProcessor@5410522f]
21:57:17.386 [Test worker] DEBUG o.s.b.f.s.DefaultListableBeanFactory - Returning cached instance of singleton bean 'lifecycleProcessor'
21:57:17.388 [Test worker] DEBUG o.s.b.f.s.DefaultListableBeanFactory - Returning cached instance of singleton bean 'org.springframework.boot.context.properties.ConfigurationPropertiesBindingPostProcessor'
21:57:17.388 [Test worker] DEBUG o.s.b.f.s.DefaultListableBeanFactory - Returning cached instance of singleton bean 'mvcResourceUrlProvider'
21:57:17.388 [Test worker] DEBUG o.s.b.f.s.DefaultListableBeanFactory - Returning cached instance of singleton bean 'org.springframework.context.annotation.internalScheduledAnnotationProcessor'
21:57:17.400 [Test worker] DEBUG o.s.b.a.l.AutoConfigurationReportLoggingInitializer - 


=========================
AUTO-CONFIGURATION REPORT
=========================


Positive matches:
-----------------

   AuditAutoConfiguration.AuditEventRepositoryConfiguration matched
      - @ConditionalOnMissingBean (types: org.springframework.boot.actuate.audit.AuditEventRepository; SearchStrategy: all) found no beans (OnBeanCondition)

   DataSourceAutoConfiguration matched
      - @ConditionalOnClass classes found: javax.sql.DataSource,org.springframework.jdbc.datasource.embedded.EmbeddedDatabaseType (OnClassCondition)

   DataSourceAutoConfiguration.DataSourceInitializerConfiguration matched
      - @ConditionalOnMissingBean (types: org.springframework.boot.autoconfigure.jdbc.DataSourceInitializer; SearchStrategy: all) found no beans (OnBeanCondition)

   DataSourceAutoConfiguration.JdbcTemplateConfiguration matched
      - existing auto database detected (DataSourceAutoConfiguration.DataSourceAvailableCondition)

   DataSourceAutoConfiguration.JdbcTemplateConfiguration#jdbcTemplate matched
      - @ConditionalOnMissingBean (types: org.springframework.jdbc.core.JdbcOperations; SearchStrategy: all) found no beans (OnBeanCondition)

   DataSourceAutoConfiguration.JdbcTemplateConfiguration#namedParameterJdbcTemplate matched
      - @ConditionalOnMissingBean (types: org.springframework.jdbc.core.namedparam.NamedParameterJdbcOperations; SearchStrategy: all) found no beans (OnBeanCondition)

   DataSourceAutoConfiguration.NonEmbeddedConfiguration matched
      - supported DataSource class found (DataSourceAutoConfiguration.NonEmbeddedDataSourceCondition)
      - @ConditionalOnMissingBean (types: javax.sql.DataSource,javax.sql.XADataSource; SearchStrategy: all) found no beans (OnBeanCondition)

   DataSourcePoolMetadataProvidersConfiguration.TomcatDataSourcePoolMetadataProviderConfiguration matched
      - @ConditionalOnClass classes found: org.apache.tomcat.jdbc.pool.DataSource (OnClassCondition)

   DataSourceTransactionManagerAutoConfiguration matched
      - @ConditionalOnClass classes found: org.springframework.jdbc.core.JdbcTemplate,org.springframework.transaction.PlatformTransactionManager (OnClassCondition)

   DataSourceTransactionManagerAutoConfiguration#transactionManager matched
      - @ConditionalOnBean (types: javax.sql.DataSource; SearchStrategy: all) found the following [dataSource] @ConditionalOnMissingBean (types: org.springframework.transaction.PlatformTransactionManager; SearchStrategy: all) found no beans (OnBeanCondition)

   DataSourceTransactionManagerAutoConfiguration.TransactionManagementConfiguration matched
      - @ConditionalOnMissingBean (types: org.springframework.transaction.annotation.AbstractTransactionManagementConfiguration; SearchStrategy: all) found no beans (OnBeanCondition)

   DispatcherServletAutoConfiguration matched
      - @ConditionalOnClass classes found: org.springframework.web.servlet.DispatcherServlet (OnClassCondition)
      - found web application 'session' scope (OnWebApplicationCondition)

   DispatcherServletAutoConfiguration.DispatcherServletConfiguration matched
      - @ConditionalOnClass classes found: javax.servlet.ServletRegistration (OnClassCondition)
      - no ServletRegistrationBean found (DispatcherServletAutoConfiguration.DefaultDispatcherServletCondition)
      - one or more ServletRegistrationBeans is found and none is named dispatcherServletRegistration (DispatcherServletAutoConfiguration.DefaultDispatcherServletCondition)

   EmbeddedServletContainerAutoConfiguration matched
      - found web application 'session' scope (OnWebApplicationCondition)

   EmbeddedServletContainerAutoConfiguration.EmbeddedTomcat matched
      - @ConditionalOnClass classes found: javax.servlet.Servlet,org.apache.catalina.startup.Tomcat (OnClassCondition)
      - @ConditionalOnMissingBean (types: org.springframework.boot.context.embedded.EmbeddedServletContainerFactory; SearchStrategy: current) found no beans (OnBeanCondition)

   EndpointAutoConfiguration#autoConfigurationReportEndpoint matched
      - @ConditionalOnBean (types: org.springframework.boot.autoconfigure.condition.ConditionEvaluationReport; SearchStrategy: all) found the following [autoConfigurationReport] @ConditionalOnMissingBean (types: org.springframework.boot.actuate.endpoint.AutoConfigurationReportEndpoint; SearchStrategy: current) found no beans (OnBeanCondition)

   EndpointAutoConfiguration#beansEndpoint matched
      - @ConditionalOnMissingBean (types: org.springframework.boot.actuate.endpoint.BeansEndpoint; SearchStrategy: all) found no beans (OnBeanCondition)

   EndpointAutoConfiguration#configurationPropertiesReportEndpoint matched
      - @ConditionalOnMissingBean (types: org.springframework.boot.actuate.endpoint.ConfigurationPropertiesReportEndpoint; SearchStrategy: all) found no beans (OnBeanCondition)

   EndpointAutoConfiguration#dumpEndpoint matched
      - @ConditionalOnMissingBean (types: org.springframework.boot.actuate.endpoint.DumpEndpoint; SearchStrategy: all) found no beans (OnBeanCondition)

   EndpointAutoConfiguration#environmentEndpoint matched
      - @ConditionalOnMissingBean (types: org.springframework.boot.actuate.endpoint.EnvironmentEndpoint; SearchStrategy: all) found no beans (OnBeanCondition)

   EndpointAutoConfiguration#healthEndpoint matched
      - @ConditionalOnMissingBean (types: org.springframework.boot.actuate.endpoint.HealthEndpoint; SearchStrategy: all) found no beans (OnBeanCondition)

   EndpointAutoConfiguration#infoEndpoint matched
      - @ConditionalOnMissingBean (types: org.springframework.boot.actuate.endpoint.InfoEndpoint; SearchStrategy: all) found no beans (OnBeanCondition)

   EndpointAutoConfiguration#metricsEndpoint matched
      - @ConditionalOnMissingBean (types: org.springframework.boot.actuate.endpoint.MetricsEndpoint; SearchStrategy: all) found no beans (OnBeanCondition)

   EndpointAutoConfiguration#shutdownEndpoint matched
      - @ConditionalOnMissingBean (types: org.springframework.boot.actuate.endpoint.ShutdownEndpoint; SearchStrategy: all) found no beans (OnBeanCondition)

   EndpointAutoConfiguration#traceEndpoint matched
      - @ConditionalOnMissingBean (types: org.springframework.boot.actuate.endpoint.TraceEndpoint; SearchStrategy: all) found no beans (OnBeanCondition)

   EndpointAutoConfiguration.RequestMappingEndpointConfiguration matched
      - @ConditionalOnClass classes found: org.springframework.web.servlet.handler.AbstractHandlerMethodMapping (OnClassCondition)

   EndpointAutoConfiguration.RequestMappingEndpointConfiguration#requestMappingEndpoint matched
      - @ConditionalOnMissingBean (types: org.springframework.boot.actuate.endpoint.RequestMappingEndpoint; SearchStrategy: all) found no beans (OnBeanCondition)

   EndpointWebMvcAutoConfiguration matched
      - @ConditionalOnClass classes found: javax.servlet.Servlet,org.springframework.web.servlet.DispatcherServlet (OnClassCondition)
      - found web application 'session' scope (OnWebApplicationCondition)

   EndpointWebMvcAutoConfiguration.ApplicationContextFilterConfiguration matched
      - matched (OnPropertyCondition)

   ErrorMvcAutoConfiguration matched
      - @ConditionalOnClass classes found: javax.servlet.Servlet,org.springframework.web.servlet.DispatcherServlet (OnClassCondition)
      - found web application 'session' scope (OnWebApplicationCondition)

   ErrorMvcAutoConfiguration#basicErrorController matched
      - @ConditionalOnMissingBean (types: org.springframework.boot.autoconfigure.web.ErrorController; SearchStrategy: current) found no beans (OnBeanCondition)

   ErrorMvcAutoConfiguration#errorAttributes matched
      - @ConditionalOnMissingBean (types: org.springframework.boot.autoconfigure.web.ErrorAttributes; SearchStrategy: current) found no beans (OnBeanCondition)

   ErrorMvcAutoConfiguration.WhitelabelErrorViewConfiguration matched
      - No error template view detected (ErrorMvcAutoConfiguration.ErrorTemplateMissingCondition)
      - matched (OnPropertyCondition)

   ErrorMvcAutoConfiguration.WhitelabelErrorViewConfiguration#beanNameViewResolver matched
      - @ConditionalOnMissingBean (types: org.springframework.web.servlet.view.BeanNameViewResolver; SearchStrategy: all) found no beans (OnBeanCondition)

   ErrorMvcAutoConfiguration.WhitelabelErrorViewConfiguration#defaultErrorView matched
      - @ConditionalOnMissingBean (names: error; SearchStrategy: all) found no beans (OnBeanCondition)

   GenericCacheConfiguration matched
      - Automatic cache type (CacheCondition)

   H2ConsoleAutoConfiguration matched
      - @ConditionalOnClass classes found: org.h2.server.web.WebServlet (OnClassCondition)
      - found web application 'session' scope (OnWebApplicationCondition)
      - matched (OnPropertyCondition)

   HealthIndicatorAutoConfiguration#healthAggregator matched
      - @ConditionalOnMissingBean (types: org.springframework.boot.actuate.health.HealthAggregator; SearchStrategy: all) found no beans (OnBeanCondition)

   HealthIndicatorAutoConfiguration.DataSourcesHealthIndicatorConfiguration matched
      - @ConditionalOnClass classes found: org.springframework.jdbc.core.JdbcTemplate (OnClassCondition)
      - All default health indicators are enabled by default (OnEnabledHealthIndicatorCondition)
      - @ConditionalOnBean (types: javax.sql.DataSource; SearchStrategy: all) found the following [dataSource] (OnBeanCondition)

   HealthIndicatorAutoConfiguration.DataSourcesHealthIndicatorConfiguration#dbHealthIndicator matched
      - @ConditionalOnMissingBean (names: dbHealthIndicator; SearchStrategy: all) found no beans (OnBeanCondition)

   HealthIndicatorAutoConfiguration.DiskSpaceHealthIndicatorConfiguration matched
      - All default health indicators are enabled by default (OnEnabledHealthIndicatorCondition)

   HealthIndicatorAutoConfiguration.DiskSpaceHealthIndicatorConfiguration#diskSpaceHealthIndicator matched
      - @ConditionalOnMissingBean (names: diskSpaceHealthIndicator; SearchStrategy: all) found no beans (OnBeanCondition)

   HttpEncodingAutoConfiguration matched
      - @ConditionalOnClass classes found: org.springframework.web.filter.CharacterEncodingFilter (OnClassCondition)
      - matched (OnPropertyCondition)

   HttpEncodingAutoConfiguration#characterEncodingFilter matched
      - @ConditionalOnMissingBean (types: org.springframework.web.filter.CharacterEncodingFilter; SearchStrategy: all) found no beans (OnBeanCondition)

   HttpMessageConvertersAutoConfiguration matched
      - @ConditionalOnClass classes found: org.springframework.http.converter.HttpMessageConverter (OnClassCondition)

   HttpMessageConvertersAutoConfiguration#messageConverters matched
      - @ConditionalOnMissingBean (types: org.springframework.boot.autoconfigure.web.HttpMessageConverters; SearchStrategy: all) found no beans (OnBeanCondition)

   HttpMessageConvertersAutoConfiguration.StringHttpMessageConverterConfiguration matched
      - @ConditionalOnClass classes found: org.springframework.http.converter.StringHttpMessageConverter (OnClassCondition)

   HttpMessageConvertersAutoConfiguration.StringHttpMessageConverterConfiguration#stringHttpMessageConverter matched
      - @ConditionalOnMissingBean (types: org.springframework.http.converter.StringHttpMessageConverter; SearchStrategy: all) found no beans (OnBeanCondition)

   JacksonAutoConfiguration matched
      - @ConditionalOnClass classes found: com.fasterxml.jackson.databind.ObjectMapper (OnClassCondition)

   JacksonAutoConfiguration.JacksonObjectMapperBuilderConfiguration matched
      - @ConditionalOnClass classes found: com.fasterxml.jackson.databind.ObjectMapper,org.springframework.http.converter.json.Jackson2ObjectMapperBuilder (OnClassCondition)

   JacksonAutoConfiguration.JacksonObjectMapperBuilderConfiguration#jacksonObjectMapperBuilder matched
      - @ConditionalOnMissingBean (types: org.springframework.http.converter.json.Jackson2ObjectMapperBuilder; SearchStrategy: all) found no beans (OnBeanCondition)

   JacksonAutoConfiguration.JacksonObjectMapperConfiguration matched
      - @ConditionalOnClass classes found: com.fasterxml.jackson.databind.ObjectMapper,org.springframework.http.converter.json.Jackson2ObjectMapperBuilder (OnClassCondition)

   JacksonAutoConfiguration.JacksonObjectMapperConfiguration#jacksonObjectMapper matched
      - @ConditionalOnMissingBean (types: com.fasterxml.jackson.databind.ObjectMapper; SearchStrategy: all) found no beans (OnBeanCondition)

   JacksonHttpMessageConvertersConfiguration.MappingJackson2HttpMessageConverterConfiguration matched
      - @ConditionalOnClass classes found: com.fasterxml.jackson.databind.ObjectMapper (OnClassCondition)
      - matched (OnPropertyCondition)
      - @ConditionalOnBean (types: com.fasterxml.jackson.databind.ObjectMapper; SearchStrategy: all) found the following [jacksonObjectMapper] (OnBeanCondition)

   JacksonHttpMessageConvertersConfiguration.MappingJackson2HttpMessageConverterConfiguration#mappingJackson2HttpMessageConverter matched
      - @ConditionalOnMissingBean (types: org.springframework.http.converter.json.MappingJackson2HttpMessageConverter; SearchStrategy: all) found no beans (OnBeanCondition)

   JerseyAutoConfiguration matched
      - @ConditionalOnClass classes found: org.glassfish.jersey.server.spring.SpringComponentProvider,javax.servlet.ServletRegistration (OnClassCondition)
      - found web application 'session' scope (OnWebApplicationCondition)
      - @ConditionalOnBean (types: org.glassfish.jersey.server.ResourceConfig; SearchStrategy: all) found the following [jerseyConfig] (OnBeanCondition)

   JerseyAutoConfiguration#jerseyServletRegistration matched
      - @ConditionalOnMissingBean (names: jerseyServletRegistration; SearchStrategy: all) found no beans (OnBeanCondition)
      - matched (OnPropertyCondition)

   JerseyAutoConfiguration#requestContextFilter matched
      - @ConditionalOnMissingBean (types: org.springframework.boot.context.embedded.FilterRegistrationBean; SearchStrategy: all) found no beans (OnBeanCondition)

   ManagementServerPropertiesAutoConfiguration#managementServerProperties matched
      - @ConditionalOnMissingBean (types: org.springframework.boot.actuate.autoconfigure.ManagementServerProperties; SearchStrategy: all) found no beans (OnBeanCondition)

   MetricExportAutoConfiguration matched
      - matched (OnPropertyCondition)

   MetricExportAutoConfiguration#metricWritersMetricExporter matched
      - @ConditionalOnMissingBean (names: metricWritersMetricExporter; SearchStrategy: all) found no beans (OnBeanCondition)

   MetricExportAutoConfiguration.MetricExportPropertiesConfiguration#metricExportProperties matched
      - @ConditionalOnMissingBean (types: org.springframework.boot.actuate.metrics.export.MetricExportProperties; SearchStrategy: all) found no beans (OnBeanCondition)

   MetricFilterAutoConfiguration matched
      - @ConditionalOnClass classes found: javax.servlet.Servlet,javax.servlet.ServletRegistration,org.springframework.web.filter.OncePerRequestFilter,org.springframework.web.servlet.HandlerMapping (OnClassCondition)
      - matched (OnPropertyCondition)
      - @ConditionalOnBean (types: org.springframework.boot.actuate.metrics.CounterService,org.springframework.boot.actuate.metrics.GaugeService; SearchStrategy: all) found the following [counterService, gaugeService] (OnBeanCondition)

   MetricRepositoryAutoConfiguration.FastMetricServicesConfiguration matched
      - Required JVM version 1.8 or newer found 1.8 (OnJavaCondition)
      - @ConditionalOnMissingBean (types: org.springframework.boot.actuate.metrics.GaugeService; SearchStrategy: all) found no beans (OnBeanCondition)

   MetricRepositoryAutoConfiguration.FastMetricServicesConfiguration#actuatorMetricReader matched
      - @ConditionalOnMissingBean (types: org.springframework.boot.actuate.metrics.buffer.BufferMetricReader; SearchStrategy: all) found no beans (OnBeanCondition)

   MetricRepositoryAutoConfiguration.FastMetricServicesConfiguration#counterBuffers matched
      - @ConditionalOnMissingBean (types: org.springframework.boot.actuate.metrics.buffer.CounterBuffers; SearchStrategy: all) found no beans (OnBeanCondition)

   MetricRepositoryAutoConfiguration.FastMetricServicesConfiguration#counterService matched
      - @ConditionalOnMissingBean (types: org.springframework.boot.actuate.metrics.CounterService; SearchStrategy: all) found no beans (OnBeanCondition)

   MetricRepositoryAutoConfiguration.FastMetricServicesConfiguration#gaugeBuffers matched
      - @ConditionalOnMissingBean (types: org.springframework.boot.actuate.metrics.buffer.GaugeBuffers; SearchStrategy: all) found no beans (OnBeanCondition)

   MetricRepositoryAutoConfiguration.FastMetricServicesConfiguration#gaugeService matched
      - @ConditionalOnMissingBean (types: org.springframework.boot.actuate.metrics.GaugeService; SearchStrategy: all) found no beans (OnBeanCondition)

   MultipartAutoConfiguration matched
      - @ConditionalOnClass classes found: javax.servlet.Servlet,org.springframework.web.multipart.support.StandardServletMultipartResolver,javax.servlet.MultipartConfigElement (OnClassCondition)
      - matched (OnPropertyCondition)

   MultipartAutoConfiguration#multipartConfigElement matched
      - @ConditionalOnMissingBean (types: javax.servlet.MultipartConfigElement; SearchStrategy: all) found no beans (OnBeanCondition)

   MultipartAutoConfiguration#multipartResolver matched
      - @ConditionalOnMissingBean (types: org.springframework.web.multipart.MultipartResolver; SearchStrategy: all) found no beans (OnBeanCondition)

   NoOpCacheConfiguration matched
      - Automatic cache type (CacheCondition)

   PersistenceExceptionTranslationAutoConfiguration matched
      - @ConditionalOnClass classes found: org.springframework.dao.annotation.PersistenceExceptionTranslationPostProcessor (OnClassCondition)

   PersistenceExceptionTranslationAutoConfiguration#persistenceExceptionTranslationPostProcessor matched
      - @ConditionalOnMissingBean (types: org.springframework.dao.annotation.PersistenceExceptionTranslationPostProcessor; SearchStrategy: all) found no beans (OnBeanCondition)
      - matched (OnPropertyCondition)

   PropertyPlaceholderAutoConfiguration#propertySourcesPlaceholderConfigurer matched
      - @ConditionalOnMissingBean (types: org.springframework.context.support.PropertySourcesPlaceholderConfigurer; SearchStrategy: current) found no beans (OnBeanCondition)

   PublicMetricsAutoConfiguration.DataSourceMetricsConfiguration matched
      - @ConditionalOnClass classes found: javax.sql.DataSource (OnClassCondition)
      - @ConditionalOnBean (types: javax.sql.DataSource; SearchStrategy: all) found the following [dataSource] (OnBeanCondition)

   PublicMetricsAutoConfiguration.DataSourceMetricsConfiguration#dataSourcePublicMetrics matched
      - @ConditionalOnBean (types: org.springframework.boot.autoconfigure.jdbc.metadata.DataSourcePoolMetadataProvider; SearchStrategy: all) found the following [tomcatPoolDataSourceMetadataProvider] @ConditionalOnMissingBean (types: org.springframework.boot.actuate.endpoint.DataSourcePublicMetrics; SearchStrategy: all) found no beans (OnBeanCondition)

   PublicMetricsAutoConfiguration.TomcatMetricsConfiguration matched
      - @ConditionalOnClass classes found: javax.servlet.Servlet,org.apache.catalina.startup.Tomcat (OnClassCondition)
      - found web application 'session' scope (OnWebApplicationCondition)

   PublicMetricsAutoConfiguration.TomcatMetricsConfiguration#tomcatPublicMetrics matched
      - @ConditionalOnMissingBean (types: org.springframework.boot.actuate.endpoint.TomcatPublicMetrics; SearchStrategy: all) found no beans (OnBeanCondition)

   RedisCacheConfiguration matched
      - Automatic cache type (CacheCondition)

   ServerPropertiesAutoConfiguration matched
      - found web application 'session' scope (OnWebApplicationCondition)

   ServerPropertiesAutoConfiguration#serverProperties matched
      - @ConditionalOnMissingBean (types: org.springframework.boot.autoconfigure.web.ServerProperties; SearchStrategy: current) found no beans (OnBeanCondition)

   SimpleCacheConfiguration matched
      - Automatic cache type (CacheCondition)

   TraceRepositoryAutoConfiguration#traceRepository matched
      - @ConditionalOnMissingBean (types: org.springframework.boot.actuate.trace.TraceRepository; SearchStrategy: all) found no beans (OnBeanCondition)

   TraceWebFilterAutoConfiguration matched
      - @ConditionalOnClass classes found: javax.servlet.Servlet,org.springframework.web.servlet.DispatcherServlet,javax.servlet.ServletRegistration (OnClassCondition)

   TransactionAutoConfiguration matched
      - @ConditionalOnClass classes found: org.springframework.transaction.support.TransactionTemplate,org.springframework.transaction.PlatformTransactionManager (OnClassCondition)
      - @ConditionalOnSingleCandidate (types: org.springframework.transaction.PlatformTransactionManager; SearchStrategy: all) found a primary candidate amongst the following [transactionManager] (OnBeanCondition)

   TransactionAutoConfiguration#transactionTemplate matched
      - @ConditionalOnMissingBean (types: org.springframework.transaction.support.TransactionTemplate; SearchStrategy: all) found no beans (OnBeanCondition)

   WebMvcAutoConfiguration matched
      - @ConditionalOnClass classes found: javax.servlet.Servlet,org.springframework.web.servlet.DispatcherServlet,org.springframework.web.servlet.config.annotation.WebMvcConfigurerAdapter (OnClassCondition)
      - found web application 'session' scope (OnWebApplicationCondition)
      - @ConditionalOnMissingBean (types: org.springframework.web.servlet.config.annotation.WebMvcConfigurationSupport; SearchStrategy: all) found no beans (OnBeanCondition)

   WebMvcAutoConfiguration#hiddenHttpMethodFilter matched
      - @ConditionalOnMissingBean (types: org.springframework.web.filter.HiddenHttpMethodFilter; SearchStrategy: all) found no beans (OnBeanCondition)

   WebMvcAutoConfiguration#httpPutFormContentFilter matched
      - @ConditionalOnMissingBean (types: org.springframework.web.filter.HttpPutFormContentFilter; SearchStrategy: all) found no beans (OnBeanCondition)

   WebMvcAutoConfiguration.WebMvcAutoConfigurationAdapter#beanNameViewResolver matched
      - @ConditionalOnBean (types: org.springframework.web.servlet.View; SearchStrategy: all) found the following [error] (OnBeanCondition)

   WebMvcAutoConfiguration.WebMvcAutoConfigurationAdapter#defaultViewResolver matched
      - @ConditionalOnMissingBean (types: org.springframework.web.servlet.view.InternalResourceViewResolver; SearchStrategy: all) found no beans (OnBeanCondition)

   WebMvcAutoConfiguration.WebMvcAutoConfigurationAdapter#requestContextFilter matched
      - @ConditionalOnMissingBean (types: org.springframework.web.context.request.RequestContextListener,org.springframework.web.filter.RequestContextFilter; SearchStrategy: all) found no beans (OnBeanCondition)

   WebMvcAutoConfiguration.WebMvcAutoConfigurationAdapter#viewResolver matched
      - @ConditionalOnBean (types: org.springframework.web.servlet.ViewResolver; SearchStrategy: all) found the following [defaultViewResolver, beanNameViewResolver, mvcViewResolver] @ConditionalOnMissingBean (names: viewResolver; types: org.springframework.web.servlet.view.ContentNegotiatingViewResolver; SearchStrategy: all) found no beans (OnBeanCondition)

   WebMvcAutoConfiguration.WebMvcAutoConfigurationAdapter.FaviconConfiguration matched
      - matched (OnPropertyCondition)

   WebSocketAutoConfiguration matched
      - @ConditionalOnClass classes found: javax.servlet.Servlet,javax.websocket.server.ServerContainer (OnClassCondition)
      - found web application 'session' scope (OnWebApplicationCondition)

   WebSocketAutoConfiguration.TomcatWebSocketConfiguration matched
      - @ConditionalOnClass classes found: org.apache.catalina.startup.Tomcat,org.apache.tomcat.websocket.server.WsSci (OnClassCondition)

   WebSocketAutoConfiguration.TomcatWebSocketConfiguration#websocketContainerCustomizer matched
      - Required JVM version 1.7 or newer found 1.8 (OnJavaCondition)
      - @ConditionalOnMissingBean (names: websocketContainerCustomizer; SearchStrategy: all) found no beans (OnBeanCondition)


Negative matches:
-----------------

   ActiveMQAutoConfiguration did not match
      - required @ConditionalOnClass classes not found: javax.jms.ConnectionFactory,org.apache.activemq.ActiveMQConnectionFactory (OnClassCondition)

   AopAutoConfiguration did not match
      - required @ConditionalOnClass classes not found: org.aspectj.lang.annotation.Aspect,org.aspectj.lang.reflect.Advice (OnClassCondition)

   ArtemisAutoConfiguration did not match
      - required @ConditionalOnClass classes not found: javax.jms.ConnectionFactory,org.apache.activemq.artemis.jms.client.ActiveMQConnectionFactory (OnClassCondition)

   AuditAutoConfiguration#authenticationAuditListener did not match
      - required @ConditionalOnClass classes not found: org.springframework.security.authentication.event.AbstractAuthenticationEvent (OnClassCondition)

   AuditAutoConfiguration#authorizationAuditListener did not match
      - required @ConditionalOnClass classes not found: org.springframework.security.access.event.AbstractAuthorizationEvent (OnClassCondition)

   BatchAutoConfiguration did not match
      - required @ConditionalOnClass classes not found: org.springframework.batch.core.launch.JobLauncher (OnClassCondition)

   CacheAutoConfiguration did not match
      - @ConditionalOnClass classes found: org.springframework.cache.CacheManager (OnClassCondition)
      - @ConditionalOnBean (types: org.springframework.cache.interceptor.CacheAspectSupport; SearchStrategy: all) found no beans (OnBeanCondition)

   CacheAutoConfiguration.CacheManagerJpaDependencyConfiguration did not match
      - required @ConditionalOnClass classes not found: org.springframework.orm.jpa.LocalContainerEntityManagerFactoryBean (OnClassCondition)
      - Ancestor 'org.springframework.boot.autoconfigure.cache.CacheAutoConfiguration' did not match (ConditionEvaluationReport.AncestorsMatchedCondition)

   CacheStatisticsAutoConfiguration did not match
      - @ConditionalOnBean (types: org.springframework.cache.CacheManager; SearchStrategy: all) found no beans (OnBeanCondition)

   CacheStatisticsAutoConfiguration.ConcurrentMapCacheStatisticsConfiguration did not match
      - @ConditionalOnClass classes found: org.springframework.cache.concurrent.ConcurrentMapCache (OnClassCondition)
      - Ancestor 'org.springframework.boot.actuate.autoconfigure.CacheStatisticsAutoConfiguration' did not match (ConditionEvaluationReport.AncestorsMatchedCondition)

   CacheStatisticsAutoConfiguration.EhCacheCacheStatisticsProviderConfiguration did not match
      - required @ConditionalOnClass classes not found: net.sf.ehcache.Ehcache,net.sf.ehcache.statistics.StatisticsGateway (OnClassCondition)
      - Ancestor 'org.springframework.boot.actuate.autoconfigure.CacheStatisticsAutoConfiguration' did not match (ConditionEvaluationReport.AncestorsMatchedCondition)

   CacheStatisticsAutoConfiguration.GuavaCacheStatisticsConfiguration did not match
      - required @ConditionalOnClass classes not found: com.google.common.cache.Cache (OnClassCondition)
      - Ancestor 'org.springframework.boot.actuate.autoconfigure.CacheStatisticsAutoConfiguration' did not match (ConditionEvaluationReport.AncestorsMatchedCondition)

   CacheStatisticsAutoConfiguration.HazelcastCacheStatisticsConfiguration did not match
      - required @ConditionalOnClass classes not found: com.hazelcast.core.IMap,com.hazelcast.spring.cache.HazelcastCache (OnClassCondition)
      - Ancestor 'org.springframework.boot.actuate.autoconfigure.CacheStatisticsAutoConfiguration' did not match (ConditionEvaluationReport.AncestorsMatchedCondition)

   CacheStatisticsAutoConfiguration.InfinispanCacheStatisticsProviderConfiguration did not match
      - required @ConditionalOnClass classes not found: org.infinispan.spring.provider.SpringCache (OnClassCondition)
      - Ancestor 'org.springframework.boot.actuate.autoconfigure.CacheStatisticsAutoConfiguration' did not match (ConditionEvaluationReport.AncestorsMatchedCondition)

   CacheStatisticsAutoConfiguration.JCacheCacheStatisticsProviderConfiguration did not match
      - required @ConditionalOnClass classes not found: javax.cache.Caching (OnClassCondition)
      - Ancestor 'org.springframework.boot.actuate.autoconfigure.CacheStatisticsAutoConfiguration' did not match (ConditionEvaluationReport.AncestorsMatchedCondition)

   CacheStatisticsAutoConfiguration.NoOpCacheStatisticsConfiguration did not match
      - @ConditionalOnClass classes found: org.springframework.cache.support.NoOpCacheManager (OnClassCondition)
      - Ancestor 'org.springframework.boot.actuate.autoconfigure.CacheStatisticsAutoConfiguration' did not match (ConditionEvaluationReport.AncestorsMatchedCondition)

   CassandraAutoConfiguration did not match
      - required @ConditionalOnClass classes not found: com.datastax.driver.core.Cluster (OnClassCondition)

   CassandraDataAutoConfiguration did not match
      - required @ConditionalOnClass classes not found: com.datastax.driver.core.Cluster,org.springframework.data.cassandra.core.CassandraAdminOperations (OnClassCondition)

   CassandraRepositoriesAutoConfiguration did not match
      - required @ConditionalOnClass classes not found: com.datastax.driver.core.Session,org.springframework.data.cassandra.repository.CassandraRepository (OnClassCondition)

   CloudAutoConfiguration did not match
      - required @ConditionalOnClass classes not found: org.springframework.cloud.config.java.CloudScanConfiguration (OnClassCondition)

   CrshAutoConfiguration did not match
      - required @ConditionalOnClass classes not found: org.crsh.plugin.PluginLifeCycle (OnClassCondition)

   DataSourceAutoConfiguration.EmbeddedConfiguration did not match
      - existing non-embedded database detected (DataSourceAutoConfiguration.EmbeddedDataSourceCondition)

   DataSourceAutoConfiguration.TomcatDataSourceJmxConfiguration did not match
      - @ConditionalOnClass classes found: org.apache.tomcat.jdbc.pool.DataSourceProxy (OnClassCondition)
      - existing auto database detected (DataSourceAutoConfiguration.DataSourceAvailableCondition)
      - @ConditionalOnProperty missing required properties spring.datasource.jmx-enabled  (OnPropertyCondition)

   DataSourcePoolMetadataProvidersConfiguration.CommonsDbcp2PoolDataSourceMetadataProviderConfiguration did not match
      - required @ConditionalOnClass classes not found: org.apache.commons.dbcp2.BasicDataSource (OnClassCondition)

   DataSourcePoolMetadataProvidersConfiguration.CommonsDbcpPoolDataSourceMetadataProviderConfiguration did not match
      - required @ConditionalOnClass classes not found: org.apache.commons.dbcp.BasicDataSource (OnClassCondition)

   DataSourcePoolMetadataProvidersConfiguration.HikariPoolDataSourceMetadataProviderConfiguration did not match
      - required @ConditionalOnClass classes not found: com.zaxxer.hikari.HikariDataSource (OnClassCondition)

   DeviceDelegatingViewResolverAutoConfiguration did not match
      - required @ConditionalOnClass classes not found: org.springframework.mobile.device.view.LiteDeviceDelegatingViewResolver (OnClassCondition)

   DeviceResolverAutoConfiguration did not match
      - required @ConditionalOnClass classes not found: org.springframework.mobile.device.DeviceResolverHandlerInterceptor,org.springframework.mobile.device.DeviceHandlerMethodArgumentResolver (OnClassCondition)

   DispatcherServletAutoConfiguration.DispatcherServletConfiguration#multipartResolver did not match
      - @ConditionalOnBean (types: org.springframework.web.multipart.MultipartResolver; SearchStrategy: all) found no beans (OnBeanCondition)

   EhCacheCacheConfiguration did not match
      - required @ConditionalOnClass classes not found: net.sf.ehcache.Cache (OnClassCondition)

   ElasticsearchAutoConfiguration did not match
      - required @ConditionalOnClass classes not found: org.elasticsearch.client.Client,org.springframework.data.elasticsearch.client.TransportClientFactoryBean,org.springframework.data.elasticsearch.client.NodeClientFactoryBean (OnClassCondition)

   ElasticsearchDataAutoConfiguration did not match
      - required @ConditionalOnClass classes not found: org.elasticsearch.client.Client,org.springframework.data.elasticsearch.core.ElasticsearchTemplate (OnClassCondition)

   ElasticsearchRepositoriesAutoConfiguration did not match
      - required @ConditionalOnClass classes not found: org.elasticsearch.client.Client,org.springframework.data.elasticsearch.repository.ElasticsearchRepository (OnClassCondition)

   EmbeddedMongoAutoConfiguration did not match
      - required @ConditionalOnClass classes not found: com.mongodb.Mongo,de.flapdoodle.embed.mongo.MongodStarter (OnClassCondition)

   EmbeddedServletContainerAutoConfiguration.EmbeddedJetty did not match
      - required @ConditionalOnClass classes not found: org.eclipse.jetty.server.Server,org.eclipse.jetty.util.Loader,org.eclipse.jetty.webapp.WebAppContext (OnClassCondition)

   EmbeddedServletContainerAutoConfiguration.EmbeddedUndertow did not match
      - required @ConditionalOnClass classes not found: io.undertow.Undertow,org.xnio.SslClientAuthMode (OnClassCondition)

   EndpointAutoConfiguration.FlywayEndpointConfiguration did not match
      - required @ConditionalOnClass classes not found: org.flywaydb.core.Flyway (OnClassCondition)

   EndpointAutoConfiguration.LiquibaseEndpointConfiguration did not match
      - required @ConditionalOnClass classes not found: liquibase.integration.spring.SpringLiquibase (OnClassCondition)

   EndpointMBeanExportAutoConfiguration did not match
      - JMX Endpoints (EndpointMBeanExportAutoConfiguration.JmxEnabledCondition)

   EndpointWebMvcAutoConfiguration.EndpointWebMvcConfiguration did not match
      - Management context (EndpointWebMvcAutoConfiguration.OnManagementMvcCondition)

   EndpointWebMvcHypermediaManagementContextConfiguration did not match
      - required @ConditionalOnClass classes not found: org.springframework.hateoas.Link (OnClassCondition)

   FacebookAutoConfiguration did not match
      - required @ConditionalOnClass classes not found: org.springframework.social.config.annotation.SocialConfigurerAdapter,org.springframework.social.facebook.connect.FacebookConnectionFactory (OnClassCondition)

   FallbackWebSecurityAutoConfiguration did not match
      - required @ConditionalOnClass classes not found: org.springframework.security.config.annotation.web.configuration.EnableWebSecurity (OnClassCondition)

   FlywayAutoConfiguration did not match
      - required @ConditionalOnClass classes not found: org.flywaydb.core.Flyway (OnClassCondition)

   FreeMarkerAutoConfiguration did not match
      - required @ConditionalOnClass classes not found: freemarker.template.Configuration (OnClassCondition)

   GroovyTemplateAutoConfiguration did not match
      - required @ConditionalOnClass classes not found: groovy.text.markup.MarkupTemplateEngine (OnClassCondition)

   GsonAutoConfiguration did not match
      - required @ConditionalOnClass classes not found: com.google.gson.Gson (OnClassCondition)

   GsonHttpMessageConvertersConfiguration did not match
      - required @ConditionalOnClass classes not found: com.google.gson.Gson (OnClassCondition)

   GuavaCacheConfiguration did not match
      - required @ConditionalOnClass classes not found: com.google.common.cache.CacheBuilder (OnClassCondition)

   H2ConsoleAutoConfiguration.H2ConsoleSecurityConfiguration did not match
      - required @ConditionalOnClass classes not found: org.springframework.security.config.annotation.web.configuration.WebSecurityConfigurerAdapter (OnClassCondition)

   HazelcastAutoConfiguration did not match
      - required @ConditionalOnClass classes not found: com.hazelcast.core.HazelcastInstance (OnClassCondition)

   HazelcastCacheConfiguration did not match
      - required @ConditionalOnClass classes not found: com.hazelcast.core.HazelcastInstance,com.hazelcast.spring.cache.HazelcastCacheManager (OnClassCondition)

   HazelcastJpaDependencyAutoConfiguration did not match
      - required @ConditionalOnClass classes not found: com.hazelcast.core.HazelcastInstance,org.springframework.orm.jpa.LocalContainerEntityManagerFactoryBean (OnClassCondition)

   HealthIndicatorAutoConfiguration#applicationHealthIndicator did not match
      - @ConditionalOnMissingBean (types: org.springframework.boot.actuate.health.HealthIndicator; SearchStrategy: all) found the following [diskSpaceHealthIndicator, dbHealthIndicator] (OnBeanCondition)

   HealthIndicatorAutoConfiguration.CassandraHealthIndicatorConfiguration did not match
      - required @ConditionalOnClass classes not found: org.springframework.data.cassandra.core.CassandraOperations,com.datastax.driver.core.Cluster (OnClassCondition)

   HealthIndicatorAutoConfiguration.ElasticsearchHealthIndicatorConfiguration did not match
      - All default health indicators are enabled by default (OnEnabledHealthIndicatorCondition)
      - @ConditionalOnBean (types: org.elasticsearch.client.Client; SearchStrategy: all) found no beans (OnBeanCondition)

   HealthIndicatorAutoConfiguration.JmsHealthIndicatorConfiguration did not match
      - All default health indicators are enabled by default (OnEnabledHealthIndicatorCondition)
      - @ConditionalOnBean (types: javax.jms.ConnectionFactory; SearchStrategy: all) found no beans (OnBeanCondition)

   HealthIndicatorAutoConfiguration.MailHealthIndicatorConfiguration did not match
      - All default health indicators are enabled by default (OnEnabledHealthIndicatorCondition)
      - @ConditionalOnBean (types: org.springframework.mail.javamail.JavaMailSenderImpl; SearchStrategy: all) found no beans (OnBeanCondition)

   HealthIndicatorAutoConfiguration.MongoHealthIndicatorConfiguration did not match
      - All default health indicators are enabled by default (OnEnabledHealthIndicatorCondition)
      - @ConditionalOnBean (types: org.springframework.data.mongodb.core.MongoTemplate; SearchStrategy: all) found no beans (OnBeanCondition)

   HealthIndicatorAutoConfiguration.RabbitHealthIndicatorConfiguration did not match
      - All default health indicators are enabled by default (OnEnabledHealthIndicatorCondition)
      - @ConditionalOnBean (types: org.springframework.amqp.rabbit.core.RabbitTemplate; SearchStrategy: all) found no beans (OnBeanCondition)

   HealthIndicatorAutoConfiguration.RedisHealthIndicatorConfiguration did not match
      - All default health indicators are enabled by default (OnEnabledHealthIndicatorCondition)
      - @ConditionalOnBean (types: org.springframework.data.redis.connection.RedisConnectionFactory; SearchStrategy: all) found no beans (OnBeanCondition)

   HealthIndicatorAutoConfiguration.SolrHealthIndicatorConfiguration did not match
      - All default health indicators are enabled by default (OnEnabledHealthIndicatorCondition)
      - @ConditionalOnBean (types: org.apache.solr.client.solrj.SolrServer; SearchStrategy: all) found no beans (OnBeanCondition)

   HibernateJpaAutoConfiguration did not match
      - required @ConditionalOnClass classes not found: org.springframework.orm.jpa.LocalContainerEntityManagerFactoryBean,javax.persistence.EntityManager (OnClassCondition)

   HornetQAutoConfiguration did not match
      - required @ConditionalOnClass classes not found: javax.jms.ConnectionFactory,org.hornetq.api.jms.HornetQJMSClient (OnClassCondition)

   HypermediaAutoConfiguration did not match
      - required @ConditionalOnClass classes not found: org.springframework.hateoas.Resource,org.springframework.plugin.core.Plugin (OnClassCondition)

   InfinispanCacheConfiguration did not match
      - required @ConditionalOnClass classes not found: org.infinispan.spring.provider.SpringEmbeddedCacheManager (OnClassCondition)

   IntegrationAutoConfiguration did not match
      - required @ConditionalOnClass classes not found: org.springframework.integration.config.EnableIntegration (OnClassCondition)

   JCacheCacheConfiguration did not match
      - required @ConditionalOnClass classes not found: javax.cache.Caching (OnClassCondition)

   JacksonAutoConfiguration.JodaDateTimeJacksonConfiguration did not match
      - required @ConditionalOnClass classes not found: org.joda.time.DateTime,com.fasterxml.jackson.datatype.joda.ser.DateTimeSerializer,com.fasterxml.jackson.datatype.joda.cfg.JacksonJodaDateFormat (OnClassCondition)

   JacksonAutoConfiguration.ParameterNamesModuleConfiguration did not match
      - required @ConditionalOnClass classes not found: com.fasterxml.jackson.module.paramnames.ParameterNamesModule (OnClassCondition)

   JacksonHttpMessageConvertersConfiguration.MappingJackson2XmlHttpMessageConverterConfiguration did not match
      - required @ConditionalOnClass classes not found: com.fasterxml.jackson.dataformat.xml.XmlMapper (OnClassCondition)

   JerseyAutoConfiguration#jerseyFilterRegistration did not match
      - @ConditionalOnMissingBean (names: jerseyFilterRegistration; SearchStrategy: all) found no beans (OnBeanCondition)
      - @ConditionalOnProperty missing required properties spring.jersey.type  (OnPropertyCondition)

   JmsAutoConfiguration did not match
      - required @ConditionalOnClass classes not found: org.springframework.jms.core.JmsTemplate (OnClassCondition)

   JmxAutoConfiguration did not match
      - @ConditionalOnClass classes found: org.springframework.jmx.export.MBeanExporter (OnClassCondition)
      - @ConditionalOnProperty expected 'true' for properties spring.jmx.enabled (OnPropertyCondition)

   JndiConnectionFactoryAutoConfiguration did not match
      - required @ConditionalOnClass classes not found: org.springframework.jms.core.JmsTemplate (OnClassCondition)

   JndiDataSourceAutoConfiguration did not match
      - @ConditionalOnClass classes found: javax.sql.DataSource,org.springframework.jdbc.datasource.embedded.EmbeddedDatabaseType (OnClassCondition)
      - @ConditionalOnProperty missing required properties spring.datasource.jndi-name  (OnPropertyCondition)

   JolokiaAutoConfiguration did not match
      - required @ConditionalOnClass classes not found: org.jolokia.http.AgentServlet (OnClassCondition)

   JooqAutoConfiguration did not match
      - required @ConditionalOnClass classes not found: org.jooq.DSLContext (OnClassCondition)

   JpaRepositoriesAutoConfiguration did not match
      - required @ConditionalOnClass classes not found: org.springframework.data.jpa.repository.JpaRepository (OnClassCondition)

   JtaAutoConfiguration did not match
      - required @ConditionalOnClass classes not found: javax.transaction.Transaction (OnClassCondition)

   LinkedInAutoConfiguration did not match
      - required @ConditionalOnClass classes not found: org.springframework.social.config.annotation.SocialConfigurerAdapter,org.springframework.social.linkedin.connect.LinkedInConnectionFactory (OnClassCondition)

   LiquibaseAutoConfiguration did not match
      - required @ConditionalOnClass classes not found: liquibase.integration.spring.SpringLiquibase (OnClassCondition)

   MailSenderAutoConfiguration did not match
      - @ConditionalOnClass classes found: javax.mail.internet.MimeMessage,javax.activation.MimeType (OnClassCondition)
      - nested any match resulted in [] matches and [member condition on org.springframework.boot.autoconfigure.mail.MailSenderAutoConfiguration$MailSenderCondition$JndiNameProperty : @ConditionalOnProperty missing required properties spring.mail.jndi-name , member condition on org.springframework.boot.autoconfigure.mail.MailSenderAutoConfiguration$MailSenderCondition$HostProperty : @ConditionalOnProperty missing required properties spring.mail.host ] non matches (MailSenderAutoConfiguration.MailSenderCondition)

   MailSenderValidatorAutoConfiguration did not match
      - @ConditionalOnProperty missing required properties spring.mail.test-connection  (OnPropertyCondition)

   ManagementServerPropertiesAutoConfiguration#securityProperties did not match
      - required @ConditionalOnClass classes not found: org.springframework.security.config.annotation.web.configuration.EnableWebSecurity (OnClassCondition)

   ManagementServerPropertiesAutoConfiguration#serverProperties did not match
      - found web application 'session' scope (OnWebApplicationCondition)
      - @ConditionalOnMissingBean (types: org.springframework.boot.autoconfigure.web.ServerProperties; SearchStrategy: all) found the following [serverProperties] (OnBeanCondition)

   ManagementWebSecurityAutoConfiguration did not match
      - required @ConditionalOnClass classes not found: org.springframework.security.config.annotation.web.configuration.EnableWebSecurity (OnClassCondition)

   MessageSourceAutoConfiguration did not match
      - No bundle found for spring.messages.basename: messages (MessageSourceAutoConfiguration.ResourceBundleCondition)

   MetricExportAutoConfiguration#statsdMetricWriter did not match
      - @ConditionalOnMissingBean (types: org.springframework.boot.actuate.metrics.statsd.StatsdMetricWriter; SearchStrategy: all) found no beans (OnBeanCondition)
      - @ConditionalOnProperty missing required properties spring.metrics.export.statsd.host  (OnPropertyCondition)

   MetricRepositoryAutoConfiguration.LegacyMetricRepositoryConfiguration did not match
      - Required JVM version older than 1.8 found 1.8 (OnJavaCondition)

   MetricRepositoryAutoConfiguration.LegacyMetricServicesConfiguration did not match
      - Required JVM version older than 1.8 found 1.8 (OnJavaCondition)

   MetricsChannelAutoConfiguration did not match
      - required @ConditionalOnClass classes not found: org.springframework.messaging.MessageChannel (OnClassCondition)

   MetricsDropwizardAutoConfiguration did not match
      - required @ConditionalOnClass classes not found: com.codahale.metrics.MetricRegistry (OnClassCondition)

   MongoAutoConfiguration did not match
      - required @ConditionalOnClass classes not found: com.mongodb.MongoClient (OnClassCondition)

   MongoDataAutoConfiguration did not match
      - required @ConditionalOnClass classes not found: com.mongodb.Mongo,org.springframework.data.mongodb.core.MongoTemplate (OnClassCondition)

   MongoRepositoriesAutoConfiguration did not match
      - required @ConditionalOnClass classes not found: com.mongodb.Mongo,org.springframework.data.mongodb.repository.MongoRepository (OnClassCondition)

   MustacheAutoConfiguration did not match
      - required @ConditionalOnClass classes not found: com.samskivert.mustache.Mustache (OnClassCondition)

   OAuth2AutoConfiguration did not match
      - required @ConditionalOnClass classes not found: org.springframework.security.oauth2.common.OAuth2AccessToken (OnClassCondition)

   PublicMetricsAutoConfiguration#richGaugePublicMetrics did not match
      - @ConditionalOnBean (types: org.springframework.boot.actuate.metrics.rich.RichGaugeReader; SearchStrategy: all) found no beans (OnBeanCondition)

   PublicMetricsAutoConfiguration.CacheStatisticsConfiguration did not match
      - @ConditionalOnClass classes found: org.springframework.cache.CacheManager (OnClassCondition)
      - @ConditionalOnBean (types: org.springframework.cache.CacheManager; SearchStrategy: all) found no beans (OnBeanCondition)

   PublicMetricsAutoConfiguration.IntegrationMetricsConfiguration did not match
      - required @ConditionalOnClass classes not found: org.springframework.integration.monitor.IntegrationMBeanExporter (OnClassCondition)

   RabbitAutoConfiguration did not match
      - required @ConditionalOnClass classes not found: org.springframework.amqp.rabbit.core.RabbitTemplate,com.rabbitmq.client.Channel (OnClassCondition)

   ReactorAutoConfiguration did not match
      - required @ConditionalOnClass classes not found: reactor.spring.context.config.EnableReactor,reactor.Environment (OnClassCondition)

   RedisAutoConfiguration did not match
      - required @ConditionalOnClass classes not found: org.springframework.data.redis.connection.jedis.JedisConnection,org.springframework.data.redis.core.RedisOperations,redis.clients.jedis.Jedis (OnClassCondition)

   RepositoryRestMvcAutoConfiguration did not match
      - required @ConditionalOnClass classes not found: org.springframework.data.rest.webmvc.config.RepositoryRestMvcConfiguration (OnClassCondition)

   SecurityAutoConfiguration did not match
      - required @ConditionalOnClass classes not found: org.springframework.security.authentication.AuthenticationManager,org.springframework.security.config.annotation.authentication.configurers.GlobalAuthenticationConfigurerAdapter (OnClassCondition)

   SecurityFilterAutoConfiguration did not match
      - required @ConditionalOnClass classes not found: org.springframework.security.web.context.AbstractSecurityWebApplicationInitializer,org.springframework.security.config.http.SessionCreationPolicy (OnClassCondition)

   SendGridAutoConfiguration did not match
      - required @ConditionalOnClass classes not found: com.sendgrid.SendGrid (OnClassCondition)

   SessionAutoConfiguration did not match
      - required @ConditionalOnClass classes not found: org.springframework.session.Session (OnClassCondition)

   SitePreferenceAutoConfiguration did not match
      - required @ConditionalOnClass classes not found: org.springframework.mobile.device.site.SitePreferenceHandlerInterceptor,org.springframework.mobile.device.site.SitePreferenceHandlerMethodArgumentResolver (OnClassCondition)

   SocialWebAutoConfiguration did not match
      - required @ConditionalOnClass classes not found: org.springframework.social.connect.web.ConnectController,org.springframework.social.config.annotation.SocialConfigurerAdapter (OnClassCondition)

   SolrAutoConfiguration did not match
      - required @ConditionalOnClass classes not found: org.apache.solr.client.solrj.impl.HttpSolrServer,org.apache.solr.client.solrj.impl.CloudSolrServer,org.apache.solr.common.cloud.HashPartitioner (OnClassCondition)

   SolrRepositoriesAutoConfiguration did not match
      - required @ConditionalOnClass classes not found: org.apache.solr.client.solrj.SolrServer,org.springframework.data.solr.repository.SolrRepository (OnClassCondition)

   SpringApplicationAdminJmxAutoConfiguration did not match
      - @ConditionalOnProperty missing required properties spring.application.admin.enabled  (OnPropertyCondition)

   SpringDataWebAutoConfiguration did not match
      - required @ConditionalOnClass classes not found: org.springframework.data.web.PageableHandlerMethodArgumentResolver (OnClassCondition)

   ThymeleafAutoConfiguration did not match
      - required @ConditionalOnClass classes not found: org.thymeleaf.spring4.SpringTemplateEngine (OnClassCondition)

   TwitterAutoConfiguration did not match
      - required @ConditionalOnClass classes not found: org.springframework.social.config.annotation.SocialConfigurerAdapter,org.springframework.social.twitter.connect.TwitterConnectionFactory (OnClassCondition)

   VelocityAutoConfiguration did not match
      - required @ConditionalOnClass classes not found: org.apache.velocity.app.VelocityEngine (OnClassCondition)

   WebMvcAutoConfiguration.ResourceChainCustomizerConfiguration did not match
      - Webjars locator (org.webjars.WebJarAssetLocator) is absent (OnEnabledResourceChainCondition)

   WebMvcAutoConfiguration.WebMvcAutoConfigurationAdapter#dateFormatter did not match
      - @ConditionalOnProperty missing required properties spring.mvc.date-format  (OnPropertyCondition)

   WebMvcAutoConfiguration.WebMvcAutoConfigurationAdapter#localeResolver did not match
      - @ConditionalOnMissingBean (types: org.springframework.web.servlet.LocaleResolver; SearchStrategy: all) found no beans (OnBeanCondition)
      - @ConditionalOnProperty missing required properties spring.mvc.locale  (OnPropertyCondition)

   WebSocketAutoConfiguration.JettyWebSocketConfiguration did not match
      - required @ConditionalOnClass classes not found: org.eclipse.jetty.websocket.jsr356.server.deploy.WebSocketServerContainerInitializer (OnClassCondition)

   WebSocketAutoConfiguration.UndertowWebSocketConfiguration did not match
      - required @ConditionalOnClass classes not found: io.undertow.websockets.jsr.Bootstrap (OnClassCondition)

   WebSocketMessagingAutoConfiguration did not match
      - required @ConditionalOnClass classes not found: org.springframework.web.socket.config.annotation.WebSocketMessageBrokerConfigurer (OnClassCondition)

   XADataSourceAutoConfiguration did not match
      - required @ConditionalOnClass classes not found: javax.transaction.TransactionManager (OnClassCondition)


Exclusions:
-----------

    None


Unconditional classes:
----------------------

   org.springframework.boot.actuate.autoconfigure.HealthIndicatorAutoConfiguration

   org.springframework.boot.actuate.autoconfigure.PublicMetricsAutoConfiguration

   org.springframework.boot.autoconfigure.PropertyPlaceholderAutoConfiguration

   org.springframework.boot.actuate.autoconfigure.ManagementServerPropertiesAutoConfiguration

   org.springframework.boot.actuate.autoconfigure.AuditAutoConfiguration

   org.springframework.boot.actuate.autoconfigure.EndpointAutoConfiguration

   org.springframework.boot.autoconfigure.context.ConfigurationPropertiesAutoConfiguration

   org.springframework.boot.actuate.autoconfigure.TraceRepositoryAutoConfiguration

   org.springframework.boot.actuate.autoconfigure.MetricRepositoryAutoConfiguration



21:57:17.401 [Test worker] DEBUG o.s.w.s.resource.ResourceUrlProvider - Looking for resource handler mappings
21:57:17.401 [Test worker] DEBUG o.s.b.f.s.DefaultListableBeanFactory - Returning cached instance of singleton bean 'resourceHandlerMapping'
21:57:17.401 [Test worker] DEBUG o.s.b.f.s.DefaultListableBeanFactory - Returning cached instance of singleton bean 'faviconHandlerMapping'
21:57:17.402 [Test worker] DEBUG o.s.w.s.resource.ResourceUrlProvider - Found resource handler mapping: URL pattern="/**/favicon.ico", locations=[class path resource [META-INF/resources/], class path resource [resources/], class path resource [static/], class path resource [public/], class path resource []], resolvers=[org.springframework.web.servlet.resource.PathResourceResolver@4ccf09b0]
21:57:17.402 [Test worker] DEBUG o.s.w.s.resource.ResourceUrlProvider - Found resource handler mapping: URL pattern="/webjars/**", locations=[class path resource [META-INF/resources/webjars/]], resolvers=[org.springframework.web.servlet.resource.PathResourceResolver@64fd0efa]
21:57:17.402 [Test worker] DEBUG o.s.w.s.resource.ResourceUrlProvider - Found resource handler mapping: URL pattern="/**", locations=[ServletContext resource [/], class path resource [META-INF/resources/], class path resource [resources/], class path resource [static/], class path resource [public/]], resolvers=[org.springframework.web.servlet.resource.PathResourceResolver@669f061a]
21:57:17.402 [Test worker] DEBUG o.s.b.f.s.DefaultListableBeanFactory - Returning cached instance of singleton bean 'metricWritersMetricExporter'
21:57:17.413 [Test worker] DEBUG o.s.c.e.PropertySourcesPropertyResolver - Searching for key 'spring.liveBeansView.mbeanDomain' in [systemProperties]
21:57:17.413 [Test worker] DEBUG o.s.c.e.PropertySourcesPropertyResolver - Searching for key 'spring.liveBeansView.mbeanDomain' in [systemEnvironment]
21:57:17.413 [Test worker] DEBUG o.s.c.e.PropertySourcesPropertyResolver - Searching for key 'spring.liveBeansView.mbeanDomain' in [random]
21:57:17.413 [Test worker] DEBUG o.s.c.e.PropertySourcesPropertyResolver - Searching for key 'spring.liveBeansView.mbeanDomain' in [integrationTest]
21:57:17.413 [Test worker] DEBUG o.s.c.e.PropertySourcesPropertyResolver - Searching for key 'spring.liveBeansView.mbeanDomain' in [applicationConfig: [classpath:/application.properties]]
21:57:17.413 [Test worker] DEBUG o.s.c.e.PropertySourcesPropertyResolver - Could not find key 'spring.liveBeansView.mbeanDomain' in any property source. Returning [null]
21:57:17.425 [Test worker] INFO  c.u.monitor.MonitorApplicationTests - Started MonitorApplicationTests in 7.423 seconds (JVM running for 9.596)
21:57:17.425 [Test worker] DEBUG o.s.t.c.c.DefaultCacheAwareContextLoaderDelegate - Storing ApplicationContext in cache under key [[WebMergedContextConfiguration@3cb46de4 testClass = MonitorApplicationTests, locations = '{}', classes = '{class com.uniritter.monitor.MonitorApplication}', contextInitializerClasses = '[]', activeProfiles = '{}', propertySourceLocations = '{}', propertySourceProperties = '{}', resourceBasePath = 'src/main/webapp', contextLoader = 'org.springframework.boot.test.SpringApplicationContextLoader', parent = [null]]]
21:57:17.425 [Test worker] DEBUG o.springframework.test.context.cache - Spring test ApplicationContext cache statistics: [DefaultContextCache@45ea1865 size = 1, parentContextCount = 0, hitCount = 0, missCount = 1]
21:57:17.425 [Test worker] DEBUG o.s.t.c.w.ServletTestExecutionListener - Setting up MockHttpServletRequest, MockHttpServletResponse, ServletWebRequest, and RequestContextHolder for test context [DefaultTestContext@45087c18 testClass = MonitorApplicationTests, testInstance = com.uniritter.monitor.MonitorApplicationTests@12f03209, testMethod = [null], testException = [null], mergedContextConfiguration = [WebMergedContextConfiguration@3cb46de4 testClass = MonitorApplicationTests, locations = '{}', classes = '{class com.uniritter.monitor.MonitorApplication}', contextInitializerClasses = '[]', activeProfiles = '{}', propertySourceLocations = '{}', propertySourceProperties = '{}', resourceBasePath = 'src/main/webapp', contextLoader = 'org.springframework.boot.test.SpringApplicationContextLoader', parent = [null]]].
21:57:17.446 [Test worker] DEBUG o.s.t.c.s.DependencyInjectionTestExecutionListener - Performing dependency injection for test context [[DefaultTestContext@45087c18 testClass = MonitorApplicationTests, testInstance = com.uniritter.monitor.MonitorApplicationTests@12f03209, testMethod = [null], testException = [null], mergedContextConfiguration = [WebMergedContextConfiguration@3cb46de4 testClass = MonitorApplicationTests, locations = '{}', classes = '{class com.uniritter.monitor.MonitorApplication}', contextInitializerClasses = '[]', activeProfiles = '{}', propertySourceLocations = '{}', propertySourceProperties = '{}', resourceBasePath = 'src/main/webapp', contextLoader = 'org.springframework.boot.test.SpringApplicationContextLoader', parent = [null]]]].
21:57:17.446 [Test worker] DEBUG o.s.t.c.c.DefaultCacheAwareContextLoaderDelegate - Retrieved ApplicationContext from cache with key [[WebMergedContextConfiguration@3cb46de4 testClass = MonitorApplicationTests, locations = '{}', classes = '{class com.uniritter.monitor.MonitorApplication}', contextInitializerClasses = '[]', activeProfiles = '{}', propertySourceLocations = '{}', propertySourceProperties = '{}', resourceBasePath = 'src/main/webapp', contextLoader = 'org.springframework.boot.test.SpringApplicationContextLoader', parent = [null]]]
21:57:17.446 [Test worker] DEBUG o.springframework.test.context.cache - Spring test ApplicationContext cache statistics: [DefaultContextCache@45ea1865 size = 1, parentContextCount = 0, hitCount = 1, missCount = 1]
21:57:17.448 [Test worker] DEBUG o.s.b.f.s.DefaultListableBeanFactory - Returning cached instance of singleton bean 'org.springframework.transaction.config.internalTransactionAdvisor'
21:57:17.474 [Test worker] DEBUG o.s.t.c.s.AbstractDirtiesContextTestExecutionListener - Before test method: context [DefaultTestContext@45087c18 testClass = MonitorApplicationTests, testInstance = com.uniritter.monitor.MonitorApplicationTests@12f03209, testMethod = contextLoads@MonitorApplicationTests, testException = [null], mergedContextConfiguration = [WebMergedContextConfiguration@3cb46de4 testClass = MonitorApplicationTests, locations = '{}', classes = '{class com.uniritter.monitor.MonitorApplication}', contextInitializerClasses = '[]', activeProfiles = '{}', propertySourceLocations = '{}', propertySourceProperties = '{}', resourceBasePath = 'src/main/webapp', contextLoader = 'org.springframework.boot.test.SpringApplicationContextLoader', parent = [null]]], class annotated with @DirtiesContext [false] with mode [null], method annotated with @DirtiesContext [false] with mode [null].
21:57:17.478 [Test worker] DEBUG o.s.t.c.s.AbstractDirtiesContextTestExecutionListener - After test method: context [DefaultTestContext@45087c18 testClass = MonitorApplicationTests, testInstance = com.uniritter.monitor.MonitorApplicationTests@12f03209, testMethod = contextLoads@MonitorApplicationTests, testException = [null], mergedContextConfiguration = [WebMergedContextConfiguration@3cb46de4 testClass = MonitorApplicationTests, locations = '{}', classes = '{class com.uniritter.monitor.MonitorApplication}', contextInitializerClasses = '[]', activeProfiles = '{}', propertySourceLocations = '{}', propertySourceProperties = '{}', resourceBasePath = 'src/main/webapp', contextLoader = 'org.springframework.boot.test.SpringApplicationContextLoader', parent = [null]]], class annotated with @DirtiesContext [false] with mode [null], method annotated with @DirtiesContext [false] with mode [null].
21:57:17.478 [Test worker] DEBUG o.s.t.c.w.ServletTestExecutionListener - Resetting RequestContextHolder for test context [DefaultTestContext@45087c18 testClass = MonitorApplicationTests, testInstance = com.uniritter.monitor.MonitorApplicationTests@12f03209, testMethod = contextLoads@MonitorApplicationTests, testException = [null], mergedContextConfiguration = [WebMergedContextConfiguration@3cb46de4 testClass = MonitorApplicationTests, locations = '{}', classes = '{class com.uniritter.monitor.MonitorApplication}', contextInitializerClasses = '[]', activeProfiles = '{}', propertySourceLocations = '{}', propertySourceProperties = '{}', resourceBasePath = 'src/main/webapp', contextLoader = 'org.springframework.boot.test.SpringApplicationContextLoader', parent = [null]]].
21:57:17.479 [Test worker] DEBUG o.s.t.c.s.AbstractDirtiesContextTestExecutionListener - After test class: context [DefaultTestContext@45087c18 testClass = MonitorApplicationTests, testInstance = [null], testMethod = [null], testException = [null], mergedContextConfiguration = [WebMergedContextConfiguration@3cb46de4 testClass = MonitorApplicationTests, locations = '{}', classes = '{class com.uniritter.monitor.MonitorApplication}', contextInitializerClasses = '[]', activeProfiles = '{}', propertySourceLocations = '{}', propertySourceProperties = '{}', resourceBasePath = 'src/main/webapp', contextLoader = 'org.springframework.boot.test.SpringApplicationContextLoader', parent = [null]]], class annotated with @DirtiesContext [false] with mode [null].
]]></system-out>
  <system-err><![CDATA[]]></system-err>
</testsuite>
